#
# There is insufficient memory for the Java Runtime Environment to continue.
# Native memory allocation (mmap) failed to map 3145728 bytes for Failed to commit area from 0x0000000089c00000 to 0x0000000089f00000 of length 3145728.
# Possible reasons:
#   The system is out of physical RAM or swap space
#   The process is running with CompressedOops enabled, and the Java Heap may be blocking the growth of the native heap
# Possible solutions:
#   Reduce memory load on the system
#   Increase physical memory or swap space
#   Check if swap backing store is full
#   Decrease Java heap size (-Xmx/-Xms)
#   Decrease number of Java threads
#   Decrease Java thread stack sizes (-Xss)
#   Set larger code cache with -XX:ReservedCodeCacheSize=
#   JVM is running with Unscaled Compressed Oops mode in which the Java heap is
#     placed in the first 4GB address space. The Java Heap base address is the
#     maximum limit for the native heap growth. Please use -XX:HeapBaseMinAddress
#     to set the Java Heap base and to place the Java Heap above 4GB virtual address.
# This output file may be truncated or incomplete.
#
#  Out of Memory Error (./src/hotspot/os/windows/os_windows.cpp:3301), pid=12060, tid=14944
#
# JRE version: OpenJDK Runtime Environment (11.0.10) (build 11.0.10+0-b96-7249189)
# Java VM: OpenJDK 64-Bit Server VM (11.0.10+0-b96-7249189, mixed mode, tiered, compressed oops, g1 gc, windows-amd64)
# No core dump will be written. Minidumps are not enabled by default on client versions of Windows
#

---------------  S U M M A R Y ------------

Command Line: --add-opens=java.base/java.util=ALL-UNNAMED --add-opens=java.base/java.lang=ALL-UNNAMED --add-opens=java.base/java.lang.invoke=ALL-UNNAMED --add-opens=java.base/java.util=ALL-UNNAMED --add-opens=java.prefs/java.util.prefs=ALL-UNNAMED --add-opens=java.prefs/java.util.prefs=ALL-UNNAMED --add-opens=java.base/java.nio.charset=ALL-UNNAMED --add-opens=java.base/java.net=ALL-UNNAMED --add-opens=java.base/java.util.concurrent.atomic=ALL-UNNAMED -Xmx2048m -Dfile.encoding=UTF-8 -Duser.country=IN -Duser.language=en -Duser.variant org.gradle.launcher.daemon.bootstrap.GradleDaemon 7.0.2

Host: Intel(R) Core(TM) i5-7200U CPU @ 2.50GHz, 4 cores, 7G,  Windows 10 , 64 bit Build 18362 (10.0.18362.959)
Time: Sun Oct  3 14:23:55 2021 India Standard Time elapsed time: 1939.901197 seconds (0d 0h 32m 19s)

---------------  T H R E A D  ---------------

Current thread (0x000002064b453000):  JavaThread "Execution worker for ':'" [_thread_in_vm, id=14944, stack(0x0000003b02900000,0x0000003b02a00000)]

Stack: [0x0000003b02900000,0x0000003b02a00000]
Native frames: (J=compiled Java code, j=interpreted, Vv=VM code, C=native code)
V  [jvm.dll+0x5ecfaa]
V  [jvm.dll+0x722bd5]
V  [jvm.dll+0x72412d]
V  [jvm.dll+0x7247e3]
V  [jvm.dll+0x242928]
V  [jvm.dll+0x5ea374]
V  [jvm.dll+0x5df425]
V  [jvm.dll+0x2fdebb]
V  [jvm.dll+0x2fde2a]
V  [jvm.dll+0x2fdd02]
V  [jvm.dll+0x302bf6]
V  [jvm.dll+0x34b2a3]
V  [jvm.dll+0x34b9a6]
V  [jvm.dll+0x34b3a3]
V  [jvm.dll+0x2d9065]
V  [jvm.dll+0x2d548f]
V  [jvm.dll+0x585f62]
V  [jvm.dll+0x5857ec]
V  [jvm.dll+0x1e8aed]
V  [jvm.dll+0x6fff5f]
V  [jvm.dll+0x36d574]
C  0x000002062ef6eb2d

Java frames: (J=compiled Java code, j=interpreted, Vv=VM code)
j  sun.nio.cs.StreamEncoder.write(Ljava/lang/String;II)V+13 java.base@11.0.10
J 15288 c2 java.io.Writer.write(Ljava/lang/String;)V java.base@11.0.10 (11 bytes) @ 0x000002063751bc90 [0x000002063751b9e0+0x00000000000002b0]
j  java.io.OutputStreamWriter.append(Ljava/lang/CharSequence;)Ljava/io/Writer;+29 java.base@11.0.10
j  com.google.common.io.CharSink.write(Ljava/lang/CharSequence;)V+23
j  com.android.ide.common.resources.DataMerger.writeBlobTo(Ljava/io/File;Lcom/android/ide/common/resources/MergeConsumer;Z)V+181
j  com.android.ide.common.resources.ResourceMerger.writeBlobTo(Ljava/io/File;Lcom/android/ide/common/resources/MergeConsumer;Z)V+4
j  com.android.build.gradle.tasks.MergeResources.doTaskAction(Lorg/gradle/work/InputChanges;)V+663
j  com.android.build.gradle.internal.tasks.NewIncrementalTask$taskAction$$inlined$recordTaskAction$1.invoke()V+32
j  com.android.build.gradle.internal.tasks.Blocks.recordSpan(Ljava/lang/String;Lcom/google/wireless/android/sdk/stats/GradleBuildProfileSpan$ExecutionType;Lcom/android/build/gradle/internal/profile/AnalyticsService;Lcom/android/build/gradle/internal/tasks/Blocks$ThrowingBlock;)V+12
j  com.android.build.gradle.internal.tasks.NewIncrementalTask.taskAction(Lorg/gradle/work/InputChanges;)V+47
v  ~StubRoutines::call_stub
J 2195  jdk.internal.reflect.NativeMethodAccessorImpl.invoke0(Ljava/lang/reflect/Method;Ljava/lang/Object;[Ljava/lang/Object;)Ljava/lang/Object; java.base@11.0.10 (0 bytes) @ 0x0000020636b279bf [0x0000020636b27940+0x000000000000007f]
J 14120 c2 jdk.internal.reflect.NativeMethodAccessorImpl.invoke(Ljava/lang/Object;[Ljava/lang/Object;)Ljava/lang/Object; java.base@11.0.10 (104 bytes) @ 0x00000206373f5674 [0x00000206373f5600+0x0000000000000074]
J 9804 c2 jdk.internal.reflect.DelegatingMethodAccessorImpl.invoke(Ljava/lang/Object;[Ljava/lang/Object;)Ljava/lang/Object; java.base@11.0.10 (10 bytes) @ 0x000002063701a064 [0x000002063701a020+0x0000000000000044]
J 2268 c1 org.gradle.internal.reflect.JavaMethod.invoke(Ljava/lang/Object;[Ljava/lang/Object;)Ljava/lang/Object; (74 bytes) @ 0x000002062f99605c [0x000002062f995cc0+0x000000000000039c]
j  org.gradle.api.internal.project.taskfactory.IncrementalInputsTaskAction.doExecute(Lorg/gradle/api/Task;Ljava/lang/String;)V+28
j  org.gradle.api.internal.project.taskfactory.StandardTaskAction.execute(Lorg/gradle/api/Task;)V+32
j  org.gradle.api.internal.project.taskfactory.AbstractIncrementalTaskAction.execute(Lorg/gradle/api/Task;)V+2
j  org.gradle.api.internal.project.taskfactory.StandardTaskAction.execute(Ljava/lang/Object;)V+5
j  org.gradle.api.internal.tasks.execution.ExecuteActionsTaskExecuter$2.run(Lorg/gradle/internal/operations/BuildOperationContext;)V+23
J 6578 c1 org.gradle.internal.operations.DefaultBuildOperationRunner$1.execute(Lorg/gradle/internal/operations/BuildOperation;Lorg/gradle/internal/operations/BuildOperationContext;)V (10 bytes) @ 0x000002063027f8ac [0x000002063027f660+0x000000000000024c]
J 13203 c2 org.gradle.internal.operations.DefaultBuildOperationRunner$3.execute(Lorg/gradle/internal/operations/BuildOperationDescriptor;Lorg/gradle/internal/operations/BuildOperationState;Lorg/gradle/internal/operations/BuildOperationState;Lorg/gradle/internal/operations/DefaultBuildOperationRunner$ReadableBuildOperationContext;Lorg/gradle/internal/operations/DefaultBuildOperationRunner$BuildOperationExecutionListener;)Lorg/gradle/internal/operations/BuildOperation; (110 bytes) @ 0x000002063730f478 [0x000002063730ddc0+0x00000000000016b8]
J 6566 c1 org.gradle.internal.operations.DefaultBuildOperationRunner.execute(Lorg/gradle/internal/operations/BuildOperationDescriptor$Builder;Lorg/gradle/internal/operations/BuildOperationState;Lorg/gradle/internal/operations/DefaultBuildOperationRunner$BuildOperationExecution;)Ljava/lang/Object; (140 bytes) @ 0x0000020630277614 [0x0000020630276920+0x0000000000000cf4]
J 6577 c1 org.gradle.internal.operations.DefaultBuildOperationRunner.run(Lorg/gradle/internal/operations/RunnableBuildOperation;)V (13 bytes) @ 0x000002063027ef54 [0x000002063027e940+0x0000000000000614]
J 6526 c1 org.gradle.internal.operations.DefaultBuildOperationExecutor.run(Lorg/gradle/internal/operations/RunnableBuildOperation;)V (19 bytes) @ 0x000002063024fa4c [0x000002063024f1a0+0x00000000000008ac]
j  org.gradle.api.internal.tasks.execution.ExecuteActionsTaskExecuter.executeAction(Ljava/lang/String;Lorg/gradle/api/internal/TaskInternal;Lorg/gradle/api/internal/tasks/InputChangesAwareTaskAction;Lorg/gradle/internal/execution/history/changes/InputChangesInternal;Z)V+30
j  org.gradle.api.internal.tasks.execution.ExecuteActionsTaskExecuter.executeActions(Lorg/gradle/api/internal/TaskInternal;Lorg/gradle/internal/execution/history/changes/InputChangesInternal;)V+131
j  org.gradle.api.internal.tasks.execution.ExecuteActionsTaskExecuter.access$300(Lorg/gradle/api/internal/tasks/execution/ExecuteActionsTaskExecuter;Lorg/gradle/api/internal/TaskInternal;Lorg/gradle/internal/execution/history/changes/InputChangesInternal;)V+3
j  org.gradle.api.internal.tasks.execution.ExecuteActionsTaskExecuter$TaskExecution.executeWithPreviousOutputFiles(Lorg/gradle/internal/execution/history/changes/InputChangesInternal;)Lorg/gradle/internal/execution/UnitOfWork$WorkResult;+52
j  org.gradle.api.internal.tasks.execution.ExecuteActionsTaskExecuter$TaskExecution.execute(Lorg/gradle/internal/execution/UnitOfWork$ExecutionRequest;)Lorg/gradle/internal/execution/UnitOfWork$WorkOutput;+70
j  org.gradle.internal.execution.steps.ExecuteStep.executeInternal(Lorg/gradle/internal/execution/UnitOfWork;Lorg/gradle/internal/execution/steps/InputChangesContext;)Lorg/gradle/internal/execution/steps/Result;+11
j  org.gradle.internal.execution.steps.ExecuteStep.access$000(Lorg/gradle/internal/execution/UnitOfWork;Lorg/gradle/internal/execution/steps/InputChangesContext;)Lorg/gradle/internal/execution/steps/Result;+2
j  org.gradle.internal.execution.steps.ExecuteStep$1.call(Lorg/gradle/internal/operations/BuildOperationContext;)Lorg/gradle/internal/execution/steps/Result;+8
j  org.gradle.internal.execution.steps.ExecuteStep$1.call(Lorg/gradle/internal/operations/BuildOperationContext;)Ljava/lang/Object;+2
J 8866 c1 org.gradle.internal.operations.DefaultBuildOperationRunner$CallableBuildOperationWorker.execute(Lorg/gradle/internal/operations/BuildOperation;Lorg/gradle/internal/operations/BuildOperationContext;)V (10 bytes) @ 0x0000020630762bb4 [0x0000020630762960+0x0000000000000254]
J 13203 c2 org.gradle.internal.operations.DefaultBuildOperationRunner$3.execute(Lorg/gradle/internal/operations/BuildOperationDescriptor;Lorg/gradle/internal/operations/BuildOperationState;Lorg/gradle/internal/operations/BuildOperationState;Lorg/gradle/internal/operations/DefaultBuildOperationRunner$ReadableBuildOperationContext;Lorg/gradle/internal/operations/DefaultBuildOperationRunner$BuildOperationExecutionListener;)Lorg/gradle/internal/operations/BuildOperation; (110 bytes) @ 0x000002063730f478 [0x000002063730ddc0+0x00000000000016b8]
J 6566 c1 org.gradle.internal.operations.DefaultBuildOperationRunner.execute(Lorg/gradle/internal/operations/BuildOperationDescriptor$Builder;Lorg/gradle/internal/operations/BuildOperationState;Lorg/gradle/internal/operations/DefaultBuildOperationRunner$BuildOperationExecution;)Ljava/lang/Object; (140 bytes) @ 0x0000020630277614 [0x0000020630276920+0x0000000000000cf4]
J 8877 c1 org.gradle.internal.operations.DefaultBuildOperationRunner.call(Lorg/gradle/internal/operations/CallableBuildOperation;)Ljava/lang/Object; (24 bytes) @ 0x000002063076b0dc [0x000002063076a9e0+0x00000000000006fc]
J 6903 c1 org.gradle.internal.operations.DefaultBuildOperationExecutor.call(Lorg/gradle/internal/operations/CallableBuildOperation;)Ljava/lang/Object; (19 bytes) @ 0x00000206303220cc [0x0000020630321820+0x00000000000008ac]
j  org.gradle.internal.execution.steps.ExecuteStep.execute(Lorg/gradle/internal/execution/UnitOfWork;Lorg/gradle/internal/execution/steps/InputChangesContext;)Lorg/gradle/internal/execution/steps/Result;+14
j  org.gradle.internal.execution.steps.ExecuteStep.execute(Lorg/gradle/internal/execution/UnitOfWork;Lorg/gradle/internal/execution/steps/Context;)Lorg/gradle/internal/execution/steps/Result;+6
j  org.gradle.internal.execution.steps.RemovePreviousOutputsStep.execute(Lorg/gradle/internal/execution/UnitOfWork;Lorg/gradle/internal/execution/steps/InputChangesContext;)Lorg/gradle/internal/execution/steps/Result;+61
j  org.gradle.internal.execution.steps.RemovePreviousOutputsStep.execute(Lorg/gradle/internal/execution/UnitOfWork;Lorg/gradle/internal/execution/steps/Context;)Lorg/gradle/internal/execution/steps/Result;+6
j  org.gradle.internal.execution.steps.ResolveInputChangesStep.execute(Lorg/gradle/internal/execution/UnitOfWork;Lorg/gradle/internal/execution/steps/IncrementalChangesContext;)Lorg/gradle/internal/execution/steps/Result;+43
j  org.gradle.internal.execution.steps.ResolveInputChangesStep.execute(Lorg/gradle/internal/execution/UnitOfWork;Lorg/gradle/internal/execution/steps/Context;)Lorg/gradle/internal/execution/steps/Result;+6
j  org.gradle.internal.execution.steps.CancelExecutionStep.execute(Lorg/gradle/internal/execution/UnitOfWork;Lorg/gradle/internal/execution/steps/Context;)Lorg/gradle/internal/execution/steps/Result;+35
j  org.gradle.internal.execution.steps.TimeoutStep.executeWithoutTimeout(Lorg/gradle/internal/execution/UnitOfWork;Lorg/gradle/internal/execution/steps/Context;)Lorg/gradle/internal/execution/steps/Result;+6
j  org.gradle.internal.execution.steps.TimeoutStep.execute(Lorg/gradle/internal/execution/UnitOfWork;Lorg/gradle/internal/execution/steps/Context;)Lorg/gradle/internal/execution/steps/Result;+92
j  org.gradle.internal.execution.steps.CreateOutputsStep.execute(Lorg/gradle/internal/execution/UnitOfWork;Lorg/gradle/internal/execution/steps/WorkspaceContext;)Lorg/gradle/internal/execution/steps/Result;+26
j  org.gradle.internal.execution.steps.CreateOutputsStep.execute(Lorg/gradle/internal/execution/UnitOfWork;Lorg/gradle/internal/execution/steps/Context;)Lorg/gradle/internal/execution/steps/Result;+6
j  org.gradle.internal.execution.steps.CaptureStateAfterExecutionStep.execute(Lorg/gradle/internal/execution/UnitOfWork;Lorg/gradle/internal/execution/steps/BeforeExecutionContext;)Lorg/gradle/internal/execution/steps/CurrentSnapshotResult;+6
j  org.gradle.internal.execution.steps.CaptureStateAfterExecutionStep.execute(Lorg/gradle/internal/execution/UnitOfWork;Lorg/gradle/internal/execution/steps/Context;)Lorg/gradle/internal/execution/steps/Result;+6
j  org.gradle.internal.execution.steps.BroadcastChangingOutputsStep.execute(Lorg/gradle/internal/execution/UnitOfWork;Lorg/gradle/internal/execution/steps/WorkspaceContext;)Lorg/gradle/internal/execution/steps/Result;+44
j  org.gradle.internal.execution.steps.BroadcastChangingOutputsStep.execute(Lorg/gradle/internal/execution/UnitOfWork;Lorg/gradle/internal/execution/steps/Context;)Lorg/gradle/internal/execution/steps/Result;+6
j  org.gradle.internal.execution.steps.BuildCacheStep.executeWithoutCache(Lorg/gradle/internal/execution/UnitOfWork;Lorg/gradle/internal/execution/steps/IncrementalChangesContext;)Lorg/gradle/internal/execution/steps/CurrentSnapshotResult;+6
j  org.gradle.internal.execution.steps.BuildCacheStep.execute(Lorg/gradle/internal/execution/UnitOfWork;Lorg/gradle/internal/execution/steps/IncrementalChangesContext;)Lorg/gradle/internal/execution/steps/CurrentSnapshotResult;+43
j  org.gradle.internal.execution.steps.BuildCacheStep.execute(Lorg/gradle/internal/execution/UnitOfWork;Lorg/gradle/internal/execution/steps/Context;)Lorg/gradle/internal/execution/steps/Result;+6
j  org.gradle.internal.execution.steps.StoreExecutionStateStep.execute(Lorg/gradle/internal/execution/UnitOfWork;Lorg/gradle/internal/execution/steps/BeforeExecutionContext;)Lorg/gradle/internal/execution/steps/CurrentSnapshotResult;+6
j  org.gradle.internal.execution.steps.StoreExecutionStateStep.execute(Lorg/gradle/internal/execution/UnitOfWork;Lorg/gradle/internal/execution/steps/Context;)Lorg/gradle/internal/execution/steps/Result;+6
j  org.gradle.internal.execution.steps.RecordOutputsStep.execute(Lorg/gradle/internal/execution/UnitOfWork;Lorg/gradle/internal/execution/steps/Context;)Lorg/gradle/internal/execution/steps/CurrentSnapshotResult;+6
j  org.gradle.internal.execution.steps.RecordOutputsStep.execute(Lorg/gradle/internal/execution/UnitOfWork;Lorg/gradle/internal/execution/steps/Context;)Lorg/gradle/internal/execution/steps/Result;+3
J 10714 c1 org.gradle.internal.execution.steps.SkipUpToDateStep.lambda$execute$0(Lorg/gradle/internal/execution/UnitOfWork;Lorg/gradle/internal/execution/steps/IncrementalChangesContext;Lorg/gradle/internal/execution/history/changes/ExecutionStateChanges;)Lorg/gradle/internal/execution/steps/UpToDateResult; (79 bytes) @ 0x0000020630b7a9fc [0x0000020630b79880+0x000000000000117c]
J 10719 c1 org.gradle.internal.execution.steps.SkipUpToDateStep.execute(Lorg/gradle/internal/execution/UnitOfWork;Lorg/gradle/internal/execution/steps/IncrementalChangesContext;)Lorg/gradle/internal/execution/steps/UpToDateResult; (59 bytes) @ 0x0000020630b7dc9c [0x0000020630b7c920+0x000000000000137c]
J 10814 c1 org.gradle.internal.execution.steps.SkipUpToDateStep.execute(Lorg/gradle/internal/execution/UnitOfWork;Lorg/gradle/internal/execution/steps/Context;)Lorg/gradle/internal/execution/steps/Result; (10 bytes) @ 0x0000020630bb50dc [0x0000020630bb4f60+0x000000000000017c]
J 10580 c1 org.gradle.internal.execution.steps.ResolveChangesStep.execute(Lorg/gradle/internal/execution/UnitOfWork;Lorg/gradle/internal/execution/steps/CachingContext;)Lorg/gradle/internal/execution/steps/Result; (63 bytes) @ 0x0000020630b1e164 [0x0000020630b1cb60+0x0000000000001604]
J 9618 c1 org.gradle.internal.execution.steps.ResolveChangesStep.execute(Lorg/gradle/internal/execution/UnitOfWork;Lorg/gradle/internal/execution/steps/Context;)Lorg/gradle/internal/execution/steps/Result; (10 bytes) @ 0x00000206308e7d5c [0x00000206308e7be0+0x000000000000017c]
J 10572 c1 org.gradle.internal.execution.steps.legacy.MarkSnapshottingInputsFinishedStep.execute(Lorg/gradle/internal/execution/UnitOfWork;Lorg/gradle/internal/execution/steps/Context;)Lorg/gradle/internal/execution/steps/Result; (10 bytes) @ 0x0000020630b17dbc [0x0000020630b17a00+0x00000000000003bc]
J 9436 c1 org.gradle.internal.execution.steps.ResolveCachingStateStep.execute(Lorg/gradle/internal/execution/UnitOfWork;Lorg/gradle/internal/execution/steps/BeforeExecutionContext;)Lorg/gradle/internal/execution/steps/CachingResult; (155 bytes) @ 0x00000206308856f4 [0x0000020630884300+0x00000000000013f4]
J 10571 c1 org.gradle.internal.execution.steps.ResolveCachingStateStep.execute(Lorg/gradle/internal/execution/UnitOfWork;Lorg/gradle/internal/execution/steps/Context;)Lorg/gradle/internal/execution/steps/Result; (10 bytes) @ 0x0000020630b1765c [0x0000020630b174e0+0x000000000000017c]
J 10562 c1 org.gradle.internal.execution.steps.CaptureStateBeforeExecutionStep.execute(Lorg/gradle/internal/execution/UnitOfWork;Lorg/gradle/internal/execution/steps/ValidationContext;)Lorg/gradle/internal/execution/steps/CachingResult; (42 bytes) @ 0x0000020630b0a274 [0x0000020630b09680+0x0000000000000bf4]
J 9430 c1 org.gradle.internal.execution.steps.CaptureStateBeforeExecutionStep.execute(Lorg/gradle/internal/execution/UnitOfWork;Lorg/gradle/internal/execution/steps/Context;)Lorg/gradle/internal/execution/steps/Result; (10 bytes) @ 0x0000020630882edc [0x0000020630882d60+0x000000000000017c]
J 10556 c1 org.gradle.internal.execution.steps.ValidateStep.execute(Lorg/gradle/internal/execution/UnitOfWork;Lorg/gradle/internal/execution/steps/AfterPreviousExecutionContext;)Lorg/gradle/internal/execution/steps/Result; (221 bytes) @ 0x0000020630b0568c [0x0000020630b03100+0x000000000000258c]
J 9423 c1 org.gradle.internal.execution.steps.ValidateStep.execute(Lorg/gradle/internal/execution/UnitOfWork;Lorg/gradle/internal/execution/steps/Context;)Lorg/gradle/internal/execution/steps/Result; (10 bytes) @ 0x000002063087dc5c [0x000002063087dae0+0x000000000000017c]
J 9415 c1 org.gradle.internal.execution.steps.SkipEmptyWorkStep.execute(Lorg/gradle/internal/execution/UnitOfWork;Lorg/gradle/internal/execution/steps/AfterPreviousExecutionContext;)Lorg/gradle/internal/execution/steps/CachingResult; (67 bytes) @ 0x0000020630878ac4 [0x00000206308771e0+0x00000000000018e4]
J 10540 c1 org.gradle.internal.execution.steps.SkipEmptyWorkStep.execute(Lorg/gradle/internal/execution/UnitOfWork;Lorg/gradle/internal/execution/steps/Context;)Lorg/gradle/internal/execution/steps/Result; (10 bytes) @ 0x0000020630af85dc [0x0000020630af8460+0x000000000000017c]
J 9414 c1 org.gradle.internal.execution.steps.legacy.MarkSnapshottingInputsStartedStep.execute(Lorg/gradle/internal/execution/UnitOfWork;Lorg/gradle/internal/execution/steps/Context;)Lorg/gradle/internal/execution/steps/Result; (37 bytes) @ 0x0000020630876944 [0x0000020630876780+0x00000000000001c4]
J 10538 c1 org.gradle.internal.execution.steps.LoadExecutionStateStep.execute(Lorg/gradle/internal/execution/UnitOfWork;Lorg/gradle/internal/execution/steps/WorkspaceContext;)Lorg/gradle/internal/execution/steps/Result; (46 bytes) @ 0x0000020630af717c [0x0000020630af69e0+0x000000000000079c]
J 10537 c1 org.gradle.internal.execution.steps.LoadExecutionStateStep.execute(Lorg/gradle/internal/execution/UnitOfWork;Lorg/gradle/internal/execution/steps/Context;)Lorg/gradle/internal/execution/steps/Result; (10 bytes) @ 0x0000020630af65dc [0x0000020630af6460+0x000000000000017c]
J 9410 c1 org.gradle.internal.execution.steps.AssignWorkspaceStep$$Lambda$784.executeInWorkspace(Ljava/io/File;Lorg/gradle/internal/execution/history/ExecutionHistoryStore;)Ljava/lang/Object; (18 bytes) @ 0x0000020630874fc4 [0x0000020630874d00+0x00000000000002c4]
j  org.gradle.api.internal.tasks.execution.ExecuteActionsTaskExecuter$TaskExecution$2.withWorkspace(Ljava/lang/String;Lorg/gradle/internal/execution/workspace/WorkspaceProvider$WorkspaceAction;)Ljava/lang/Object;+31
J 10543 c1 org.gradle.internal.execution.steps.AssignWorkspaceStep.execute(Lorg/gradle/internal/execution/UnitOfWork;Lorg/gradle/internal/execution/steps/IdentityContext;)Lorg/gradle/internal/execution/steps/Result; (36 bytes) @ 0x0000020630af9a94 [0x0000020630af93e0+0x00000000000006b4]
J 10544 c1 org.gradle.internal.execution.steps.AssignWorkspaceStep.execute(Lorg/gradle/internal/execution/UnitOfWork;Lorg/gradle/internal/execution/steps/Context;)Lorg/gradle/internal/execution/steps/Result; (10 bytes) @ 0x0000020630afa45c [0x0000020630afa2e0+0x000000000000017c]
j  org.gradle.internal.execution.steps.IdentityCacheStep.execute(Lorg/gradle/internal/execution/UnitOfWork;Lorg/gradle/internal/execution/steps/IdentityContext;)Lorg/gradle/internal/execution/steps/Result;+6
j  org.gradle.internal.execution.steps.IdentityCacheStep.execute(Lorg/gradle/internal/execution/UnitOfWork;Lorg/gradle/internal/execution/steps/Context;)Lorg/gradle/internal/execution/steps/Result;+6
j  org.gradle.internal.execution.steps.IdentifyStep.execute(Lorg/gradle/internal/execution/UnitOfWork;Lorg/gradle/internal/execution/steps/ExecutionRequestContext;)Lorg/gradle/internal/execution/steps/Result;+11
j  org.gradle.internal.execution.steps.IdentifyStep.execute(Lorg/gradle/internal/execution/UnitOfWork;Lorg/gradle/internal/execution/steps/Context;)Lorg/gradle/internal/execution/steps/Result;+6
j  org.gradle.internal.execution.impl.DefaultExecutionEngine$1.execute()Lorg/gradle/internal/execution/ExecutionEngine$Result;+15
j  org.gradle.api.internal.tasks.execution.ExecuteActionsTaskExecuter.executeIfValid(Lorg/gradle/api/internal/TaskInternal;Lorg/gradle/api/internal/tasks/TaskStateInternal;Lorg/gradle/api/internal/tasks/TaskExecutionContext;Lorg/gradle/api/internal/tasks/execution/ExecuteActionsTaskExecuter$TaskExecution;)Lorg/gradle/api/internal/tasks/TaskExecuterResult;+52
j  org.gradle.api.internal.tasks.execution.ExecuteActionsTaskExecuter.execute(Lorg/gradle/api/internal/TaskInternal;Lorg/gradle/api/internal/tasks/TaskStateInternal;Lorg/gradle/api/internal/tasks/TaskExecutionContext;)Lorg/gradle/api/internal/tasks/TaskExecuterResult;+30
j  org.gradle.api.internal.tasks.execution.CleanupStaleOutputsExecuter.execute(Lorg/gradle/api/internal/TaskInternal;Lorg/gradle/api/internal/tasks/TaskStateInternal;Lorg/gradle/api/internal/tasks/TaskExecutionContext;)Lorg/gradle/api/internal/tasks/TaskExecuterResult;+216
j  org.gradle.api.internal.tasks.execution.FinalizePropertiesTaskExecuter.execute(Lorg/gradle/api/internal/TaskInternal;Lorg/gradle/api/internal/tasks/TaskStateInternal;Lorg/gradle/api/internal/tasks/TaskExecutionContext;)Lorg/gradle/api/internal/tasks/TaskExecuterResult;+61
j  org.gradle.api.internal.tasks.execution.ResolveTaskExecutionModeExecuter.execute(Lorg/gradle/api/internal/TaskInternal;Lorg/gradle/api/internal/tasks/TaskStateInternal;Lorg/gradle/api/internal/tasks/TaskExecutionContext;)Lorg/gradle/api/internal/tasks/TaskExecuterResult;+56
j  org.gradle.api.internal.tasks.execution.SkipTaskWithNoActionsExecuter.execute(Lorg/gradle/api/internal/TaskInternal;Lorg/gradle/api/internal/tasks/TaskStateInternal;Lorg/gradle/api/internal/tasks/TaskExecutionContext;)Lorg/gradle/api/internal/tasks/TaskExecuterResult;+120
j  org.gradle.api.internal.tasks.execution.SkipOnlyIfTaskExecuter.execute(Lorg/gradle/api/internal/TaskInternal;Lorg/gradle/api/internal/tasks/TaskStateInternal;Lorg/gradle/api/internal/tasks/TaskExecutionContext;)Lorg/gradle/api/internal/tasks/TaskExecuterResult;+91
j  org.gradle.api.internal.tasks.execution.CatchExceptionTaskExecuter.execute(Lorg/gradle/api/internal/TaskInternal;Lorg/gradle/api/internal/tasks/TaskStateInternal;Lorg/gradle/api/internal/tasks/TaskExecutionContext;)Lorg/gradle/api/internal/tasks/TaskExecuterResult;+7
j  org.gradle.api.internal.tasks.execution.EventFiringTaskExecuter$1.executeTask(Lorg/gradle/internal/operations/BuildOperationContext;)Lorg/gradle/api/internal/tasks/TaskExecuterResult;+136
j  org.gradle.api.internal.tasks.execution.EventFiringTaskExecuter$1.call(Lorg/gradle/internal/operations/BuildOperationContext;)Lorg/gradle/api/internal/tasks/TaskExecuterResult;+2
j  org.gradle.api.internal.tasks.execution.EventFiringTaskExecuter$1.call(Lorg/gradle/internal/operations/BuildOperationContext;)Ljava/lang/Object;+2
J 8866 c1 org.gradle.internal.operations.DefaultBuildOperationRunner$CallableBuildOperationWorker.execute(Lorg/gradle/internal/operations/BuildOperation;Lorg/gradle/internal/operations/BuildOperationContext;)V (10 bytes) @ 0x0000020630762bb4 [0x0000020630762960+0x0000000000000254]
J 13203 c2 org.gradle.internal.operations.DefaultBuildOperationRunner$3.execute(Lorg/gradle/internal/operations/BuildOperationDescriptor;Lorg/gradle/internal/operations/BuildOperationState;Lorg/gradle/internal/operations/BuildOperationState;Lorg/gradle/internal/operations/DefaultBuildOperationRunner$ReadableBuildOperationContext;Lorg/gradle/internal/operations/DefaultBuildOperationRunner$BuildOperationExecutionListener;)Lorg/gradle/internal/operations/BuildOperation; (110 bytes) @ 0x000002063730f478 [0x000002063730ddc0+0x00000000000016b8]
J 6566 c1 org.gradle.internal.operations.DefaultBuildOperationRunner.execute(Lorg/gradle/internal/operations/BuildOperationDescriptor$Builder;Lorg/gradle/internal/operations/BuildOperationState;Lorg/gradle/internal/operations/DefaultBuildOperationRunner$BuildOperationExecution;)Ljava/lang/Object; (140 bytes) @ 0x0000020630277614 [0x0000020630276920+0x0000000000000cf4]
J 8877 c1 org.gradle.internal.operations.DefaultBuildOperationRunner.call(Lorg/gradle/internal/operations/CallableBuildOperation;)Ljava/lang/Object; (24 bytes) @ 0x000002063076b0dc [0x000002063076a9e0+0x00000000000006fc]
J 6903 c1 org.gradle.internal.operations.DefaultBuildOperationExecutor.call(Lorg/gradle/internal/operations/CallableBuildOperation;)Ljava/lang/Object; (19 bytes) @ 0x00000206303220cc [0x0000020630321820+0x00000000000008ac]
j  org.gradle.api.internal.tasks.execution.EventFiringTaskExecuter.execute(Lorg/gradle/api/internal/TaskInternal;Lorg/gradle/api/internal/tasks/TaskStateInternal;Lorg/gradle/api/internal/tasks/TaskExecutionContext;)Lorg/gradle/api/internal/tasks/TaskExecuterResult;+15
j  org.gradle.execution.plan.LocalTaskNodeExecutor.execute(Lorg/gradle/execution/plan/Node;Lorg/gradle/api/internal/tasks/NodeExecutionContext;)Z+98
j  org.gradle.execution.taskgraph.DefaultTaskExecutionGraph$InvokeNodeExecutorsAction.execute(Lorg/gradle/execution/plan/Node;)V+46
j  org.gradle.execution.taskgraph.DefaultTaskExecutionGraph$InvokeNodeExecutorsAction.execute(Ljava/lang/Object;)V+5
j  org.gradle.execution.taskgraph.DefaultTaskExecutionGraph$BuildOperationAwareExecutionAction.execute(Lorg/gradle/execution/plan/Node;)V+22
j  org.gradle.execution.taskgraph.DefaultTaskExecutionGraph$BuildOperationAwareExecutionAction.execute(Ljava/lang/Object;)V+5
j  org.gradle.execution.plan.DefaultPlanExecutor$ExecutorWorker.lambda$run$0(Lorg/gradle/internal/time/Timer;Ljava/util/concurrent/atomic/AtomicLong;Lorg/gradle/execution/plan/Node;)V+25
j  org.gradle.execution.plan.DefaultPlanExecutor$ExecutorWorker$$Lambda$753.execute(Ljava/lang/Object;)V+16
j  org.gradle.execution.plan.DefaultPlanExecutor$ExecutorWorker.execute(Lorg/gradle/execution/plan/Node;Lorg/gradle/internal/work/WorkerLeaseRegistry$WorkerLease;Lorg/gradle/api/Action;)V+9
j  org.gradle.execution.plan.DefaultPlanExecutor$ExecutorWorker.executeNextNode(Lorg/gradle/internal/work/WorkerLeaseRegistry$WorkerLease;Lorg/gradle/api/Action;)Z+52
j  org.gradle.execution.plan.DefaultPlanExecutor$ExecutorWorker.run()V+39
J 5930 c1 org.gradle.internal.concurrent.ManagedExecutorImpl$1.run()V (57 bytes) @ 0x00000206300dff5c [0x00000206300dfce0+0x000000000000027c]
j  java.util.concurrent.ThreadPoolExecutor.runWorker(Ljava/util/concurrent/ThreadPoolExecutor$Worker;)V+92 java.base@11.0.10
j  java.util.concurrent.ThreadPoolExecutor$Worker.run()V+5 java.base@11.0.10
j  org.gradle.internal.concurrent.ThreadFactoryImpl$ManagedThreadRunnable.run()V+7
j  java.lang.Thread.run()V+11 java.base@11.0.10
v  ~StubRoutines::call_stub

---------------  P R O C E S S  ---------------

Threads class SMR info:
_java_thread_list=0x0000020647c432f0, length=48, elements={
0x000002062b46e800, 0x0000020645040000, 0x0000020645043000, 0x00000206459c6800,
0x00000206459c8800, 0x00000206459ca800, 0x00000206459d0000, 0x0000020645074800,
0x000002064507e000, 0x0000020645b16000, 0x0000020648294000, 0x0000020646b10000,
0x0000020646861000, 0x0000020648471800, 0x0000020648470000, 0x000002064846e800,
0x000002064846d800, 0x000002064846f800, 0x0000020648491000, 0x0000020648495000,
0x0000020648491800, 0x0000020648492800, 0x0000020648497800, 0x000002064b44a000,
0x000002064b449000, 0x000002064848c000, 0x000002064848d000, 0x0000020648490000,
0x000002064848f800, 0x0000020648496800, 0x0000020648496000, 0x0000020648498800,
0x0000020648499000, 0x000002064849a000, 0x000002064b44e000, 0x000002064b44b000,
0x000002064b448800, 0x000002064b44b800, 0x000002064b44d000, 0x000002064b44f000,
0x000002064b451800, 0x000002064b454800, 0x000002064b452000, 0x000002064b453000,
0x000002064b453800, 0x000002064b450800, 0x000002064b455800, 0x000002064fd9a000
}

Java Threads: ( => current thread )
  0x000002062b46e800 JavaThread "main" [_thread_blocked, id=10052, stack(0x0000003b7f300000,0x0000003b7f400000)]
  0x0000020645040000 JavaThread "Reference Handler" daemon [_thread_blocked, id=15152, stack(0x0000003b7fa00000,0x0000003b7fb00000)]
  0x0000020645043000 JavaThread "Finalizer" daemon [_thread_blocked, id=9332, stack(0x0000003b7fb00000,0x0000003b7fc00000)]
  0x00000206459c6800 JavaThread "Signal Dispatcher" daemon [_thread_blocked, id=5320, stack(0x0000003b7fc00000,0x0000003b7fd00000)]
  0x00000206459c8800 JavaThread "Attach Listener" daemon [_thread_blocked, id=12648, stack(0x0000003b7fd00000,0x0000003b7fe00000)]
  0x00000206459ca800 JavaThread "Service Thread" daemon [_thread_blocked, id=14528, stack(0x0000003b7fe00000,0x0000003b7ff00000)]
  0x00000206459d0000 JavaThread "C2 CompilerThread0" daemon [_thread_in_native, id=1928, stack(0x0000003b7ff00000,0x0000003b80000000)]
  0x0000020645074800 JavaThread "C1 CompilerThread0" daemon [_thread_blocked, id=14492, stack(0x0000003b00000000,0x0000003b00100000)]
  0x000002064507e000 JavaThread "Sweeper thread" daemon [_thread_blocked, id=9572, stack(0x0000003b00100000,0x0000003b00200000)]
  0x0000020645b16000 JavaThread "Common-Cleaner" daemon [_thread_blocked, id=13568, stack(0x0000003b00200000,0x0000003b00300000)]
  0x0000020648294000 JavaThread "Daemon health stats" [_thread_blocked, id=14320, stack(0x0000003b00600000,0x0000003b00700000)]
  0x0000020646b10000 JavaThread "Incoming local TCP Connector on port 59380" [_thread_in_native, id=8800, stack(0x0000003b00400000,0x0000003b00500000)]
  0x0000020646861000 JavaThread "Daemon periodic checks" [_thread_blocked, id=9136, stack(0x0000003b00700000,0x0000003b00800000)]
  0x0000020648471800 JavaThread "Cache worker for file hash cache (C:\Users\Somesh\.gradle\caches\7.0.2\fileHashes)" [_thread_blocked, id=14980, stack(0x0000003b00f00000,0x0000003b01000000)]
  0x0000020648470000 JavaThread "File lock request listener" [_thread_in_native, id=10616, stack(0x0000003b01000000,0x0000003b01100000)]
  0x000002064846e800 JavaThread "Cache worker for journal cache (C:\Users\Somesh\.gradle\caches\journal-1)" [_thread_blocked, id=2636, stack(0x0000003b01300000,0x0000003b01400000)]
  0x000002064846d800 JavaThread "File watcher server" daemon [_thread_in_native, id=5848, stack(0x0000003b01500000,0x0000003b01600000)]
  0x000002064846f800 JavaThread "File watcher consumer" daemon [_thread_blocked, id=916, stack(0x0000003b01600000,0x0000003b01700000)]
  0x0000020648491000 JavaThread "Cache worker for execution history cache (C:\Users\Somesh\.gradle\caches\7.0.2\executionHistory)" [_thread_blocked, id=13756, stack(0x0000003b01a00000,0x0000003b01b00000)]
  0x0000020648495000 JavaThread "jar transforms" [_thread_blocked, id=5580, stack(0x0000003b01b00000,0x0000003b01c00000)]
  0x0000020648491800 JavaThread "jar transforms Thread 2" [_thread_blocked, id=8472, stack(0x0000003b01c00000,0x0000003b01d00000)]
  0x0000020648492800 JavaThread "Cache worker for file content cache (C:\Users\Somesh\.gradle\caches\7.0.2\fileContent)" [_thread_blocked, id=10844, stack(0x0000003b01d00000,0x0000003b01e00000)]
  0x0000020648497800 JavaThread "jar transforms Thread 3" [_thread_blocked, id=8332, stack(0x0000003b02100000,0x0000003b02200000)]
  0x000002064b44a000 JavaThread "jar transforms Thread 4" [_thread_blocked, id=176, stack(0x0000003b02700000,0x0000003b02800000)]
  0x000002064b449000 JavaThread "Memory manager" [_thread_blocked, id=14768, stack(0x0000003b02800000,0x0000003b02900000)]
  0x000002064848c000 JavaThread "Daemon Thread 3" [_thread_blocked, id=11076, stack(0x0000003b00800000,0x0000003b00900000)]
  0x000002064848d000 JavaThread "Handler for socket connection from /127.0.0.1:59380 to /127.0.0.1:61038" [_thread_in_native, id=9800, stack(0x0000003b00900000,0x0000003b00a00000)]
  0x0000020648490000 JavaThread "Cancel handler" [_thread_blocked, id=8768, stack(0x0000003b00a00000,0x0000003b00b00000)]
  0x000002064848f800 JavaThread "Daemon worker Thread 3" [_thread_blocked, id=872, stack(0x0000003b00b00000,0x0000003b00c00000)]
  0x0000020648496800 JavaThread "Asynchronous log dispatcher for DefaultDaemonConnection: socket connection from /127.0.0.1:59380 to /127.0.0.1:61038" [_thread_blocked, id=10376, stack(0x0000003b00c00000,0x0000003b00d00000)]
  0x0000020648496000 JavaThread "Stdin handler" [_thread_blocked, id=4708, stack(0x0000003b00d00000,0x0000003b00e00000)]
  0x0000020648498800 JavaThread "Daemon client event forwarder" [_thread_blocked, id=328, stack(0x0000003b00e00000,0x0000003b00f00000)]
  0x0000020648499000 JavaThread "Cache worker for file hash cache (D:\QuizApp\.gradle\7.0.2\fileHashes)" [_thread_blocked, id=13052, stack(0x0000003b01400000,0x0000003b01500000)]
  0x000002064849a000 JavaThread "Cache worker for checksums cache (D:\QuizApp\.gradle\checksums)" [_thread_blocked, id=1232, stack(0x0000003b01700000,0x0000003b01800000)]
  0x000002064b44e000 JavaThread "Cache worker for cache directory md-supplier (C:\Users\Somesh\.gradle\caches\7.0.2\md-supplier)" [_thread_blocked, id=7292, stack(0x0000003b01800000,0x0000003b01900000)]
  0x000002064b44b000 JavaThread "Cache worker for cache directory md-rule (C:\Users\Somesh\.gradle\caches\7.0.2\md-rule)" [_thread_blocked, id=12132, stack(0x0000003b01900000,0x0000003b01a00000)]
  0x000002064b448800 JavaThread "Cache worker for dependencies-accessors (D:\QuizApp\.gradle\7.0.2\dependencies-accessors)" [_thread_blocked, id=9872, stack(0x0000003b01e00000,0x0000003b01f00000)]
  0x000002064b44b800 JavaThread "Cache worker for Build Output Cleanup Cache (D:\QuizApp\.gradle\buildOutputCleanup)" [_thread_blocked, id=11412, stack(0x0000003b01f00000,0x0000003b02000000)]
  0x000002064b44d000 JavaThread "Build operations" [_thread_blocked, id=12892, stack(0x0000003b02000000,0x0000003b02100000)]
  0x000002064b44f000 JavaThread "Build operations Thread 2" [_thread_blocked, id=12868, stack(0x0000003b02200000,0x0000003b02300000)]
  0x000002064b451800 JavaThread "Build operations Thread 3" [_thread_blocked, id=7392, stack(0x0000003b02300000,0x0000003b02400000)]
  0x000002064b454800 JavaThread "Build operations Thread 4" [_thread_blocked, id=6792, stack(0x0000003b02400000,0x0000003b02500000)]
  0x000002064b452000 JavaThread "build event listener" [_thread_blocked, id=11400, stack(0x0000003b02600000,0x0000003b02700000)]
=>0x000002064b453000 JavaThread "Execution worker for ':'" [_thread_in_vm, id=14944, stack(0x0000003b02900000,0x0000003b02a00000)]
  0x000002064b453800 JavaThread "Execution worker for ':' Thread 2" [_thread_blocked, id=10396, stack(0x0000003b02a00000,0x0000003b02b00000)]
  0x000002064b450800 JavaThread "Execution worker for ':' Thread 3" [_thread_blocked, id=10956, stack(0x0000003b02b00000,0x0000003b02c00000)]
  0x000002064b455800 JavaThread "Cache worker for execution history cache (D:\QuizApp\.gradle\7.0.2\executionHistory)" [_thread_blocked, id=7604, stack(0x0000003b02c00000,0x0000003b02d00000)]
  0x000002064fd9a000 JavaThread "C2 CompilerThread1" daemon [_thread_blocked, id=5520, stack(0x0000003b02500000,0x0000003b02600000)]

Other Threads:
  0x000002064503b800 VMThread "VM Thread" [stack: 0x0000003b7f900000,0x0000003b7fa00000] [id=13828]
  0x0000020645b2f800 WatcherThread [stack: 0x0000003b00300000,0x0000003b00400000] [id=7348]
  0x000002062b488000 GCTaskThread "GC Thread#0" [stack: 0x0000003b7f400000,0x0000003b7f500000] [id=5980]
  0x0000020646046000 GCTaskThread "GC Thread#1" [stack: 0x0000003b00500000,0x0000003b00600000] [id=14892]
  0x00000206478c0000 GCTaskThread "GC Thread#2" [stack: 0x0000003b01100000,0x0000003b01200000] [id=3828]
  0x0000020646d86000 GCTaskThread "GC Thread#3" [stack: 0x0000003b01200000,0x0000003b01300000] [id=11760]
  0x000002062b4ba000 ConcurrentGCThread "G1 Main Marker" [stack: 0x0000003b7f500000,0x0000003b7f600000] [id=4976]
  0x000002062b4bb000 ConcurrentGCThread "G1 Conc#0" [stack: 0x0000003b7f600000,0x0000003b7f700000] [id=120]
  0x000002062b537000 ConcurrentGCThread "G1 Refine#0" [stack: 0x0000003b7f700000,0x0000003b7f800000] [id=11232]
  0x0000020644e90800 ConcurrentGCThread "G1 Young RemSet Sampling" [stack: 0x0000003b7f800000,0x0000003b7f900000] [id=6048]

Threads with active compile tasks:
C2 CompilerThread01940597 15414       4       com.android.utils.XmlUtils::append (647 bytes)

VM state:synchronizing (normal execution)

VM Mutex/Monitor currently owned by a thread:  ([mutex/lock_event])
[0x000002062b46b440] Threads_lock - owner thread: 0x000002064503b800
[0x000002062b46b710] Heap_lock - owner thread: 0x000002064b453000

Heap address: 0x0000000080000000, size: 2048 MB, Compressed Oops mode: 32-bit
Narrow klass base: 0x0000000000000000, Narrow klass shift: 3
Compressed class space size: 1073741824 Address: 0x0000000100000000

Heap:
 garbage-first heap   total 162816K, used 150404K [0x0000000080000000, 0x0000000100000000)
  region size 1024K, 3 young (3072K), 1 survivors (1024K)
 Metaspace       used 113797K, capacity 116861K, committed 117324K, reserved 1150976K
  class space    used 14418K, capacity 15516K, committed 15692K, reserved 1048576K
Heap Regions: E=young(eden), S=young(survivor), O=old, HS=humongous(starts), HC=humongous(continues), CS=collection set, F=free, A=archive, TAMS=top-at-mark-start (previous, next)
|   0|0x0000000080000000, 0x0000000080100000, 0x0000000080100000|100%| O|  |TAMS 0x0000000080100000, 0x0000000080100000| Untracked 
|   1|0x0000000080100000, 0x0000000080200000, 0x0000000080200000|100%| O|  |TAMS 0x0000000080200000, 0x0000000080200000| Untracked 
|   2|0x0000000080200000, 0x0000000080300000, 0x0000000080300000|100%| O|  |TAMS 0x0000000080300000, 0x0000000080300000| Untracked 
|   3|0x0000000080300000, 0x0000000080400000, 0x0000000080400000|100%|HS|  |TAMS 0x0000000080400000, 0x0000000080400000| Complete 
|   4|0x0000000080400000, 0x0000000080500000, 0x0000000080500000|100%|HC|  |TAMS 0x0000000080500000, 0x0000000080500000| Complete 
|   5|0x0000000080500000, 0x0000000080600000, 0x0000000080600000|100%|HC|  |TAMS 0x0000000080600000, 0x0000000080600000| Complete 
|   6|0x0000000080600000, 0x0000000080700000, 0x0000000080700000|100%| O|  |TAMS 0x0000000080700000, 0x0000000080700000| Untracked 
|   7|0x0000000080700000, 0x0000000080800000, 0x0000000080800000|100%| O|  |TAMS 0x0000000080800000, 0x0000000080800000| Untracked 
|   8|0x0000000080800000, 0x0000000080900000, 0x0000000080900000|100%| O|  |TAMS 0x0000000080900000, 0x0000000080900000| Untracked 
|   9|0x0000000080900000, 0x0000000080a00000, 0x0000000080a00000|100%| O|  |TAMS 0x0000000080a00000, 0x0000000080a00000| Untracked 
|  10|0x0000000080a00000, 0x0000000080b00000, 0x0000000080b00000|100%| O|  |TAMS 0x0000000080b00000, 0x0000000080b00000| Untracked 
|  11|0x0000000080b00000, 0x0000000080c00000, 0x0000000080c00000|100%| O|  |TAMS 0x0000000080c00000, 0x0000000080c00000| Untracked 
|  12|0x0000000080c00000, 0x0000000080d00000, 0x0000000080d00000|100%| O|  |TAMS 0x0000000080d00000, 0x0000000080d00000| Untracked 
|  13|0x0000000080d00000, 0x0000000080e00000, 0x0000000080e00000|100%| O|  |TAMS 0x0000000080e00000, 0x0000000080e00000| Untracked 
|  14|0x0000000080e00000, 0x0000000080f00000, 0x0000000080f00000|100%| O|  |TAMS 0x0000000080f00000, 0x0000000080f00000| Untracked 
|  15|0x0000000080f00000, 0x0000000081000000, 0x0000000081000000|100%| O|  |TAMS 0x0000000081000000, 0x0000000081000000| Untracked 
|  16|0x0000000081000000, 0x0000000081100000, 0x0000000081100000|100%| O|  |TAMS 0x0000000081100000, 0x0000000081100000| Untracked 
|  17|0x0000000081100000, 0x0000000081200000, 0x0000000081200000|100%|HS|  |TAMS 0x0000000081200000, 0x0000000081200000| Complete 
|  18|0x0000000081200000, 0x0000000081300000, 0x0000000081300000|100%| O|  |TAMS 0x0000000081300000, 0x0000000081300000| Untracked 
|  19|0x0000000081300000, 0x0000000081400000, 0x0000000081400000|100%| O|  |TAMS 0x0000000081400000, 0x0000000081400000| Untracked 
|  20|0x0000000081400000, 0x0000000081500000, 0x0000000081500000|100%| O|  |TAMS 0x0000000081500000, 0x0000000081500000| Untracked 
|  21|0x0000000081500000, 0x0000000081600000, 0x0000000081600000|100%| O|  |TAMS 0x0000000081600000, 0x0000000081600000| Untracked 
|  22|0x0000000081600000, 0x0000000081700000, 0x0000000081700000|100%| O|  |TAMS 0x0000000081700000, 0x0000000081700000| Untracked 
|  23|0x0000000081700000, 0x0000000081800000, 0x0000000081800000|100%| O|  |TAMS 0x0000000081800000, 0x0000000081800000| Untracked 
|  24|0x0000000081800000, 0x0000000081900000, 0x0000000081900000|100%| O|  |TAMS 0x0000000081900000, 0x0000000081900000| Untracked 
|  25|0x0000000081900000, 0x0000000081a00000, 0x0000000081a00000|100%| O|  |TAMS 0x0000000081a00000, 0x0000000081a00000| Untracked 
|  26|0x0000000081a00000, 0x0000000081b00000, 0x0000000081b00000|100%| O|  |TAMS 0x0000000081b00000, 0x0000000081b00000| Untracked 
|  27|0x0000000081b00000, 0x0000000081c00000, 0x0000000081c00000|100%|HS|  |TAMS 0x0000000081c00000, 0x0000000081c00000| Complete 
|  28|0x0000000081c00000, 0x0000000081d00000, 0x0000000081d00000|100%|HS|  |TAMS 0x0000000081d00000, 0x0000000081d00000| Complete 
|  29|0x0000000081d00000, 0x0000000081e00000, 0x0000000081e00000|100%|HS|  |TAMS 0x0000000081e00000, 0x0000000081e00000| Complete 
|  30|0x0000000081e00000, 0x0000000081f00000, 0x0000000081f00000|100%|HC|  |TAMS 0x0000000081f00000, 0x0000000081f00000| Complete 
|  31|0x0000000081f00000, 0x0000000082000000, 0x0000000082000000|100%|HC|  |TAMS 0x0000000082000000, 0x0000000082000000| Complete 
|  32|0x0000000082000000, 0x0000000082100000, 0x0000000082100000|100%|HS|  |TAMS 0x0000000082100000, 0x0000000082100000| Complete 
|  33|0x0000000082100000, 0x0000000082200000, 0x0000000082200000|100%|HC|  |TAMS 0x0000000082200000, 0x0000000082200000| Complete 
|  34|0x0000000082200000, 0x0000000082300000, 0x0000000082300000|100%| O|  |TAMS 0x0000000082300000, 0x0000000082300000| Untracked 
|  35|0x0000000082300000, 0x0000000082400000, 0x0000000082400000|100%| O|  |TAMS 0x0000000082300000, 0x0000000082400000| Untracked 
|  36|0x0000000082400000, 0x0000000082500000, 0x0000000082500000|100%| O|  |TAMS 0x0000000082500000, 0x0000000082500000| Untracked 
|  37|0x0000000082500000, 0x0000000082600000, 0x0000000082600000|100%| O|  |TAMS 0x0000000082600000, 0x0000000082600000| Untracked 
|  38|0x0000000082600000, 0x0000000082700000, 0x0000000082700000|100%| O|  |TAMS 0x0000000082700000, 0x0000000082700000| Untracked 
|  39|0x0000000082700000, 0x0000000082800000, 0x0000000082800000|100%| O|  |TAMS 0x0000000082800000, 0x0000000082800000| Untracked 
|  40|0x0000000082800000, 0x0000000082900000, 0x0000000082900000|100%| O|  |TAMS 0x0000000082900000, 0x0000000082900000| Untracked 
|  41|0x0000000082900000, 0x0000000082a00000, 0x0000000082a00000|100%| O|  |TAMS 0x0000000082a00000, 0x0000000082a00000| Untracked 
|  42|0x0000000082a00000, 0x0000000082b00000, 0x0000000082b00000|100%| O|  |TAMS 0x0000000082b00000, 0x0000000082b00000| Untracked 
|  43|0x0000000082b00000, 0x0000000082c00000, 0x0000000082c00000|100%| O|  |TAMS 0x0000000082c00000, 0x0000000082c00000| Untracked 
|  44|0x0000000082c00000, 0x0000000082d00000, 0x0000000082d00000|100%| O|  |TAMS 0x0000000082d00000, 0x0000000082d00000| Untracked 
|  45|0x0000000082d00000, 0x0000000082e00000, 0x0000000082e00000|100%| O|  |TAMS 0x0000000082d00000, 0x0000000082e00000| Untracked 
|  46|0x0000000082e00000, 0x0000000082f00000, 0x0000000082f00000|100%| O|  |TAMS 0x0000000082f00000, 0x0000000082f00000| Untracked 
|  47|0x0000000082f00000, 0x0000000083000000, 0x0000000083000000|100%| O|  |TAMS 0x0000000083000000, 0x0000000083000000| Untracked 
|  48|0x0000000083000000, 0x0000000083100000, 0x0000000083100000|100%| O|  |TAMS 0x0000000083000000, 0x0000000083100000| Untracked 
|  49|0x0000000083100000, 0x0000000083200000, 0x0000000083200000|100%| O|  |TAMS 0x0000000083200000, 0x0000000083200000| Untracked 
|  50|0x0000000083200000, 0x0000000083300000, 0x0000000083300000|100%| O|  |TAMS 0x0000000083300000, 0x0000000083300000| Untracked 
|  51|0x0000000083300000, 0x0000000083400000, 0x0000000083400000|100%| O|  |TAMS 0x0000000083400000, 0x0000000083400000| Untracked 
|  52|0x0000000083400000, 0x0000000083500000, 0x0000000083500000|100%| O|  |TAMS 0x0000000083500000, 0x0000000083500000| Untracked 
|  53|0x0000000083500000, 0x0000000083600000, 0x0000000083600000|100%| O|  |TAMS 0x0000000083600000, 0x0000000083600000| Untracked 
|  54|0x0000000083600000, 0x0000000083700000, 0x0000000083700000|100%| O|  |TAMS 0x0000000083700000, 0x0000000083700000| Untracked 
|  55|0x0000000083700000, 0x0000000083800000, 0x0000000083800000|100%| O|  |TAMS 0x0000000083800000, 0x0000000083800000| Untracked 
|  56|0x0000000083800000, 0x0000000083900000, 0x0000000083900000|100%| O|  |TAMS 0x0000000083900000, 0x0000000083900000| Untracked 
|  57|0x0000000083900000, 0x0000000083a00000, 0x0000000083a00000|100%| O|  |TAMS 0x0000000083a00000, 0x0000000083a00000| Untracked 
|  58|0x0000000083a00000, 0x0000000083b00000, 0x0000000083b00000|100%| O|  |TAMS 0x0000000083b00000, 0x0000000083b00000| Untracked 
|  59|0x0000000083b00000, 0x0000000083c00000, 0x0000000083c00000|100%| O|  |TAMS 0x0000000083b00000, 0x0000000083c00000| Untracked 
|  60|0x0000000083c00000, 0x0000000083d00000, 0x0000000083d00000|100%| O|  |TAMS 0x0000000083d00000, 0x0000000083d00000| Untracked 
|  61|0x0000000083d00000, 0x0000000083de1200, 0x0000000083e00000| 87%| O|  |TAMS 0x0000000083d00000, 0x0000000083de1200| Untracked 
|  62|0x0000000083e00000, 0x0000000083f00000, 0x0000000083f00000|100%| O|  |TAMS 0x0000000083f00000, 0x0000000083f00000| Untracked 
|  63|0x0000000083f00000, 0x0000000084000000, 0x0000000084000000|100%|HS|  |TAMS 0x0000000083f00000, 0x0000000083f00000| Complete 
|  64|0x0000000084000000, 0x0000000084000000, 0x0000000084100000|  0%| F|  |TAMS 0x0000000084000000, 0x0000000084000000| Untracked 
|  65|0x0000000084100000, 0x0000000084200000, 0x0000000084200000|100%| O|  |TAMS 0x0000000084200000, 0x0000000084200000| Untracked 
|  66|0x0000000084200000, 0x0000000084300000, 0x0000000084300000|100%| O|  |TAMS 0x0000000084300000, 0x0000000084300000| Untracked 
|  67|0x0000000084300000, 0x0000000084400000, 0x0000000084400000|100%| O|  |TAMS 0x0000000084400000, 0x0000000084400000| Untracked 
|  68|0x0000000084400000, 0x0000000084500000, 0x0000000084500000|100%| O|  |TAMS 0x0000000084500000, 0x0000000084500000| Untracked 
|  69|0x0000000084500000, 0x0000000084600000, 0x0000000084600000|100%| O|  |TAMS 0x0000000084600000, 0x0000000084600000| Untracked 
|  70|0x0000000084600000, 0x0000000084700000, 0x0000000084700000|100%| O|  |TAMS 0x0000000084700000, 0x0000000084700000| Untracked 
|  71|0x0000000084700000, 0x0000000084700000, 0x0000000084800000|  0%| F|  |TAMS 0x0000000084700000, 0x0000000084700000| Untracked 
|  72|0x0000000084800000, 0x0000000084900000, 0x0000000084900000|100%| O|  |TAMS 0x0000000084900000, 0x0000000084900000| Untracked 
|  73|0x0000000084900000, 0x0000000084a00000, 0x0000000084a00000|100%| O|  |TAMS 0x0000000084a00000, 0x0000000084a00000| Untracked 
|  74|0x0000000084a00000, 0x0000000084b00000, 0x0000000084b00000|100%| O|  |TAMS 0x0000000084b00000, 0x0000000084b00000| Untracked 
|  75|0x0000000084b00000, 0x0000000084c00000, 0x0000000084c00000|100%| O|  |TAMS 0x0000000084c00000, 0x0000000084c00000| Untracked 
|  76|0x0000000084c00000, 0x0000000084d00000, 0x0000000084d00000|100%| O|  |TAMS 0x0000000084d00000, 0x0000000084d00000| Untracked 
|  77|0x0000000084d00000, 0x0000000084e00000, 0x0000000084e00000|100%| O|  |TAMS 0x0000000084e00000, 0x0000000084e00000| Untracked 
|  78|0x0000000084e00000, 0x0000000084e00000, 0x0000000084f00000|  0%| F|  |TAMS 0x0000000084e00000, 0x0000000084e00000| Untracked 
|  79|0x0000000084f00000, 0x0000000085000000, 0x0000000085000000|100%|HS|  |TAMS 0x0000000085000000, 0x0000000085000000| Complete 
|  80|0x0000000085000000, 0x0000000085100000, 0x0000000085100000|100%|HC|  |TAMS 0x0000000085100000, 0x0000000085100000| Complete 
|  81|0x0000000085100000, 0x0000000085200000, 0x0000000085200000|100%|HS|  |TAMS 0x0000000085200000, 0x0000000085200000| Complete 
|  82|0x0000000085200000, 0x0000000085300000, 0x0000000085300000|100%|HC|  |TAMS 0x0000000085300000, 0x0000000085300000| Complete 
|  83|0x0000000085300000, 0x0000000085400000, 0x0000000085400000|100%|HC|  |TAMS 0x0000000085400000, 0x0000000085400000| Complete 
|  84|0x0000000085400000, 0x0000000085500000, 0x0000000085500000|100%|HS|  |TAMS 0x0000000085500000, 0x0000000085500000| Complete 
|  85|0x0000000085500000, 0x0000000085600000, 0x0000000085600000|100%|HC|  |TAMS 0x0000000085600000, 0x0000000085600000| Complete 
|  86|0x0000000085600000, 0x0000000085700000, 0x0000000085700000|100%|HC|  |TAMS 0x0000000085700000, 0x0000000085700000| Complete 
|  87|0x0000000085700000, 0x0000000085800000, 0x0000000085800000|100%|HC|  |TAMS 0x0000000085800000, 0x0000000085800000| Complete 
|  88|0x0000000085800000, 0x0000000085900000, 0x0000000085900000|100%|HC|  |TAMS 0x0000000085900000, 0x0000000085900000| Complete 
|  89|0x0000000085900000, 0x0000000085a00000, 0x0000000085a00000|100%| O|  |TAMS 0x0000000085a00000, 0x0000000085a00000| Untracked 
|  90|0x0000000085a00000, 0x0000000085a00000, 0x0000000085b00000|  0%| F|  |TAMS 0x0000000085a00000, 0x0000000085a00000| Untracked 
|  91|0x0000000085b00000, 0x0000000085c00000, 0x0000000085c00000|100%|HS|  |TAMS 0x0000000085c00000, 0x0000000085c00000| Complete 
|  92|0x0000000085c00000, 0x0000000085d00000, 0x0000000085d00000|100%|HC|  |TAMS 0x0000000085d00000, 0x0000000085d00000| Complete 
|  93|0x0000000085d00000, 0x0000000085e00000, 0x0000000085e00000|100%|HC|  |TAMS 0x0000000085e00000, 0x0000000085e00000| Complete 
|  94|0x0000000085e00000, 0x0000000085f00000, 0x0000000085f00000|100%|HC|  |TAMS 0x0000000085f00000, 0x0000000085f00000| Complete 
|  95|0x0000000085f00000, 0x0000000086000000, 0x0000000086000000|100%|HC|  |TAMS 0x0000000086000000, 0x0000000086000000| Complete 
|  96|0x0000000086000000, 0x0000000086100000, 0x0000000086100000|100%|HS|  |TAMS 0x0000000086100000, 0x0000000086100000| Complete 
|  97|0x0000000086100000, 0x0000000086200000, 0x0000000086200000|100%|HC|  |TAMS 0x0000000086200000, 0x0000000086200000| Complete 
|  98|0x0000000086200000, 0x0000000086300000, 0x0000000086300000|100%|HC|  |TAMS 0x0000000086300000, 0x0000000086300000| Complete 
|  99|0x0000000086300000, 0x0000000086400000, 0x0000000086400000|100%| O|  |TAMS 0x0000000086400000, 0x0000000086400000| Untracked 
| 100|0x0000000086400000, 0x0000000086500000, 0x0000000086500000|100%| O|  |TAMS 0x0000000086500000, 0x0000000086500000| Untracked 
| 101|0x0000000086500000, 0x0000000086600000, 0x0000000086600000|100%| O|  |TAMS 0x0000000086600000, 0x0000000086600000| Untracked 
| 102|0x0000000086600000, 0x0000000086700000, 0x0000000086700000|100%| O|  |TAMS 0x0000000086700000, 0x0000000086700000| Untracked 
| 103|0x0000000086700000, 0x0000000086800000, 0x0000000086800000|100%| O|  |TAMS 0x0000000086800000, 0x0000000086800000| Untracked 
| 104|0x0000000086800000, 0x0000000086900000, 0x0000000086900000|100%| O|  |TAMS 0x0000000086900000, 0x0000000086900000| Untracked 
| 105|0x0000000086900000, 0x0000000086a00000, 0x0000000086a00000|100%| O|  |TAMS 0x0000000086a00000, 0x0000000086a00000| Untracked 
| 106|0x0000000086a00000, 0x0000000086b00000, 0x0000000086b00000|100%| O|  |TAMS 0x0000000086b00000, 0x0000000086b00000| Untracked 
| 107|0x0000000086b00000, 0x0000000086c00000, 0x0000000086c00000|100%| O|  |TAMS 0x0000000086c00000, 0x0000000086c00000| Untracked 
| 108|0x0000000086c00000, 0x0000000086d00000, 0x0000000086d00000|100%| O|  |TAMS 0x0000000086d00000, 0x0000000086d00000| Untracked 
| 109|0x0000000086d00000, 0x0000000086e00000, 0x0000000086e00000|100%|HS|  |TAMS 0x0000000086d00000, 0x0000000086d00000| Complete 
| 110|0x0000000086e00000, 0x0000000086f00000, 0x0000000086f00000|100%|HC|  |TAMS 0x0000000086e00000, 0x0000000086e00000| Complete 
| 111|0x0000000086f00000, 0x0000000086f00000, 0x0000000087000000|  0%| F|  |TAMS 0x0000000086f00000, 0x0000000086f00000| Untracked 
| 112|0x0000000087000000, 0x0000000087100000, 0x0000000087100000|100%| O|  |TAMS 0x0000000087100000, 0x0000000087100000| Untracked 
| 113|0x0000000087100000, 0x0000000087200000, 0x0000000087200000|100%| O|  |TAMS 0x0000000087200000, 0x0000000087200000| Untracked 
| 114|0x0000000087200000, 0x0000000087300000, 0x0000000087300000|100%| O|  |TAMS 0x0000000087300000, 0x0000000087300000| Untracked 
| 115|0x0000000087300000, 0x0000000087300000, 0x0000000087400000|  0%| F|  |TAMS 0x0000000087300000, 0x0000000087300000| Untracked 
| 116|0x0000000087400000, 0x0000000087500000, 0x0000000087500000|100%| O|  |TAMS 0x0000000087500000, 0x0000000087500000| Untracked 
| 117|0x0000000087500000, 0x0000000087500000, 0x0000000087600000|  0%| F|  |TAMS 0x0000000087500000, 0x0000000087500000| Untracked 
| 118|0x0000000087600000, 0x0000000087700000, 0x0000000087700000|100%| O|  |TAMS 0x0000000087700000, 0x0000000087700000| Untracked 
| 119|0x0000000087700000, 0x0000000087800000, 0x0000000087800000|100%| O|  |TAMS 0x0000000087800000, 0x0000000087800000| Untracked 
| 120|0x0000000087800000, 0x0000000087900000, 0x0000000087900000|100%| O|  |TAMS 0x0000000087900000, 0x0000000087900000| Untracked 
| 121|0x0000000087900000, 0x0000000087a00000, 0x0000000087a00000|100%| O|  |TAMS 0x0000000087a00000, 0x0000000087a00000| Untracked 
| 122|0x0000000087a00000, 0x0000000087b00000, 0x0000000087b00000|100%| O|  |TAMS 0x0000000087b00000, 0x0000000087b00000| Untracked 
| 123|0x0000000087b00000, 0x0000000087c00000, 0x0000000087c00000|100%| O|  |TAMS 0x0000000087c00000, 0x0000000087c00000| Untracked 
| 124|0x0000000087c00000, 0x0000000087d00000, 0x0000000087d00000|100%| O|  |TAMS 0x0000000087d00000, 0x0000000087d00000| Untracked 
| 125|0x0000000087d00000, 0x0000000087e00000, 0x0000000087e00000|100%| O|  |TAMS 0x0000000087d00000, 0x0000000087e00000| Untracked 
| 126|0x0000000087e00000, 0x0000000087f00000, 0x0000000087f00000|100%| O|  |TAMS 0x0000000087e00000, 0x0000000087f00000| Untracked 
| 127|0x0000000087f00000, 0x0000000088000000, 0x0000000088000000|100%| O|  |TAMS 0x0000000088000000, 0x0000000088000000| Untracked 
| 128|0x0000000088000000, 0x0000000088100000, 0x0000000088100000|100%| O|  |TAMS 0x0000000088100000, 0x0000000088100000| Untracked 
| 129|0x0000000088100000, 0x0000000088200000, 0x0000000088200000|100%| O|  |TAMS 0x0000000088200000, 0x0000000088200000| Untracked 
| 130|0x0000000088200000, 0x0000000088300000, 0x0000000088300000|100%| O|  |TAMS 0x0000000088300000, 0x0000000088300000| Untracked 
| 131|0x0000000088300000, 0x0000000088400000, 0x0000000088400000|100%| O|  |TAMS 0x0000000088400000, 0x0000000088400000| Untracked 
| 132|0x0000000088400000, 0x0000000088500000, 0x0000000088500000|100%| O|  |TAMS 0x0000000088500000, 0x0000000088500000| Untracked 
| 133|0x0000000088500000, 0x0000000088600000, 0x0000000088600000|100%| O|  |TAMS 0x0000000088534a00, 0x0000000088600000| Untracked 
| 134|0x0000000088600000, 0x0000000088700000, 0x0000000088700000|100%| O|  |TAMS 0x0000000088600000, 0x0000000088700000| Untracked 
| 135|0x0000000088700000, 0x0000000088800000, 0x0000000088800000|100%| O|  |TAMS 0x0000000088700000, 0x0000000088800000| Untracked 
| 136|0x0000000088800000, 0x0000000088900000, 0x0000000088900000|100%| O|  |TAMS 0x0000000088800000, 0x0000000088900000| Untracked 
| 137|0x0000000088900000, 0x0000000088a00000, 0x0000000088a00000|100%| O|  |TAMS 0x0000000088900000, 0x0000000088a00000| Untracked 
| 138|0x0000000088a00000, 0x0000000088b00000, 0x0000000088b00000|100%| O|  |TAMS 0x0000000088a00000, 0x0000000088b00000| Untracked 
| 139|0x0000000088b00000, 0x0000000088c00000, 0x0000000088c00000|100%| O|  |TAMS 0x0000000088b00000, 0x0000000088c00000| Untracked 
| 140|0x0000000088c00000, 0x0000000088d00000, 0x0000000088d00000|100%| O|  |TAMS 0x0000000088c00000, 0x0000000088d00000| Untracked 
| 141|0x0000000088d00000, 0x0000000088d00000, 0x0000000088e00000|  0%| F|  |TAMS 0x0000000088d00000, 0x0000000088d00000| Untracked 
| 142|0x0000000088e00000, 0x0000000088f00000, 0x0000000088f00000|100%| S|CS|TAMS 0x0000000088e00000, 0x0000000088e00000| Complete 
| 143|0x0000000088f00000, 0x0000000089000000, 0x0000000089000000|100%|HS|  |TAMS 0x0000000088f00000, 0x0000000088f00000| Complete 
| 144|0x0000000089000000, 0x0000000089100000, 0x0000000089100000|100%|HC|  |TAMS 0x0000000089000000, 0x0000000089000000| Complete 
| 145|0x0000000089100000, 0x0000000089200000, 0x0000000089200000|100%|HC|  |TAMS 0x0000000089100000, 0x0000000089100000| Complete 
| 146|0x0000000089200000, 0x0000000089300000, 0x0000000089300000|100%|HC|  |TAMS 0x0000000089200000, 0x0000000089200000| Complete 
| 147|0x0000000089300000, 0x0000000089306a38, 0x0000000089400000|  2%| E|  |TAMS 0x0000000089300000, 0x0000000089300000| Complete 
| 148|0x0000000089400000, 0x0000000089500000, 0x0000000089500000|100%| E|CS|TAMS 0x0000000089400000, 0x0000000089400000| Complete 
| 149|0x0000000089500000, 0x0000000089600000, 0x0000000089600000|100%| O|  |TAMS 0x0000000089500000, 0x0000000089600000| Untracked 
| 150|0x0000000089600000, 0x0000000089700000, 0x0000000089700000|100%| O|  |TAMS 0x0000000089600000, 0x0000000089700000| Untracked 
| 151|0x0000000089700000, 0x0000000089800000, 0x0000000089800000|100%|HS|  |TAMS 0x0000000089700000, 0x0000000089700000| Complete 
| 152|0x0000000089800000, 0x0000000089900000, 0x0000000089900000|100%|HC|  |TAMS 0x0000000089800000, 0x0000000089800000| Complete 
| 153|0x0000000089900000, 0x0000000089a00000, 0x0000000089a00000|100%|HS|  |TAMS 0x0000000089900000, 0x0000000089900000| Complete 
| 154|0x0000000089a00000, 0x0000000089b00000, 0x0000000089b00000|100%|HC|  |TAMS 0x0000000089a00000, 0x0000000089a00000| Complete 
| 155|0x0000000089b00000, 0x0000000089c00000, 0x0000000089c00000|100%|HC|  |TAMS 0x0000000089b00000, 0x0000000089b00000| Complete 

Card table byte_map: [0x000002063e350000,0x000002063e750000] _byte_map_base: 0x000002063df50000

Marking Bits (Prev, Next): (CMBitMap*) 0x000002062b4b0f58, (CMBitMap*) 0x000002062b4b0f90
 Prev Bits: [0x000002063eb50000, 0x0000020640b50000)
 Next Bits: [0x0000020640b50000, 0x0000020642b50000)

Polling page: 0x000002062ac40000

Metaspace:

Usage:
  Non-class:     98.97 MB capacity,    97.05 MB ( 98%) used,     1.60 MB (  2%) free+waste,   328.81 KB ( <1%) overhead. 
      Class:     15.15 MB capacity,    14.08 MB ( 93%) used,   949.36 KB (  6%) free+waste,   147.69 KB ( <1%) overhead. 
       Both:    114.12 MB capacity,   111.13 MB ( 97%) used,     2.53 MB (  2%) free+waste,   476.50 KB ( <1%) overhead. 

Virtual space:
  Non-class space:      100.00 MB reserved,      99.25 MB (>99%) committed 
      Class space:        1.00 GB reserved,      15.32 MB (  1%) committed 
             Both:        1.10 GB reserved,     114.57 MB ( 10%) committed 

Chunk freelists:
   Non-Class:  95.00 KB
       Class:  68.00 KB
        Both:  163.00 KB

MaxMetaspaceSize: 17179869184.00 GB
CompressedClassSpaceSize: 1.00 GB

CodeHeap 'non-profiled nmethods': size=120064Kb used=11434Kb max_used=11434Kb free=108629Kb
 bounds [0x0000020636a10000, 0x0000020637540000, 0x000002063df50000]
CodeHeap 'profiled nmethods': size=120000Kb used=35407Kb max_used=35407Kb free=84592Kb
 bounds [0x000002062f4e0000, 0x0000020631780000, 0x0000020636a10000]
CodeHeap 'non-nmethods': size=5696Kb used=2349Kb max_used=2398Kb free=3346Kb
 bounds [0x000002062ef50000, 0x000002062f1c0000, 0x000002062f4e0000]
 total_blobs=16307 nmethods=15333 adapters=885
 compilation: enabled
              stopped_count=0, restarted_count=0
 full_count=0

Compilation events (20 events):
Event: 1939.605 Thread 0x0000020645074800 15406 %     3       com.android.utils.XmlUtils::append @ 378 (647 bytes)
Event: 1939.610 Thread 0x0000020645074800 nmethod 15406% 0x0000020631766b10 code [0x0000020631767300, 0x000002063176b428]
Event: 1939.611 Thread 0x0000020645074800 15407       3       com.android.utils.XmlUtils::append (647 bytes)
Event: 1939.616 Thread 0x0000020645074800 nmethod 15407 0x000002063176cb10 code [0x000002063176d300, 0x0000020631770fe8]
Event: 1939.627 Thread 0x0000020645074800 15409       3       com.google.common.base.CharMatcher::countIn (39 bytes)
Event: 1939.628 Thread 0x0000020645074800 nmethod 15409 0x0000020631772510 code [0x0000020631772700, 0x0000020631772b68]
Event: 1939.643 Thread 0x00000206459d0000 nmethod 15402 0x000002063752a910 code [0x000002063752ab60, 0x000002063752bed8]
Event: 1939.643 Thread 0x00000206459d0000 15405       4       com.android.utils.XmlUtils::toXmlAttributeValue (89 bytes)
Event: 1939.646 Thread 0x0000020645074800 15412 %     3       java.lang.StringUTF16::lastIndexOf @ 17 (47 bytes)
Event: 1939.646 Thread 0x0000020645074800 nmethod 15412% 0x0000020631772c90 code [0x0000020631772e60, 0x00000206317731c8]
Event: 1939.646 Thread 0x0000020645074800 15413       3       java.lang.StringUTF16::lastIndexOf (47 bytes)
Event: 1939.647 Thread 0x0000020645074800 nmethod 15413 0x0000020631773310 code [0x00000206317734e0, 0x00000206317737e8]
Event: 1939.660 Thread 0x00000206459d0000 nmethod 15405 0x000002063752ce90 code [0x000002063752d060, 0x000002063752d698]
Event: 1939.660 Thread 0x00000206459d0000 15410       4       com.android.utils.XmlUtils::toXmlTextValue (65 bytes)
Event: 1939.668 Thread 0x00000206459d0000 nmethod 15410 0x000002063752d990 code [0x000002063752db20, 0x000002063752de38]
Event: 1939.668 Thread 0x00000206459d0000 15414       4       com.android.utils.XmlUtils::append (647 bytes)
Event: 1939.674 Thread 0x0000020645074800 15417       3       java.lang.StringUTF16::compress (59 bytes)
Event: 1939.675 Thread 0x0000020645074800 nmethod 15417 0x0000020631773910 code [0x0000020631773ae0, 0x0000020631773e28]
Event: 1939.846 Thread 0x000002064fd9a000 nmethod 15380 0x000002063752df90 code [0x000002063752e520, 0x0000020637533748]
Event: 1939.846 Thread 0x000002064fd9a000 15416       4       com.google.common.base.CharMatcher::countIn (39 bytes)

GC Heap History (20 events):
Event: 1936.421 GC heap before
{Heap before GC invocations=95 (full 0):
 garbage-first heap   total 152576K, used 133520K [0x0000000080000000, 0x0000000100000000)
  region size 1024K, 11 young (11264K), 2 survivors (2048K)
 Metaspace       used 111865K, capacity 114905K, committed 115020K, reserved 1148928K
  class space    used 14266K, capacity 15341K, committed 15436K, reserved 1048576K
}
Event: 1936.426 GC heap after
{Heap after GC invocations=96 (full 0):
 garbage-first heap   total 152576K, used 125145K [0x0000000080000000, 0x0000000100000000)
  region size 1024K, 2 young (2048K), 2 survivors (2048K)
 Metaspace       used 111865K, capacity 114905K, committed 115020K, reserved 1148928K
  class space    used 14266K, capacity 15341K, committed 15436K, reserved 1048576K
}
Event: 1936.738 GC heap before
{Heap before GC invocations=96 (full 0):
 garbage-first heap   total 152576K, used 133337K [0x0000000080000000, 0x0000000100000000)
  region size 1024K, 10 young (10240K), 2 survivors (2048K)
 Metaspace       used 112013K, capacity 115072K, committed 115276K, reserved 1148928K
  class space    used 14271K, capacity 15373K, committed 15436K, reserved 1048576K
}
Event: 1936.744 GC heap after
{Heap after GC invocations=97 (full 0):
 garbage-first heap   total 152576K, used 126394K [0x0000000080000000, 0x0000000100000000)
  region size 1024K, 2 young (2048K), 2 survivors (2048K)
 Metaspace       used 112013K, capacity 115072K, committed 115276K, reserved 1148928K
  class space    used 14271K, capacity 15373K, committed 15436K, reserved 1048576K
}
Event: 1937.420 GC heap before
{Heap before GC invocations=97 (full 0):
 garbage-first heap   total 152576K, used 132538K [0x0000000080000000, 0x0000000100000000)
  region size 1024K, 9 young (9216K), 2 survivors (2048K)
 Metaspace       used 112087K, capacity 115155K, committed 115276K, reserved 1148928K
  class space    used 14276K, capacity 15378K, committed 15436K, reserved 1048576K
}
Event: 1937.427 GC heap after
{Heap after GC invocations=98 (full 0):
 garbage-first heap   total 152576K, used 127985K [0x0000000080000000, 0x0000000100000000)
  region size 1024K, 2 young (2048K), 2 survivors (2048K)
 Metaspace       used 112087K, capacity 115155K, committed 115276K, reserved 1148928K
  class space    used 14276K, capacity 15378K, committed 15436K, reserved 1048576K
}
Event: 1937.610 GC heap before
{Heap before GC invocations=98 (full 0):
 garbage-first heap   total 152576K, used 132081K [0x0000000080000000, 0x0000000100000000)
  region size 1024K, 7 young (7168K), 2 survivors (2048K)
 Metaspace       used 112215K, capacity 115280K, committed 115532K, reserved 1148928K
  class space    used 14299K, capacity 15419K, committed 15436K, reserved 1048576K
}
Event: 1937.615 GC heap after
{Heap after GC invocations=99 (full 0):
 garbage-first heap   total 152576K, used 128504K [0x0000000080000000, 0x0000000100000000)
  region size 1024K, 1 young (1024K), 1 survivors (1024K)
 Metaspace       used 112215K, capacity 115280K, committed 115532K, reserved 1148928K
  class space    used 14299K, capacity 15419K, committed 15436K, reserved 1048576K
}
Event: 1938.183 GC heap before
{Heap before GC invocations=99 (full 0):
 garbage-first heap   total 152576K, used 136696K [0x0000000080000000, 0x0000000100000000)
  region size 1024K, 7 young (7168K), 1 survivors (1024K)
 Metaspace       used 112906K, capacity 116019K, committed 116172K, reserved 1150976K
  class space    used 14331K, capacity 15452K, committed 15564K, reserved 1048576K
}
Event: 1938.189 GC heap after
{Heap after GC invocations=100 (full 0):
 garbage-first heap   total 152576K, used 134020K [0x0000000080000000, 0x0000000100000000)
  region size 1024K, 1 young (1024K), 1 survivors (1024K)
 Metaspace       used 112906K, capacity 116019K, committed 116172K, reserved 1150976K
  class space    used 14331K, capacity 15452K, committed 15564K, reserved 1048576K
}
Event: 1938.423 GC heap before
{Heap before GC invocations=100 (full 0):
 garbage-first heap   total 152576K, used 140164K [0x0000000080000000, 0x0000000100000000)
  region size 1024K, 7 young (7168K), 1 survivors (1024K)
 Metaspace       used 113392K, capacity 116487K, committed 116684K, reserved 1150976K
  class space    used 14387K, capacity 15523K, committed 15564K, reserved 1048576K
}
Event: 1938.431 GC heap after
{Heap after GC invocations=101 (full 0):
 garbage-first heap   total 152576K, used 135378K [0x0000000080000000, 0x0000000100000000)
  region size 1024K, 1 young (1024K), 1 survivors (1024K)
 Metaspace       used 113392K, capacity 116487K, committed 116684K, reserved 1150976K
  class space    used 14387K, capacity 15523K, committed 15564K, reserved 1048576K
}
Event: 1938.516 GC heap before
{Heap before GC invocations=101 (full 0):
 garbage-first heap   total 152576K, used 141522K [0x0000000080000000, 0x0000000100000000)
  region size 1024K, 7 young (7168K), 1 survivors (1024K)
 Metaspace       used 113410K, capacity 116487K, committed 116684K, reserved 1150976K
  class space    used 14387K, capacity 15523K, committed 15564K, reserved 1048576K
}
Event: 1938.526 GC heap after
{Heap after GC invocations=102 (full 0):
 garbage-first heap   total 152576K, used 139688K [0x0000000080000000, 0x0000000100000000)
  region size 1024K, 1 young (1024K), 1 survivors (1024K)
 Metaspace       used 113410K, capacity 116487K, committed 116684K, reserved 1150976K
  class space    used 14387K, capacity 15523K, committed 15564K, reserved 1048576K
}
Event: 1939.014 GC heap before
{Heap before GC invocations=103 (full 0):
 garbage-first heap   total 152576K, used 145832K [0x0000000080000000, 0x0000000100000000)
  region size 1024K, 7 young (7168K), 1 survivors (1024K)
 Metaspace       used 113553K, capacity 116541K, committed 116812K, reserved 1150976K
  class space    used 14397K, capacity 15516K, committed 15692K, reserved 1048576K
}
Event: 1939.019 GC heap after
{Heap after GC invocations=104 (full 0):
 garbage-first heap   total 152576K, used 140903K [0x0000000080000000, 0x0000000100000000)
  region size 1024K, 1 young (1024K), 1 survivors (1024K)
 Metaspace       used 113553K, capacity 116541K, committed 116812K, reserved 1150976K
  class space    used 14397K, capacity 15516K, committed 15692K, reserved 1048576K
}
Event: 1939.414 GC heap before
{Heap before GC invocations=104 (full 0):
 garbage-first heap   total 152576K, used 147047K [0x0000000080000000, 0x0000000100000000)
  region size 1024K, 7 young (7168K), 1 survivors (1024K)
 Metaspace       used 113762K, capacity 116797K, committed 117068K, reserved 1150976K
  class space    used 14416K, capacity 15516K, committed 15692K, reserved 1048576K
}
Event: 1939.451 GC heap after
{Heap after GC invocations=105 (full 0):
 garbage-first heap   total 154624K, used 131367K [0x0000000080000000, 0x0000000100000000)
  region size 1024K, 1 young (1024K), 1 survivors (1024K)
 Metaspace       used 113762K, capacity 116797K, committed 117068K, reserved 1150976K
  class space    used 14416K, capacity 15516K, committed 15692K, reserved 1048576K
}
Event: 1939.581 GC heap before
{Heap before GC invocations=105 (full 0):
 garbage-first heap   total 154624K, used 136487K [0x0000000080000000, 0x0000000100000000)
  region size 1024K, 7 young (7168K), 1 survivors (1024K)
 Metaspace       used 113784K, capacity 116797K, committed 117068K, reserved 1150976K
  class space    used 14416K, capacity 15516K, committed 15692K, reserved 1048576K
}
Event: 1939.595 GC heap after
{Heap after GC invocations=106 (full 0):
 garbage-first heap   total 154624K, used 137092K [0x0000000080000000, 0x0000000100000000)
  region size 1024K, 1 young (1024K), 1 survivors (1024K)
 Metaspace       used 113784K, capacity 116797K, committed 117068K, reserved 1150976K
  class space    used 14416K, capacity 15516K, committed 15692K, reserved 1048576K
}

Deoptimization events (20 events):
Event: 1939.388 Thread 0x000002064b453000 DEOPT PACKING pc=0x00000206374f32a8 sp=0x0000003b029fa710
Event: 1939.388 Thread 0x000002064b453000 DEOPT UNPACKING pc=0x000002062ef778af sp=0x0000003b029fa6f0 mode 2
Event: 1939.489 Thread 0x000002064b453000 Uncommon trap: trap_request=0xffffff7e fr.pc=0x00000206374f15c4 relative=0x0000000000000404
Event: 1939.489 Thread 0x000002064b453000 Uncommon trap: reason=predicate action=maybe_recompile pc=0x00000206374f15c4 method=org.apache.xerces.dom.NamedNodeMapImpl.findNamePoint(Ljava/lang/String;Ljava/lang/String;)I @ 126 c2
Event: 1939.489 Thread 0x000002064b453000 DEOPT PACKING pc=0x00000206374f15c4 sp=0x0000003b029fa700
Event: 1939.489 Thread 0x000002064b453000 DEOPT UNPACKING pc=0x000002062ef778af sp=0x0000003b029fa6a0 mode 2
Event: 1939.569 Thread 0x000002064b453000 DEOPT PACKING pc=0x000002063175a678 sp=0x0000003b029f9e80
Event: 1939.569 Thread 0x000002064b453000 DEOPT UNPACKING pc=0x000002062ef776ce sp=0x0000003b029f93b0 mode 0
Event: 1939.574 Thread 0x000002064b453000 DEOPT PACKING pc=0x000002063175fdd0 sp=0x0000003b029f9e80
Event: 1939.574 Thread 0x000002064b453000 DEOPT UNPACKING pc=0x000002062ef776ce sp=0x0000003b029f93b0 mode 0
Event: 1939.616 Thread 0x000002064b453000 DEOPT PACKING pc=0x000002063175c5c1 sp=0x0000003b029fa120
Event: 1939.616 Thread 0x000002064b453000 DEOPT UNPACKING pc=0x000002062ef776ce sp=0x0000003b029f96c0 mode 0
Event: 1939.647 Thread 0x000002064b453000 DEOPT PACKING pc=0x000002063176695e sp=0x0000003b029f9e60
Event: 1939.647 Thread 0x000002064b453000 DEOPT UNPACKING pc=0x000002062ef776ce sp=0x0000003b029f92f8 mode 0
Event: 1939.675 Thread 0x000002064b453000 DEOPT PACKING pc=0x0000020631755638 sp=0x0000003b029fa790
Event: 1939.675 Thread 0x000002064b453000 DEOPT UNPACKING pc=0x000002062ef776ce sp=0x0000003b029f9c50 mode 0
Event: 1939.682 Thread 0x000002064846f800 Uncommon trap: trap_request=0xffffff4d fr.pc=0x0000020636fd3760 relative=0x0000000000000260
Event: 1939.682 Thread 0x000002064846f800 Uncommon trap: reason=unstable_if action=reinterpret pc=0x0000020636fd3760 method=org.gradle.internal.file.DefaultFileHierarchySet$Node.isChildOfOrThis(Ljava/lang/String;I)Z @ 35 c2
Event: 1939.682 Thread 0x000002064846f800 DEOPT PACKING pc=0x0000020636fd3760 sp=0x0000003b016feb80
Event: 1939.682 Thread 0x000002064846f800 DEOPT UNPACKING pc=0x000002062ef778af sp=0x0000003b016feb20 mode 2

Classes redefined (0 events):
No events

Internal exceptions (20 events):
Event: 693.807 Thread 0x000002064b44e000 Exception <a 'java/lang/ClassNotFoundException'{0x0000000088cef448}: org/gradle/api/internal/tasks/DefaultTaskContainerCustomizer> (0x0000000088cef448) thrown at [./src/hotspot/share/classfile/systemDictionary.cpp, line 231]
Event: 693.808 Thread 0x000002064b44e000 Exception <a 'java/lang/ClassNotFoundException'{0x0000000088b517f0}: org/gradle/api/internal/tasks/DefaultTaskContainer_DecoratedCustomizer> (0x0000000088b517f0) thrown at [./src/hotspot/share/classfile/systemDictionary.cpp, line 231]
Event: 693.855 Thread 0x000002064b44e000 Exception <a 'java/lang/ClassNotFoundException'{0x0000000088a5ab78}: org/gradle/api/tasks/SourceSetBeanInfo> (0x0000000088a5ab78) thrown at [./src/hotspot/share/classfile/systemDictionary.cpp, line 231]
Event: 693.855 Thread 0x000002064b44e000 Exception <a 'java/lang/ClassNotFoundException'{0x0000000088a77da8}: org/gradle/api/tasks/SourceSetCustomizer> (0x0000000088a77da8) thrown at [./src/hotspot/share/classfile/systemDictionary.cpp, line 231]
Event: 693.860 Thread 0x000002064b44e000 Exception <a 'java/lang/ClassNotFoundException'{0x0000000088af3238}: java/util/LinkedHashMapBeanInfo> (0x0000000088af3238) thrown at [./src/hotspot/share/classfile/systemDictionary.cpp, line 231]
Event: 693.860 Thread 0x000002064b44e000 Exception <a 'java/lang/ClassNotFoundException'{0x0000000088afc768}: java/util/HashMapBeanInfo> (0x0000000088afc768) thrown at [./src/hotspot/share/classfile/systemDictionary.cpp, line 231]
Event: 693.864 Thread 0x000002064b44e000 Exception <a 'java/lang/ClassNotFoundException'{0x00000000894066c8}: java/util/AbstractMapBeanInfo> (0x00000000894066c8) thrown at [./src/hotspot/share/classfile/systemDictionary.cpp, line 231]
Event: 693.865 Thread 0x000002064b44e000 Exception <a 'java/lang/ClassNotFoundException'{0x0000000089410238}: java/util/AbstractMapCustomizer> (0x0000000089410238) thrown at [./src/hotspot/share/classfile/systemDictionary.cpp, line 231]
Event: 693.865 Thread 0x000002064b44e000 Exception <a 'java/lang/ClassNotFoundException'{0x0000000089423770}: java/util/HashMapCustomizer> (0x0000000089423770) thrown at [./src/hotspot/share/classfile/systemDictionary.cpp, line 231]
Event: 693.866 Thread 0x000002064b44e000 Exception <a 'java/lang/ClassNotFoundException'{0x0000000089444320}: java/util/LinkedHashMapCustomizer> (0x0000000089444320) thrown at [./src/hotspot/share/classfile/systemDictionary.cpp, line 231]
Event: 694.182 Thread 0x000002064b44f800 Exception <a 'java/lang/NoSuchMethodError'{0x0000000088b78c58}: <clinit>> (0x0000000088b78c58) thrown at [./src/hotspot/share/prims/jni.cpp, line 1362]
Event: 694.184 Thread 0x000002064b44f800 Exception <a 'java/lang/NoSuchMethodError'{0x0000000088bc5c90}: <clinit>> (0x0000000088bc5c90) thrown at [./src/hotspot/share/prims/jni.cpp, line 1362]
Event: 694.185 Thread 0x000002064b44f800 Exception <a 'java/lang/NoSuchMethodError'{0x0000000088bd5bd8}: <clinit>> (0x0000000088bd5bd8) thrown at [./src/hotspot/share/prims/jni.cpp, line 1362]
Event: 1936.370 Thread 0x000002064848f800 Exception <a 'sun/nio/fs/WindowsException'{0x0000000088eab140}> (0x0000000088eab140) thrown at [./src/hotspot/share/prims/jni.cpp, line 615]
Event: 1936.594 Thread 0x000002064848f800 Exception <a 'sun/nio/fs/WindowsException'{0x0000000088e5d448}> (0x0000000088e5d448) thrown at [./src/hotspot/share/prims/jni.cpp, line 615]
Event: 1936.639 Thread 0x000002064848f800 Exception <a 'sun/nio/fs/WindowsException'{0x0000000088efaf88}> (0x0000000088efaf88) thrown at [./src/hotspot/share/prims/jni.cpp, line 615]
Event: 1936.640 Thread 0x000002064848f800 Exception <a 'sun/nio/fs/WindowsException'{0x0000000088efc068}> (0x0000000088efc068) thrown at [./src/hotspot/share/prims/jni.cpp, line 615]
Event: 1936.640 Thread 0x000002064848f800 Exception <a 'sun/nio/fs/WindowsException'{0x0000000088efd198}> (0x0000000088efd198) thrown at [./src/hotspot/share/prims/jni.cpp, line 615]
Event: 1936.640 Thread 0x000002064848f800 Exception <a 'sun/nio/fs/WindowsException'{0x0000000088efe2c8}> (0x0000000088efe2c8) thrown at [./src/hotspot/share/prims/jni.cpp, line 615]
Event: 1939.380 Thread 0x000002064b453000 Implicit null exception at 0x0000020636bb9da7 to 0x0000020636bb9f28

Events (20 events):
Event: 1939.344 loading class com/google/common/cache/LocalCache$AbstractCacheSet
Event: 1939.344 loading class com/google/common/cache/LocalCache$AbstractCacheSet done
Event: 1939.375 loading class com/google/common/cache/LocalCache$EntryIterator
Event: 1939.375 loading class com/google/common/cache/LocalCache$EntryIterator done
Event: 1939.375 loading class com/google/common/cache/LocalCache$HashIterator
Event: 1939.375 loading class com/google/common/cache/LocalCache$HashIterator done
Event: 1939.376 loading class com/google/common/cache/LocalCache$WriteThroughEntry
Event: 1939.376 loading class com/google/common/cache/LocalCache$WriteThroughEntry done
Event: 1939.414 Executing VM operation: G1CollectForAllocation
Event: 1939.451 Executing VM operation: G1CollectForAllocation done
Event: 1939.557 loading class com/android/utils/XmlUtils$PositionAwareStringBuilder
Event: 1939.557 loading class com/android/utils/XmlUtils$PositionAwareStringBuilder done
Event: 1939.581 Executing VM operation: G1CollectForAllocation
Event: 1939.595 Executing VM operation: G1CollectForAllocation done
Event: 1939.678 loading class com/google/common/io/FileWriteMode
Event: 1939.678 loading class com/google/common/io/FileWriteMode done
Event: 1939.679 loading class com/google/common/io/CharSink
Event: 1939.679 loading class com/google/common/io/CharSink done
Event: 1939.680 loading class com/google/common/io/ByteSink$AsCharSink
Event: 1939.680 loading class com/google/common/io/ByteSink$AsCharSink done


Dynamic libraries:
0x00007ff7371a0000 - 0x00007ff7371aa000 	C:\Program Files\Android\Android Studio1\jre\bin\java.exe
0x00007ffa1bfa0000 - 0x00007ffa1c190000 	C:\WINDOWS\SYSTEM32\ntdll.dll
0x00007ffa1b3e0000 - 0x00007ffa1b492000 	C:\WINDOWS\System32\KERNEL32.DLL
0x00007ffa19020000 - 0x00007ffa192c4000 	C:\WINDOWS\System32\KERNELBASE.dll
0x00007ffa19f20000 - 0x00007ffa1a01a000 	C:\WINDOWS\System32\ucrtbase.dll
0x00007ffa0b060000 - 0x00007ffa0b077000 	C:\Program Files\Android\Android Studio1\jre\bin\VCRUNTIME140.dll
0x00007ff9fdc70000 - 0x00007ff9fdc89000 	C:\Program Files\Android\Android Studio1\jre\bin\jli.dll
0x00007ffa1bb50000 - 0x00007ffa1bce4000 	C:\WINDOWS\System32\USER32.dll
0x00007ffa1a020000 - 0x00007ffa1a041000 	C:\WINDOWS\System32\win32u.dll
0x00007ffa05400000 - 0x00007ffa05684000 	C:\WINDOWS\WinSxS\amd64_microsoft.windows.common-controls_6595b64144ccf1df_6.0.18362.959_none_e6c7bbbf130c62bb\COMCTL32.dll
0x00007ffa1b840000 - 0x00007ffa1b866000 	C:\WINDOWS\System32\GDI32.dll
0x00007ffa1a100000 - 0x00007ffa1a19e000 	C:\WINDOWS\System32\msvcrt.dll
0x00007ffa19d80000 - 0x00007ffa19f16000 	C:\WINDOWS\System32\gdi32full.dll
0x00007ffa1a280000 - 0x00007ffa1a5b5000 	C:\WINDOWS\System32\combase.dll
0x00007ffa19420000 - 0x00007ffa194be000 	C:\WINDOWS\System32\msvcp_win.dll
0x00007ffa1b870000 - 0x00007ffa1b990000 	C:\WINDOWS\System32\RPCRT4.dll
0x00007ffa19d00000 - 0x00007ffa19d80000 	C:\WINDOWS\System32\bcryptPrimitives.dll
0x00007ffa1a050000 - 0x00007ffa1a07e000 	C:\WINDOWS\System32\IMM32.DLL
0x00007ff9f1d70000 - 0x00007ff9f1e0d000 	C:\Program Files\Android\Android Studio1\jre\bin\msvcp140.dll
0x00007ff9b1540000 - 0x00007ff9b200f000 	C:\Program Files\Android\Android Studio1\jre\bin\server\jvm.dll
0x00007ffa1b4a0000 - 0x00007ffa1b543000 	C:\WINDOWS\System32\ADVAPI32.dll
0x00007ffa1b7a0000 - 0x00007ffa1b837000 	C:\WINDOWS\System32\sechost.dll
0x00007ffa1a1a0000 - 0x00007ffa1a1a8000 	C:\WINDOWS\System32\PSAPI.DLL
0x00007ffa08f20000 - 0x00007ffa08f29000 	C:\WINDOWS\SYSTEM32\WSOCK32.dll
0x00007ffa1b9a0000 - 0x00007ffa1ba0f000 	C:\WINDOWS\System32\WS2_32.dll
0x00007ffa154b0000 - 0x00007ffa154d4000 	C:\WINDOWS\SYSTEM32\WINMM.dll
0x00007ffa0ff60000 - 0x00007ffa0ff6a000 	C:\WINDOWS\SYSTEM32\VERSION.dll
0x00007ffa15480000 - 0x00007ffa154ad000 	C:\WINDOWS\SYSTEM32\winmmbase.dll
0x00007ffa18fd0000 - 0x00007ffa1901a000 	C:\WINDOWS\System32\cfgmgr32.dll
0x00007ffa18eb0000 - 0x00007ffa18ec1000 	C:\WINDOWS\System32\kernel.appcore.dll
0x00007ff9fc7a0000 - 0x00007ff9fc7b1000 	C:\Program Files\Android\Android Studio1\jre\bin\verify.dll
0x00007ffa015e0000 - 0x00007ffa017d4000 	C:\WINDOWS\SYSTEM32\DBGHELP.DLL
0x00007ffa015b0000 - 0x00007ffa015da000 	C:\WINDOWS\SYSTEM32\dbgcore.DLL
0x00007ff9f94c0000 - 0x00007ff9f94e9000 	C:\Program Files\Android\Android Studio1\jre\bin\java.dll
0x00007ffa08630000 - 0x00007ffa0863b000 	C:\Program Files\Android\Android Studio1\jre\bin\jimage.dll
0x00007ff9fc530000 - 0x00007ff9fc548000 	C:\Program Files\Android\Android Studio1\jre\bin\zip.dll
0x00007ffa1a880000 - 0x00007ffa1af66000 	C:\WINDOWS\System32\SHELL32.dll
0x00007ffa1a7d0000 - 0x00007ffa1a879000 	C:\WINDOWS\System32\shcore.dll
0x00007ffa19570000 - 0x00007ffa19cf2000 	C:\WINDOWS\System32\windows.storage.dll
0x00007ffa18ed0000 - 0x00007ffa18ef3000 	C:\WINDOWS\System32\profapi.dll
0x00007ffa18e60000 - 0x00007ffa18eaa000 	C:\WINDOWS\System32\powrprof.dll
0x00007ffa18e50000 - 0x00007ffa18e60000 	C:\WINDOWS\System32\UMPDC.dll
0x00007ffa1bdc0000 - 0x00007ffa1be12000 	C:\WINDOWS\System32\shlwapi.dll
0x00007ffa18fb0000 - 0x00007ffa18fc7000 	C:\WINDOWS\System32\cryptsp.dll
0x00007ff9f94a0000 - 0x00007ff9f94ba000 	C:\Program Files\Android\Android Studio1\jre\bin\net.dll
0x00007ffa0b2e0000 - 0x00007ffa0b3d0000 	C:\WINDOWS\SYSTEM32\WINHTTP.dll
0x00007ffa18660000 - 0x00007ffa186c7000 	C:\WINDOWS\system32\mswsock.dll
0x00007ff9f8a80000 - 0x00007ff9f8a94000 	C:\Program Files\Android\Android Studio1\jre\bin\nio.dll
0x00007ffa0a530000 - 0x00007ffa0a557000 	C:\Users\Somesh\.gradle\native\8bec1ad78214c89d9ad589b4d07fe93259594b29d510b10fafb7a158f7737e5d\windows-amd64\native-platform.dll
0x00007ffa08480000 - 0x00007ffa085bd000 	C:\Users\Somesh\.gradle\native\53dbd7edfb1c66fb8903c78663c9afc45aea4f116125fa6feffd364cf09443e8\windows-amd64\native-platform-file-events.dll
0x00007ffa07a20000 - 0x00007ffa07a2a000 	C:\Program Files\Android\Android Studio1\jre\bin\management.dll
0x00007ffa07020000 - 0x00007ffa0702c000 	C:\Program Files\Android\Android Studio1\jre\bin\management_ext.dll
0x00007ffa181d0000 - 0x00007ffa18203000 	C:\WINDOWS\system32\rsaenh.dll
0x00007ffa18f20000 - 0x00007ffa18f46000 	C:\WINDOWS\System32\bcrypt.dll
0x00007ffa18d70000 - 0x00007ffa18d95000 	C:\WINDOWS\SYSTEM32\USERENV.dll
0x00007ffa18830000 - 0x00007ffa1883c000 	C:\WINDOWS\SYSTEM32\CRYPTBASE.dll
0x00007ffa18370000 - 0x00007ffa183aa000 	C:\WINDOWS\SYSTEM32\IPHLPAPI.DLL
0x00007ffa1b990000 - 0x00007ffa1b998000 	C:\WINDOWS\System32\NSI.dll
0x00007ffa0f290000 - 0x00007ffa0f2a6000 	C:\WINDOWS\SYSTEM32\dhcpcsvc6.DLL
0x00007ffa0fe90000 - 0x00007ffa0feac000 	C:\WINDOWS\SYSTEM32\dhcpcsvc.DLL
0x00007ffa183b0000 - 0x00007ffa1847b000 	C:\WINDOWS\SYSTEM32\DNSAPI.dll
0x00007ffa121b0000 - 0x00007ffa121d7000 	C:\Program Files\Android\Android Studio1\jre\bin\sunec.dll
0x00007ffa12a40000 - 0x00007ffa12a4a000 	C:\Windows\System32\rasadhlp.dll
0x00007ffa0f190000 - 0x00007ffa0f207000 	C:\WINDOWS\System32\fwpuclnt.dll

dbghelp: loaded successfully - version: 4.0.5 - missing functions: none
symbol engine: initialized successfully - sym options: 0x614 - pdb path: .;C:\Program Files\Android\Android Studio1\jre\bin;C:\WINDOWS\SYSTEM32;C:\WINDOWS\WinSxS\amd64_microsoft.windows.common-controls_6595b64144ccf1df_6.0.18362.959_none_e6c7bbbf130c62bb;C:\Program Files\Android\Android Studio1\jre\bin\server;C:\Users\Somesh\.gradle\native\8bec1ad78214c89d9ad589b4d07fe93259594b29d510b10fafb7a158f7737e5d\windows-amd64;C:\Users\Somesh\.gradle\native\53dbd7edfb1c66fb8903c78663c9afc45aea4f116125fa6feffd364cf09443e8\windows-amd64

VM Arguments:
jvm_args: --add-opens=java.base/java.util=ALL-UNNAMED --add-opens=java.base/java.lang=ALL-UNNAMED --add-opens=java.base/java.lang.invoke=ALL-UNNAMED --add-opens=java.base/java.util=ALL-UNNAMED --add-opens=java.prefs/java.util.prefs=ALL-UNNAMED --add-opens=java.prefs/java.util.prefs=ALL-UNNAMED --add-opens=java.base/java.nio.charset=ALL-UNNAMED --add-opens=java.base/java.net=ALL-UNNAMED --add-opens=java.base/java.util.concurrent.atomic=ALL-UNNAMED -Xmx2048m -Dfile.encoding=UTF-8 -Duser.country=IN -Duser.language=en -Duser.variant 
java_command: org.gradle.launcher.daemon.bootstrap.GradleDaemon 7.0.2
java_class_path (initial): C:\Users\Somesh\.gradle\wrapper\dists\gradle-7.0.2-bin\857tjihv64xamwrf0h14cai3r\gradle-7.0.2\lib\gradle-launcher-7.0.2.jar
Launcher Type: SUN_STANDARD

[Global flags]
     intx CICompilerCount                          = 3                                         {product} {ergonomic}
     uint ConcGCThreads                            = 1                                         {product} {ergonomic}
     uint G1ConcRefinementThreads                  = 4                                         {product} {ergonomic}
   size_t G1HeapRegionSize                         = 1048576                                   {product} {ergonomic}
    uintx GCDrainStackTargetSize                   = 64                                        {product} {ergonomic}
   size_t InitialHeapSize                          = 130023424                                 {product} {ergonomic}
   size_t MarkStackSize                            = 4194304                                   {product} {ergonomic}
   size_t MaxHeapSize                              = 2147483648                                {product} {command line}
   size_t MaxNewSize                               = 1287651328                                {product} {ergonomic}
   size_t MinHeapDeltaBytes                        = 1048576                                   {product} {ergonomic}
    uintx NonNMethodCodeHeapSize                   = 5830732                                {pd product} {ergonomic}
    uintx NonProfiledCodeHeapSize                  = 122913754                              {pd product} {ergonomic}
    uintx ProfiledCodeHeapSize                     = 122913754                              {pd product} {ergonomic}
    uintx ReservedCodeCacheSize                    = 251658240                              {pd product} {ergonomic}
     bool SegmentedCodeCache                       = true                                      {product} {ergonomic}
     bool UseCompressedClassPointers               = true                                 {lp64_product} {ergonomic}
     bool UseCompressedOops                        = true                                 {lp64_product} {ergonomic}
     bool UseG1GC                                  = true                                      {product} {ergonomic}
     bool UseLargePagesIndividualAllocation        = false                                  {pd product} {ergonomic}

Logging:
Log output configuration:
 #0: stdout all=warning uptime,level,tags
 #1: stderr all=off uptime,level,tags

Environment Variables:
JAVA_HOME=C:\Program Files\Java\jdk-16.0.2
PATH=C:\Program Files\Common Files\Oracle\Java\javapath;C:\Program Files (x86)\Common Files\Intel\Shared Libraries\redist\intel64\compiler;C:\WINDOWS\system32;C:\WINDOWS;C:\WINDOWS\System32\Wbem;C:\WINDOWS\System32\WindowsPowerShell\v1.0\;C:\WINDOWS\System32\OpenSSH\;C:\Program Files (x86)\Brackets\command;C:\Program Files\Java\jdk-16.0.2\bin;C:\Users\Somesh\AppData\Local\Programs\Python\Python37\Scripts\;C:\Users\Somesh\AppData\Local\Programs\Python\Python37\;C:\Python27;C:\Python27\DLLs;C:\Python27\Scripts;C:\Users\Somesh\AppData\Local\Microsoft\WindowsApps;C:\Users\Somesh\AppData\Local\Programs\Git\cmd;C:\Users\Somesh\AppData\Local\Programs\Microsoft VS Code\bin
USERNAME=Somesh
OS=Windows_NT
PROCESSOR_IDENTIFIER=Intel64 Family 6 Model 142 Stepping 9, GenuineIntel



---------------  S Y S T E M  ---------------

OS: Windows 10 , 64 bit Build 18362 (10.0.18362.959)
OS uptime: 11 days 18:20 hours

CPU:total 4 (initial active 4) (2 cores per cpu, 2 threads per core) family 6 model 142 stepping 9 microcode 0xb4, cmov, cx8, fxsr, mmx, sse, sse2, sse3, ssse3, sse4.1, sse4.2, popcnt, avx, avx2, aes, clmul, erms, 3dnowpref, lzcnt, ht, tsc, tscinvbit, bmi1, bmi2, adx, fma

Memory: 4k page, system-wide physical 7899M (462M free)
TotalPageFile size 9785M (AvailPageFile size 12M)
current process WorkingSet (physical memory assigned to process): 423M, peak: 429M
current process commit charge ("private bytes"): 499M, peak: 507M

vm_info: OpenJDK 64-Bit Server VM (11.0.10+0-b96-7249189) for windows-amd64 JRE (11.0.10+0-b96-7249189), built on Mar 31 2021 21:44:00 by "builder" with MS VC++ 14.0 (VS2015)

END.
