#
# There is insufficient memory for the Java Runtime Environment to continue.
# Native memory allocation (malloc) failed to allocate 897136 bytes for Chunk::new
# Possible reasons:
#   The system is out of physical RAM or swap space
#   The process is running with CompressedOops enabled, and the Java Heap may be blocking the growth of the native heap
# Possible solutions:
#   Reduce memory load on the system
#   Increase physical memory or swap space
#   Check if swap backing store is full
#   Decrease Java heap size (-Xmx/-Xms)
#   Decrease number of Java threads
#   Decrease Java thread stack sizes (-Xss)
#   Set larger code cache with -XX:ReservedCodeCacheSize=
#   JVM is running with Unscaled Compressed Oops mode in which the Java heap is
#     placed in the first 4GB address space. The Java Heap base address is the
#     maximum limit for the native heap growth. Please use -XX:HeapBaseMinAddress
#     to set the Java Heap base and to place the Java Heap above 4GB virtual address.
# This output file may be truncated or incomplete.
#
#  Out of Memory Error (./src/hotspot/share/memory/arena.cpp:197), pid=8004, tid=7136
#
# JRE version: OpenJDK Runtime Environment (11.0.10) (build 11.0.10+0-b96-7249189)
# Java VM: OpenJDK 64-Bit Server VM (11.0.10+0-b96-7249189, mixed mode, tiered, compressed oops, g1 gc, windows-amd64)
# No core dump will be written. Minidumps are not enabled by default on client versions of Windows
#

---------------  S U M M A R Y ------------

Command Line: --add-opens=java.base/java.util=ALL-UNNAMED --add-opens=java.base/java.lang=ALL-UNNAMED --add-opens=java.base/java.lang.invoke=ALL-UNNAMED --add-opens=java.base/java.util=ALL-UNNAMED --add-opens=java.prefs/java.util.prefs=ALL-UNNAMED --add-opens=java.prefs/java.util.prefs=ALL-UNNAMED --add-opens=java.base/java.nio.charset=ALL-UNNAMED --add-opens=java.base/java.net=ALL-UNNAMED --add-opens=java.base/java.util.concurrent.atomic=ALL-UNNAMED -Xmx2048m -Dfile.encoding=UTF-8 -Duser.country=IN -Duser.language=en -Duser.variant org.gradle.launcher.daemon.bootstrap.GradleDaemon 7.0.2

Host: Intel(R) Core(TM) i5-7200U CPU @ 2.50GHz, 4 cores, 7G,  Windows 10 , 64 bit Build 18362 (10.0.18362.959)
Time: Fri Oct  1 13:46:26 2021 India Standard Time elapsed time: 29.137486 seconds (0d 0h 0m 29s)

---------------  T H R E A D  ---------------

Current thread (0x000001be43988000):  JavaThread "C2 CompilerThread0" daemon [_thread_in_native, id=7136, stack(0x0000005b12800000,0x0000005b12900000)]


Current CompileTask:
C2:  29137 10369       4       java.net.URLClassLoader$1::run (5 bytes)

Stack: [0x0000005b12800000,0x0000005b12900000]
Native frames: (J=compiled Java code, j=interpreted, Vv=VM code, C=native code)
V  [jvm.dll+0x5ecfaa]
V  [jvm.dll+0x722bd5]
V  [jvm.dll+0x72412d]
V  [jvm.dll+0x7247e3]
V  [jvm.dll+0x242928]
V  [jvm.dll+0xbc4fc]
V  [jvm.dll+0xbca0c]
V  [jvm.dll+0x2b4fd4]
V  [jvm.dll+0x506028]
V  [jvm.dll+0x203253]
V  [jvm.dll+0x1fd07c]
V  [jvm.dll+0x1fa77f]
V  [jvm.dll+0x18354c]
V  [jvm.dll+0x208ee7]
V  [jvm.dll+0x207731]
V  [jvm.dll+0x6eb1cf]
V  [jvm.dll+0x6e3d45]
V  [jvm.dll+0x5ebe96]
C  [ucrtbase.dll+0x20e82]
C  [KERNEL32.DLL+0x17bd4]
C  [ntdll.dll+0x6ce51]


---------------  P R O C E S S  ---------------

Threads class SMR info:
_java_thread_list=0x000001be4472f400, length=51, elements={
0x000001be27e2e800, 0x000001be43965000, 0x000001be43968000, 0x000001be442e2800,
0x000001be442e3800, 0x000001be43983000, 0x000001be43988000, 0x000001be4398c000,
0x000001be44341800, 0x000001be4443e800, 0x000001be45d7b000, 0x000001be453e3000,
0x000001be46ecc800, 0x000001be46ecb800, 0x000001be46413800, 0x000001be45743800,
0x000001be46d38800, 0x000001be457e5000, 0x000001be46c70000, 0x000001be46d75800,
0x000001be46d76800, 0x000001be46d75000, 0x000001be46d77000, 0x000001be446d8800,
0x000001be446d6000, 0x000001be446d7800, 0x000001be446d9000, 0x000001be446d3800,
0x000001be446da000, 0x000001be446d4800, 0x000001be45e33000, 0x000001be45e31800,
0x000001be45e2d800, 0x000001be45e32000, 0x000001be45e2f000, 0x000001be45e36800,
0x000001be45e30800, 0x000001be45e3a800, 0x000001be45e39800, 0x000001be45e37000,
0x000001be45e38000, 0x000001be45e35800, 0x000001be4b2be000, 0x000001be4b2bb800,
0x000001be4b2c0800, 0x000001be4b2c0000, 0x000001be4b2bb000, 0x000001be4b2bf000,
0x000001be4b2c2800, 0x000001be4b2bd800, 0x000001be4b2bc800
}

Java Threads: ( => current thread )
  0x000001be27e2e800 JavaThread "main" [_thread_blocked, id=14588, stack(0x0000005b11c00000,0x0000005b11d00000)]
  0x000001be43965000 JavaThread "Reference Handler" daemon [_thread_blocked, id=3372, stack(0x0000005b12300000,0x0000005b12400000)]
  0x000001be43968000 JavaThread "Finalizer" daemon [_thread_blocked, id=12132, stack(0x0000005b12400000,0x0000005b12500000)]
  0x000001be442e2800 JavaThread "Signal Dispatcher" daemon [_thread_blocked, id=8380, stack(0x0000005b12500000,0x0000005b12600000)]
  0x000001be442e3800 JavaThread "Attach Listener" daemon [_thread_blocked, id=5684, stack(0x0000005b12600000,0x0000005b12700000)]
  0x000001be43983000 JavaThread "Service Thread" daemon [_thread_blocked, id=8108, stack(0x0000005b12700000,0x0000005b12800000)]
=>0x000001be43988000 JavaThread "C2 CompilerThread0" daemon [_thread_in_native, id=7136, stack(0x0000005b12800000,0x0000005b12900000)]
  0x000001be4398c000 JavaThread "C1 CompilerThread0" daemon [_thread_blocked, id=9340, stack(0x0000005b12900000,0x0000005b12a00000)]
  0x000001be44341800 JavaThread "Sweeper thread" daemon [_thread_blocked, id=5736, stack(0x0000005b12a00000,0x0000005b12b00000)]
  0x000001be4443e800 JavaThread "Common-Cleaner" daemon [_thread_blocked, id=8684, stack(0x0000005b12b00000,0x0000005b12c00000)]
  0x000001be45d7b000 JavaThread "Daemon health stats" [_thread_blocked, id=1784, stack(0x0000005b12f00000,0x0000005b13000000)]
  0x000001be453e3000 JavaThread "Incoming local TCP Connector on port 57266" [_thread_in_native, id=13100, stack(0x0000005b12d00000,0x0000005b12e00000)]
  0x000001be46ecc800 JavaThread "Daemon periodic checks" [_thread_blocked, id=6460, stack(0x0000005b13000000,0x0000005b13100000)]
  0x000001be46ecb800 JavaThread "Daemon" [_thread_blocked, id=6220, stack(0x0000005b13100000,0x0000005b13200000)]
  0x000001be46413800 JavaThread "Handler for socket connection from /127.0.0.1:57266 to /127.0.0.1:57267" [_thread_in_native, id=13652, stack(0x0000005b13200000,0x0000005b13300000)]
  0x000001be45743800 JavaThread "Cancel handler" [_thread_blocked, id=14260, stack(0x0000005b13300000,0x0000005b13400000)]
  0x000001be46d38800 JavaThread "Daemon worker" [_thread_blocked, id=8236, stack(0x0000005b13400000,0x0000005b13500000)]
  0x000001be457e5000 JavaThread "Asynchronous log dispatcher for DefaultDaemonConnection: socket connection from /127.0.0.1:57266 to /127.0.0.1:57267" [_thread_blocked, id=13744, stack(0x0000005b13500000,0x0000005b13600000)]
  0x000001be46c70000 JavaThread "Stdin handler" [_thread_blocked, id=14072, stack(0x0000005b13600000,0x0000005b13700000)]
  0x000001be46d75800 JavaThread "Daemon client event forwarder" [_thread_blocked, id=3276, stack(0x0000005b13700000,0x0000005b13800000)]
  0x000001be46d76800 JavaThread "Cache worker for file hash cache (C:\Users\Somesh\.gradle\caches\7.0.2\fileHashes)" [_thread_blocked, id=9200, stack(0x0000005b13a00000,0x0000005b13b00000)]
  0x000001be46d75000 JavaThread "File lock request listener" [_thread_in_native, id=10180, stack(0x0000005b13b00000,0x0000005b13c00000)]
  0x000001be46d77000 JavaThread "Cache worker for journal cache (C:\Users\Somesh\.gradle\caches\journal-1)" [_thread_blocked, id=2020, stack(0x0000005b13c00000,0x0000005b13d00000)]
  0x000001be446d8800 JavaThread "Cache worker for file hash cache (D:\QuizApp\.gradle\7.0.2\fileHashes)" [_thread_blocked, id=5144, stack(0x0000005b13e00000,0x0000005b13f00000)]
  0x000001be446d6000 JavaThread "File watcher server" daemon [_thread_in_native, id=3056, stack(0x0000005b13f00000,0x0000005b14000000)]
  0x000001be446d7800 JavaThread "File watcher consumer" daemon [_thread_blocked, id=14652, stack(0x0000005b14000000,0x0000005b14100000)]
  0x000001be446d9000 JavaThread "Cache worker for checksums cache (D:\QuizApp\.gradle\checksums)" [_thread_blocked, id=2644, stack(0x0000005b14100000,0x0000005b14200000)]
  0x000001be446d3800 JavaThread "Cache worker for cache directory md-supplier (C:\Users\Somesh\.gradle\caches\7.0.2\md-supplier)" [_thread_blocked, id=9248, stack(0x0000005b14200000,0x0000005b14300000)]
  0x000001be446da000 JavaThread "Cache worker for cache directory md-rule (C:\Users\Somesh\.gradle\caches\7.0.2\md-rule)" [_thread_blocked, id=15016, stack(0x0000005b14300000,0x0000005b14400000)]
  0x000001be446d4800 JavaThread "Cache worker for execution history cache (C:\Users\Somesh\.gradle\caches\7.0.2\executionHistory)" [_thread_blocked, id=14204, stack(0x0000005b14400000,0x0000005b14500000)]
  0x000001be45e33000 JavaThread "jar transforms" [_thread_blocked, id=13448, stack(0x0000005b14500000,0x0000005b14600000)]
  0x000001be45e31800 JavaThread "jar transforms Thread 2" [_thread_blocked, id=3112, stack(0x0000005b14600000,0x0000005b14700000)]
  0x000001be45e2d800 JavaThread "Cache worker for file content cache (C:\Users\Somesh\.gradle\caches\7.0.2\fileContent)" [_thread_blocked, id=13232, stack(0x0000005b14700000,0x0000005b14800000)]
  0x000001be45e32000 JavaThread "Cache worker for dependencies-accessors (D:\QuizApp\.gradle\7.0.2\dependencies-accessors)" [_thread_blocked, id=11768, stack(0x0000005b14800000,0x0000005b14900000)]
  0x000001be45e2f000 JavaThread "jar transforms Thread 3" [_thread_blocked, id=11648, stack(0x0000005b14900000,0x0000005b14a00000)]
  0x000001be45e36800 JavaThread "Cache worker for Build Output Cleanup Cache (D:\QuizApp\.gradle\buildOutputCleanup)" [_thread_blocked, id=7236, stack(0x0000005b14a00000,0x0000005b14b00000)]
  0x000001be45e30800 JavaThread "Build operations" [_thread_blocked, id=13768, stack(0x0000005b14b00000,0x0000005b14c00000)]
  0x000001be45e3a800 JavaThread "Build operations Thread 2" [_thread_blocked, id=15264, stack(0x0000005b14c00000,0x0000005b14d00000)]
  0x000001be45e39800 JavaThread "Build operations Thread 3" [_thread_blocked, id=13384, stack(0x0000005b14d00000,0x0000005b14e00000)]
  0x000001be45e37000 JavaThread "Build operations Thread 4" [_thread_blocked, id=7880, stack(0x0000005b14e00000,0x0000005b14f00000)]
  0x000001be45e38000 JavaThread "jar transforms Thread 4" [_thread_blocked, id=4992, stack(0x0000005b14f00000,0x0000005b15000000)]
  0x000001be45e35800 JavaThread "Memory manager" [_thread_blocked, id=3272, stack(0x0000005b15000000,0x0000005b15100000)]
  0x000001be4b2be000 JavaThread "build event listener" [_thread_blocked, id=15128, stack(0x0000005b15100000,0x0000005b15200000)]
  0x000001be4b2bb800 JavaThread "Execution worker for ':'" [_thread_blocked, id=15308, stack(0x0000005b15200000,0x0000005b15300000)]
  0x000001be4b2c0800 JavaThread "Execution worker for ':' Thread 2" [_thread_blocked, id=14660, stack(0x0000005b15300000,0x0000005b15400000)]
  0x000001be4b2c0000 JavaThread "Execution worker for ':' Thread 3" [_thread_blocked, id=9420, stack(0x0000005b15400000,0x0000005b15500000)]
  0x000001be4b2bb000 JavaThread "Cache worker for execution history cache (D:\QuizApp\.gradle\7.0.2\executionHistory)" [_thread_blocked, id=8304, stack(0x0000005b15500000,0x0000005b15600000)]
  0x000001be4b2bf000 JavaThread "WorkerExecutor Queue" [_thread_blocked, id=8972, stack(0x0000005b15600000,0x0000005b15700000)]
  0x000001be4b2c2800 JavaThread "WorkerExecutor Queue Thread 2" [_thread_blocked, id=8864, stack(0x0000005b15700000,0x0000005b15800000)]
  0x000001be4b2bd800 JavaThread "WorkerExecutor Queue Thread 3" [_thread_in_vm, id=12416, stack(0x0000005b15800000,0x0000005b15900000)]
  0x000001be4b2bc800 JavaThread "WorkerExecutor Queue Thread 4" [_thread_blocked, id=9692, stack(0x0000005b15900000,0x0000005b15a00000)]

Other Threads:
  0x000001be4395f000 VMThread "VM Thread" [stack: 0x0000005b12200000,0x0000005b12300000] [id=11840]
  0x000001be44465800 WatcherThread [stack: 0x0000005b12c00000,0x0000005b12d00000] [id=6240]
  0x000001be27e46800 GCTaskThread "GC Thread#0" [stack: 0x0000005b11d00000,0x0000005b11e00000] [id=14844]
  0x000001be44979800 GCTaskThread "GC Thread#1" [stack: 0x0000005b12e00000,0x0000005b12f00000] [id=5772]
  0x000001be456a9800 GCTaskThread "GC Thread#2" [stack: 0x0000005b13800000,0x0000005b13900000] [id=11348]
  0x000001be46628000 GCTaskThread "GC Thread#3" [stack: 0x0000005b13900000,0x0000005b13a00000] [id=6880]
  0x000001be27e78800 ConcurrentGCThread "G1 Main Marker" [stack: 0x0000005b11e00000,0x0000005b11f00000] [id=13432]
  0x000001be27e79800 ConcurrentGCThread "G1 Conc#0" [stack: 0x0000005b11f00000,0x0000005b12000000] [id=4580]
  0x000001be437b0800 ConcurrentGCThread "G1 Refine#0" [stack: 0x0000005b12000000,0x0000005b12100000] [id=13556]
  0x000001be437b1800 ConcurrentGCThread "G1 Young RemSet Sampling" [stack: 0x0000005b12100000,0x0000005b12200000] [id=3824]

Threads with active compile tasks:
C2 CompilerThread0  29339 10369       4       java.net.URLClassLoader$1::run (5 bytes)

VM state:not at safepoint (normal execution)

VM Mutex/Monitor currently owned by a thread: None

Heap address: 0x0000000080000000, size: 2048 MB, Compressed Oops mode: 32-bit
Narrow klass base: 0x0000000000000000, Narrow klass shift: 3
Compressed class space size: 1073741824 Address: 0x0000000100000000

Heap:
 garbage-first heap   total 220160K, used 102541K [0x0000000080000000, 0x0000000100000000)
  region size 1024K, 25 young (25600K), 13 survivors (13312K)
 Metaspace       used 89683K, capacity 91856K, committed 91980K, reserved 1128448K
  class space    used 11573K, capacity 12340K, committed 12364K, reserved 1048576K
Heap Regions: E=young(eden), S=young(survivor), O=old, HS=humongous(starts), HC=humongous(continues), CS=collection set, F=free, A=archive, TAMS=top-at-mark-start (previous, next)
|   0|0x0000000080000000, 0x0000000080100000, 0x0000000080100000|100%| O|  |TAMS 0x0000000080100000, 0x0000000080000000| Untracked 
|   1|0x0000000080100000, 0x0000000080200000, 0x0000000080200000|100%| O|  |TAMS 0x0000000080200000, 0x0000000080100000| Untracked 
|   2|0x0000000080200000, 0x0000000080300000, 0x0000000080300000|100%| O|  |TAMS 0x0000000080300000, 0x0000000080200000| Untracked 
|   3|0x0000000080300000, 0x0000000080400000, 0x0000000080400000|100%|HS|  |TAMS 0x0000000080400000, 0x0000000080300000| Complete 
|   4|0x0000000080400000, 0x0000000080500000, 0x0000000080500000|100%|HC|  |TAMS 0x0000000080500000, 0x0000000080400000| Complete 
|   5|0x0000000080500000, 0x0000000080600000, 0x0000000080600000|100%|HC|  |TAMS 0x0000000080600000, 0x0000000080500000| Complete 
|   6|0x0000000080600000, 0x0000000080700000, 0x0000000080700000|100%| O|  |TAMS 0x0000000080700000, 0x0000000080600000| Untracked 
|   7|0x0000000080700000, 0x0000000080800000, 0x0000000080800000|100%| O|  |TAMS 0x0000000080800000, 0x0000000080700000| Untracked 
|   8|0x0000000080800000, 0x0000000080900000, 0x0000000080900000|100%| O|  |TAMS 0x0000000080900000, 0x0000000080800000| Untracked 
|   9|0x0000000080900000, 0x0000000080a00000, 0x0000000080a00000|100%| O|  |TAMS 0x0000000080a00000, 0x0000000080900000| Untracked 
|  10|0x0000000080a00000, 0x0000000080b00000, 0x0000000080b00000|100%| O|  |TAMS 0x0000000080b00000, 0x0000000080a00000| Untracked 
|  11|0x0000000080b00000, 0x0000000080c00000, 0x0000000080c00000|100%| O|  |TAMS 0x0000000080c00000, 0x0000000080b00000| Untracked 
|  12|0x0000000080c00000, 0x0000000080d00000, 0x0000000080d00000|100%| O|  |TAMS 0x0000000080d00000, 0x0000000080c00000| Untracked 
|  13|0x0000000080d00000, 0x0000000080e00000, 0x0000000080e00000|100%| O|  |TAMS 0x0000000080e00000, 0x0000000080d00000| Untracked 
|  14|0x0000000080e00000, 0x0000000080f00000, 0x0000000080f00000|100%| O|  |TAMS 0x0000000080f00000, 0x0000000080e00000| Untracked 
|  15|0x0000000080f00000, 0x0000000081000000, 0x0000000081000000|100%| O|  |TAMS 0x0000000081000000, 0x0000000080f00000| Untracked 
|  16|0x0000000081000000, 0x0000000081100000, 0x0000000081100000|100%| O|  |TAMS 0x0000000081100000, 0x0000000081000000| Untracked 
|  17|0x0000000081100000, 0x0000000081200000, 0x0000000081200000|100%| O|  |TAMS 0x0000000081200000, 0x0000000081100000| Untracked 
|  18|0x0000000081200000, 0x0000000081300000, 0x0000000081300000|100%|HS|  |TAMS 0x0000000081300000, 0x0000000081200000| Complete 
|  19|0x0000000081300000, 0x0000000081400000, 0x0000000081400000|100%| O|  |TAMS 0x0000000081400000, 0x0000000081300000| Untracked 
|  20|0x0000000081400000, 0x0000000081500000, 0x0000000081500000|100%| O|  |TAMS 0x0000000081500000, 0x0000000081400000| Untracked 
|  21|0x0000000081500000, 0x0000000081600000, 0x0000000081600000|100%| O|  |TAMS 0x0000000081600000, 0x0000000081500000| Untracked 
|  22|0x0000000081600000, 0x0000000081700000, 0x0000000081700000|100%| O|  |TAMS 0x0000000081700000, 0x0000000081600000| Untracked 
|  23|0x0000000081700000, 0x0000000081800000, 0x0000000081800000|100%|HS|  |TAMS 0x0000000081800000, 0x0000000081700000| Complete 
|  24|0x0000000081800000, 0x0000000081900000, 0x0000000081900000|100%|HS|  |TAMS 0x0000000081900000, 0x0000000081800000| Complete 
|  25|0x0000000081900000, 0x0000000081a00000, 0x0000000081a00000|100%|HS|  |TAMS 0x0000000081a00000, 0x0000000081900000| Complete 
|  26|0x0000000081a00000, 0x0000000081b00000, 0x0000000081b00000|100%|HC|  |TAMS 0x0000000081b00000, 0x0000000081a00000| Complete 
|  27|0x0000000081b00000, 0x0000000081c00000, 0x0000000081c00000|100%|HC|  |TAMS 0x0000000081c00000, 0x0000000081b00000| Complete 
|  28|0x0000000081c00000, 0x0000000081d00000, 0x0000000081d00000|100%|HS|  |TAMS 0x0000000081d00000, 0x0000000081c00000| Complete 
|  29|0x0000000081d00000, 0x0000000081e00000, 0x0000000081e00000|100%|HC|  |TAMS 0x0000000081e00000, 0x0000000081d00000| Complete 
|  30|0x0000000081e00000, 0x0000000081f00000, 0x0000000081f00000|100%| O|  |TAMS 0x0000000081f00000, 0x0000000081e00000| Untracked 
|  31|0x0000000081f00000, 0x0000000082000000, 0x0000000082000000|100%| O|  |TAMS 0x0000000082000000, 0x0000000081f00000| Untracked 
|  32|0x0000000082000000, 0x0000000082100000, 0x0000000082100000|100%| O|  |TAMS 0x0000000082100000, 0x0000000082000000| Untracked 
|  33|0x0000000082100000, 0x0000000082200000, 0x0000000082200000|100%| O|  |TAMS 0x0000000082200000, 0x0000000082100000| Untracked 
|  34|0x0000000082200000, 0x0000000082300000, 0x0000000082300000|100%| O|  |TAMS 0x0000000082300000, 0x0000000082200000| Untracked 
|  35|0x0000000082300000, 0x0000000082400000, 0x0000000082400000|100%| O|  |TAMS 0x0000000082400000, 0x0000000082300000| Untracked 
|  36|0x0000000082400000, 0x0000000082500000, 0x0000000082500000|100%| O|  |TAMS 0x0000000082500000, 0x0000000082400000| Untracked 
|  37|0x0000000082500000, 0x0000000082600000, 0x0000000082600000|100%| O|  |TAMS 0x0000000082600000, 0x0000000082500000| Untracked 
|  38|0x0000000082600000, 0x0000000082700000, 0x0000000082700000|100%| O|  |TAMS 0x0000000082700000, 0x0000000082600000| Untracked 
|  39|0x0000000082700000, 0x0000000082800000, 0x0000000082800000|100%| O|  |TAMS 0x0000000082800000, 0x0000000082700000| Untracked 
|  40|0x0000000082800000, 0x0000000082900000, 0x0000000082900000|100%| O|  |TAMS 0x0000000082900000, 0x0000000082800000| Untracked 
|  41|0x0000000082900000, 0x0000000082a00000, 0x0000000082a00000|100%| O|  |TAMS 0x0000000082a00000, 0x0000000082900000| Untracked 
|  42|0x0000000082a00000, 0x0000000082b00000, 0x0000000082b00000|100%| O|  |TAMS 0x0000000082b00000, 0x0000000082a00000| Untracked 
|  43|0x0000000082b00000, 0x0000000082c00000, 0x0000000082c00000|100%| O|  |TAMS 0x0000000082c00000, 0x0000000082b00000| Untracked 
|  44|0x0000000082c00000, 0x0000000082d00000, 0x0000000082d00000|100%| O|  |TAMS 0x0000000082d00000, 0x0000000082c00000| Untracked 
|  45|0x0000000082d00000, 0x0000000082e00000, 0x0000000082e00000|100%| O|  |TAMS 0x0000000082d40800, 0x0000000082d00000| Untracked 
|  46|0x0000000082e00000, 0x0000000082f00000, 0x0000000082f00000|100%| O|  |TAMS 0x0000000082e00000, 0x0000000082e00000| Untracked 
|  47|0x0000000082f00000, 0x0000000083000000, 0x0000000083000000|100%| O|  |TAMS 0x0000000082f00000, 0x0000000082f00000| Untracked 
|  48|0x0000000083000000, 0x0000000083100000, 0x0000000083100000|100%| O|  |TAMS 0x0000000083000000, 0x0000000083000000| Untracked 
|  49|0x0000000083100000, 0x0000000083200000, 0x0000000083200000|100%| O|  |TAMS 0x0000000083100000, 0x0000000083100000| Untracked 
|  50|0x0000000083200000, 0x0000000083300000, 0x0000000083300000|100%| O|  |TAMS 0x0000000083200000, 0x0000000083200000| Untracked 
|  51|0x0000000083300000, 0x0000000083400000, 0x0000000083400000|100%| O|  |TAMS 0x0000000083300000, 0x0000000083300000| Untracked 
|  52|0x0000000083400000, 0x0000000083500000, 0x0000000083500000|100%| O|  |TAMS 0x0000000083400000, 0x0000000083400000| Untracked 
|  53|0x0000000083500000, 0x0000000083600000, 0x0000000083600000|100%| O|  |TAMS 0x0000000083500000, 0x0000000083500000| Untracked 
|  54|0x0000000083600000, 0x0000000083700000, 0x0000000083700000|100%| O|  |TAMS 0x0000000083600000, 0x0000000083600000| Untracked 
|  55|0x0000000083700000, 0x0000000083800000, 0x0000000083800000|100%| O|  |TAMS 0x0000000083700000, 0x0000000083700000| Untracked 
|  56|0x0000000083800000, 0x0000000083900000, 0x0000000083900000|100%| O|  |TAMS 0x0000000083800000, 0x0000000083800000| Untracked 
|  57|0x0000000083900000, 0x0000000083a00000, 0x0000000083a00000|100%| O|  |TAMS 0x0000000083900000, 0x0000000083900000| Untracked 
|  58|0x0000000083a00000, 0x0000000083b00000, 0x0000000083b00000|100%| O|  |TAMS 0x0000000083a00000, 0x0000000083a00000| Untracked 
|  59|0x0000000083b00000, 0x0000000083c00000, 0x0000000083c00000|100%| O|  |TAMS 0x0000000083b00000, 0x0000000083b00000| Untracked 
|  60|0x0000000083c00000, 0x0000000083d00000, 0x0000000083d00000|100%| O|  |TAMS 0x0000000083c00000, 0x0000000083c00000| Untracked 
|  61|0x0000000083d00000, 0x0000000083e00000, 0x0000000083e00000|100%| O|  |TAMS 0x0000000083d00000, 0x0000000083d00000| Untracked 
|  62|0x0000000083e00000, 0x0000000083f00000, 0x0000000083f00000|100%| O|  |TAMS 0x0000000083e00000, 0x0000000083e00000| Untracked 
|  63|0x0000000083f00000, 0x0000000084000000, 0x0000000084000000|100%| O|  |TAMS 0x0000000083f00000, 0x0000000083f00000| Untracked 
|  64|0x0000000084000000, 0x0000000084100000, 0x0000000084100000|100%| O|  |TAMS 0x0000000084000000, 0x0000000084000000| Untracked 
|  65|0x0000000084100000, 0x0000000084200000, 0x0000000084200000|100%|HS|  |TAMS 0x0000000084100000, 0x0000000084100000| Complete 
|  66|0x0000000084200000, 0x0000000084300000, 0x0000000084300000|100%|HC|  |TAMS 0x0000000084200000, 0x0000000084200000| Complete 
|  67|0x0000000084300000, 0x0000000084400000, 0x0000000084400000|100%|HS|  |TAMS 0x0000000084300000, 0x0000000084300000| Complete 
|  68|0x0000000084400000, 0x0000000084500000, 0x0000000084500000|100%|HS|  |TAMS 0x0000000084400000, 0x0000000084400000| Complete 
|  69|0x0000000084500000, 0x0000000084600000, 0x0000000084600000|100%|HS|  |TAMS 0x0000000084500000, 0x0000000084500000| Complete 
|  70|0x0000000084600000, 0x0000000084700000, 0x0000000084700000|100%|HC|  |TAMS 0x0000000084600000, 0x0000000084600000| Complete 
|  71|0x0000000084700000, 0x0000000084800000, 0x0000000084800000|100%|HC|  |TAMS 0x0000000084700000, 0x0000000084700000| Complete 
|  72|0x0000000084800000, 0x0000000084900000, 0x0000000084900000|100%| O|  |TAMS 0x0000000084800000, 0x0000000084800000| Untracked 
|  73|0x0000000084900000, 0x0000000084a00000, 0x0000000084a00000|100%| O|  |TAMS 0x0000000084900000, 0x0000000084900000| Untracked 
|  74|0x0000000084a00000, 0x0000000084b00000, 0x0000000084b00000|100%| O|  |TAMS 0x0000000084a00000, 0x0000000084a00000| Untracked 
|  75|0x0000000084b00000, 0x0000000084c00000, 0x0000000084c00000|100%| O|  |TAMS 0x0000000084b00000, 0x0000000084b00000| Untracked 
|  76|0x0000000084c00000, 0x0000000084cab800, 0x0000000084d00000| 66%| O|  |TAMS 0x0000000084c00000, 0x0000000084c00000| Untracked 
|  77|0x0000000084d00000, 0x0000000084d00000, 0x0000000084e00000|  0%| F|  |TAMS 0x0000000084d00000, 0x0000000084d00000| Untracked 
|  78|0x0000000084e00000, 0x0000000084e00000, 0x0000000084f00000|  0%| F|  |TAMS 0x0000000084e00000, 0x0000000084e00000| Untracked 
|  79|0x0000000084f00000, 0x0000000084f00000, 0x0000000085000000|  0%| F|  |TAMS 0x0000000084f00000, 0x0000000084f00000| Untracked 
|  80|0x0000000085000000, 0x0000000085000000, 0x0000000085100000|  0%| F|  |TAMS 0x0000000085000000, 0x0000000085000000| Untracked 
|  81|0x0000000085100000, 0x0000000085100000, 0x0000000085200000|  0%| F|  |TAMS 0x0000000085100000, 0x0000000085100000| Untracked 
|  82|0x0000000085200000, 0x0000000085200000, 0x0000000085300000|  0%| F|  |TAMS 0x0000000085200000, 0x0000000085200000| Untracked 
|  83|0x0000000085300000, 0x0000000085300000, 0x0000000085400000|  0%| F|  |TAMS 0x0000000085300000, 0x0000000085300000| Untracked 
|  84|0x0000000085400000, 0x0000000085400000, 0x0000000085500000|  0%| F|  |TAMS 0x0000000085400000, 0x0000000085400000| Untracked 
|  85|0x0000000085500000, 0x0000000085500000, 0x0000000085600000|  0%| F|  |TAMS 0x0000000085500000, 0x0000000085500000| Untracked 
|  86|0x0000000085600000, 0x0000000085600000, 0x0000000085700000|  0%| F|  |TAMS 0x0000000085600000, 0x0000000085600000| Untracked 
|  87|0x0000000085700000, 0x0000000085700000, 0x0000000085800000|  0%| F|  |TAMS 0x0000000085700000, 0x0000000085700000| Untracked 
|  88|0x0000000085800000, 0x0000000085800000, 0x0000000085900000|  0%| F|  |TAMS 0x0000000085800000, 0x0000000085800000| Untracked 
|  89|0x0000000085900000, 0x0000000085900000, 0x0000000085a00000|  0%| F|  |TAMS 0x0000000085900000, 0x0000000085900000| Untracked 
|  90|0x0000000085a00000, 0x0000000085a00000, 0x0000000085b00000|  0%| F|  |TAMS 0x0000000085a00000, 0x0000000085a00000| Untracked 
|  91|0x0000000085b00000, 0x0000000085b00000, 0x0000000085c00000|  0%| F|  |TAMS 0x0000000085b00000, 0x0000000085b00000| Untracked 
|  92|0x0000000085c00000, 0x0000000085c00000, 0x0000000085d00000|  0%| F|  |TAMS 0x0000000085c00000, 0x0000000085c00000| Untracked 
|  93|0x0000000085d00000, 0x0000000085d00000, 0x0000000085e00000|  0%| F|  |TAMS 0x0000000085d00000, 0x0000000085d00000| Untracked 
|  94|0x0000000085e00000, 0x0000000085e00000, 0x0000000085f00000|  0%| F|  |TAMS 0x0000000085e00000, 0x0000000085e00000| Untracked 
|  95|0x0000000085f00000, 0x0000000085f00000, 0x0000000086000000|  0%| F|  |TAMS 0x0000000085f00000, 0x0000000085f00000| Untracked 
|  96|0x0000000086000000, 0x0000000086000000, 0x0000000086100000|  0%| F|  |TAMS 0x0000000086000000, 0x0000000086000000| Untracked 
|  97|0x0000000086100000, 0x0000000086100000, 0x0000000086200000|  0%| F|  |TAMS 0x0000000086100000, 0x0000000086100000| Untracked 
|  98|0x0000000086200000, 0x0000000086200000, 0x0000000086300000|  0%| F|  |TAMS 0x0000000086200000, 0x0000000086200000| Untracked 
|  99|0x0000000086300000, 0x0000000086300000, 0x0000000086400000|  0%| F|  |TAMS 0x0000000086300000, 0x0000000086300000| Untracked 
| 100|0x0000000086400000, 0x0000000086400000, 0x0000000086500000|  0%| F|  |TAMS 0x0000000086400000, 0x0000000086400000| Untracked 
| 101|0x0000000086500000, 0x0000000086500000, 0x0000000086600000|  0%| F|  |TAMS 0x0000000086500000, 0x0000000086500000| Untracked 
| 102|0x0000000086600000, 0x0000000086600000, 0x0000000086700000|  0%| F|  |TAMS 0x0000000086600000, 0x0000000086600000| Untracked 
| 103|0x0000000086700000, 0x0000000086700000, 0x0000000086800000|  0%| F|  |TAMS 0x0000000086700000, 0x0000000086700000| Untracked 
| 104|0x0000000086800000, 0x0000000086877e98, 0x0000000086900000| 46%| S|CS|TAMS 0x0000000086800000, 0x0000000086800000| Complete 
| 105|0x0000000086900000, 0x0000000086a00000, 0x0000000086a00000|100%| S|CS|TAMS 0x0000000086900000, 0x0000000086900000| Complete 
| 106|0x0000000086a00000, 0x0000000086b00000, 0x0000000086b00000|100%| S|CS|TAMS 0x0000000086a00000, 0x0000000086a00000| Complete 
| 107|0x0000000086b00000, 0x0000000086c00000, 0x0000000086c00000|100%| S|CS|TAMS 0x0000000086b00000, 0x0000000086b00000| Complete 
| 108|0x0000000086c00000, 0x0000000086d00000, 0x0000000086d00000|100%| S|CS|TAMS 0x0000000086c00000, 0x0000000086c00000| Complete 
| 109|0x0000000086d00000, 0x0000000086e00000, 0x0000000086e00000|100%| S|CS|TAMS 0x0000000086d00000, 0x0000000086d00000| Complete 
| 110|0x0000000086e00000, 0x0000000086f00000, 0x0000000086f00000|100%| S|CS|TAMS 0x0000000086e00000, 0x0000000086e00000| Complete 
| 111|0x0000000086f00000, 0x0000000087000000, 0x0000000087000000|100%| S|CS|TAMS 0x0000000086f00000, 0x0000000086f00000| Complete 
| 112|0x0000000087000000, 0x0000000087100000, 0x0000000087100000|100%| S|CS|TAMS 0x0000000087000000, 0x0000000087000000| Complete 
| 113|0x0000000087100000, 0x0000000087200000, 0x0000000087200000|100%| S|CS|TAMS 0x0000000087100000, 0x0000000087100000| Complete 
| 114|0x0000000087200000, 0x0000000087300000, 0x0000000087300000|100%| S|CS|TAMS 0x0000000087200000, 0x0000000087200000| Complete 
| 115|0x0000000087300000, 0x0000000087400000, 0x0000000087400000|100%| S|CS|TAMS 0x0000000087300000, 0x0000000087300000| Complete 
| 116|0x0000000087400000, 0x0000000087500000, 0x0000000087500000|100%| S|CS|TAMS 0x0000000087400000, 0x0000000087400000| Complete 
| 117|0x0000000087500000, 0x0000000087500000, 0x0000000087600000|  0%| F|  |TAMS 0x0000000087500000, 0x0000000087500000| Untracked 
| 118|0x0000000087600000, 0x0000000087600000, 0x0000000087700000|  0%| F|  |TAMS 0x0000000087600000, 0x0000000087600000| Untracked 
| 119|0x0000000087700000, 0x0000000087700000, 0x0000000087800000|  0%| F|  |TAMS 0x0000000087700000, 0x0000000087700000| Untracked 
| 120|0x0000000087800000, 0x0000000087800000, 0x0000000087900000|  0%| F|  |TAMS 0x0000000087800000, 0x0000000087800000| Untracked 
| 121|0x0000000087900000, 0x0000000087900000, 0x0000000087a00000|  0%| F|  |TAMS 0x0000000087900000, 0x0000000087900000| Untracked 
| 122|0x0000000087a00000, 0x0000000087a00000, 0x0000000087b00000|  0%| F|  |TAMS 0x0000000087a00000, 0x0000000087a00000| Untracked 
| 123|0x0000000087b00000, 0x0000000087b00000, 0x0000000087c00000|  0%| F|  |TAMS 0x0000000087b00000, 0x0000000087b00000| Untracked 
| 124|0x0000000087c00000, 0x0000000087c00000, 0x0000000087d00000|  0%| F|  |TAMS 0x0000000087c00000, 0x0000000087c00000| Untracked 
| 125|0x0000000087d00000, 0x0000000087d00000, 0x0000000087e00000|  0%| F|  |TAMS 0x0000000087d00000, 0x0000000087d00000| Untracked 
| 126|0x0000000087e00000, 0x0000000087e00000, 0x0000000087f00000|  0%| F|  |TAMS 0x0000000087e00000, 0x0000000087e00000| Untracked 
| 127|0x0000000087f00000, 0x0000000087f00000, 0x0000000088000000|  0%| F|  |TAMS 0x0000000087f00000, 0x0000000087f00000| Untracked 
| 128|0x0000000088000000, 0x0000000088000000, 0x0000000088100000|  0%| F|  |TAMS 0x0000000088000000, 0x0000000088000000| Untracked 
| 129|0x0000000088100000, 0x0000000088100000, 0x0000000088200000|  0%| F|  |TAMS 0x0000000088100000, 0x0000000088100000| Untracked 
| 130|0x0000000088200000, 0x0000000088200000, 0x0000000088300000|  0%| F|  |TAMS 0x0000000088200000, 0x0000000088200000| Untracked 
| 131|0x0000000088300000, 0x0000000088300000, 0x0000000088400000|  0%| F|  |TAMS 0x0000000088300000, 0x0000000088300000| Untracked 
| 132|0x0000000088400000, 0x0000000088400000, 0x0000000088500000|  0%| F|  |TAMS 0x0000000088400000, 0x0000000088400000| Untracked 
| 133|0x0000000088500000, 0x0000000088500000, 0x0000000088600000|  0%| F|  |TAMS 0x0000000088500000, 0x0000000088500000| Untracked 
| 134|0x0000000088600000, 0x0000000088600000, 0x0000000088700000|  0%| F|  |TAMS 0x0000000088600000, 0x0000000088600000| Untracked 
| 135|0x0000000088700000, 0x0000000088700000, 0x0000000088800000|  0%| F|  |TAMS 0x0000000088700000, 0x0000000088700000| Untracked 
| 136|0x0000000088800000, 0x0000000088800000, 0x0000000088900000|  0%| F|  |TAMS 0x0000000088800000, 0x0000000088800000| Untracked 
| 137|0x0000000088900000, 0x0000000088900000, 0x0000000088a00000|  0%| F|  |TAMS 0x0000000088900000, 0x0000000088900000| Untracked 
| 138|0x0000000088a00000, 0x0000000088a00000, 0x0000000088b00000|  0%| F|  |TAMS 0x0000000088a00000, 0x0000000088a00000| Untracked 
| 139|0x0000000088b00000, 0x0000000088b00000, 0x0000000088c00000|  0%| F|  |TAMS 0x0000000088b00000, 0x0000000088b00000| Untracked 
| 140|0x0000000088c00000, 0x0000000088c00000, 0x0000000088d00000|  0%| F|  |TAMS 0x0000000088c00000, 0x0000000088c00000| Untracked 
| 141|0x0000000088d00000, 0x0000000088d00000, 0x0000000088e00000|  0%| F|  |TAMS 0x0000000088d00000, 0x0000000088d00000| Untracked 
| 142|0x0000000088e00000, 0x0000000088e00000, 0x0000000088f00000|  0%| F|  |TAMS 0x0000000088e00000, 0x0000000088e00000| Untracked 
| 143|0x0000000088f00000, 0x0000000088f00000, 0x0000000089000000|  0%| F|  |TAMS 0x0000000088f00000, 0x0000000088f00000| Untracked 
| 144|0x0000000089000000, 0x0000000089000000, 0x0000000089100000|  0%| F|  |TAMS 0x0000000089000000, 0x0000000089000000| Untracked 
| 145|0x0000000089100000, 0x0000000089100000, 0x0000000089200000|  0%| F|  |TAMS 0x0000000089100000, 0x0000000089100000| Untracked 
| 146|0x0000000089200000, 0x0000000089200000, 0x0000000089300000|  0%| F|  |TAMS 0x0000000089200000, 0x0000000089200000| Untracked 
| 147|0x0000000089300000, 0x0000000089300000, 0x0000000089400000|  0%| F|  |TAMS 0x0000000089300000, 0x0000000089300000| Untracked 
| 148|0x0000000089400000, 0x0000000089400000, 0x0000000089500000|  0%| F|  |TAMS 0x0000000089400000, 0x0000000089400000| Untracked 
| 149|0x0000000089500000, 0x0000000089500000, 0x0000000089600000|  0%| F|  |TAMS 0x0000000089500000, 0x0000000089500000| Untracked 
| 150|0x0000000089600000, 0x0000000089600000, 0x0000000089700000|  0%| F|  |TAMS 0x0000000089600000, 0x0000000089600000| Untracked 
| 151|0x0000000089700000, 0x0000000089700000, 0x0000000089800000|  0%| F|  |TAMS 0x0000000089700000, 0x0000000089700000| Untracked 
| 152|0x0000000089800000, 0x0000000089800000, 0x0000000089900000|  0%| F|  |TAMS 0x0000000089800000, 0x0000000089800000| Untracked 
| 153|0x0000000089900000, 0x0000000089900000, 0x0000000089a00000|  0%| F|  |TAMS 0x0000000089900000, 0x0000000089900000| Untracked 
| 154|0x0000000089a00000, 0x0000000089a00000, 0x0000000089b00000|  0%| F|  |TAMS 0x0000000089a00000, 0x0000000089a00000| Untracked 
| 155|0x0000000089b00000, 0x0000000089b00000, 0x0000000089c00000|  0%| F|  |TAMS 0x0000000089b00000, 0x0000000089b00000| Untracked 
| 156|0x0000000089c00000, 0x0000000089c00000, 0x0000000089d00000|  0%| F|  |TAMS 0x0000000089c00000, 0x0000000089c00000| Untracked 
| 157|0x0000000089d00000, 0x0000000089d00000, 0x0000000089e00000|  0%| F|  |TAMS 0x0000000089d00000, 0x0000000089d00000| Untracked 
| 158|0x0000000089e00000, 0x0000000089e00000, 0x0000000089f00000|  0%| F|  |TAMS 0x0000000089e00000, 0x0000000089e00000| Untracked 
| 159|0x0000000089f00000, 0x0000000089f00000, 0x000000008a000000|  0%| F|  |TAMS 0x0000000089f00000, 0x0000000089f00000| Untracked 
| 160|0x000000008a000000, 0x000000008a000000, 0x000000008a100000|  0%| F|  |TAMS 0x000000008a000000, 0x000000008a000000| Untracked 
| 161|0x000000008a100000, 0x000000008a100000, 0x000000008a200000|  0%| F|  |TAMS 0x000000008a100000, 0x000000008a100000| Untracked 
| 162|0x000000008a200000, 0x000000008a200000, 0x000000008a300000|  0%| F|  |TAMS 0x000000008a200000, 0x000000008a200000| Untracked 
| 163|0x000000008a300000, 0x000000008a300000, 0x000000008a400000|  0%| F|  |TAMS 0x000000008a300000, 0x000000008a300000| Untracked 
| 164|0x000000008a400000, 0x000000008a400000, 0x000000008a500000|  0%| F|  |TAMS 0x000000008a400000, 0x000000008a400000| Untracked 
| 165|0x000000008a500000, 0x000000008a500000, 0x000000008a600000|  0%| F|  |TAMS 0x000000008a500000, 0x000000008a500000| Untracked 
| 166|0x000000008a600000, 0x000000008a600000, 0x000000008a700000|  0%| F|  |TAMS 0x000000008a600000, 0x000000008a600000| Untracked 
| 167|0x000000008a700000, 0x000000008a700000, 0x000000008a800000|  0%| F|  |TAMS 0x000000008a700000, 0x000000008a700000| Untracked 
| 168|0x000000008a800000, 0x000000008a800000, 0x000000008a900000|  0%| F|  |TAMS 0x000000008a800000, 0x000000008a800000| Untracked 
| 169|0x000000008a900000, 0x000000008a900000, 0x000000008aa00000|  0%| F|  |TAMS 0x000000008a900000, 0x000000008a900000| Untracked 
| 170|0x000000008aa00000, 0x000000008aa00000, 0x000000008ab00000|  0%| F|  |TAMS 0x000000008aa00000, 0x000000008aa00000| Untracked 
| 171|0x000000008ab00000, 0x000000008ab00000, 0x000000008ac00000|  0%| F|  |TAMS 0x000000008ab00000, 0x000000008ab00000| Untracked 
| 172|0x000000008ac00000, 0x000000008ac00000, 0x000000008ad00000|  0%| F|  |TAMS 0x000000008ac00000, 0x000000008ac00000| Untracked 
| 173|0x000000008ad00000, 0x000000008ad00000, 0x000000008ae00000|  0%| F|  |TAMS 0x000000008ad00000, 0x000000008ad00000| Untracked 
| 174|0x000000008ae00000, 0x000000008ae00000, 0x000000008af00000|  0%| F|  |TAMS 0x000000008ae00000, 0x000000008ae00000| Untracked 
| 175|0x000000008af00000, 0x000000008af00000, 0x000000008b000000|  0%| F|  |TAMS 0x000000008af00000, 0x000000008af00000| Untracked 
| 176|0x000000008b000000, 0x000000008b000000, 0x000000008b100000|  0%| F|  |TAMS 0x000000008b000000, 0x000000008b000000| Untracked 
| 177|0x000000008b100000, 0x000000008b100000, 0x000000008b200000|  0%| F|  |TAMS 0x000000008b100000, 0x000000008b100000| Untracked 
| 178|0x000000008b200000, 0x000000008b200000, 0x000000008b300000|  0%| F|  |TAMS 0x000000008b200000, 0x000000008b200000| Untracked 
| 179|0x000000008b300000, 0x000000008b300000, 0x000000008b400000|  0%| F|  |TAMS 0x000000008b300000, 0x000000008b300000| Untracked 
| 180|0x000000008b400000, 0x000000008b400000, 0x000000008b500000|  0%| F|  |TAMS 0x000000008b400000, 0x000000008b400000| Untracked 
| 181|0x000000008b500000, 0x000000008b500000, 0x000000008b600000|  0%| F|  |TAMS 0x000000008b500000, 0x000000008b500000| Untracked 
| 182|0x000000008b600000, 0x000000008b600000, 0x000000008b700000|  0%| F|  |TAMS 0x000000008b600000, 0x000000008b600000| Untracked 
| 183|0x000000008b700000, 0x000000008b700000, 0x000000008b800000|  0%| F|  |TAMS 0x000000008b700000, 0x000000008b700000| Untracked 
| 184|0x000000008b800000, 0x000000008b800000, 0x000000008b900000|  0%| F|  |TAMS 0x000000008b800000, 0x000000008b800000| Untracked 
| 185|0x000000008b900000, 0x000000008b900000, 0x000000008ba00000|  0%| F|  |TAMS 0x000000008b900000, 0x000000008b900000| Untracked 
| 186|0x000000008ba00000, 0x000000008ba00000, 0x000000008bb00000|  0%| F|  |TAMS 0x000000008ba00000, 0x000000008ba00000| Untracked 
| 187|0x000000008bb00000, 0x000000008bb00000, 0x000000008bc00000|  0%| F|  |TAMS 0x000000008bb00000, 0x000000008bb00000| Untracked 
| 188|0x000000008bc00000, 0x000000008bc00000, 0x000000008bd00000|  0%| F|  |TAMS 0x000000008bc00000, 0x000000008bc00000| Untracked 
| 189|0x000000008bd00000, 0x000000008bd00000, 0x000000008be00000|  0%| F|  |TAMS 0x000000008bd00000, 0x000000008bd00000| Untracked 
| 190|0x000000008be00000, 0x000000008be00000, 0x000000008bf00000|  0%| F|  |TAMS 0x000000008be00000, 0x000000008be00000| Untracked 
| 191|0x000000008bf00000, 0x000000008bf00000, 0x000000008c000000|  0%| F|  |TAMS 0x000000008bf00000, 0x000000008bf00000| Untracked 
| 192|0x000000008c000000, 0x000000008c000000, 0x000000008c100000|  0%| F|  |TAMS 0x000000008c000000, 0x000000008c000000| Untracked 
| 193|0x000000008c100000, 0x000000008c100000, 0x000000008c200000|  0%| F|  |TAMS 0x000000008c100000, 0x000000008c100000| Untracked 
| 194|0x000000008c200000, 0x000000008c200000, 0x000000008c300000|  0%| F|  |TAMS 0x000000008c200000, 0x000000008c200000| Untracked 
| 195|0x000000008c300000, 0x000000008c300000, 0x000000008c400000|  0%| F|  |TAMS 0x000000008c300000, 0x000000008c300000| Untracked 
| 196|0x000000008c400000, 0x000000008c400000, 0x000000008c500000|  0%| F|  |TAMS 0x000000008c400000, 0x000000008c400000| Untracked 
| 197|0x000000008c500000, 0x000000008c500000, 0x000000008c600000|  0%| F|  |TAMS 0x000000008c500000, 0x000000008c500000| Untracked 
| 198|0x000000008c600000, 0x000000008c600000, 0x000000008c700000|  0%| F|  |TAMS 0x000000008c600000, 0x000000008c600000| Untracked 
| 199|0x000000008c700000, 0x000000008c700000, 0x000000008c800000|  0%| F|  |TAMS 0x000000008c700000, 0x000000008c700000| Untracked 
| 200|0x000000008c800000, 0x000000008c800000, 0x000000008c900000|  0%| F|  |TAMS 0x000000008c800000, 0x000000008c800000| Untracked 
| 201|0x000000008c900000, 0x000000008c900000, 0x000000008ca00000|  0%| F|  |TAMS 0x000000008c900000, 0x000000008c900000| Untracked 
| 202|0x000000008ca00000, 0x000000008ca00000, 0x000000008cb00000|  0%| F|  |TAMS 0x000000008ca00000, 0x000000008ca00000| Untracked 
| 203|0x000000008cb00000, 0x000000008cb5e4e8, 0x000000008cc00000| 36%| E|  |TAMS 0x000000008cb00000, 0x000000008cb00000| Complete 
| 204|0x000000008cc00000, 0x000000008cd00000, 0x000000008cd00000|100%| E|CS|TAMS 0x000000008cc00000, 0x000000008cc00000| Complete 
| 205|0x000000008cd00000, 0x000000008ce00000, 0x000000008ce00000|100%| E|CS|TAMS 0x000000008cd00000, 0x000000008cd00000| Complete 
| 206|0x000000008ce00000, 0x000000008cf00000, 0x000000008cf00000|100%| E|CS|TAMS 0x000000008ce00000, 0x000000008ce00000| Complete 
| 207|0x000000008cf00000, 0x000000008d000000, 0x000000008d000000|100%| E|CS|TAMS 0x000000008cf00000, 0x000000008cf00000| Complete 
| 208|0x000000008d000000, 0x000000008d100000, 0x000000008d100000|100%| E|CS|TAMS 0x000000008d000000, 0x000000008d000000| Complete 
| 209|0x000000008d100000, 0x000000008d200000, 0x000000008d200000|100%| E|CS|TAMS 0x000000008d100000, 0x000000008d100000| Complete 
| 210|0x000000008d200000, 0x000000008d300000, 0x000000008d300000|100%| E|CS|TAMS 0x000000008d200000, 0x000000008d200000| Complete 
| 211|0x000000008d300000, 0x000000008d400000, 0x000000008d400000|100%| E|CS|TAMS 0x000000008d300000, 0x000000008d300000| Complete 
| 212|0x000000008d400000, 0x000000008d500000, 0x000000008d500000|100%| E|CS|TAMS 0x000000008d400000, 0x000000008d400000| Complete 
| 213|0x000000008d500000, 0x000000008d600000, 0x000000008d600000|100%| E|CS|TAMS 0x000000008d500000, 0x000000008d500000| Complete 
| 214|0x000000008d600000, 0x000000008d700000, 0x000000008d700000|100%| E|CS|TAMS 0x000000008d600000, 0x000000008d600000| Complete 

Card table byte_map: [0x000001be3cb60000,0x000001be3cf60000] _byte_map_base: 0x000001be3c760000

Marking Bits (Prev, Next): (CMBitMap*) 0x000001be27e6f6e8, (CMBitMap*) 0x000001be27e6f720
 Prev Bits: [0x000001be3d360000, 0x000001be3f360000)
 Next Bits: [0x000001be3f360000, 0x000001be41360000)

Polling page: 0x000001be27bf0000

Metaspace:

Usage:
  Non-class:     77.71 MB capacity,    76.35 MB ( 98%) used,     1.12 MB (  1%) free+waste,   248.19 KB ( <1%) overhead. 
      Class:     12.05 MB capacity,    11.31 MB ( 94%) used,   645.54 KB (  5%) free+waste,   110.81 KB ( <1%) overhead. 
       Both:     89.77 MB capacity,    87.66 MB ( 98%) used,     1.75 MB (  2%) free+waste,   359.00 KB ( <1%) overhead. 

Virtual space:
  Non-class space:       78.00 MB reserved,      77.75 MB (>99%) committed 
      Class space:        1.00 GB reserved,      12.07 MB (  1%) committed 
             Both:        1.08 GB reserved,      89.82 MB (  8%) committed 

Chunk freelists:
   Non-Class:  36.00 KB
       Class:  12.00 KB
        Both:  48.00 KB

MaxMetaspaceSize: 17179869184.00 GB
CompressedClassSpaceSize: 1.00 GB

CodeHeap 'non-profiled nmethods': size=120064Kb used=6080Kb max_used=6080Kb free=113983Kb
 bounds [0x000001be34c00000, 0x000001be35200000, 0x000001be3c140000]
CodeHeap 'profiled nmethods': size=120000Kb used=22569Kb max_used=22569Kb free=97430Kb
 bounds [0x000001be2d6d0000, 0x000001be2ece0000, 0x000001be34c00000]
CodeHeap 'non-nmethods': size=5696Kb used=2297Kb max_used=2354Kb free=3398Kb
 bounds [0x000001be2d140000, 0x000001be2d3b0000, 0x000001be2d6d0000]
 total_blobs=11239 nmethods=10342 adapters=808
 compilation: enabled
              stopped_count=0, restarted_count=0
 full_count=0

Compilation events (20 events):
Event: 28.994 Thread 0x000001be4398c000 10367       1       org.gradle.api.internal.AbstractTask::getLocalState (5 bytes)
Event: 28.994 Thread 0x000001be4398c000 nmethod 10367 0x000001be351ee910 code [0x000001be351eeac0, 0x000001be351eeb78]
Event: 29.003 Thread 0x000001be4398c000 10370       3       com.android.tools.r8.graph.c0::a (23 bytes)
Event: 29.003 Thread 0x000001be4398c000 nmethod 10370 0x000001be2eccc710 code [0x000001be2eccc8c0, 0x000001be2eccca78]
Event: 29.003 Thread 0x000001be4398c000 10371       3       com.android.tools.r8.graph.c0::a (129 bytes)
Event: 29.003 Thread 0x000001be4398c000 nmethod 10371 0x000001be2ecccb10 code [0x000001be2ecccce0, 0x000001be2ecccfd8]
Event: 29.004 Thread 0x000001be4398c000 10373       3       com.android.tools.r8.graph.c0::a (89 bytes)
Event: 29.005 Thread 0x000001be4398c000 nmethod 10373 0x000001be2eccd190 code [0x000001be2eccd460, 0x000001be2ecce4e8]
Event: 29.005 Thread 0x000001be4398c000 10374       3       com.android.tools.r8.graph.h::hashCode (109 bytes)
Event: 29.006 Thread 0x000001be4398c000 nmethod 10374 0x000001be2ecceb10 code [0x000001be2eccece0, 0x000001be2eccef48]
Event: 29.008 Thread 0x000001be43988000 nmethod 10368% 0x000001be351eec10 code [0x000001be351eede0, 0x000001be351ef468]
Event: 29.008 Thread 0x000001be43988000 10372       4       java.util.concurrent.ConcurrentHashMap::addCount (289 bytes)
Event: 29.018 Thread 0x000001be43988000 nmethod 10372 0x000001be351ef990 code [0x000001be351efb60, 0x000001be351efef0]
Event: 29.018 Thread 0x000001be43988000 10369       4       java.net.URLClassLoader$1::run (5 bytes)
Event: 29.028 Thread 0x000001be4398c000 10375       3       com.android.tools.r8.graph.S::<init> (5 bytes)
Event: 29.029 Thread 0x000001be4398c000 nmethod 10375 0x000001be2eccf010 code [0x000001be2eccf1c0, 0x000001be2eccf318]
Event: 29.029 Thread 0x000001be4398c000 10376       3       com.android.tools.r8.graph.z0::<init> (5 bytes)
Event: 29.029 Thread 0x000001be4398c000 nmethod 10376 0x000001be2eccf410 code [0x000001be2eccf5e0, 0x000001be2eccf818]
Event: 29.029 Thread 0x000001be4398c000 10377       3       com.android.tools.r8.graph.h::<init> (10 bytes)
Event: 29.029 Thread 0x000001be4398c000 nmethod 10377 0x000001be2eccf910 code [0x000001be2eccfac0, 0x000001be2eccfc98]

GC Heap History (20 events):
Event: 11.091 GC heap before
{Heap before GC invocations=11 (full 0):
 garbage-first heap   total 152576K, used 85459K [0x0000000080000000, 0x0000000100000000)
  region size 1024K, 65 young (66560K), 8 survivors (8192K)
 Metaspace       used 44177K, capacity 45265K, committed 45516K, reserved 1089536K
  class space    used 5660K, capacity 6036K, committed 6092K, reserved 1048576K
}
Event: 11.106 GC heap after
{Heap after GC invocations=12 (full 0):
 garbage-first heap   total 152576K, used 29346K [0x0000000080000000, 0x0000000100000000)
  region size 1024K, 8 young (8192K), 8 survivors (8192K)
 Metaspace       used 44177K, capacity 45265K, committed 45516K, reserved 1089536K
  class space    used 5660K, capacity 6036K, committed 6092K, reserved 1048576K
}
Event: 13.064 GC heap before
{Heap before GC invocations=12 (full 0):
 garbage-first heap   total 152576K, used 97954K [0x0000000080000000, 0x0000000100000000)
  region size 1024K, 68 young (69632K), 8 survivors (8192K)
 Metaspace       used 47293K, capacity 48541K, committed 48716K, reserved 1091584K
  class space    used 6025K, capacity 6460K, committed 6476K, reserved 1048576K
}
Event: 13.082 GC heap after
{Heap after GC invocations=13 (full 0):
 garbage-first heap   total 183296K, used 45714K [0x0000000080000000, 0x0000000100000000)
  region size 1024K, 9 young (9216K), 9 survivors (9216K)
 Metaspace       used 47293K, capacity 48541K, committed 48716K, reserved 1091584K
  class space    used 6025K, capacity 6460K, committed 6476K, reserved 1048576K
}
Event: 16.108 GC heap before
{Heap before GC invocations=13 (full 0):
 garbage-first heap   total 183296K, used 124562K [0x0000000080000000, 0x0000000100000000)
  region size 1024K, 86 young (88064K), 9 survivors (9216K)
 Metaspace       used 57978K, capacity 59417K, committed 59596K, reserved 1101824K
  class space    used 7358K, capacity 7871K, committed 7884K, reserved 1048576K
}
Event: 16.124 GC heap after
{Heap after GC invocations=14 (full 0):
 garbage-first heap   total 183296K, used 50079K [0x0000000080000000, 0x0000000100000000)
  region size 1024K, 4 young (4096K), 4 survivors (4096K)
 Metaspace       used 57978K, capacity 59417K, committed 59596K, reserved 1101824K
  class space    used 7358K, capacity 7871K, committed 7884K, reserved 1048576K
}
Event: 16.234 GC heap before
{Heap before GC invocations=14 (full 0):
 garbage-first heap   total 183296K, used 53151K [0x0000000080000000, 0x0000000100000000)
  region size 1024K, 8 young (8192K), 4 survivors (4096K)
 Metaspace       used 58684K, capacity 60170K, committed 60236K, reserved 1101824K
  class space    used 7430K, capacity 7972K, committed 8012K, reserved 1048576K
}
Event: 16.244 GC heap after
{Heap after GC invocations=15 (full 0):
 garbage-first heap   total 183296K, used 50849K [0x0000000080000000, 0x0000000100000000)
  region size 1024K, 5 young (5120K), 5 survivors (5120K)
 Metaspace       used 58684K, capacity 60170K, committed 60236K, reserved 1101824K
  class space    used 7430K, capacity 7972K, committed 8012K, reserved 1048576K
}
Event: 18.127 GC heap before
{Heap before GC invocations=16 (full 0):
 garbage-first heap   total 183296K, used 121505K [0x0000000080000000, 0x0000000100000000)
  region size 1024K, 74 young (75776K), 5 survivors (5120K)
 Metaspace       used 65127K, capacity 66567K, committed 66764K, reserved 1107968K
  class space    used 8239K, capacity 8786K, committed 8908K, reserved 1048576K
}
Event: 18.149 GC heap after
{Heap after GC invocations=17 (full 0):
 garbage-first heap   total 183296K, used 55131K [0x0000000080000000, 0x0000000100000000)
  region size 1024K, 9 young (9216K), 9 survivors (9216K)
 Metaspace       used 65127K, capacity 66567K, committed 66764K, reserved 1107968K
  class space    used 8239K, capacity 8786K, committed 8908K, reserved 1048576K
}
Event: 19.978 GC heap before
{Heap before GC invocations=18 (full 0):
 garbage-first heap   total 183296K, used 126811K [0x0000000080000000, 0x0000000100000000)
  region size 1024K, 79 young (80896K), 9 survivors (9216K)
 Metaspace       used 70674K, capacity 72246K, committed 72524K, reserved 1112064K
  class space    used 9118K, capacity 9717K, committed 9804K, reserved 1048576K
}
Event: 20.000 GC heap after
{Heap after GC invocations=19 (full 0):
 garbage-first heap   total 183296K, used 60416K [0x0000000080000000, 0x0000000100000000)
  region size 1024K, 10 young (10240K), 10 survivors (10240K)
 Metaspace       used 70674K, capacity 72246K, committed 72524K, reserved 1112064K
  class space    used 9118K, capacity 9717K, committed 9804K, reserved 1048576K
}
Event: 22.054 GC heap before
{Heap before GC invocations=19 (full 0):
 garbage-first heap   total 183296K, used 133120K [0x0000000080000000, 0x0000000100000000)
  region size 1024K, 81 young (82944K), 10 survivors (10240K)
 Metaspace       used 77170K, capacity 78889K, committed 79180K, reserved 1118208K
  class space    used 10043K, capacity 10691K, committed 10828K, reserved 1048576K
}
Event: 22.075 GC heap after
{Heap after GC invocations=20 (full 0):
 garbage-first heap   total 183296K, used 66317K [0x0000000080000000, 0x0000000100000000)
  region size 1024K, 11 young (11264K), 11 survivors (11264K)
 Metaspace       used 77170K, capacity 78889K, committed 79180K, reserved 1118208K
  class space    used 10043K, capacity 10691K, committed 10828K, reserved 1048576K
}
Event: 25.578 GC heap before
{Heap before GC invocations=20 (full 0):
 garbage-first heap   total 183296K, used 136973K [0x0000000080000000, 0x0000000100000000)
  region size 1024K, 81 young (82944K), 11 survivors (11264K)
 Metaspace       used 81955K, capacity 83958K, committed 84172K, reserved 1122304K
  class space    used 10673K, capacity 11426K, committed 11468K, reserved 1048576K
}
Event: 25.604 GC heap after
{Heap after GC invocations=21 (full 0):
 garbage-first heap   total 220160K, used 71244K [0x0000000080000000, 0x0000000100000000)
  region size 1024K, 10 young (10240K), 10 survivors (10240K)
 Metaspace       used 81955K, capacity 83958K, committed 84172K, reserved 1122304K
  class space    used 10673K, capacity 11426K, committed 11468K, reserved 1048576K
}
Event: 27.224 GC heap before
{Heap before GC invocations=21 (full 0):
 garbage-first heap   total 220160K, used 155212K [0x0000000080000000, 0x0000000100000000)
  region size 1024K, 93 young (95232K), 10 survivors (10240K)
 Metaspace       used 84321K, capacity 86382K, committed 86476K, reserved 1124352K
  class space    used 10887K, capacity 11654K, committed 11724K, reserved 1048576K
}
Event: 27.251 GC heap after
{Heap after GC invocations=22 (full 0):
 garbage-first heap   total 220160K, used 76752K [0x0000000080000000, 0x0000000100000000)
  region size 1024K, 11 young (11264K), 11 survivors (11264K)
 Metaspace       used 84321K, capacity 86382K, committed 86476K, reserved 1124352K
  class space    used 10887K, capacity 11654K, committed 11724K, reserved 1048576K
}
Event: 28.490 GC heap before
{Heap before GC invocations=22 (full 0):
 garbage-first heap   total 220160K, used 171984K [0x0000000080000000, 0x0000000100000000)
  region size 1024K, 98 young (100352K), 11 survivors (11264K)
 Metaspace       used 87800K, capacity 89928K, committed 90188K, reserved 1128448K
  class space    used 11300K, capacity 12082K, committed 12108K, reserved 1048576K
}
Event: 28.512 GC heap after
{Heap after GC invocations=23 (full 0):
 garbage-first heap   total 220160K, used 91277K [0x0000000080000000, 0x0000000100000000)
  region size 1024K, 13 young (13312K), 13 survivors (13312K)
 Metaspace       used 87800K, capacity 89928K, committed 90188K, reserved 1128448K
  class space    used 11300K, capacity 12082K, committed 12108K, reserved 1048576K
}

Deoptimization events (20 events):
Event: 28.952 Thread 0x000001be4b2c0800 Uncommon trap: trap_request=0xffffffde fr.pc=0x000001be34ea99d4 relative=0x0000000000000514
Event: 28.952 Thread 0x000001be4b2c0800 Uncommon trap: reason=class_check action=maybe_recompile pc=0x000001be34ea99d4 method=java.lang.Throwable.<init>(Ljava/lang/String;Ljava/lang/Throwable;)V @ 24 c2
Event: 28.952 Thread 0x000001be4b2c0800 DEOPT PACKING pc=0x000001be34ea99d4 sp=0x0000005b153fb220
Event: 28.952 Thread 0x000001be4b2c0800 DEOPT UNPACKING pc=0x000001be2d1678af sp=0x0000005b153fb1e8 mode 2
Event: 28.972 Thread 0x000001be4b2bb000 Uncommon trap: trap_request=0xffffff4d fr.pc=0x000001be34e7852c relative=0x000000000000022c
Event: 28.972 Thread 0x000001be4b2bb000 Uncommon trap: reason=unstable_if action=reinterpret pc=0x000001be34e7852c method=com.esotericsoftware.kryo.io.Output.writeString(Ljava/lang/CharSequence;)V @ 50 c2
Event: 28.972 Thread 0x000001be4b2bb000 DEOPT PACKING pc=0x000001be34e7852c sp=0x0000005b155fdfc0
Event: 28.972 Thread 0x000001be4b2bb000 DEOPT UNPACKING pc=0x000001be2d1678af sp=0x0000005b155fdf40 mode 2
Event: 28.980 Thread 0x000001be4b2bb000 Uncommon trap: trap_request=0xffffff7e fr.pc=0x000001be351007c0 relative=0x0000000000000180
Event: 28.980 Thread 0x000001be4b2bb000 Uncommon trap: reason=predicate action=maybe_recompile pc=0x000001be351007c0 method=java.util.Collections.indexedBinarySearch(Ljava/util/List;Ljava/lang/Object;)I @ 13 c2
Event: 28.980 Thread 0x000001be4b2bb000 DEOPT PACKING pc=0x000001be351007c0 sp=0x0000005b155fe350
Event: 28.980 Thread 0x000001be4b2bb000 DEOPT UNPACKING pc=0x000001be2d1678af sp=0x0000005b155fe2e0 mode 2
Event: 28.980 Thread 0x000001be4b2bb000 Uncommon trap: trap_request=0xffffff4d fr.pc=0x000001be35142a0c relative=0x000000000000016c
Event: 28.980 Thread 0x000001be4b2bb000 Uncommon trap: reason=unstable_if action=reinterpret pc=0x000001be35142a0c method=org.gradle.internal.io.StreamByteBuffer.prepareRead()I @ 30 c2
Event: 28.980 Thread 0x000001be4b2bb000 DEOPT PACKING pc=0x000001be35142a0c sp=0x0000005b155fe2a0
Event: 28.980 Thread 0x000001be4b2bb000 DEOPT UNPACKING pc=0x000001be2d1678af sp=0x0000005b155fe250 mode 2
Event: 28.987 Thread 0x000001be46d75800 Uncommon trap: trap_request=0xffffff4d fr.pc=0x000001be3518c9ac relative=0x000000000000046c
Event: 28.987 Thread 0x000001be46d75800 Uncommon trap: reason=unstable_if action=reinterpret pc=0x000001be3518c9ac method=java.io.ObjectOutputStream$BlockDataOutputStream.writeBytes(Ljava/lang/String;)V @ 22 c2
Event: 28.987 Thread 0x000001be46d75800 DEOPT PACKING pc=0x000001be3518c9ac sp=0x0000005b137fcb90
Event: 28.987 Thread 0x000001be46d75800 DEOPT UNPACKING pc=0x000001be2d1678af sp=0x0000005b137fcb18 mode 2

Classes redefined (0 events):
No events

Internal exceptions (20 events):
Event: 26.912 Thread 0x000001be4b2c0800 Exception <a 'sun/nio/fs/WindowsException'{0x000000008968db30}> (0x000000008968db30) thrown at [./src/hotspot/share/prims/jni.cpp, line 615]
Event: 26.912 Thread 0x000001be4b2c0800 Exception <a 'sun/nio/fs/WindowsException'{0x000000008968ddf0}> (0x000000008968ddf0) thrown at [./src/hotspot/share/prims/jni.cpp, line 615]
Event: 26.912 Thread 0x000001be4b2c0800 Exception <a 'sun/nio/fs/WindowsException'{0x000000008968ec60}> (0x000000008968ec60) thrown at [./src/hotspot/share/prims/jni.cpp, line 615]
Event: 26.912 Thread 0x000001be4b2c0800 Exception <a 'sun/nio/fs/WindowsException'{0x000000008968eec0}> (0x000000008968eec0) thrown at [./src/hotspot/share/prims/jni.cpp, line 615]
Event: 26.913 Thread 0x000001be4b2c0800 Exception <a 'sun/nio/fs/WindowsException'{0x000000008968fd00}> (0x000000008968fd00) thrown at [./src/hotspot/share/prims/jni.cpp, line 615]
Event: 26.934 Thread 0x000001be4b2c0800 Exception <a 'java/lang/NoSuchMethodError'{0x00000000894174f8}: <clinit>> (0x00000000894174f8) thrown at [./src/hotspot/share/prims/jni.cpp, line 1362]
Event: 26.947 Thread 0x000001be4b2c0800 Exception <a 'java/lang/NoSuchMethodError'{0x000000008944da40}: <clinit>> (0x000000008944da40) thrown at [./src/hotspot/share/prims/jni.cpp, line 1362]
Event: 26.950 Thread 0x000001be4b2c0800 Exception <a 'java/lang/NoSuchMethodError'{0x000000008947b050}: <clinit>> (0x000000008947b050) thrown at [./src/hotspot/share/prims/jni.cpp, line 1362]
Event: 26.953 Thread 0x000001be4b2c0800 Exception <a 'java/lang/NoSuchMethodError'{0x000000008948dba8}: <clinit>> (0x000000008948dba8) thrown at [./src/hotspot/share/prims/jni.cpp, line 1362]
Event: 27.969 Thread 0x000001be45e39800 Implicit null exception at 0x000001be351a1b54 to 0x000001be351a23e4
Event: 28.570 Thread 0x000001be4b2bd800 Exception <a 'sun/nio/fs/WindowsException'{0x000000008d3306c8}> (0x000000008d3306c8) thrown at [./src/hotspot/share/prims/jni.cpp, line 615]
Event: 28.571 Thread 0x000001be4b2bf000 Exception <a 'java/lang/NoSuchMethodError'{0x000000008d4f2d70}: 'void java.lang.invoke.DirectMethodHandle$Holder.invokeStatic(java.lang.Object, long)'> (0x000000008d4f2d70) thrown at [./src/hotspot/share/interpreter/linkResolver.cpp, line 773]
Event: 28.572 Thread 0x000001be4b2bf000 Exception <a 'java/lang/NoSuchMethodError'{0x000000008d4f7f88}: 'java.lang.Object java.lang.invoke.DirectMethodHandle$Holder.invokeStatic(java.lang.Object, long)'> (0x000000008d4f7f88) thrown at [./src/hotspot/share/interpreter/linkResolver.cpp, line 773]
Event: 28.574 Thread 0x000001be4b2bf000 Exception <a 'java/lang/NoSuchMethodError'{0x000000008d37b6a8}: 'java.lang.Object java.lang.invoke.DirectMethodHandle$Holder.invokeStaticInit(java.lang.Object, java.lang.Object, long, java.lang.Object)'> (0x000000008d37b6a8) thrown at [./src/hotspot/share/interpreter/linkResolver.cpp, line 773]
Event: 28.575 Thread 0x000001be4b2bf000 Exception <a 'java/lang/NoSuchMethodError'{0x000000008d381840}: 'java.lang.Object java.lang.invoke.DirectMethodHandle$Holder.invokeStatic(java.lang.Object, java.lang.Object, long)'> (0x000000008d381840) thrown at [./src/hotspot/share/interpreter/linkResolver.cpp, line 773]
Event: 28.576 Thread 0x000001be4b2bf000 Exception <a 'java/lang/NoSuchMethodError'{0x000000008d387db8}: 'java.lang.Object java.lang.invoke.Invokers$Holder.linkToTargetMethod(java.lang.Object, long, java.lang.Object)'> (0x000000008d387db8) thrown at [./src/hotspot/share/interpreter/linkResolver.cpp, line 773]
Event: 28.950 Thread 0x000001be4b2bf000 Exception <a 'java/io/IOException'{0x000000008d3b1808}> (0x000000008d3b1808) thrown at [./src/hotspot/share/prims/jni.cpp, line 615]
Event: 28.963 Thread 0x000001be4b2c0800 Exception <a 'java/lang/NoSuchMethodError'{0x000000008d1e91a8}: 'void java.lang.invoke.DirectMethodHandle$Holder.invokeStatic(java.lang.Object, java.lang.Object, java.lang.Object, java.lang.Object, java.lang.Object, java.lang.Object, java.lang.Object)'> (0x000000008d1e91a8) thrown at [./src/hotspot/share/interpreter/linkResolver.cpp, line 773]
Event: 28.985 Thread 0x000001be46d75800 Exception <a 'java/lang/NoSuchMethodError'{0x000000008ced6aa0}: <clinit>> (0x000000008ced6aa0) thrown at [./src/hotspot/share/prims/jni.cpp, line 1362]
Event: 28.986 Thread 0x000001be46d75800 Exception <a 'java/lang/NoSuchMethodError'{0x000000008cee8ff0}: <clinit>> (0x000000008cee8ff0) thrown at [./src/hotspot/share/prims/jni.cpp, line 1362]

Events (20 events):
Event: 29.026 loading class com/android/tools/r8/internal/Ui
Event: 29.026 loading class com/android/tools/r8/internal/Ui done
Event: 29.027 loading class com/android/tools/r8/internal/uf$a
Event: 29.027 loading class com/android/tools/r8/internal/uf$a done
Event: 29.027 loading class com/android/tools/r8/internal/Md
Event: 29.027 loading class com/android/tools/r8/internal/Md done
Event: 29.028 loading class com/android/tools/r8/internal/ff
Event: 29.028 loading class com/android/tools/r8/internal/ff done
Event: 29.029 loading class com/android/tools/r8/graph/T$Q
Event: 29.029 loading class com/android/tools/r8/graph/T$Q done
Event: 29.030 loading class com/android/tools/r8/graph/e0
Event: 29.030 loading class com/android/tools/r8/graph/e0 done
Event: 29.031 loading class com/android/tools/r8/internal/pa
Event: 29.031 loading class com/android/tools/r8/internal/pa done
Event: 29.031 loading class com/android/tools/r8/graph/P
Event: 29.031 loading class com/android/tools/r8/graph/P done
Event: 29.083 loading class com/android/tools/r8/graph/O
Event: 29.083 loading class com/android/tools/r8/graph/O done
Event: 29.125 loading class com/android/tools/r8/internal/Iw
Event: 29.125 loading class com/android/tools/r8/internal/Iw done


Dynamic libraries:
0x00007ff7687e0000 - 0x00007ff7687ea000 	C:\Program Files\Android\Android Studio1\jre\bin\java.exe
0x00007ffa1bfa0000 - 0x00007ffa1c190000 	C:\WINDOWS\SYSTEM32\ntdll.dll
0x00007ffa1b3e0000 - 0x00007ffa1b492000 	C:\WINDOWS\System32\KERNEL32.DLL
0x00007ffa19020000 - 0x00007ffa192c4000 	C:\WINDOWS\System32\KERNELBASE.dll
0x00007ffa19f20000 - 0x00007ffa1a01a000 	C:\WINDOWS\System32\ucrtbase.dll
0x00007ffa0a740000 - 0x00007ffa0a757000 	C:\Program Files\Android\Android Studio1\jre\bin\VCRUNTIME140.dll
0x00007ffa0a680000 - 0x00007ffa0a699000 	C:\Program Files\Android\Android Studio1\jre\bin\jli.dll
0x00007ffa1bb50000 - 0x00007ffa1bce4000 	C:\WINDOWS\System32\USER32.dll
0x00007ffa1a020000 - 0x00007ffa1a041000 	C:\WINDOWS\System32\win32u.dll
0x00007ffa1b840000 - 0x00007ffa1b866000 	C:\WINDOWS\System32\GDI32.dll
0x00007ffa19d80000 - 0x00007ffa19f16000 	C:\WINDOWS\System32\gdi32full.dll
0x00007ffa05400000 - 0x00007ffa05684000 	C:\WINDOWS\WinSxS\amd64_microsoft.windows.common-controls_6595b64144ccf1df_6.0.18362.959_none_e6c7bbbf130c62bb\COMCTL32.dll
0x00007ffa19420000 - 0x00007ffa194be000 	C:\WINDOWS\System32\msvcp_win.dll
0x00007ffa1a100000 - 0x00007ffa1a19e000 	C:\WINDOWS\System32\msvcrt.dll
0x00007ffa1a280000 - 0x00007ffa1a5b5000 	C:\WINDOWS\System32\combase.dll
0x00007ffa1b870000 - 0x00007ffa1b990000 	C:\WINDOWS\System32\RPCRT4.dll
0x00007ffa19d00000 - 0x00007ffa19d80000 	C:\WINDOWS\System32\bcryptPrimitives.dll
0x00007ffa1a050000 - 0x00007ffa1a07e000 	C:\WINDOWS\System32\IMM32.DLL
0x00007ff9f8300000 - 0x00007ff9f839d000 	C:\Program Files\Android\Android Studio1\jre\bin\msvcp140.dll
0x00007ff9b1540000 - 0x00007ff9b200f000 	C:\Program Files\Android\Android Studio1\jre\bin\server\jvm.dll
0x00007ffa1b4a0000 - 0x00007ffa1b543000 	C:\WINDOWS\System32\ADVAPI32.dll
0x00007ffa1b7a0000 - 0x00007ffa1b837000 	C:\WINDOWS\System32\sechost.dll
0x00007ffa1a1a0000 - 0x00007ffa1a1a8000 	C:\WINDOWS\System32\PSAPI.DLL
0x00007ffa15040000 - 0x00007ffa15049000 	C:\WINDOWS\SYSTEM32\WSOCK32.dll
0x00007ffa1b9a0000 - 0x00007ffa1ba0f000 	C:\WINDOWS\System32\WS2_32.dll
0x00007ffa154b0000 - 0x00007ffa154d4000 	C:\WINDOWS\SYSTEM32\WINMM.dll
0x00007ffa0ff60000 - 0x00007ffa0ff6a000 	C:\WINDOWS\SYSTEM32\VERSION.dll
0x00007ffa15480000 - 0x00007ffa154ad000 	C:\WINDOWS\SYSTEM32\winmmbase.dll
0x00007ffa18fd0000 - 0x00007ffa1901a000 	C:\WINDOWS\System32\cfgmgr32.dll
0x00007ffa18eb0000 - 0x00007ffa18ec1000 	C:\WINDOWS\System32\kernel.appcore.dll
0x00007ffa0a630000 - 0x00007ffa0a641000 	C:\Program Files\Android\Android Studio1\jre\bin\verify.dll
0x00007ffa015e0000 - 0x00007ffa017d4000 	C:\WINDOWS\SYSTEM32\DBGHELP.DLL
0x00007ffa015b0000 - 0x00007ffa015da000 	C:\WINDOWS\SYSTEM32\dbgcore.DLL
0x00007ffa0a5c0000 - 0x00007ffa0a5e9000 	C:\Program Files\Android\Android Studio1\jre\bin\java.dll
0x00007ffa121d0000 - 0x00007ffa121db000 	C:\Program Files\Android\Android Studio1\jre\bin\jimage.dll
0x00007ffa0a410000 - 0x00007ffa0a428000 	C:\Program Files\Android\Android Studio1\jre\bin\zip.dll
0x00007ffa1a880000 - 0x00007ffa1af66000 	C:\WINDOWS\System32\SHELL32.dll
0x00007ffa1a7d0000 - 0x00007ffa1a879000 	C:\WINDOWS\System32\shcore.dll
0x00007ffa19570000 - 0x00007ffa19cf2000 	C:\WINDOWS\System32\windows.storage.dll
0x00007ffa18ed0000 - 0x00007ffa18ef3000 	C:\WINDOWS\System32\profapi.dll
0x00007ffa18e60000 - 0x00007ffa18eaa000 	C:\WINDOWS\System32\powrprof.dll
0x00007ffa18e50000 - 0x00007ffa18e60000 	C:\WINDOWS\System32\UMPDC.dll
0x00007ffa1bdc0000 - 0x00007ffa1be12000 	C:\WINDOWS\System32\shlwapi.dll
0x00007ffa18fb0000 - 0x00007ffa18fc7000 	C:\WINDOWS\System32\cryptsp.dll
0x00007ffa0a310000 - 0x00007ffa0a32a000 	C:\Program Files\Android\Android Studio1\jre\bin\net.dll
0x00007ffa0b2e0000 - 0x00007ffa0b3d0000 	C:\WINDOWS\SYSTEM32\WINHTTP.dll
0x00007ffa18660000 - 0x00007ffa186c7000 	C:\WINDOWS\system32\mswsock.dll
0x00007ffa06a40000 - 0x00007ffa06a54000 	C:\Program Files\Android\Android Studio1\jre\bin\nio.dll
0x00007ff9f8110000 - 0x00007ff9f8137000 	C:\Users\Somesh\.gradle\native\8bec1ad78214c89d9ad589b4d07fe93259594b29d510b10fafb7a158f7737e5d\windows-amd64\native-platform.dll
0x00007ff9b60a0000 - 0x00007ff9b61dd000 	C:\Users\Somesh\.gradle\native\53dbd7edfb1c66fb8903c78663c9afc45aea4f116125fa6feffd364cf09443e8\windows-amd64\native-platform-file-events.dll
0x00007ffa11d70000 - 0x00007ffa11d7a000 	C:\Program Files\Android\Android Studio1\jre\bin\management.dll
0x00007ffa0b080000 - 0x00007ffa0b08c000 	C:\Program Files\Android\Android Studio1\jre\bin\management_ext.dll
0x00007ffa181d0000 - 0x00007ffa18203000 	C:\WINDOWS\system32\rsaenh.dll
0x00007ffa18f20000 - 0x00007ffa18f46000 	C:\WINDOWS\System32\bcrypt.dll
0x00007ffa18d70000 - 0x00007ffa18d95000 	C:\WINDOWS\SYSTEM32\USERENV.dll
0x00007ffa18830000 - 0x00007ffa1883c000 	C:\WINDOWS\SYSTEM32\CRYPTBASE.dll
0x00007ffa18370000 - 0x00007ffa183aa000 	C:\WINDOWS\SYSTEM32\IPHLPAPI.DLL
0x00007ffa1b990000 - 0x00007ffa1b998000 	C:\WINDOWS\System32\NSI.dll
0x00007ffa0f290000 - 0x00007ffa0f2a6000 	C:\WINDOWS\SYSTEM32\dhcpcsvc6.DLL
0x00007ffa0fe90000 - 0x00007ffa0feac000 	C:\WINDOWS\SYSTEM32\dhcpcsvc.DLL
0x00007ffa183b0000 - 0x00007ffa1847b000 	C:\WINDOWS\SYSTEM32\DNSAPI.dll

dbghelp: loaded successfully - version: 4.0.5 - missing functions: none
symbol engine: initialized successfully - sym options: 0x614 - pdb path: .;C:\Program Files\Android\Android Studio1\jre\bin;C:\WINDOWS\SYSTEM32;C:\WINDOWS\WinSxS\amd64_microsoft.windows.common-controls_6595b64144ccf1df_6.0.18362.959_none_e6c7bbbf130c62bb;C:\Program Files\Android\Android Studio1\jre\bin\server;C:\Users\Somesh\.gradle\native\8bec1ad78214c89d9ad589b4d07fe93259594b29d510b10fafb7a158f7737e5d\windows-amd64;C:\Users\Somesh\.gradle\native\53dbd7edfb1c66fb8903c78663c9afc45aea4f116125fa6feffd364cf09443e8\windows-amd64

VM Arguments:
jvm_args: --add-opens=java.base/java.util=ALL-UNNAMED --add-opens=java.base/java.lang=ALL-UNNAMED --add-opens=java.base/java.lang.invoke=ALL-UNNAMED --add-opens=java.base/java.util=ALL-UNNAMED --add-opens=java.prefs/java.util.prefs=ALL-UNNAMED --add-opens=java.prefs/java.util.prefs=ALL-UNNAMED --add-opens=java.base/java.nio.charset=ALL-UNNAMED --add-opens=java.base/java.net=ALL-UNNAMED --add-opens=java.base/java.util.concurrent.atomic=ALL-UNNAMED -Xmx2048m -Dfile.encoding=UTF-8 -Duser.country=IN -Duser.language=en -Duser.variant 
java_command: org.gradle.launcher.daemon.bootstrap.GradleDaemon 7.0.2
java_class_path (initial): C:\Users\Somesh\.gradle\wrapper\dists\gradle-7.0.2-bin\857tjihv64xamwrf0h14cai3r\gradle-7.0.2\lib\gradle-launcher-7.0.2.jar
Launcher Type: SUN_STANDARD

[Global flags]
     intx CICompilerCount                          = 3                                         {product} {ergonomic}
     uint ConcGCThreads                            = 1                                         {product} {ergonomic}
     uint G1ConcRefinementThreads                  = 4                                         {product} {ergonomic}
   size_t G1HeapRegionSize                         = 1048576                                   {product} {ergonomic}
    uintx GCDrainStackTargetSize                   = 64                                        {product} {ergonomic}
   size_t InitialHeapSize                          = 130023424                                 {product} {ergonomic}
   size_t MarkStackSize                            = 4194304                                   {product} {ergonomic}
   size_t MaxHeapSize                              = 2147483648                                {product} {command line}
   size_t MaxNewSize                               = 1287651328                                {product} {ergonomic}
   size_t MinHeapDeltaBytes                        = 1048576                                   {product} {ergonomic}
    uintx NonNMethodCodeHeapSize                   = 5830732                                {pd product} {ergonomic}
    uintx NonProfiledCodeHeapSize                  = 122913754                              {pd product} {ergonomic}
    uintx ProfiledCodeHeapSize                     = 122913754                              {pd product} {ergonomic}
    uintx ReservedCodeCacheSize                    = 251658240                              {pd product} {ergonomic}
     bool SegmentedCodeCache                       = true                                      {product} {ergonomic}
     bool UseCompressedClassPointers               = true                                 {lp64_product} {ergonomic}
     bool UseCompressedOops                        = true                                 {lp64_product} {ergonomic}
     bool UseG1GC                                  = true                                      {product} {ergonomic}
     bool UseLargePagesIndividualAllocation        = false                                  {pd product} {ergonomic}

Logging:
Log output configuration:
 #0: stdout all=warning uptime,level,tags
 #1: stderr all=off uptime,level,tags

Environment Variables:
JAVA_HOME=C:\Program Files\Java\jdk-16.0.2
PATH=C:\Program Files\Common Files\Oracle\Java\javapath;C:\Program Files (x86)\Common Files\Intel\Shared Libraries\redist\intel64\compiler;C:\WINDOWS\system32;C:\WINDOWS;C:\WINDOWS\System32\Wbem;C:\WINDOWS\System32\WindowsPowerShell\v1.0\;C:\WINDOWS\System32\OpenSSH\;C:\Program Files (x86)\Brackets\command;C:\Program Files\Java\jdk-16.0.2\bin;C:\Users\Somesh\AppData\Local\Programs\Python\Python37\Scripts\;C:\Users\Somesh\AppData\Local\Programs\Python\Python37\;C:\Python27;C:\Python27\DLLs;C:\Python27\Scripts;C:\Users\Somesh\AppData\Local\Microsoft\WindowsApps;C:\Users\Somesh\AppData\Local\Programs\Git\cmd;C:\Users\Somesh\AppData\Local\Programs\Microsoft VS Code\bin
USERNAME=Somesh
OS=Windows_NT
PROCESSOR_IDENTIFIER=Intel64 Family 6 Model 142 Stepping 9, GenuineIntel



---------------  S Y S T E M  ---------------

OS: Windows 10 , 64 bit Build 18362 (10.0.18362.959)
OS uptime: 9 days 17:42 hours

CPU:total 4 (initial active 4) (2 cores per cpu, 2 threads per core) family 6 model 142 stepping 9 microcode 0xb4, cmov, cx8, fxsr, mmx, sse, sse2, sse3, ssse3, sse4.1, sse4.2, popcnt, avx, avx2, aes, clmul, erms, 3dnowpref, lzcnt, ht, tsc, tscinvbit, bmi1, bmi2, adx, fma

Memory: 4k page, system-wide physical 7899M (1175M free)
TotalPageFile size 9785M (AvailPageFile size 5M)
current process WorkingSet (physical memory assigned to process): 474M, peak: 475M
current process commit charge ("private bytes"): 503M, peak: 505M

vm_info: OpenJDK 64-Bit Server VM (11.0.10+0-b96-7249189) for windows-amd64 JRE (11.0.10+0-b96-7249189), built on Mar 31 2021 21:44:00 by "builder" with MS VC++ 14.0 (VS2015)

END.
