#
# There is insufficient memory for the Java Runtime Environment to continue.
# Native memory allocation (malloc) failed to allocate 997216 bytes for Chunk::new
# Possible reasons:
#   The system is out of physical RAM or swap space
#   The process is running with CompressedOops enabled, and the Java Heap may be blocking the growth of the native heap
# Possible solutions:
#   Reduce memory load on the system
#   Increase physical memory or swap space
#   Check if swap backing store is full
#   Decrease Java heap size (-Xmx/-Xms)
#   Decrease number of Java threads
#   Decrease Java thread stack sizes (-Xss)
#   Set larger code cache with -XX:ReservedCodeCacheSize=
#   JVM is running with Unscaled Compressed Oops mode in which the Java heap is
#     placed in the first 4GB address space. The Java Heap base address is the
#     maximum limit for the native heap growth. Please use -XX:HeapBaseMinAddress
#     to set the Java Heap base and to place the Java Heap above 4GB virtual address.
# This output file may be truncated or incomplete.
#
#  Out of Memory Error (./src/hotspot/share/memory/arena.cpp:197), pid=5772, tid=14776
#
# JRE version: OpenJDK Runtime Environment (11.0.10) (build 11.0.10+0-b96-7249189)
# Java VM: OpenJDK 64-Bit Server VM (11.0.10+0-b96-7249189, mixed mode, tiered, compressed oops, g1 gc, windows-amd64)
# No core dump will be written. Minidumps are not enabled by default on client versions of Windows
#

---------------  S U M M A R Y ------------

Command Line: org.jetbrains.kotlin.cli.jvm.K2JVMCompiler @D:\QuizApp\app\build\20211003_2249786878175335961.compiler.options

Host: Intel(R) Core(TM) i5-7200U CPU @ 2.50GHz, 4 cores, 7G,  Windows 10 , 64 bit Build 18362 (10.0.18362.959)
Time: Sun Oct  3 00:49:32 2021 India Standard Time elapsed time: 3.101699 seconds (0d 0h 0m 3s)

---------------  T H R E A D  ---------------

Current thread (0x000002da717cf800):  JavaThread "C2 CompilerThread0" daemon [_thread_in_native, id=14776, stack(0x000000edad100000,0x000000edad200000)]


Current CompileTask:
C2:   3101 1934   !   4       jdk.internal.loader.BuiltinClassLoader::loadClassOrNull (143 bytes)

Stack: [0x000000edad100000,0x000000edad200000]
Native frames: (J=compiled Java code, j=interpreted, Vv=VM code, C=native code)
V  [jvm.dll+0x5ecfaa]
V  [jvm.dll+0x722bd5]
V  [jvm.dll+0x72412d]
V  [jvm.dll+0x7247e3]
V  [jvm.dll+0x242928]
V  [jvm.dll+0xbc4fc]
V  [jvm.dll+0xbca0c]
V  [jvm.dll+0x2b4fd4]
V  [jvm.dll+0x506028]
V  [jvm.dll+0x203253]
V  [jvm.dll+0x1fd07c]
V  [jvm.dll+0x1fa77f]
V  [jvm.dll+0x18354c]
V  [jvm.dll+0x208ee7]
V  [jvm.dll+0x207731]
V  [jvm.dll+0x6eb1cf]
V  [jvm.dll+0x6e3d45]
V  [jvm.dll+0x5ebe96]
C  [ucrtbase.dll+0x20e82]
C  [KERNEL32.DLL+0x17bd4]
C  [ntdll.dll+0x6ce51]


---------------  P R O C E S S  ---------------

Threads class SMR info:
_java_thread_list=0x000002da72a01150, length=11, elements={
0x000002da57e7b800, 0x000002da717b9000, 0x000002da717ba800, 0x000002da72139800,
0x000002da7213b800, 0x000002da7213d000, 0x000002da717cf800, 0x000002da717d1800,
0x000002da717df800, 0x000002da72284800, 0x000002da729cc800
}

Java Threads: ( => current thread )
  0x000002da57e7b800 JavaThread "main" [_thread_in_Java, id=10100, stack(0x000000edac500000,0x000000edac600000)]
  0x000002da717b9000 JavaThread "Reference Handler" daemon [_thread_blocked, id=4708, stack(0x000000edacc00000,0x000000edacd00000)]
  0x000002da717ba800 JavaThread "Finalizer" daemon [_thread_blocked, id=884, stack(0x000000edacd00000,0x000000edace00000)]
  0x000002da72139800 JavaThread "Signal Dispatcher" daemon [_thread_blocked, id=7188, stack(0x000000edace00000,0x000000edacf00000)]
  0x000002da7213b800 JavaThread "Attach Listener" daemon [_thread_blocked, id=9476, stack(0x000000edacf00000,0x000000edad000000)]
  0x000002da7213d000 JavaThread "Service Thread" daemon [_thread_blocked, id=15196, stack(0x000000edad000000,0x000000edad100000)]
=>0x000002da717cf800 JavaThread "C2 CompilerThread0" daemon [_thread_in_native, id=14776, stack(0x000000edad100000,0x000000edad200000)]
  0x000002da717d1800 JavaThread "C1 CompilerThread0" daemon [_thread_blocked, id=6952, stack(0x000000edad200000,0x000000edad300000)]
  0x000002da717df800 JavaThread "Sweeper thread" daemon [_thread_blocked, id=228, stack(0x000000edad300000,0x000000edad400000)]
  0x000002da72284800 JavaThread "Common-Cleaner" daemon [_thread_blocked, id=14248, stack(0x000000edad500000,0x000000edad600000)]
  0x000002da729cc800 JavaThread "C2 CompilerThread1" daemon [_thread_blocked, id=1620, stack(0x000000edad700000,0x000000edad800000)]

Other Threads:
  0x000002da71791800 VMThread "VM Thread" [stack: 0x000000edacb00000,0x000000edacc00000] [id=2432]
  0x000002da72292000 WatcherThread [stack: 0x000000edad400000,0x000000edad500000] [id=10820]
  0x000002da57e94000 GCTaskThread "GC Thread#0" [stack: 0x000000edac600000,0x000000edac700000] [id=3212]
  0x000002da72829800 GCTaskThread "GC Thread#1" [stack: 0x000000edad600000,0x000000edad700000] [id=4184]
  0x000002da57ec5000 ConcurrentGCThread "G1 Main Marker" [stack: 0x000000edac700000,0x000000edac800000] [id=14284]
  0x000002da57ec6800 ConcurrentGCThread "G1 Conc#0" [stack: 0x000000edac800000,0x000000edac900000] [id=3060]
  0x000002da57f47000 ConcurrentGCThread "G1 Refine#0" [stack: 0x000000edac900000,0x000000edaca00000] [id=9052]
  0x000002da57f49800 ConcurrentGCThread "G1 Young RemSet Sampling" [stack: 0x000000edaca00000,0x000000edacb00000] [id=12936]

Threads with active compile tasks:
C2 CompilerThread0   3126 1934   !   4       jdk.internal.loader.BuiltinClassLoader::loadClassOrNull (143 bytes)

VM state:not at safepoint (normal execution)

VM Mutex/Monitor currently owned by a thread: None

Heap address: 0x0000000084800000, size: 1976 MB, Compressed Oops mode: 32-bit
Narrow klass base: 0x0000000000000000, Narrow klass shift: 3
Compressed class space size: 1073741824 Address: 0x0000000100000000

Heap:
 garbage-first heap   total 126976K, used 41136K [0x0000000084800000, 0x0000000100000000)
  region size 1024K, 33 young (33792K), 7 survivors (7168K)
 Metaspace       used 28015K, capacity 28478K, committed 28672K, reserved 1075200K
  class space    used 3040K, capacity 3225K, committed 3328K, reserved 1048576K
Heap Regions: E=young(eden), S=young(survivor), O=old, HS=humongous(starts), HC=humongous(continues), CS=collection set, F=free, A=archive, TAMS=top-at-mark-start (previous, next)
|   0|0x0000000084800000, 0x0000000084900000, 0x0000000084900000|100%|HS|  |TAMS 0x0000000084900000, 0x0000000084800000| Complete 
|   1|0x0000000084900000, 0x0000000084a00000, 0x0000000084a00000|100%|HC|  |TAMS 0x0000000084a00000, 0x0000000084900000| Complete 
|   2|0x0000000084a00000, 0x0000000084b00000, 0x0000000084b00000|100%|HC|  |TAMS 0x0000000084b00000, 0x0000000084a00000| Complete 
|   3|0x0000000084b00000, 0x0000000084b00000, 0x0000000084c00000|  0%| F|  |TAMS 0x0000000084b00000, 0x0000000084b00000| Untracked 
|   4|0x0000000084c00000, 0x0000000084c10c00, 0x0000000084d00000|  6%| O|  |TAMS 0x0000000084c10c00, 0x0000000084c00000| Untracked 
|   5|0x0000000084d00000, 0x0000000084e00000, 0x0000000084e00000|100%|HS|  |TAMS 0x0000000084d00000, 0x0000000084d00000| Complete 
|   6|0x0000000084e00000, 0x0000000084f00000, 0x0000000084f00000|100%|HC|  |TAMS 0x0000000084e00000, 0x0000000084e00000| Complete 
|   7|0x0000000084f00000, 0x0000000085000000, 0x0000000085000000|100%|HC|  |TAMS 0x0000000084f00000, 0x0000000084f00000| Complete 
|   8|0x0000000085000000, 0x0000000085100000, 0x0000000085100000|100%|HS|  |TAMS 0x0000000085000000, 0x0000000085000000| Complete 
|   9|0x0000000085100000, 0x0000000085200000, 0x0000000085200000|100%|HC|  |TAMS 0x0000000085100000, 0x0000000085100000| Complete 
|  10|0x0000000085200000, 0x0000000085300000, 0x0000000085300000|100%|HC|  |TAMS 0x0000000085200000, 0x0000000085200000| Complete 
|  11|0x0000000085300000, 0x0000000085300000, 0x0000000085400000|  0%| F|  |TAMS 0x0000000085300000, 0x0000000085300000| Untracked 
|  12|0x0000000085400000, 0x0000000085400000, 0x0000000085500000|  0%| F|  |TAMS 0x0000000085400000, 0x0000000085400000| Untracked 
|  13|0x0000000085500000, 0x0000000085500000, 0x0000000085600000|  0%| F|  |TAMS 0x0000000085500000, 0x0000000085500000| Untracked 
|  14|0x0000000085600000, 0x0000000085600000, 0x0000000085700000|  0%| F|  |TAMS 0x0000000085600000, 0x0000000085600000| Untracked 
|  15|0x0000000085700000, 0x0000000085700000, 0x0000000085800000|  0%| F|  |TAMS 0x0000000085700000, 0x0000000085700000| Untracked 
|  16|0x0000000085800000, 0x0000000085800000, 0x0000000085900000|  0%| F|  |TAMS 0x0000000085800000, 0x0000000085800000| Untracked 
|  17|0x0000000085900000, 0x0000000085900000, 0x0000000085a00000|  0%| F|  |TAMS 0x0000000085900000, 0x0000000085900000| Untracked 
|  18|0x0000000085a00000, 0x0000000085a00000, 0x0000000085b00000|  0%| F|  |TAMS 0x0000000085a00000, 0x0000000085a00000| Untracked 
|  19|0x0000000085b00000, 0x0000000085b00000, 0x0000000085c00000|  0%| F|  |TAMS 0x0000000085b00000, 0x0000000085b00000| Untracked 
|  20|0x0000000085c00000, 0x0000000085c00000, 0x0000000085d00000|  0%| F|  |TAMS 0x0000000085c00000, 0x0000000085c00000| Untracked 
|  21|0x0000000085d00000, 0x0000000085d00000, 0x0000000085e00000|  0%| F|  |TAMS 0x0000000085d00000, 0x0000000085d00000| Untracked 
|  22|0x0000000085e00000, 0x0000000085e00000, 0x0000000085f00000|  0%| F|  |TAMS 0x0000000085e00000, 0x0000000085e00000| Untracked 
|  23|0x0000000085f00000, 0x0000000085f00000, 0x0000000086000000|  0%| F|  |TAMS 0x0000000085f00000, 0x0000000085f00000| Untracked 
|  24|0x0000000086000000, 0x0000000086000000, 0x0000000086100000|  0%| F|  |TAMS 0x0000000086000000, 0x0000000086000000| Untracked 
|  25|0x0000000086100000, 0x0000000086100000, 0x0000000086200000|  0%| F|  |TAMS 0x0000000086100000, 0x0000000086100000| Untracked 
|  26|0x0000000086200000, 0x0000000086200000, 0x0000000086300000|  0%| F|  |TAMS 0x0000000086200000, 0x0000000086200000| Untracked 
|  27|0x0000000086300000, 0x0000000086300000, 0x0000000086400000|  0%| F|  |TAMS 0x0000000086300000, 0x0000000086300000| Untracked 
|  28|0x0000000086400000, 0x0000000086400000, 0x0000000086500000|  0%| F|  |TAMS 0x0000000086400000, 0x0000000086400000| Untracked 
|  29|0x0000000086500000, 0x0000000086500000, 0x0000000086600000|  0%| F|  |TAMS 0x0000000086500000, 0x0000000086500000| Untracked 
|  30|0x0000000086600000, 0x0000000086600000, 0x0000000086700000|  0%| F|  |TAMS 0x0000000086600000, 0x0000000086600000| Untracked 
|  31|0x0000000086700000, 0x0000000086700000, 0x0000000086800000|  0%| F|  |TAMS 0x0000000086700000, 0x0000000086700000| Untracked 
|  32|0x0000000086800000, 0x0000000086800000, 0x0000000086900000|  0%| F|  |TAMS 0x0000000086800000, 0x0000000086800000| Untracked 
|  33|0x0000000086900000, 0x0000000086900000, 0x0000000086a00000|  0%| F|  |TAMS 0x0000000086900000, 0x0000000086900000| Untracked 
|  34|0x0000000086a00000, 0x0000000086a00000, 0x0000000086b00000|  0%| F|  |TAMS 0x0000000086a00000, 0x0000000086a00000| Untracked 
|  35|0x0000000086b00000, 0x0000000086b00000, 0x0000000086c00000|  0%| F|  |TAMS 0x0000000086b00000, 0x0000000086b00000| Untracked 
|  36|0x0000000086c00000, 0x0000000086c00000, 0x0000000086d00000|  0%| F|  |TAMS 0x0000000086c00000, 0x0000000086c00000| Untracked 
|  37|0x0000000086d00000, 0x0000000086d00000, 0x0000000086e00000|  0%| F|  |TAMS 0x0000000086d00000, 0x0000000086d00000| Untracked 
|  38|0x0000000086e00000, 0x0000000086e00000, 0x0000000086f00000|  0%| F|  |TAMS 0x0000000086e00000, 0x0000000086e00000| Untracked 
|  39|0x0000000086f00000, 0x0000000086f00000, 0x0000000087000000|  0%| F|  |TAMS 0x0000000086f00000, 0x0000000086f00000| Untracked 
|  40|0x0000000087000000, 0x0000000087000000, 0x0000000087100000|  0%| F|  |TAMS 0x0000000087000000, 0x0000000087000000| Untracked 
|  41|0x0000000087100000, 0x0000000087100000, 0x0000000087200000|  0%| F|  |TAMS 0x0000000087100000, 0x0000000087100000| Untracked 
|  42|0x0000000087200000, 0x0000000087200000, 0x0000000087300000|  0%| F|  |TAMS 0x0000000087200000, 0x0000000087200000| Untracked 
|  43|0x0000000087300000, 0x0000000087300000, 0x0000000087400000|  0%| F|  |TAMS 0x0000000087300000, 0x0000000087300000| Untracked 
|  44|0x0000000087400000, 0x0000000087400000, 0x0000000087500000|  0%| F|  |TAMS 0x0000000087400000, 0x0000000087400000| Untracked 
|  45|0x0000000087500000, 0x0000000087500000, 0x0000000087600000|  0%| F|  |TAMS 0x0000000087500000, 0x0000000087500000| Untracked 
|  46|0x0000000087600000, 0x0000000087600000, 0x0000000087700000|  0%| F|  |TAMS 0x0000000087600000, 0x0000000087600000| Untracked 
|  47|0x0000000087700000, 0x0000000087700000, 0x0000000087800000|  0%| F|  |TAMS 0x0000000087700000, 0x0000000087700000| Untracked 
|  48|0x0000000087800000, 0x0000000087800000, 0x0000000087900000|  0%| F|  |TAMS 0x0000000087800000, 0x0000000087800000| Untracked 
|  49|0x0000000087900000, 0x0000000087900000, 0x0000000087a00000|  0%| F|  |TAMS 0x0000000087900000, 0x0000000087900000| Untracked 
|  50|0x0000000087a00000, 0x0000000087a00000, 0x0000000087b00000|  0%| F|  |TAMS 0x0000000087a00000, 0x0000000087a00000| Untracked 
|  51|0x0000000087b00000, 0x0000000087b00000, 0x0000000087c00000|  0%| F|  |TAMS 0x0000000087b00000, 0x0000000087b00000| Untracked 
|  52|0x0000000087c00000, 0x0000000087c00000, 0x0000000087d00000|  0%| F|  |TAMS 0x0000000087c00000, 0x0000000087c00000| Untracked 
|  53|0x0000000087d00000, 0x0000000087d00000, 0x0000000087e00000|  0%| F|  |TAMS 0x0000000087d00000, 0x0000000087d00000| Untracked 
|  54|0x0000000087e00000, 0x0000000087e00000, 0x0000000087f00000|  0%| F|  |TAMS 0x0000000087e00000, 0x0000000087e00000| Untracked 
|  55|0x0000000087f00000, 0x0000000087f00000, 0x0000000088000000|  0%| F|  |TAMS 0x0000000087f00000, 0x0000000087f00000| Untracked 
|  56|0x0000000088000000, 0x0000000088000000, 0x0000000088100000|  0%| F|  |TAMS 0x0000000088000000, 0x0000000088000000| Untracked 
|  57|0x0000000088100000, 0x0000000088100000, 0x0000000088200000|  0%| F|  |TAMS 0x0000000088100000, 0x0000000088100000| Untracked 
|  58|0x0000000088200000, 0x0000000088200000, 0x0000000088300000|  0%| F|  |TAMS 0x0000000088200000, 0x0000000088200000| Untracked 
|  59|0x0000000088300000, 0x0000000088300000, 0x0000000088400000|  0%| F|  |TAMS 0x0000000088300000, 0x0000000088300000| Untracked 
|  60|0x0000000088400000, 0x0000000088400000, 0x0000000088500000|  0%| F|  |TAMS 0x0000000088400000, 0x0000000088400000| Untracked 
|  61|0x0000000088500000, 0x0000000088500000, 0x0000000088600000|  0%| F|  |TAMS 0x0000000088500000, 0x0000000088500000| Untracked 
|  62|0x0000000088600000, 0x0000000088600000, 0x0000000088700000|  0%| F|  |TAMS 0x0000000088600000, 0x0000000088600000| Untracked 
|  63|0x0000000088700000, 0x0000000088700000, 0x0000000088800000|  0%| F|  |TAMS 0x0000000088700000, 0x0000000088700000| Untracked 
|  64|0x0000000088800000, 0x0000000088800000, 0x0000000088900000|  0%| F|  |TAMS 0x0000000088800000, 0x0000000088800000| Untracked 
|  65|0x0000000088900000, 0x0000000088900000, 0x0000000088a00000|  0%| F|  |TAMS 0x0000000088900000, 0x0000000088900000| Untracked 
|  66|0x0000000088a00000, 0x0000000088a00000, 0x0000000088b00000|  0%| F|  |TAMS 0x0000000088a00000, 0x0000000088a00000| Untracked 
|  67|0x0000000088b00000, 0x0000000088b00000, 0x0000000088c00000|  0%| F|  |TAMS 0x0000000088b00000, 0x0000000088b00000| Untracked 
|  68|0x0000000088c00000, 0x0000000088c00000, 0x0000000088d00000|  0%| F|  |TAMS 0x0000000088c00000, 0x0000000088c00000| Untracked 
|  69|0x0000000088d00000, 0x0000000088d1b670, 0x0000000088e00000| 10%| S|CS|TAMS 0x0000000088d00000, 0x0000000088d00000| Complete 
|  70|0x0000000088e00000, 0x0000000088f00000, 0x0000000088f00000|100%| S|CS|TAMS 0x0000000088e00000, 0x0000000088e00000| Complete 
|  71|0x0000000088f00000, 0x0000000089000000, 0x0000000089000000|100%| S|CS|TAMS 0x0000000088f00000, 0x0000000088f00000| Complete 
|  72|0x0000000089000000, 0x0000000089100000, 0x0000000089100000|100%| S|CS|TAMS 0x0000000089000000, 0x0000000089000000| Complete 
|  73|0x0000000089100000, 0x0000000089200000, 0x0000000089200000|100%| S|CS|TAMS 0x0000000089100000, 0x0000000089100000| Complete 
|  74|0x0000000089200000, 0x0000000089300000, 0x0000000089300000|100%| S|CS|TAMS 0x0000000089200000, 0x0000000089200000| Complete 
|  75|0x0000000089300000, 0x0000000089400000, 0x0000000089400000|100%| S|CS|TAMS 0x0000000089300000, 0x0000000089300000| Complete 
|  76|0x0000000089400000, 0x0000000089400000, 0x0000000089500000|  0%| F|  |TAMS 0x0000000089400000, 0x0000000089400000| Untracked 
|  77|0x0000000089500000, 0x0000000089500000, 0x0000000089600000|  0%| F|  |TAMS 0x0000000089500000, 0x0000000089500000| Untracked 
|  78|0x0000000089600000, 0x0000000089600000, 0x0000000089700000|  0%| F|  |TAMS 0x0000000089600000, 0x0000000089600000| Untracked 
|  79|0x0000000089700000, 0x0000000089700000, 0x0000000089800000|  0%| F|  |TAMS 0x0000000089700000, 0x0000000089700000| Untracked 
|  80|0x0000000089800000, 0x0000000089800000, 0x0000000089900000|  0%| F|  |TAMS 0x0000000089800000, 0x0000000089800000| Untracked 
|  81|0x0000000089900000, 0x0000000089900000, 0x0000000089a00000|  0%| F|  |TAMS 0x0000000089900000, 0x0000000089900000| Untracked 
|  82|0x0000000089a00000, 0x0000000089a00000, 0x0000000089b00000|  0%| F|  |TAMS 0x0000000089a00000, 0x0000000089a00000| Untracked 
|  83|0x0000000089b00000, 0x0000000089b00000, 0x0000000089c00000|  0%| F|  |TAMS 0x0000000089b00000, 0x0000000089b00000| Untracked 
|  84|0x0000000089c00000, 0x0000000089c00000, 0x0000000089d00000|  0%| F|  |TAMS 0x0000000089c00000, 0x0000000089c00000| Untracked 
|  85|0x0000000089d00000, 0x0000000089d00000, 0x0000000089e00000|  0%| F|  |TAMS 0x0000000089d00000, 0x0000000089d00000| Untracked 
|  86|0x0000000089e00000, 0x0000000089e00000, 0x0000000089f00000|  0%| F|  |TAMS 0x0000000089e00000, 0x0000000089e00000| Untracked 
|  87|0x0000000089f00000, 0x0000000089f00000, 0x000000008a000000|  0%| F|  |TAMS 0x0000000089f00000, 0x0000000089f00000| Untracked 
|  88|0x000000008a000000, 0x000000008a000000, 0x000000008a100000|  0%| F|  |TAMS 0x000000008a000000, 0x000000008a000000| Untracked 
|  89|0x000000008a100000, 0x000000008a100000, 0x000000008a200000|  0%| F|  |TAMS 0x000000008a100000, 0x000000008a100000| Untracked 
|  90|0x000000008a200000, 0x000000008a200000, 0x000000008a300000|  0%| F|  |TAMS 0x000000008a200000, 0x000000008a200000| Untracked 
|  91|0x000000008a300000, 0x000000008a300000, 0x000000008a400000|  0%| F|  |TAMS 0x000000008a300000, 0x000000008a300000| Untracked 
|  92|0x000000008a400000, 0x000000008a400000, 0x000000008a500000|  0%| F|  |TAMS 0x000000008a400000, 0x000000008a400000| Untracked 
|  93|0x000000008a500000, 0x000000008a500000, 0x000000008a600000|  0%| F|  |TAMS 0x000000008a500000, 0x000000008a500000| Untracked 
|  94|0x000000008a600000, 0x000000008a600000, 0x000000008a700000|  0%| F|  |TAMS 0x000000008a600000, 0x000000008a600000| Untracked 
|  95|0x000000008a700000, 0x000000008a700000, 0x000000008a800000|  0%| F|  |TAMS 0x000000008a700000, 0x000000008a700000| Untracked 
|  96|0x000000008a800000, 0x000000008a800000, 0x000000008a900000|  0%| F|  |TAMS 0x000000008a800000, 0x000000008a800000| Untracked 
|  97|0x000000008a900000, 0x000000008a900000, 0x000000008aa00000|  0%| F|  |TAMS 0x000000008a900000, 0x000000008a900000| Untracked 
|  98|0x000000008aa00000, 0x000000008ab00000, 0x000000008ab00000|100%| E|  |TAMS 0x000000008aa00000, 0x000000008aa00000| Complete 
|  99|0x000000008ab00000, 0x000000008ac00000, 0x000000008ac00000|100%| E|CS|TAMS 0x000000008ab00000, 0x000000008ab00000| Complete 
| 100|0x000000008ac00000, 0x000000008ad00000, 0x000000008ad00000|100%| E|CS|TAMS 0x000000008ac00000, 0x000000008ac00000| Complete 
| 101|0x000000008ad00000, 0x000000008ae00000, 0x000000008ae00000|100%| E|CS|TAMS 0x000000008ad00000, 0x000000008ad00000| Complete 
| 102|0x000000008ae00000, 0x000000008af00000, 0x000000008af00000|100%| E|CS|TAMS 0x000000008ae00000, 0x000000008ae00000| Complete 
| 103|0x000000008af00000, 0x000000008b000000, 0x000000008b000000|100%| E|CS|TAMS 0x000000008af00000, 0x000000008af00000| Complete 
| 104|0x000000008b000000, 0x000000008b100000, 0x000000008b100000|100%| E|CS|TAMS 0x000000008b000000, 0x000000008b000000| Complete 
| 105|0x000000008b100000, 0x000000008b200000, 0x000000008b200000|100%| E|CS|TAMS 0x000000008b100000, 0x000000008b100000| Complete 
| 106|0x000000008b200000, 0x000000008b300000, 0x000000008b300000|100%| E|CS|TAMS 0x000000008b200000, 0x000000008b200000| Complete 
| 107|0x000000008b300000, 0x000000008b400000, 0x000000008b400000|100%| E|CS|TAMS 0x000000008b300000, 0x000000008b300000| Complete 
| 108|0x000000008b400000, 0x000000008b500000, 0x000000008b500000|100%| E|CS|TAMS 0x000000008b400000, 0x000000008b400000| Complete 
| 109|0x000000008b500000, 0x000000008b600000, 0x000000008b600000|100%| E|CS|TAMS 0x000000008b500000, 0x000000008b500000| Complete 
| 110|0x000000008b600000, 0x000000008b700000, 0x000000008b700000|100%| E|CS|TAMS 0x000000008b600000, 0x000000008b600000| Complete 
| 111|0x000000008b700000, 0x000000008b800000, 0x000000008b800000|100%| E|CS|TAMS 0x000000008b700000, 0x000000008b700000| Complete 
| 112|0x000000008b800000, 0x000000008b900000, 0x000000008b900000|100%| E|CS|TAMS 0x000000008b800000, 0x000000008b800000| Complete 
| 113|0x000000008b900000, 0x000000008ba00000, 0x000000008ba00000|100%| E|CS|TAMS 0x000000008b900000, 0x000000008b900000| Complete 
| 114|0x000000008ba00000, 0x000000008bb00000, 0x000000008bb00000|100%| E|CS|TAMS 0x000000008ba00000, 0x000000008ba00000| Complete 
| 115|0x000000008bb00000, 0x000000008bc00000, 0x000000008bc00000|100%| E|CS|TAMS 0x000000008bb00000, 0x000000008bb00000| Complete 
| 116|0x000000008bc00000, 0x000000008bd00000, 0x000000008bd00000|100%| E|CS|TAMS 0x000000008bc00000, 0x000000008bc00000| Complete 
| 117|0x000000008bd00000, 0x000000008be00000, 0x000000008be00000|100%| E|CS|TAMS 0x000000008bd00000, 0x000000008bd00000| Complete 
| 118|0x000000008be00000, 0x000000008bf00000, 0x000000008bf00000|100%| E|CS|TAMS 0x000000008be00000, 0x000000008be00000| Complete 
| 119|0x000000008bf00000, 0x000000008c000000, 0x000000008c000000|100%| E|CS|TAMS 0x000000008bf00000, 0x000000008bf00000| Complete 
| 120|0x000000008c000000, 0x000000008c100000, 0x000000008c100000|100%| E|CS|TAMS 0x000000008c000000, 0x000000008c000000| Complete 
| 121|0x000000008c100000, 0x000000008c200000, 0x000000008c200000|100%| E|CS|TAMS 0x000000008c100000, 0x000000008c100000| Complete 
| 122|0x000000008c200000, 0x000000008c300000, 0x000000008c300000|100%| E|CS|TAMS 0x000000008c200000, 0x000000008c200000| Complete 
| 123|0x000000008c300000, 0x000000008c400000, 0x000000008c400000|100%| E|CS|TAMS 0x000000008c300000, 0x000000008c300000| Complete 

Card table byte_map: [0x000002da6ad40000,0x000002da6b120000] _byte_map_base: 0x000002da6a91c000

Marking Bits (Prev, Next): (CMBitMap*) 0x000002da57ebc800, (CMBitMap*) 0x000002da57ebc7c8
 Prev Bits: [0x000002da6d3e0000, 0x000002da6f2c0000)
 Next Bits: [0x000002da6b500000, 0x000002da6d3e0000)

Polling page: 0x000002da57650000

Metaspace:

Usage:
  Non-class:     24.66 MB capacity,    24.39 MB ( 99%) used,   235.25 KB ( <1%) free+waste,    43.25 KB ( <1%) overhead. 
      Class:      3.15 MB capacity,     2.97 MB ( 94%) used,   164.48 KB (  5%) free+waste,    19.69 KB ( <1%) overhead. 
       Both:     27.81 MB capacity,    27.36 MB ( 98%) used,   399.73 KB (  1%) free+waste,    62.94 KB ( <1%) overhead. 

Virtual space:
  Non-class space:       26.00 MB reserved,      24.75 MB ( 95%) committed 
      Class space:        1.00 GB reserved,       3.25 MB ( <1%) committed 
             Both:        1.03 GB reserved,      28.00 MB (  3%) committed 

Chunk freelists:
   Non-Class:  27.00 KB
       Class:  7.00 KB
        Both:  34.00 KB

MaxMetaspaceSize: 17179869184.00 GB
CompressedClassSpaceSize: 1.00 GB

CodeHeap 'non-profiled nmethods': size=120064Kb used=649Kb max_used=649Kb free=119414Kb
 bounds [0x000002da63420000, 0x000002da63690000, 0x000002da6a960000]
CodeHeap 'profiled nmethods': size=120000Kb used=3727Kb max_used=3727Kb free=116272Kb
 bounds [0x000002da5bef0000, 0x000002da5c2a0000, 0x000002da63420000]
CodeHeap 'non-nmethods': size=5696Kb used=1158Kb max_used=1171Kb free=4537Kb
 bounds [0x000002da5b960000, 0x000002da5bbd0000, 0x000002da5bef0000]
 total_blobs=2477 nmethods=1973 adapters=415
 compilation: enabled
              stopped_count=0, restarted_count=0
 full_count=0

Compilation events (20 events):
Event: 3.073 Thread 0x000002da729cc800 1964       4       jdk.internal.org.objectweb.asm.ByteVector::putByte (39 bytes)
Event: 3.075 Thread 0x000002da729cc800 nmethod 1964 0x000002da634c0d10 code [0x000002da634c0ec0, 0x000002da634c0fe8]
Event: 3.075 Thread 0x000002da729cc800 1965       4       java.security.CodeSource::getCertificates (98 bytes)
Event: 3.076 Thread 0x000002da729cc800 nmethod 1965 0x000002da634c1110 code [0x000002da634c12a0, 0x000002da634c1338]
Event: 3.092 Thread 0x000002da729cc800 1967       4       java.io.ByteArrayOutputStream::ensureCapacity (16 bytes)
Event: 3.092 Thread 0x000002da717d1800 1968       3       java.lang.reflect.ProxyGenerator$ConstantPool::getMethodRef (33 bytes)
Event: 3.093 Thread 0x000002da717d1800 nmethod 1968 0x000002da5c28e990 code [0x000002da5c28ec60, 0x000002da5c28f8c8]
Event: 3.093 Thread 0x000002da717d1800 1970  s    3       java.io.DataOutputStream::write (16 bytes)
Event: 3.094 Thread 0x000002da717d1800 nmethod 1970 0x000002da5c28fe10 code [0x000002da5c28ffe0, 0x000002da5c2903c8]
Event: 3.094 Thread 0x000002da717d1800 1971       3       java.lang.reflect.ProxyGenerator$ConstantPool$ValueEntry::write (190 bytes)
Event: 3.095 Thread 0x000002da729cc800 nmethod 1967 0x000002da634c1610 code [0x000002da634c17c0, 0x000002da634c1978]
Event: 3.095 Thread 0x000002da729cc800 1969  s    4       java.io.ByteArrayOutputStream::write (32 bytes)
Event: 3.096 Thread 0x000002da717d1800 nmethod 1971 0x000002da5c290510 code [0x000002da5c290980, 0x000002da5c292e08]
Event: 3.096 Thread 0x000002da717d1800 1972       3       java.io.DataOutputStream::writeUTF (7 bytes)
Event: 3.096 Thread 0x000002da717d1800 nmethod 1972 0x000002da5c293790 code [0x000002da5c293940, 0x000002da5c293a68]
Event: 3.096 Thread 0x000002da717d1800 1973       3       jdk.internal.reflect.ConstructorAccessorImpl::<init> (5 bytes)
Event: 3.096 Thread 0x000002da717d1800 nmethod 1973 0x000002da5c293b10 code [0x000002da5c293cc0, 0x000002da5c293e78]
Event: 3.096 Thread 0x000002da717d1800 1974       1       jdk.internal.reflect.NativeConstructorAccessorImpl::setParent (6 bytes)
Event: 3.096 Thread 0x000002da717d1800 nmethod 1974 0x000002da634c1a90 code [0x000002da634c1c40, 0x000002da634c1d38]
Event: 3.100 Thread 0x000002da729cc800 nmethod 1969 0x000002da634c1d90 code [0x000002da634c1f40, 0x000002da634c23f8]

GC Heap History (4 events):
Event: 1.172 GC heap before
{Heap before GC invocations=0 (full 0):
 garbage-first heap   total 126976K, used 17408K [0x0000000084800000, 0x0000000100000000)
  region size 1024K, 14 young (14336K), 0 survivors (0K)
 Metaspace       used 9776K, capacity 9871K, committed 10112K, reserved 1058816K
  class space    used 829K, capacity 884K, committed 896K, reserved 1048576K
}
Event: 1.177 GC heap after
{Heap after GC invocations=1 (full 0):
 garbage-first heap   total 126976K, used 5187K [0x0000000084800000, 0x0000000100000000)
  region size 1024K, 2 young (2048K), 2 survivors (2048K)
 Metaspace       used 9776K, capacity 9871K, committed 10112K, reserved 1058816K
  class space    used 829K, capacity 884K, committed 896K, reserved 1048576K
}
Event: 2.380 GC heap before
{Heap before GC invocations=1 (full 0):
 garbage-first heap   total 126976K, used 51267K [0x0000000084800000, 0x0000000100000000)
  region size 1024K, 48 young (49152K), 2 survivors (2048K)
 Metaspace       used 20976K, capacity 21201K, committed 21248K, reserved 1069056K
  class space    used 2213K, capacity 2297K, committed 2304K, reserved 1048576K
}
Event: 2.402 GC heap after
{Heap after GC invocations=2 (full 0):
 garbage-first heap   total 126976K, used 9392K [0x0000000084800000, 0x0000000100000000)
  region size 1024K, 7 young (7168K), 7 survivors (7168K)
 Metaspace       used 20976K, capacity 21201K, committed 21248K, reserved 1069056K
  class space    used 2213K, capacity 2297K, committed 2304K, reserved 1048576K
}

Deoptimization events (20 events):
Event: 2.781 Thread 0x000002da57e7b800 Uncommon trap: trap_request=0xffffff4d fr.pc=0x000002da634a8d68 relative=0x00000000000001c8
Event: 2.781 Thread 0x000002da57e7b800 Uncommon trap: reason=unstable_if action=reinterpret pc=0x000002da634a8d68 method=java.util.Arrays.hashCode([B)I @ 1 c2
Event: 2.781 Thread 0x000002da57e7b800 DEOPT PACKING pc=0x000002da634a8d68 sp=0x000000edac5fe400
Event: 2.781 Thread 0x000002da57e7b800 DEOPT UNPACKING pc=0x000002da5b9878af sp=0x000000edac5fe370 mode 2
Event: 2.822 Thread 0x000002da57e7b800 Uncommon trap: trap_request=0xffffff4d fr.pc=0x000002da634ad4ec relative=0x000000000000014c
Event: 2.822 Thread 0x000002da57e7b800 Uncommon trap: reason=unstable_if action=reinterpret pc=0x000002da634ad4ec method=jdk.nio.zipfs.ZipFileSystem.getParentOff([B)I @ 21 c2
Event: 2.822 Thread 0x000002da57e7b800 DEOPT PACKING pc=0x000002da634ad4ec sp=0x000000edac5fe360
Event: 2.822 Thread 0x000002da57e7b800 DEOPT UNPACKING pc=0x000002da5b9878af sp=0x000000edac5fe2f8 mode 2
Event: 2.840 Thread 0x000002da57e7b800 Uncommon trap: trap_request=0xffffff6e fr.pc=0x000002da6349f4f0 relative=0x0000000000001330
Event: 2.840 Thread 0x000002da57e7b800 Uncommon trap: reason=speculate_class_check action=maybe_recompile pc=0x000002da6349f4f0 method=java.util.zip.InflaterInputStream.read([BII)I @ 100 c2
Event: 2.840 Thread 0x000002da57e7b800 DEOPT PACKING pc=0x000002da6349f4f0 sp=0x000000edac5fe410
Event: 2.840 Thread 0x000002da57e7b800 DEOPT UNPACKING pc=0x000002da5b9878af sp=0x000000edac5fe470 mode 2
Event: 2.931 Thread 0x000002da57e7b800 Uncommon trap: trap_request=0xffffff4d fr.pc=0x000002da634bae64 relative=0x00000000000005a4
Event: 2.931 Thread 0x000002da57e7b800 Uncommon trap: reason=unstable_if action=reinterpret pc=0x000002da634bae64 method=java.lang.Integer.getChars(II[B)I @ 25 c2
Event: 2.931 Thread 0x000002da57e7b800 DEOPT PACKING pc=0x000002da634bae64 sp=0x000000edac5fd300
Event: 2.931 Thread 0x000002da57e7b800 DEOPT UNPACKING pc=0x000002da5b9878af sp=0x000000edac5fd1f0 mode 2
Event: 2.965 Thread 0x000002da57e7b800 Uncommon trap: trap_request=0xffffff4d fr.pc=0x000002da6349705c relative=0x00000000000001bc
Event: 2.965 Thread 0x000002da57e7b800 Uncommon trap: reason=unstable_if action=reinterpret pc=0x000002da6349705c method=java.lang.String.startsWith(Ljava/lang/String;I)Z @ 1 c2
Event: 2.965 Thread 0x000002da57e7b800 DEOPT PACKING pc=0x000002da6349705c sp=0x000000edac5fdd70
Event: 2.965 Thread 0x000002da57e7b800 DEOPT UNPACKING pc=0x000002da5b9878af sp=0x000000edac5fdce0 mode 2

Classes redefined (0 events):
No events

Internal exceptions (18 events):
Event: 2.015 Thread 0x000002da57e7b800 Exception <a 'java/lang/NoSuchMethodError'{0x000000008a3e6018}: 'int java.lang.invoke.DirectMethodHandle$Holder.invokeSpecialIFC(java.lang.Object, java.lang.Object, int)'> (0x000000008a3e6018) thrown at [./src/hotspot/share/interpreter/linkResolver.cpp, line 773]
Event: 2.262 Thread 0x000002da57e7b800 Exception <a 'java/lang/NoSuchMethodError'{0x0000000089923dc0}: 'java.lang.Object java.lang.invoke.DirectMethodHandle$Holder.invokeStaticInit(java.lang.Object, int)'> (0x0000000089923dc0) thrown at [./src/hotspot/share/interpreter/linkResolver.cpp, line 773]
Event: 2.299 Thread 0x000002da57e7b800 Exception <a 'java/lang/NoSuchMethodError'{0x00000000898b0170}: 'long java.lang.invoke.DirectMethodHandle$Holder.invokeStatic(java.lang.Object)'> (0x00000000898b0170) thrown at [./src/hotspot/share/interpreter/linkResolver.cpp, line 773]
Event: 2.299 Thread 0x000002da57e7b800 Exception <a 'java/lang/NoSuchMethodError'{0x00000000898b2fc8}: 'long java.lang.invoke.DirectMethodHandle$Holder.invokeStaticInit(java.lang.Object)'> (0x00000000898b2fc8) thrown at [./src/hotspot/share/interpreter/linkResolver.cpp, line 773]
Event: 2.370 Thread 0x000002da57e7b800 Exception <a 'java/lang/NoSuchMethodError'{0x000000008941cb28}: 'int java.lang.invoke.DirectMethodHandle$Holder.invokeStaticInit(java.lang.Object, java.lang.Object, java.lang.Object)'> (0x000000008941cb28) thrown at [./src/hotspot/share/interpreter/linkResolver.cpp, line 773]
Event: 2.375 Thread 0x000002da57e7b800 Exception <a 'java/lang/NoSuchMethodError'{0x0000000089448238}: 'int java.lang.invoke.DirectMethodHandle$Holder.invokeStaticInit(java.lang.Object, java.lang.Object)'> (0x0000000089448238) thrown at [./src/hotspot/share/interpreter/linkResolver.cpp, line 773]
Event: 2.721 Thread 0x000002da57e7b800 Exception <a 'java/lang/NoSuchMethodError'{0x000000008bac5388}: 'java.lang.Object java.lang.invoke.DirectMethodHandle$Holder.invokeStatic(java.lang.Object, java.lang.Object, java.lang.Object, java.lang.Object, java.lang.Object, java.lang.Object, java.lang.Object, java.lang.Object, java.lang.Object, java.lang.Object, java.lang.Object, java.lang.Object, java.lang.Object, java.lang.Object, java.lang.Object)'> (0x000000008bac5388) thrown at [./src/hotspot/share/interpreter/linkResolver.cpp, line 773]
Event: 2.722 Thread 0x000002da57e7b800 Exception <a 'java/lang/NoSuchMethodError'{0x000000008bad3390}: 'java.lang.Object java.lang.invoke.DirectMethodHandle$Holder.invokeStatic(java.lang.Object, java.lang.Object, java.lang.Object, java.lang.Object, java.lang.Object, java.lang.Object, java.lang.Object, java.lang.Object, java.lang.Object, java.lang.Object, java.lang.Object, java.lang.Object, java.lang.Object, java.lang.Object, java.lang.Object, java.lang.Object)'> (0x000000008bad3390) thrown at [./src/hotspot/share/interpreter/linkResolver.cpp, l
Event: 2.724 Thread 0x000002da57e7b800 Exception <a 'java/lang/NoSuchMethodError'{0x000000008bae12a8}: 'java.lang.Object java.lang.invoke.DirectMethodHandle$Holder.invokeSpecial(java.lang.Object, java.lang.Object, int, int, java.lang.Object, java.lang.Object, java.lang.Object)'> (0x000000008bae12a8) thrown at [./src/hotspot/share/interpreter/linkResolver.cpp, line 773]
Event: 2.724 Thread 0x000002da57e7b800 Exception <a 'java/lang/NoSuchMethodError'{0x000000008bae4ae0}: 'java.lang.Object java.lang.invoke.DelegatingMethodHandle$Holder.reinvoke_L(java.lang.Object, int, int, java.lang.Object, java.lang.Object, java.lang.Object)'> (0x000000008bae4ae0) thrown at [./src/hotspot/share/interpreter/linkResolver.cpp, line 773]
Event: 2.725 Thread 0x000002da57e7b800 Exception <a 'java/lang/NoSuchMethodError'{0x000000008bae8e68}: 'java.lang.Object java.lang.invoke.DirectMethodHandle$Holder.invokeStatic(java.lang.Object, java.lang.Object, java.lang.Object, java.lang.Object, int)'> (0x000000008bae8e68) thrown at [./src/hotspot/share/interpreter/linkResolver.cpp, line 773]
Event: 2.781 Thread 0x000002da57e7b800 Implicit null exception at 0x000002da634a8bac to 0x000002da634a8d5a
Event: 2.844 Thread 0x000002da57e7b800 Exception <a 'java/lang/NoSuchMethodError'{0x000000008b465198}: 'void java.lang.invoke.DirectMethodHandle$Holder.invokeStatic(java.lang.Object, java.lang.Object, java.lang.Object, java.lang.Object)'> (0x000000008b465198) thrown at [./src/hotspot/share/interpreter/linkResolver.cpp, line 773]
Event: 2.874 Thread 0x000002da57e7b800 Exception <a 'java/lang/NoSuchMethodError'{0x000000008b3b42f8}: 'void java.lang.invoke.DirectMethodHandle$Holder.invokeSpecial(java.lang.Object, java.lang.Object)'> (0x000000008b3b42f8) thrown at [./src/hotspot/share/interpreter/linkResolver.cpp, line 773]
Event: 2.929 Thread 0x000002da57e7b800 Exception <a 'java/lang/NoSuchMethodError'{0x000000008b057ec0}: 'void java.lang.invoke.DirectMethodHandle$Holder.invokeStaticInit(java.lang.Object, java.lang.Object)'> (0x000000008b057ec0) thrown at [./src/hotspot/share/interpreter/linkResolver.cpp, line 773]
Event: 2.939 Thread 0x000002da57e7b800 Exception <a 'java/lang/NoSuchMethodError'{0x000000008b0969a8}: 'void java.lang.invoke.DirectMethodHandle$Holder.invokeInterface(java.lang.Object, java.lang.Object)'> (0x000000008b0969a8) thrown at [./src/hotspot/share/interpreter/linkResolver.cpp, line 773]
Event: 3.073 Thread 0x000002da57e7b800 Exception <a 'java/lang/NoSuchMethodError'{0x000000008aba5190}: 'void java.lang.invoke.DirectMethodHandle$Holder.invokeVirtual(java.lang.Object, java.lang.Object)'> (0x000000008aba5190) thrown at [./src/hotspot/share/interpreter/linkResolver.cpp, line 773]
Event: 3.085 Thread 0x000002da57e7b800 Exception <a 'java/lang/NoSuchMethodError'{0x000000008aa1b7b0}: 'int java.lang.invoke.DirectMethodHandle$Holder.invokeVirtual(java.lang.Object, java.lang.Object)'> (0x000000008aa1b7b0) thrown at [./src/hotspot/share/interpreter/linkResolver.cpp, line 773]

Events (20 events):
Event: 3.090 loading class org/jetbrains/kotlin/com/intellij/model/ModelBranch
Event: 3.090 loading class org/jetbrains/kotlin/com/intellij/model/ModelBranch done
Event: 3.090 loading class org/jetbrains/kotlin/com/intellij/model/BranchedVirtualFile
Event: 3.090 loading class org/jetbrains/kotlin/com/intellij/model/BranchedVirtualFile done
Event: 3.090 loading class org/jetbrains/kotlin/com/intellij/psi/LanguageSubstitutors
Event: 3.090 loading class org/jetbrains/kotlin/com/intellij/psi/LanguageSubstitutors done
Event: 3.091 loading class org/jetbrains/kotlin/com/intellij/openapi/components/Service
Event: 3.091 loading class org/jetbrains/kotlin/com/intellij/openapi/components/Service done
Event: 3.096 loading class org/jetbrains/kotlin/com/intellij/util/containers/ContainerUtilRt
Event: 3.096 loading class org/jetbrains/kotlin/com/intellij/util/containers/ContainerUtilRt done
Event: 3.096 loading class org/jetbrains/kotlin/com/intellij/util/containers/ContainerUtilRt$EmptyList
Event: 3.096 loading class org/jetbrains/kotlin/com/intellij/util/containers/ContainerUtilRt$EmptyList done
Event: 3.097 loading class org/jetbrains/kotlin/com/intellij/psi/LanguageFileViewProviders
Event: 3.097 loading class org/jetbrains/kotlin/com/intellij/psi/LanguageFileViewProviders done
Event: 3.097 loading class org/jetbrains/kotlin/com/intellij/psi/SingleRootFileViewProvider
Event: 3.097 loading class org/jetbrains/kotlin/com/intellij/psi/SingleRootFileViewProvider done
Event: 3.098 loading class org/jetbrains/kotlin/com/intellij/psi/AbstractFileViewProvider
Event: 3.098 loading class org/jetbrains/kotlin/com/intellij/psi/AbstractFileViewProvider done
Event: 3.099 loading class org/jetbrains/kotlin/com/intellij/psi/AbstractFileViewProvider$Content
Event: 3.099 loading class org/jetbrains/kotlin/com/intellij/psi/AbstractFileViewProvider$Content done


Dynamic libraries:
0x00007ff68fb40000 - 0x00007ff68fb4a000 	C:\Program Files\Android\Android Studio1\jre\bin\java.exe
0x00007ffa1bfa0000 - 0x00007ffa1c190000 	C:\WINDOWS\SYSTEM32\ntdll.dll
0x00007ffa1b3e0000 - 0x00007ffa1b492000 	C:\WINDOWS\System32\KERNEL32.DLL
0x00007ffa19020000 - 0x00007ffa192c4000 	C:\WINDOWS\System32\KERNELBASE.dll
0x00007ffa19f20000 - 0x00007ffa1a01a000 	C:\WINDOWS\System32\ucrtbase.dll
0x00007ff9f74f0000 - 0x00007ff9f7509000 	C:\Program Files\Android\Android Studio1\jre\bin\jli.dll
0x00007ff9f7270000 - 0x00007ff9f7287000 	C:\Program Files\Android\Android Studio1\jre\bin\VCRUNTIME140.dll
0x00007ffa1bb50000 - 0x00007ffa1bce4000 	C:\WINDOWS\System32\USER32.dll
0x00007ffa1a020000 - 0x00007ffa1a041000 	C:\WINDOWS\System32\win32u.dll
0x00007ffa05400000 - 0x00007ffa05684000 	C:\WINDOWS\WinSxS\amd64_microsoft.windows.common-controls_6595b64144ccf1df_6.0.18362.959_none_e6c7bbbf130c62bb\COMCTL32.dll
0x00007ffa1b840000 - 0x00007ffa1b866000 	C:\WINDOWS\System32\GDI32.dll
0x00007ffa1a100000 - 0x00007ffa1a19e000 	C:\WINDOWS\System32\msvcrt.dll
0x00007ffa19d80000 - 0x00007ffa19f16000 	C:\WINDOWS\System32\gdi32full.dll
0x00007ffa19420000 - 0x00007ffa194be000 	C:\WINDOWS\System32\msvcp_win.dll
0x00007ffa1a280000 - 0x00007ffa1a5b5000 	C:\WINDOWS\System32\combase.dll
0x00007ffa1b870000 - 0x00007ffa1b990000 	C:\WINDOWS\System32\RPCRT4.dll
0x00007ffa19d00000 - 0x00007ffa19d80000 	C:\WINDOWS\System32\bcryptPrimitives.dll
0x00007ffa1a050000 - 0x00007ffa1a07e000 	C:\WINDOWS\System32\IMM32.DLL
0x00007ff9ca670000 - 0x00007ff9ca70d000 	C:\Program Files\Android\Android Studio1\jre\bin\msvcp140.dll
0x00007ff9c8b90000 - 0x00007ff9c965f000 	C:\Program Files\Android\Android Studio1\jre\bin\server\jvm.dll
0x00007ffa1b4a0000 - 0x00007ffa1b543000 	C:\WINDOWS\System32\ADVAPI32.dll
0x00007ffa1b7a0000 - 0x00007ffa1b837000 	C:\WINDOWS\System32\sechost.dll
0x00007ffa1a1a0000 - 0x00007ffa1a1a8000 	C:\WINDOWS\System32\PSAPI.DLL
0x00007ffa15580000 - 0x00007ffa15589000 	C:\WINDOWS\SYSTEM32\WSOCK32.dll
0x00007ffa0ff60000 - 0x00007ffa0ff6a000 	C:\WINDOWS\SYSTEM32\VERSION.dll
0x00007ffa154b0000 - 0x00007ffa154d4000 	C:\WINDOWS\SYSTEM32\WINMM.dll
0x00007ffa1b9a0000 - 0x00007ffa1ba0f000 	C:\WINDOWS\System32\WS2_32.dll
0x00007ffa15480000 - 0x00007ffa154ad000 	C:\WINDOWS\SYSTEM32\winmmbase.dll
0x00007ffa18fd0000 - 0x00007ffa1901a000 	C:\WINDOWS\System32\cfgmgr32.dll
0x00007ffa18eb0000 - 0x00007ffa18ec1000 	C:\WINDOWS\System32\kernel.appcore.dll
0x00007ffa11d90000 - 0x00007ffa11da1000 	C:\Program Files\Android\Android Studio1\jre\bin\verify.dll
0x00007ffa015e0000 - 0x00007ffa017d4000 	C:\WINDOWS\SYSTEM32\DBGHELP.DLL
0x00007ffa015b0000 - 0x00007ffa015da000 	C:\WINDOWS\SYSTEM32\dbgcore.DLL
0x00007ffa0a500000 - 0x00007ffa0a529000 	C:\Program Files\Android\Android Studio1\jre\bin\java.dll
0x00007ffa15080000 - 0x00007ffa1508b000 	C:\Program Files\Android\Android Studio1\jre\bin\jimage.dll
0x00007ffa11d70000 - 0x00007ffa11d88000 	C:\Program Files\Android\Android Studio1\jre\bin\zip.dll
0x00007ffa1a880000 - 0x00007ffa1af66000 	C:\WINDOWS\System32\SHELL32.dll
0x00007ffa1a7d0000 - 0x00007ffa1a879000 	C:\WINDOWS\System32\shcore.dll
0x00007ffa19570000 - 0x00007ffa19cf2000 	C:\WINDOWS\System32\windows.storage.dll
0x00007ffa18ed0000 - 0x00007ffa18ef3000 	C:\WINDOWS\System32\profapi.dll
0x00007ffa18e60000 - 0x00007ffa18eaa000 	C:\WINDOWS\System32\powrprof.dll
0x00007ffa18e50000 - 0x00007ffa18e60000 	C:\WINDOWS\System32\UMPDC.dll
0x00007ffa1bdc0000 - 0x00007ffa1be12000 	C:\WINDOWS\System32\shlwapi.dll
0x00007ffa18fb0000 - 0x00007ffa18fc7000 	C:\WINDOWS\System32\cryptsp.dll
0x00007ffa0a720000 - 0x00007ffa0a73a000 	C:\Program Files\Android\Android Studio1\jre\bin\net.dll
0x00007ffa0b2e0000 - 0x00007ffa0b3d0000 	C:\WINDOWS\SYSTEM32\WINHTTP.dll
0x00007ffa18660000 - 0x00007ffa186c7000 	C:\WINDOWS\system32\mswsock.dll
0x00007ffa0a4e0000 - 0x00007ffa0a4f4000 	C:\Program Files\Android\Android Studio1\jre\bin\nio.dll

dbghelp: loaded successfully - version: 4.0.5 - missing functions: none
symbol engine: initialized successfully - sym options: 0x614 - pdb path: .;C:\Program Files\Android\Android Studio1\jre\bin;C:\WINDOWS\SYSTEM32;C:\WINDOWS\WinSxS\amd64_microsoft.windows.common-controls_6595b64144ccf1df_6.0.18362.959_none_e6c7bbbf130c62bb;C:\Program Files\Android\Android Studio1\jre\bin\server

VM Arguments:
java_command: org.jetbrains.kotlin.cli.jvm.K2JVMCompiler @D:\QuizApp\app\build\20211003_2249786878175335961.compiler.options
java_class_path (initial): C:\Users\Somesh\.gradle\caches\modules-2\files-2.1\org.jetbrains.kotlin\kotlin-compiler-embeddable\1.5.20\1900e8b9aca0a9caffd45b99b36e3720a0a284f8\kotlin-compiler-embeddable-1.5.20.jar;C:\Users\Somesh\.gradle\caches\modules-2\files-2.1\org.jetbrains.kotlin\kotlin-reflect\1.5.20\63810951f09a27f7827977f1bc21094042a915e\kotlin-reflect-1.5.20.jar;C:\Users\Somesh\.gradle\caches\modules-2\files-2.1\org.jetbrains.kotlin\kotlin-stdlib\1.5.20\9de35cc611bcecec8edce1d56d8e659953806751\kotlin-stdlib-1.5.20.jar;C:\Users\Somesh\.gradle\caches\modules-2\files-2.1\org.jetbrains.kotlin\kotlin-script-runtime\1.5.20\4381bb58d37b84d4d1afe55ec35542dd9b77e101\kotlin-script-runtime-1.5.20.jar;C:\Users\Somesh\.gradle\caches\modules-2\files-2.1\org.jetbrains.kotlin\kotlin-daemon-embeddable\1.5.20\36c38cda019834dcd2959cc33a12768adcd94256\kotlin-daemon-embeddable-1.5.20.jar;C:\Users\Somesh\.gradle\caches\modules-2\files-2.1\org.jetbrains.intellij.deps\trove4j\1.0.20181211\216c2e14b070f334479d800987affe4054cd563f\trove4j-1.0.20181211.jar;C:\Users\Somesh\.gradle\caches\modules-2\files-2.1\org.jetbrains\annotations\13.0\919f0dfe192fb4e063e7dacadee7f8bb9a2672a9\annotations-13.0.jar;C:\Users\Somesh\.gradle\caches\modules-2\files-2.1\org.jetbrains.kotlin\kotlin-stdlib-common\1.5.20\3d79dbd48bf605f4aac1e7028981a1953e245cbb\kotlin-stdlib-common-1.5.20.jar
Launcher Type: SUN_STANDARD

[Global flags]
     intx CICompilerCount                          = 3                                         {product} {ergonomic}
     uint ConcGCThreads                            = 1                                         {product} {ergonomic}
     uint G1ConcRefinementThreads                  = 4                                         {product} {ergonomic}
   size_t G1HeapRegionSize                         = 1048576                                   {product} {ergonomic}
    uintx GCDrainStackTargetSize                   = 64                                        {product} {ergonomic}
   size_t InitialHeapSize                          = 130023424                                 {product} {ergonomic}
   size_t MarkStackSize                            = 4194304                                   {product} {ergonomic}
   size_t MaxHeapSize                              = 2071986176                                {product} {ergonomic}
   size_t MaxNewSize                               = 1242562560                                {product} {ergonomic}
   size_t MinHeapDeltaBytes                        = 1048576                                   {product} {ergonomic}
    uintx NonNMethodCodeHeapSize                   = 5830732                                {pd product} {ergonomic}
    uintx NonProfiledCodeHeapSize                  = 122913754                              {pd product} {ergonomic}
    uintx ProfiledCodeHeapSize                     = 122913754                              {pd product} {ergonomic}
    uintx ReservedCodeCacheSize                    = 251658240                              {pd product} {ergonomic}
     bool SegmentedCodeCache                       = true                                      {product} {ergonomic}
     bool UseCompressedClassPointers               = true                                 {lp64_product} {ergonomic}
     bool UseCompressedOops                        = true                                 {lp64_product} {ergonomic}
     bool UseG1GC                                  = true                                      {product} {ergonomic}
     bool UseLargePagesIndividualAllocation        = false                                  {pd product} {ergonomic}

Logging:
Log output configuration:
 #0: stdout all=warning uptime,level,tags
 #1: stderr all=off uptime,level,tags

Environment Variables:
JAVA_HOME=C:\Program Files\Java\jdk-16.0.2
PATH=C:\Program Files\Common Files\Oracle\Java\javapath;C:\Program Files (x86)\Common Files\Intel\Shared Libraries\redist\intel64\compiler;C:\WINDOWS\system32;C:\WINDOWS;C:\WINDOWS\System32\Wbem;C:\WINDOWS\System32\WindowsPowerShell\v1.0\;C:\WINDOWS\System32\OpenSSH\;C:\Program Files (x86)\Brackets\command;C:\Program Files\Java\jdk-16.0.2\bin;C:\Users\Somesh\AppData\Local\Programs\Python\Python37\Scripts\;C:\Users\Somesh\AppData\Local\Programs\Python\Python37\;C:\Python27;C:\Python27\DLLs;C:\Python27\Scripts;C:\Users\Somesh\AppData\Local\Microsoft\WindowsApps;C:\Users\Somesh\AppData\Local\Programs\Git\cmd;C:\Users\Somesh\AppData\Local\Programs\Microsoft VS Code\bin
USERNAME=Somesh
OS=Windows_NT
PROCESSOR_IDENTIFIER=Intel64 Family 6 Model 142 Stepping 9, GenuineIntel



---------------  S Y S T E M  ---------------

OS: Windows 10 , 64 bit Build 18362 (10.0.18362.959)
OS uptime: 11 days 4:46 hours

CPU:total 4 (initial active 4) (2 cores per cpu, 2 threads per core) family 6 model 142 stepping 9 microcode 0xb4, cmov, cx8, fxsr, mmx, sse, sse2, sse3, ssse3, sse4.1, sse4.2, popcnt, avx, avx2, aes, clmul, erms, 3dnowpref, lzcnt, ht, tsc, tscinvbit, bmi1, bmi2, adx, fma

Memory: 4k page, system-wide physical 7899M (510M free)
TotalPageFile size 9785M (AvailPageFile size 3M)
current process WorkingSet (physical memory assigned to process): 151M, peak: 151M
current process commit charge ("private bytes"): 240M, peak: 241M

vm_info: OpenJDK 64-Bit Server VM (11.0.10+0-b96-7249189) for windows-amd64 JRE (11.0.10+0-b96-7249189), built on Mar 31 2021 21:44:00 by "builder" with MS VC++ 14.0 (VS2015)

END.
