#
# There is insufficient memory for the Java Runtime Environment to continue.
# Native memory allocation (malloc) failed to allocate 1182976 bytes for Chunk::new
# Possible reasons:
#   The system is out of physical RAM or swap space
#   The process is running with CompressedOops enabled, and the Java Heap may be blocking the growth of the native heap
# Possible solutions:
#   Reduce memory load on the system
#   Increase physical memory or swap space
#   Check if swap backing store is full
#   Decrease Java heap size (-Xmx/-Xms)
#   Decrease number of Java threads
#   Decrease Java thread stack sizes (-Xss)
#   Set larger code cache with -XX:ReservedCodeCacheSize=
#   JVM is running with Unscaled Compressed Oops mode in which the Java heap is
#     placed in the first 4GB address space. The Java Heap base address is the
#     maximum limit for the native heap growth. Please use -XX:HeapBaseMinAddress
#     to set the Java Heap base and to place the Java Heap above 4GB virtual address.
# This output file may be truncated or incomplete.
#
#  Out of Memory Error (./src/hotspot/share/memory/arena.cpp:197), pid=5936, tid=12760
#
# JRE version: OpenJDK Runtime Environment (11.0.10) (build 11.0.10+0-b96-7249189)
# Java VM: OpenJDK 64-Bit Server VM (11.0.10+0-b96-7249189, mixed mode, tiered, compressed oops, g1 gc, windows-amd64)
# No core dump will be written. Minidumps are not enabled by default on client versions of Windows
#

---------------  S U M M A R Y ------------

Command Line: --add-opens=java.base/java.util=ALL-UNNAMED --add-opens=java.base/java.lang=ALL-UNNAMED --add-opens=java.base/java.lang.invoke=ALL-UNNAMED --add-opens=java.base/java.util=ALL-UNNAMED --add-opens=java.prefs/java.util.prefs=ALL-UNNAMED --add-opens=java.prefs/java.util.prefs=ALL-UNNAMED --add-opens=java.base/java.nio.charset=ALL-UNNAMED --add-opens=java.base/java.net=ALL-UNNAMED --add-opens=java.base/java.util.concurrent.atomic=ALL-UNNAMED -Xmx2048m -Dfile.encoding=UTF-8 -Duser.country=IN -Duser.language=en -Duser.variant org.gradle.launcher.daemon.bootstrap.GradleDaemon 7.0.2

Host: Intel(R) Core(TM) i5-7200U CPU @ 2.50GHz, 4 cores, 7G,  Windows 10 , 64 bit Build 18362 (10.0.18362.959)
Time: Fri Oct  1 22:31:47 2021 India Standard Time elapsed time: 42.943292 seconds (0d 0h 0m 42s)

---------------  T H R E A D  ---------------

Current thread (0x000001d49aa04000):  JavaThread "C2 CompilerThread1" daemon [_thread_in_native, id=12760, stack(0x0000005a1ac00000,0x0000005a1ad00000)]


Current CompileTask:
C2:  42943 6949 %     4       org.gradle.internal.instantiation.generator.AbstractClassGenerator::inspectType @ 77 (560 bytes)

Stack: [0x0000005a1ac00000,0x0000005a1ad00000]
Native frames: (J=compiled Java code, j=interpreted, Vv=VM code, C=native code)
V  [jvm.dll+0x5ecfaa]
V  [jvm.dll+0x722bd5]
V  [jvm.dll+0x72412d]
V  [jvm.dll+0x7247e3]
V  [jvm.dll+0x242928]
V  [jvm.dll+0xbc4fc]
V  [jvm.dll+0xbca0c]
V  [jvm.dll+0x2b4fd4]
V  [jvm.dll+0x506028]
V  [jvm.dll+0x1fccf6]
V  [jvm.dll+0x1fa77f]
V  [jvm.dll+0x18354c]
V  [jvm.dll+0x208ee7]
V  [jvm.dll+0x207731]
V  [jvm.dll+0x6eb1cf]
V  [jvm.dll+0x6e3d45]
V  [jvm.dll+0x5ebe96]
C  [ucrtbase.dll+0x20e82]
C  [KERNEL32.DLL+0x17bd4]
C  [ntdll.dll+0x6ce51]


---------------  P R O C E S S  ---------------

Threads class SMR info:
_java_thread_list=0x000001d49ae546b0, length=43, elements={
0x000001d4faa7d800, 0x000001d4ff64f000, 0x000001d4ff653000, 0x000001d495047000,
0x000001d495049000, 0x000001d49504d000, 0x000001d495052800, 0x000001d4ff67a800,
0x000001d4ff67e000, 0x000001d495191800, 0x000001d4970a5000, 0x000001d49608e000,
0x000001d4971a3000, 0x000001d497029800, 0x000001d497327000, 0x000001d497224000,
0x000001d496a5d800, 0x000001d497881000, 0x000001d496643800, 0x000001d4981f0800,
0x000001d4981ed800, 0x000001d4981f1800, 0x000001d4981f4000, 0x000001d4981ef000,
0x000001d4981f0000, 0x000001d4981f2800, 0x000001d4981ee800, 0x000001d4981f3000,
0x000001d498384800, 0x000001d498381800, 0x000001d498383000, 0x000001d498386000,
0x000001d498388000, 0x000001d49a9fe800, 0x000001d49a9fc000, 0x000001d49aa01000,
0x000001d49aa01800, 0x000001d49aa02800, 0x000001d49aa00000, 0x000001d49aa03000,
0x000001d49a9ff000, 0x000001d49aa09000, 0x000001d49aa04000
}

Java Threads: ( => current thread )
  0x000001d4faa7d800 JavaThread "main" [_thread_blocked, id=11864, stack(0x0000005a18500000,0x0000005a18600000)]
  0x000001d4ff64f000 JavaThread "Reference Handler" daemon [_thread_blocked, id=4700, stack(0x0000005a18c00000,0x0000005a18d00000)]
  0x000001d4ff653000 JavaThread "Finalizer" daemon [_thread_blocked, id=5052, stack(0x0000005a18d00000,0x0000005a18e00000)]
  0x000001d495047000 JavaThread "Signal Dispatcher" daemon [_thread_blocked, id=192, stack(0x0000005a18e00000,0x0000005a18f00000)]
  0x000001d495049000 JavaThread "Attach Listener" daemon [_thread_blocked, id=13864, stack(0x0000005a18f00000,0x0000005a19000000)]
  0x000001d49504d000 JavaThread "Service Thread" daemon [_thread_blocked, id=5448, stack(0x0000005a19000000,0x0000005a19100000)]
  0x000001d495052800 JavaThread "C2 CompilerThread0" daemon [_thread_in_native, id=8560, stack(0x0000005a19100000,0x0000005a19200000)]
  0x000001d4ff67a800 JavaThread "C1 CompilerThread0" daemon [_thread_blocked, id=9244, stack(0x0000005a19200000,0x0000005a19300000)]
  0x000001d4ff67e000 JavaThread "Sweeper thread" daemon [_thread_blocked, id=2992, stack(0x0000005a19300000,0x0000005a19400000)]
  0x000001d495191800 JavaThread "Common-Cleaner" daemon [_thread_blocked, id=12016, stack(0x0000005a19400000,0x0000005a19500000)]
  0x000001d4970a5000 JavaThread "Daemon health stats" [_thread_blocked, id=15280, stack(0x0000005a19800000,0x0000005a19900000)]
  0x000001d49608e000 JavaThread "Incoming local TCP Connector on port 64868" [_thread_in_native, id=11772, stack(0x0000005a19600000,0x0000005a19700000)]
  0x000001d4971a3000 JavaThread "Daemon periodic checks" [_thread_blocked, id=2380, stack(0x0000005a19900000,0x0000005a19a00000)]
  0x000001d497029800 JavaThread "Daemon" [_thread_blocked, id=7008, stack(0x0000005a19a00000,0x0000005a19b00000)]
  0x000001d497327000 JavaThread "Handler for socket connection from /127.0.0.1:64868 to /127.0.0.1:64869" [_thread_in_native, id=11152, stack(0x0000005a19b00000,0x0000005a19c00000)]
  0x000001d497224000 JavaThread "Cancel handler" [_thread_blocked, id=2788, stack(0x0000005a19c00000,0x0000005a19d00000)]
  0x000001d496a5d800 JavaThread "Daemon worker" [_thread_in_native, id=9236, stack(0x0000005a19d00000,0x0000005a19e00000)]
  0x000001d497881000 JavaThread "Asynchronous log dispatcher for DefaultDaemonConnection: socket connection from /127.0.0.1:64868 to /127.0.0.1:64869" [_thread_blocked, id=10308, stack(0x0000005a19e00000,0x0000005a19f00000)]
  0x000001d496643800 JavaThread "Stdin handler" [_thread_blocked, id=4628, stack(0x0000005a19f00000,0x0000005a1a000000)]
  0x000001d4981f0800 JavaThread "Daemon client event forwarder" [_thread_blocked, id=14536, stack(0x0000005a1a000000,0x0000005a1a100000)]
  0x000001d4981ed800 JavaThread "Cache worker for file hash cache (C:\Users\Somesh\.gradle\caches\7.0.2\fileHashes)" [_thread_blocked, id=12072, stack(0x0000005a1a300000,0x0000005a1a400000)]
  0x000001d4981f1800 JavaThread "File lock request listener" [_thread_in_native, id=8720, stack(0x0000005a1a400000,0x0000005a1a500000)]
  0x000001d4981f4000 JavaThread "Cache worker for journal cache (C:\Users\Somesh\.gradle\caches\journal-1)" [_thread_blocked, id=14724, stack(0x0000005a1a500000,0x0000005a1a600000)]
  0x000001d4981ef000 JavaThread "Cache worker for file hash cache (D:\QuizApp\.gradle\7.0.2\fileHashes)" [_thread_blocked, id=1964, stack(0x0000005a1a600000,0x0000005a1a700000)]
  0x000001d4981f0000 JavaThread "File watcher server" daemon [_thread_in_native, id=10144, stack(0x0000005a1a700000,0x0000005a1a800000)]
  0x000001d4981f2800 JavaThread "File watcher consumer" daemon [_thread_blocked, id=1828, stack(0x0000005a1a800000,0x0000005a1a900000)]
  0x000001d4981ee800 JavaThread "Cache worker for checksums cache (D:\QuizApp\.gradle\checksums)" [_thread_blocked, id=13712, stack(0x0000005a1a900000,0x0000005a1aa00000)]
  0x000001d4981f3000 JavaThread "Cache worker for cache directory md-supplier (C:\Users\Somesh\.gradle\caches\7.0.2\md-supplier)" [_thread_blocked, id=8268, stack(0x0000005a1aa00000,0x0000005a1ab00000)]
  0x000001d498384800 JavaThread "Cache worker for cache directory md-rule (C:\Users\Somesh\.gradle\caches\7.0.2\md-rule)" [_thread_blocked, id=6900, stack(0x0000005a1ab00000,0x0000005a1ac00000)]
  0x000001d498381800 JavaThread "Cache worker for execution history cache (C:\Users\Somesh\.gradle\caches\7.0.2\executionHistory)" [_thread_blocked, id=7140, stack(0x0000005a1ad00000,0x0000005a1ae00000)]
  0x000001d498383000 JavaThread "jar transforms" [_thread_blocked, id=5996, stack(0x0000005a1ae00000,0x0000005a1af00000)]
  0x000001d498386000 JavaThread "jar transforms Thread 2" [_thread_blocked, id=11444, stack(0x0000005a1af00000,0x0000005a1b000000)]
  0x000001d498388000 JavaThread "Cache worker for file content cache (C:\Users\Somesh\.gradle\caches\7.0.2\fileContent)" [_thread_blocked, id=12716, stack(0x0000005a1b000000,0x0000005a1b100000)]
  0x000001d49a9fe800 JavaThread "Cache worker for dependencies-accessors (D:\QuizApp\.gradle\7.0.2\dependencies-accessors)" [_thread_blocked, id=12840, stack(0x0000005a1b100000,0x0000005a1b200000)]
  0x000001d49a9fc000 JavaThread "jar transforms Thread 3" [_thread_blocked, id=12520, stack(0x0000005a1b200000,0x0000005a1b300000)]
  0x000001d49aa01000 JavaThread "Cache worker for Build Output Cleanup Cache (D:\QuizApp\.gradle\buildOutputCleanup)" [_thread_blocked, id=11940, stack(0x0000005a1b300000,0x0000005a1b400000)]
  0x000001d49aa01800 JavaThread "Build operations" [_thread_blocked, id=7788, stack(0x0000005a1b400000,0x0000005a1b500000)]
  0x000001d49aa02800 JavaThread "Build operations Thread 2" [_thread_blocked, id=8592, stack(0x0000005a1b500000,0x0000005a1b600000)]
  0x000001d49aa00000 JavaThread "Build operations Thread 3" [_thread_blocked, id=5908, stack(0x0000005a1b600000,0x0000005a1b700000)]
  0x000001d49aa03000 JavaThread "Build operations Thread 4" [_thread_blocked, id=15188, stack(0x0000005a1b700000,0x0000005a1b800000)]
  0x000001d49a9ff000 JavaThread "jar transforms Thread 4" [_thread_blocked, id=8284, stack(0x0000005a1b800000,0x0000005a1b900000)]
  0x000001d49aa09000 JavaThread "Memory manager" [_thread_blocked, id=6800, stack(0x0000005a1b900000,0x0000005a1ba00000)]
=>0x000001d49aa04000 JavaThread "C2 CompilerThread1" daemon [_thread_in_native, id=12760, stack(0x0000005a1ac00000,0x0000005a1ad00000)]

Other Threads:
  0x000001d4ff648800 VMThread "VM Thread" [stack: 0x0000005a18b00000,0x0000005a18c00000] [id=14152]
  0x000001d4951ab800 WatcherThread [stack: 0x0000005a19500000,0x0000005a19600000] [id=12900]
  0x000001d4faa94800 GCTaskThread "GC Thread#0" [stack: 0x0000005a18600000,0x0000005a18700000] [id=12456]
  0x000001d495b85000 GCTaskThread "GC Thread#1" [stack: 0x0000005a19700000,0x0000005a19800000] [id=4656]
  0x000001d496139800 GCTaskThread "GC Thread#2" [stack: 0x0000005a1a100000,0x0000005a1a200000] [id=6272]
  0x000001d496a5e800 GCTaskThread "GC Thread#3" [stack: 0x0000005a1a200000,0x0000005a1a300000] [id=4084]
  0x000001d4faac6000 ConcurrentGCThread "G1 Main Marker" [stack: 0x0000005a18700000,0x0000005a18800000] [id=3372]
  0x000001d4faac8000 ConcurrentGCThread "G1 Conc#0" [stack: 0x0000005a18800000,0x0000005a18900000] [id=10332]
  0x000001d4fab44000 ConcurrentGCThread "G1 Refine#0" [stack: 0x0000005a18900000,0x0000005a18a00000] [id=3628]
  0x000001d4ff4a0800 ConcurrentGCThread "G1 Young RemSet Sampling" [stack: 0x0000005a18a00000,0x0000005a18b00000] [id=8736]

Threads with active compile tasks:
C2 CompilerThread0  42978 6936       4       sun.reflect.generics.parser.SignatureParser::parseClassTypeSignature (118 bytes)
C2 CompilerThread1  42978 6949 %     4       org.gradle.internal.instantiation.generator.AbstractClassGenerator::inspectType @ 77 (560 bytes)

VM state:not at safepoint (normal execution)

VM Mutex/Monitor currently owned by a thread: None

Heap address: 0x0000000080000000, size: 2048 MB, Compressed Oops mode: 32-bit
Narrow klass base: 0x0000000000000000, Narrow klass shift: 3
Compressed class space size: 1073741824 Address: 0x0000000100000000

Heap:
 garbage-first heap   total 153600K, used 92552K [0x0000000080000000, 0x0000000100000000)
  region size 1024K, 39 young (39936K), 5 survivors (5120K)
 Metaspace       used 70852K, capacity 72510K, committed 72780K, reserved 1112064K
  class space    used 9129K, capacity 9717K, committed 9804K, reserved 1048576K
Heap Regions: E=young(eden), S=young(survivor), O=old, HS=humongous(starts), HC=humongous(continues), CS=collection set, F=free, A=archive, TAMS=top-at-mark-start (previous, next)
|   0|0x0000000080000000, 0x0000000080100000, 0x0000000080100000|100%| O|  |TAMS 0x0000000080100000, 0x0000000080000000| Untracked 
|   1|0x0000000080100000, 0x0000000080200000, 0x0000000080200000|100%| O|  |TAMS 0x0000000080200000, 0x0000000080100000| Untracked 
|   2|0x0000000080200000, 0x0000000080300000, 0x0000000080300000|100%| O|  |TAMS 0x0000000080300000, 0x0000000080200000| Untracked 
|   3|0x0000000080300000, 0x0000000080400000, 0x0000000080400000|100%|HS|  |TAMS 0x0000000080400000, 0x0000000080300000| Complete 
|   4|0x0000000080400000, 0x0000000080500000, 0x0000000080500000|100%|HC|  |TAMS 0x0000000080500000, 0x0000000080400000| Complete 
|   5|0x0000000080500000, 0x0000000080600000, 0x0000000080600000|100%|HC|  |TAMS 0x0000000080600000, 0x0000000080500000| Complete 
|   6|0x0000000080600000, 0x0000000080700000, 0x0000000080700000|100%| O|  |TAMS 0x0000000080700000, 0x0000000080600000| Untracked 
|   7|0x0000000080700000, 0x0000000080800000, 0x0000000080800000|100%| O|  |TAMS 0x0000000080800000, 0x0000000080700000| Untracked 
|   8|0x0000000080800000, 0x0000000080900000, 0x0000000080900000|100%| O|  |TAMS 0x0000000080900000, 0x0000000080800000| Untracked 
|   9|0x0000000080900000, 0x0000000080a00000, 0x0000000080a00000|100%| O|  |TAMS 0x0000000080a00000, 0x0000000080900000| Untracked 
|  10|0x0000000080a00000, 0x0000000080b00000, 0x0000000080b00000|100%| O|  |TAMS 0x0000000080b00000, 0x0000000080a00000| Untracked 
|  11|0x0000000080b00000, 0x0000000080c00000, 0x0000000080c00000|100%| O|  |TAMS 0x0000000080c00000, 0x0000000080b00000| Untracked 
|  12|0x0000000080c00000, 0x0000000080d00000, 0x0000000080d00000|100%| O|  |TAMS 0x0000000080d00000, 0x0000000080c00000| Untracked 
|  13|0x0000000080d00000, 0x0000000080e00000, 0x0000000080e00000|100%| O|  |TAMS 0x0000000080e00000, 0x0000000080d00000| Untracked 
|  14|0x0000000080e00000, 0x0000000080f00000, 0x0000000080f00000|100%| O|  |TAMS 0x0000000080f00000, 0x0000000080e00000| Untracked 
|  15|0x0000000080f00000, 0x0000000081000000, 0x0000000081000000|100%| O|  |TAMS 0x0000000081000000, 0x0000000080f00000| Untracked 
|  16|0x0000000081000000, 0x0000000081100000, 0x0000000081100000|100%|HS|  |TAMS 0x0000000081100000, 0x0000000081000000| Complete 
|  17|0x0000000081100000, 0x0000000081200000, 0x0000000081200000|100%| O|  |TAMS 0x0000000081200000, 0x0000000081100000| Untracked 
|  18|0x0000000081200000, 0x0000000081300000, 0x0000000081300000|100%| O|  |TAMS 0x0000000081300000, 0x0000000081200000| Untracked 
|  19|0x0000000081300000, 0x0000000081400000, 0x0000000081400000|100%| O|  |TAMS 0x0000000081400000, 0x0000000081300000| Untracked 
|  20|0x0000000081400000, 0x0000000081500000, 0x0000000081500000|100%| O|  |TAMS 0x0000000081500000, 0x0000000081400000| Untracked 
|  21|0x0000000081500000, 0x0000000081600000, 0x0000000081600000|100%| O|  |TAMS 0x0000000081600000, 0x0000000081500000| Untracked 
|  22|0x0000000081600000, 0x0000000081700000, 0x0000000081700000|100%| O|  |TAMS 0x0000000081700000, 0x0000000081600000| Untracked 
|  23|0x0000000081700000, 0x0000000081800000, 0x0000000081800000|100%|HS|  |TAMS 0x0000000081800000, 0x0000000081700000| Complete 
|  24|0x0000000081800000, 0x0000000081900000, 0x0000000081900000|100%|HS|  |TAMS 0x0000000081900000, 0x0000000081800000| Complete 
|  25|0x0000000081900000, 0x0000000081a00000, 0x0000000081a00000|100%|HS|  |TAMS 0x0000000081a00000, 0x0000000081900000| Complete 
|  26|0x0000000081a00000, 0x0000000081b00000, 0x0000000081b00000|100%|HC|  |TAMS 0x0000000081b00000, 0x0000000081a00000| Complete 
|  27|0x0000000081b00000, 0x0000000081c00000, 0x0000000081c00000|100%|HC|  |TAMS 0x0000000081c00000, 0x0000000081b00000| Complete 
|  28|0x0000000081c00000, 0x0000000081d00000, 0x0000000081d00000|100%|HS|  |TAMS 0x0000000081d00000, 0x0000000081c00000| Complete 
|  29|0x0000000081d00000, 0x0000000081e00000, 0x0000000081e00000|100%|HC|  |TAMS 0x0000000081e00000, 0x0000000081d00000| Complete 
|  30|0x0000000081e00000, 0x0000000081f00000, 0x0000000081f00000|100%| O|  |TAMS 0x0000000081f00000, 0x0000000081e00000| Untracked 
|  31|0x0000000081f00000, 0x0000000082000000, 0x0000000082000000|100%| O|  |TAMS 0x0000000082000000, 0x0000000081f00000| Untracked 
|  32|0x0000000082000000, 0x0000000082100000, 0x0000000082100000|100%| O|  |TAMS 0x0000000082100000, 0x0000000082000000| Untracked 
|  33|0x0000000082100000, 0x0000000082200000, 0x0000000082200000|100%| O|  |TAMS 0x0000000082200000, 0x0000000082100000| Untracked 
|  34|0x0000000082200000, 0x0000000082300000, 0x0000000082300000|100%| O|  |TAMS 0x0000000082300000, 0x0000000082200000| Untracked 
|  35|0x0000000082300000, 0x0000000082400000, 0x0000000082400000|100%| O|  |TAMS 0x0000000082400000, 0x0000000082300000| Untracked 
|  36|0x0000000082400000, 0x0000000082500000, 0x0000000082500000|100%| O|  |TAMS 0x0000000082500000, 0x0000000082400000| Untracked 
|  37|0x0000000082500000, 0x0000000082600000, 0x0000000082600000|100%| O|  |TAMS 0x0000000082600000, 0x0000000082500000| Untracked 
|  38|0x0000000082600000, 0x0000000082700000, 0x0000000082700000|100%| O|  |TAMS 0x0000000082700000, 0x0000000082600000| Untracked 
|  39|0x0000000082700000, 0x0000000082800000, 0x0000000082800000|100%| O|  |TAMS 0x0000000082800000, 0x0000000082700000| Untracked 
|  40|0x0000000082800000, 0x0000000082900000, 0x0000000082900000|100%| O|  |TAMS 0x0000000082900000, 0x0000000082800000| Untracked 
|  41|0x0000000082900000, 0x0000000082a00000, 0x0000000082a00000|100%| O|  |TAMS 0x0000000082a00000, 0x0000000082900000| Untracked 
|  42|0x0000000082a00000, 0x0000000082b00000, 0x0000000082b00000|100%| O|  |TAMS 0x0000000082b00000, 0x0000000082a00000| Untracked 
|  43|0x0000000082b00000, 0x0000000082c00000, 0x0000000082c00000|100%| O|  |TAMS 0x0000000082c00000, 0x0000000082b00000| Untracked 
|  44|0x0000000082c00000, 0x0000000082d00000, 0x0000000082d00000|100%| O|  |TAMS 0x0000000082d00000, 0x0000000082c00000| Untracked 
|  45|0x0000000082d00000, 0x0000000082e00000, 0x0000000082e00000|100%| O|  |TAMS 0x0000000082e00000, 0x0000000082d00000| Untracked 
|  46|0x0000000082e00000, 0x0000000082f00000, 0x0000000082f00000|100%| O|  |TAMS 0x0000000082e74400, 0x0000000082e00000| Untracked 
|  47|0x0000000082f00000, 0x0000000083000000, 0x0000000083000000|100%| O|  |TAMS 0x0000000082f00000, 0x0000000082f00000| Untracked 
|  48|0x0000000083000000, 0x0000000083100000, 0x0000000083100000|100%| O|  |TAMS 0x0000000083000000, 0x0000000083000000| Untracked 
|  49|0x0000000083100000, 0x0000000083200000, 0x0000000083200000|100%| O|  |TAMS 0x0000000083100000, 0x0000000083100000| Untracked 
|  50|0x0000000083200000, 0x0000000083300000, 0x0000000083300000|100%| O|  |TAMS 0x0000000083200000, 0x0000000083200000| Untracked 
|  51|0x0000000083300000, 0x0000000083400000, 0x0000000083400000|100%| O|  |TAMS 0x0000000083300000, 0x0000000083300000| Untracked 
|  52|0x0000000083400000, 0x0000000083494800, 0x0000000083500000| 58%| O|  |TAMS 0x0000000083400000, 0x0000000083400000| Untracked 
|  53|0x0000000083500000, 0x0000000083500000, 0x0000000083600000|  0%| F|  |TAMS 0x0000000083500000, 0x0000000083500000| Untracked 
|  54|0x0000000083600000, 0x0000000083600000, 0x0000000083700000|  0%| F|  |TAMS 0x0000000083600000, 0x0000000083600000| Untracked 
|  55|0x0000000083700000, 0x0000000083700000, 0x0000000083800000|  0%| F|  |TAMS 0x0000000083700000, 0x0000000083700000| Untracked 
|  56|0x0000000083800000, 0x0000000083800000, 0x0000000083900000|  0%| F|  |TAMS 0x0000000083800000, 0x0000000083800000| Untracked 
|  57|0x0000000083900000, 0x0000000083900000, 0x0000000083a00000|  0%| F|  |TAMS 0x0000000083900000, 0x0000000083900000| Untracked 
|  58|0x0000000083a00000, 0x0000000083a00000, 0x0000000083b00000|  0%| F|  |TAMS 0x0000000083a00000, 0x0000000083a00000| Untracked 
|  59|0x0000000083b00000, 0x0000000083b00000, 0x0000000083c00000|  0%| F|  |TAMS 0x0000000083b00000, 0x0000000083b00000| Untracked 
|  60|0x0000000083c00000, 0x0000000083c00000, 0x0000000083d00000|  0%| F|  |TAMS 0x0000000083c00000, 0x0000000083c00000| Untracked 
|  61|0x0000000083d00000, 0x0000000083d00000, 0x0000000083e00000|  0%| F|  |TAMS 0x0000000083d00000, 0x0000000083d00000| Untracked 
|  62|0x0000000083e00000, 0x0000000083e00000, 0x0000000083f00000|  0%| F|  |TAMS 0x0000000083e00000, 0x0000000083e00000| Untracked 
|  63|0x0000000083f00000, 0x0000000083f00000, 0x0000000084000000|  0%| F|  |TAMS 0x0000000083f00000, 0x0000000083f00000| Untracked 
|  64|0x0000000084000000, 0x0000000084000000, 0x0000000084100000|  0%| F|  |TAMS 0x0000000084000000, 0x0000000084000000| Untracked 
|  65|0x0000000084100000, 0x0000000084100000, 0x0000000084200000|  0%| F|  |TAMS 0x0000000084100000, 0x0000000084100000| Untracked 
|  66|0x0000000084200000, 0x0000000084200000, 0x0000000084300000|  0%| F|  |TAMS 0x0000000084200000, 0x0000000084200000| Untracked 
|  67|0x0000000084300000, 0x0000000084300000, 0x0000000084400000|  0%| F|  |TAMS 0x0000000084300000, 0x0000000084300000| Untracked 
|  68|0x0000000084400000, 0x0000000084400000, 0x0000000084500000|  0%| F|  |TAMS 0x0000000084400000, 0x0000000084400000| Untracked 
|  69|0x0000000084500000, 0x0000000084500000, 0x0000000084600000|  0%| F|  |TAMS 0x0000000084500000, 0x0000000084500000| Untracked 
|  70|0x0000000084600000, 0x0000000084600000, 0x0000000084700000|  0%| F|  |TAMS 0x0000000084600000, 0x0000000084600000| Untracked 
|  71|0x0000000084700000, 0x0000000084700000, 0x0000000084800000|  0%| F|  |TAMS 0x0000000084700000, 0x0000000084700000| Untracked 
|  72|0x0000000084800000, 0x0000000084800000, 0x0000000084900000|  0%| F|  |TAMS 0x0000000084800000, 0x0000000084800000| Untracked 
|  73|0x0000000084900000, 0x0000000084900000, 0x0000000084a00000|  0%| F|  |TAMS 0x0000000084900000, 0x0000000084900000| Untracked 
|  74|0x0000000084a00000, 0x0000000084a00000, 0x0000000084b00000|  0%| F|  |TAMS 0x0000000084a00000, 0x0000000084a00000| Untracked 
|  75|0x0000000084b00000, 0x0000000084b00000, 0x0000000084c00000|  0%| F|  |TAMS 0x0000000084b00000, 0x0000000084b00000| Untracked 
|  76|0x0000000084c00000, 0x0000000084c00000, 0x0000000084d00000|  0%| F|  |TAMS 0x0000000084c00000, 0x0000000084c00000| Untracked 
|  77|0x0000000084d00000, 0x0000000084d00000, 0x0000000084e00000|  0%| F|  |TAMS 0x0000000084d00000, 0x0000000084d00000| Untracked 
|  78|0x0000000084e00000, 0x0000000084e00000, 0x0000000084f00000|  0%| F|  |TAMS 0x0000000084e00000, 0x0000000084e00000| Untracked 
|  79|0x0000000084f00000, 0x0000000084f00000, 0x0000000085000000|  0%| F|  |TAMS 0x0000000084f00000, 0x0000000084f00000| Untracked 
|  80|0x0000000085000000, 0x0000000085000000, 0x0000000085100000|  0%| F|  |TAMS 0x0000000085000000, 0x0000000085000000| Untracked 
|  81|0x0000000085100000, 0x0000000085100000, 0x0000000085200000|  0%| F|  |TAMS 0x0000000085100000, 0x0000000085100000| Untracked 
|  82|0x0000000085200000, 0x0000000085200000, 0x0000000085300000|  0%| F|  |TAMS 0x0000000085200000, 0x0000000085200000| Untracked 
|  83|0x0000000085300000, 0x0000000085300000, 0x0000000085400000|  0%| F|  |TAMS 0x0000000085300000, 0x0000000085300000| Untracked 
|  84|0x0000000085400000, 0x00000000854cd890, 0x0000000085500000| 80%| S|CS|TAMS 0x0000000085400000, 0x0000000085400000| Complete 
|  85|0x0000000085500000, 0x0000000085600000, 0x0000000085600000|100%| S|CS|TAMS 0x0000000085500000, 0x0000000085500000| Complete 
|  86|0x0000000085600000, 0x0000000085600000, 0x0000000085700000|  0%| F|  |TAMS 0x0000000085600000, 0x0000000085600000| Untracked 
|  87|0x0000000085700000, 0x0000000085700000, 0x0000000085800000|  0%| F|  |TAMS 0x0000000085700000, 0x0000000085700000| Untracked 
|  88|0x0000000085800000, 0x0000000085800000, 0x0000000085900000|  0%| F|  |TAMS 0x0000000085800000, 0x0000000085800000| Untracked 
|  89|0x0000000085900000, 0x0000000085900000, 0x0000000085a00000|  0%| F|  |TAMS 0x0000000085900000, 0x0000000085900000| Untracked 
|  90|0x0000000085a00000, 0x0000000085a00000, 0x0000000085b00000|  0%| F|  |TAMS 0x0000000085a00000, 0x0000000085a00000| Untracked 
|  91|0x0000000085b00000, 0x0000000085b00000, 0x0000000085c00000|  0%| F|  |TAMS 0x0000000085b00000, 0x0000000085b00000| Untracked 
|  92|0x0000000085c00000, 0x0000000085c00000, 0x0000000085d00000|  0%| F|  |TAMS 0x0000000085c00000, 0x0000000085c00000| Untracked 
|  93|0x0000000085d00000, 0x0000000085e00000, 0x0000000085e00000|100%| S|CS|TAMS 0x0000000085d00000, 0x0000000085d00000| Complete 
|  94|0x0000000085e00000, 0x0000000085f00000, 0x0000000085f00000|100%| S|CS|TAMS 0x0000000085e00000, 0x0000000085e00000| Complete 
|  95|0x0000000085f00000, 0x0000000086000000, 0x0000000086000000|100%| S|CS|TAMS 0x0000000085f00000, 0x0000000085f00000| Complete 
|  96|0x0000000086000000, 0x0000000086000000, 0x0000000086100000|  0%| F|  |TAMS 0x0000000086000000, 0x0000000086000000| Untracked 
|  97|0x0000000086100000, 0x0000000086100000, 0x0000000086200000|  0%| F|  |TAMS 0x0000000086100000, 0x0000000086100000| Untracked 
|  98|0x0000000086200000, 0x0000000086200000, 0x0000000086300000|  0%| F|  |TAMS 0x0000000086200000, 0x0000000086200000| Untracked 
|  99|0x0000000086300000, 0x0000000086300000, 0x0000000086400000|  0%| F|  |TAMS 0x0000000086300000, 0x0000000086300000| Untracked 
| 100|0x0000000086400000, 0x0000000086400000, 0x0000000086500000|  0%| F|  |TAMS 0x0000000086400000, 0x0000000086400000| Untracked 
| 101|0x0000000086500000, 0x0000000086500000, 0x0000000086600000|  0%| F|  |TAMS 0x0000000086500000, 0x0000000086500000| Untracked 
| 102|0x0000000086600000, 0x0000000086600000, 0x0000000086700000|  0%| F|  |TAMS 0x0000000086600000, 0x0000000086600000| Untracked 
| 103|0x0000000086700000, 0x0000000086700000, 0x0000000086800000|  0%| F|  |TAMS 0x0000000086700000, 0x0000000086700000| Untracked 
| 104|0x0000000086800000, 0x0000000086800000, 0x0000000086900000|  0%| F|  |TAMS 0x0000000086800000, 0x0000000086800000| Untracked 
| 105|0x0000000086900000, 0x0000000086900000, 0x0000000086a00000|  0%| F|  |TAMS 0x0000000086900000, 0x0000000086900000| Untracked 
| 106|0x0000000086a00000, 0x0000000086a00000, 0x0000000086b00000|  0%| F|  |TAMS 0x0000000086a00000, 0x0000000086a00000| Untracked 
| 107|0x0000000086b00000, 0x0000000086b00000, 0x0000000086c00000|  0%| F|  |TAMS 0x0000000086b00000, 0x0000000086b00000| Untracked 
| 108|0x0000000086c00000, 0x0000000086c00000, 0x0000000086d00000|  0%| F|  |TAMS 0x0000000086c00000, 0x0000000086c00000| Untracked 
| 109|0x0000000086d00000, 0x0000000086d00000, 0x0000000086e00000|  0%| F|  |TAMS 0x0000000086d00000, 0x0000000086d00000| Untracked 
| 110|0x0000000086e00000, 0x0000000086e00000, 0x0000000086f00000|  0%| F|  |TAMS 0x0000000086e00000, 0x0000000086e00000| Untracked 
| 111|0x0000000086f00000, 0x0000000086f00000, 0x0000000087000000|  0%| F|  |TAMS 0x0000000086f00000, 0x0000000086f00000| Untracked 
| 112|0x0000000087000000, 0x0000000087000000, 0x0000000087100000|  0%| F|  |TAMS 0x0000000087000000, 0x0000000087000000| Untracked 
| 113|0x0000000087100000, 0x0000000087100000, 0x0000000087200000|  0%| F|  |TAMS 0x0000000087100000, 0x0000000087100000| Untracked 
| 114|0x0000000087200000, 0x0000000087200000, 0x0000000087300000|  0%| F|  |TAMS 0x0000000087200000, 0x0000000087200000| Untracked 
| 115|0x0000000087300000, 0x0000000087300000, 0x0000000087400000|  0%| F|  |TAMS 0x0000000087300000, 0x0000000087300000| Untracked 
| 116|0x0000000087400000, 0x00000000874809e0, 0x0000000087500000| 50%| E|  |TAMS 0x0000000087400000, 0x0000000087400000| Complete 
| 117|0x0000000087500000, 0x0000000087600000, 0x0000000087600000|100%| E|CS|TAMS 0x0000000087500000, 0x0000000087500000| Complete 
| 118|0x0000000087600000, 0x0000000087700000, 0x0000000087700000|100%| E|CS|TAMS 0x0000000087600000, 0x0000000087600000| Complete 
| 119|0x0000000087700000, 0x0000000087800000, 0x0000000087800000|100%| E|CS|TAMS 0x0000000087700000, 0x0000000087700000| Complete 
| 120|0x0000000087800000, 0x0000000087900000, 0x0000000087900000|100%| E|CS|TAMS 0x0000000087800000, 0x0000000087800000| Complete 
| 121|0x0000000087900000, 0x0000000087a00000, 0x0000000087a00000|100%| E|CS|TAMS 0x0000000087900000, 0x0000000087900000| Complete 
| 122|0x0000000087a00000, 0x0000000087b00000, 0x0000000087b00000|100%| E|CS|TAMS 0x0000000087a00000, 0x0000000087a00000| Complete 
| 123|0x0000000087b00000, 0x0000000087c00000, 0x0000000087c00000|100%| E|CS|TAMS 0x0000000087b00000, 0x0000000087b00000| Complete 
| 124|0x0000000087c00000, 0x0000000087d00000, 0x0000000087d00000|100%| E|CS|TAMS 0x0000000087c00000, 0x0000000087c00000| Complete 
| 125|0x0000000087d00000, 0x0000000087e00000, 0x0000000087e00000|100%| E|CS|TAMS 0x0000000087d00000, 0x0000000087d00000| Complete 
| 126|0x0000000087e00000, 0x0000000087f00000, 0x0000000087f00000|100%| E|CS|TAMS 0x0000000087e00000, 0x0000000087e00000| Complete 
| 127|0x0000000087f00000, 0x0000000088000000, 0x0000000088000000|100%| E|CS|TAMS 0x0000000087f00000, 0x0000000087f00000| Complete 
| 128|0x0000000088000000, 0x0000000088100000, 0x0000000088100000|100%| E|CS|TAMS 0x0000000088000000, 0x0000000088000000| Complete 
| 129|0x0000000088100000, 0x0000000088200000, 0x0000000088200000|100%| E|CS|TAMS 0x0000000088100000, 0x0000000088100000| Complete 
| 130|0x0000000088200000, 0x0000000088300000, 0x0000000088300000|100%| E|CS|TAMS 0x0000000088200000, 0x0000000088200000| Complete 
| 131|0x0000000088300000, 0x0000000088400000, 0x0000000088400000|100%| E|CS|TAMS 0x0000000088300000, 0x0000000088300000| Complete 
| 132|0x0000000088400000, 0x0000000088500000, 0x0000000088500000|100%| E|CS|TAMS 0x0000000088400000, 0x0000000088400000| Complete 
| 133|0x0000000088500000, 0x0000000088600000, 0x0000000088600000|100%| E|CS|TAMS 0x0000000088500000, 0x0000000088500000| Complete 
| 134|0x0000000088600000, 0x0000000088700000, 0x0000000088700000|100%| E|CS|TAMS 0x0000000088600000, 0x0000000088600000| Complete 
| 135|0x0000000088700000, 0x0000000088800000, 0x0000000088800000|100%| E|CS|TAMS 0x0000000088700000, 0x0000000088700000| Complete 
| 136|0x0000000088800000, 0x0000000088900000, 0x0000000088900000|100%| E|CS|TAMS 0x0000000088800000, 0x0000000088800000| Complete 
| 137|0x0000000088900000, 0x0000000088a00000, 0x0000000088a00000|100%| E|CS|TAMS 0x0000000088900000, 0x0000000088900000| Complete 
| 138|0x0000000088a00000, 0x0000000088b00000, 0x0000000088b00000|100%| E|CS|TAMS 0x0000000088a00000, 0x0000000088a00000| Complete 
| 139|0x0000000088b00000, 0x0000000088c00000, 0x0000000088c00000|100%| E|CS|TAMS 0x0000000088b00000, 0x0000000088b00000| Complete 
| 140|0x0000000088c00000, 0x0000000088d00000, 0x0000000088d00000|100%| E|CS|TAMS 0x0000000088c00000, 0x0000000088c00000| Complete 
| 141|0x0000000088d00000, 0x0000000088e00000, 0x0000000088e00000|100%| E|CS|TAMS 0x0000000088d00000, 0x0000000088d00000| Complete 
| 142|0x0000000088e00000, 0x0000000088f00000, 0x0000000088f00000|100%| E|CS|TAMS 0x0000000088e00000, 0x0000000088e00000| Complete 
| 143|0x0000000088f00000, 0x0000000089000000, 0x0000000089000000|100%| E|CS|TAMS 0x0000000088f00000, 0x0000000088f00000| Complete 
| 144|0x0000000089000000, 0x0000000089100000, 0x0000000089100000|100%| E|CS|TAMS 0x0000000089000000, 0x0000000089000000| Complete 
| 145|0x0000000089100000, 0x0000000089200000, 0x0000000089200000|100%| E|CS|TAMS 0x0000000089100000, 0x0000000089100000| Complete 
| 146|0x0000000089200000, 0x0000000089300000, 0x0000000089300000|100%| E|CS|TAMS 0x0000000089200000, 0x0000000089200000| Complete 
| 147|0x0000000089300000, 0x0000000089400000, 0x0000000089400000|100%| E|CS|TAMS 0x0000000089300000, 0x0000000089300000| Complete 
| 148|0x0000000089400000, 0x0000000089500000, 0x0000000089500000|100%| E|CS|TAMS 0x0000000089400000, 0x0000000089400000| Complete 
| 149|0x0000000089500000, 0x0000000089600000, 0x0000000089600000|100%| E|CS|TAMS 0x0000000089500000, 0x0000000089500000| Complete 

Card table byte_map: [0x000001d4fe960000,0x000001d4fed60000] _byte_map_base: 0x000001d4fe560000

Marking Bits (Prev, Next): (CMBitMap*) 0x000001d4faabd268, (CMBitMap*) 0x000001d4faabd2a0
 Prev Bits: [0x000001d48f000000, 0x000001d491000000)
 Next Bits: [0x000001d491000000, 0x000001d493000000)

Polling page: 0x000001d4f88b0000

Metaspace:

Usage:
  Non-class:     61.32 MB capacity,    60.28 MB ( 98%) used,   895.45 KB (  1%) free+waste,   173.81 KB ( <1%) overhead. 
      Class:      9.49 MB capacity,     8.92 MB ( 94%) used,   507.27 KB (  5%) free+waste,    80.56 KB ( <1%) overhead. 
       Both:     70.81 MB capacity,    69.19 MB ( 98%) used,     1.37 MB (  2%) free+waste,   254.38 KB ( <1%) overhead. 

Virtual space:
  Non-class space:       62.00 MB reserved,      61.50 MB (>99%) committed 
      Class space:        1.00 GB reserved,       9.57 MB ( <1%) committed 
             Both:        1.06 GB reserved,      71.07 MB (  7%) committed 

Chunk freelists:
   Non-Class:  55.00 KB
       Class:  11.00 KB
        Both:  66.00 KB

MaxMetaspaceSize: 17179869184.00 GB
CompressedClassSpaceSize: 1.00 GB

CodeHeap 'non-profiled nmethods': size=120064Kb used=4410Kb max_used=4410Kb free=115654Kb
 bounds [0x000001d487ac0000, 0x000001d487f10000, 0x000001d48f000000]
CodeHeap 'profiled nmethods': size=120000Kb used=14728Kb max_used=14728Kb free=105271Kb
 bounds [0x000001d480590000, 0x000001d481400000, 0x000001d487ac0000]
CodeHeap 'non-nmethods': size=5696Kb used=2264Kb max_used=2316Kb free=3431Kb
 bounds [0x000001d480000000, 0x000001d480270000, 0x000001d480590000]
 total_blobs=7788 nmethods=6928 adapters=771
 compilation: enabled
              stopped_count=0, restarted_count=0
 full_count=0

Compilation events (20 events):
Event: 42.732 Thread 0x000001d4ff67a800 6947       3       sun.reflect.generics.tree.SimpleClassTypeSignature::accept (8 bytes)
Event: 42.733 Thread 0x000001d4ff67a800 nmethod 6947 0x000001d4813e8110 code [0x000001d4813e8320, 0x000001d4813e8788]
Event: 42.733 Thread 0x000001d4ff67a800 6948       3       sun.reflect.generics.visitor.Reifier::visitSimpleClassTypeSignature (18 bytes)
Event: 42.733 Thread 0x000001d4ff67a800 nmethod 6948 0x000001d4813e8a10 code [0x000001d4813e8c00, 0x000001d4813e8fc8]
Event: 42.740 Thread 0x000001d49aa04000 nmethod 6940 0x000001d487f0dd10 code [0x000001d487f0dec0, 0x000001d487f0e4f8]
Event: 42.740 Thread 0x000001d49aa04000 6949 %     4       org.gradle.internal.instantiation.generator.AbstractClassGenerator::inspectType @ 77 (560 bytes)
Event: 42.748 Thread 0x000001d4ff67a800 6952       3       org.gradle.internal.instantiation.generator.AbstractClassGenerator::isRoleType (49 bytes)
Event: 42.748 Thread 0x000001d4ff67a800 nmethod 6952 0x000001d4813e9210 code [0x000001d4813e9420, 0x000001d4813e99d8]
Event: 42.803 Thread 0x000001d4ff67a800 6953   !   3       com.sun.beans.introspect.PropertyInfo::initialize (374 bytes)
Event: 42.808 Thread 0x000001d4ff67a800 nmethod 6953 0x000001d4813e9c10 code [0x000001d4813ea2a0, 0x000001d4813ed9c8]
Event: 42.808 Thread 0x000001d4ff67a800 6955       3       java.util.LinkedList::linkFirst (59 bytes)
Event: 42.809 Thread 0x000001d4ff67a800 nmethod 6955 0x000001d4813ef290 code [0x000001d4813ef460, 0x000001d4813ef8b8]
Event: 42.809 Thread 0x000001d4ff67a800 6957       3       org.codehaus.groovy.util.ComplexKeyHashMap::getEntrySetIterator (9 bytes)
Event: 42.809 Thread 0x000001d4ff67a800 nmethod 6957 0x000001d4813efa10 code [0x000001d4813efbc0, 0x000001d4813efd48]
Event: 42.809 Thread 0x000001d4ff67a800 6954       3       java.util.AbstractMap::isEmpty (13 bytes)
Event: 42.809 Thread 0x000001d4ff67a800 nmethod 6954 0x000001d4813efe10 code [0x000001d4813effc0, 0x000001d4813f01c8]
Event: 42.851 Thread 0x000001d4ff67a800 6958       3       java.util.Collections::singleton (9 bytes)
Event: 42.851 Thread 0x000001d4ff67a800 nmethod 6958 0x000001d4813f0290 code [0x000001d4813f0460, 0x000001d4813f0778]
Event: 42.855 Thread 0x000001d4ff67a800 6959   !   3       org.gradle.internal.event.DefaultListenerManager::getBroadcasterInternal (155 bytes)
Event: 42.856 Thread 0x000001d4ff67a800 nmethod 6959 0x000001d4813f0890 code [0x000001d4813f0b60, 0x000001d4813f1b88]

GC Heap History (20 events):
Event: 4.726 GC heap before
{Heap before GC invocations=3 (full 0):
 garbage-first heap   total 126976K, used 69905K [0x0000000080000000, 0x0000000100000000)
  region size 1024K, 60 young (61440K), 4 survivors (4096K)
 Metaspace       used 19145K, capacity 19558K, committed 19712K, reserved 1067008K
  class space    used 2320K, capacity 2470K, committed 2560K, reserved 1048576K
}
Event: 4.772 GC heap after
{Heap after GC invocations=4 (full 0):
 garbage-first heap   total 126976K, used 16552K [0x0000000080000000, 0x0000000100000000)
  region size 1024K, 8 young (8192K), 8 survivors (8192K)
 Metaspace       used 19145K, capacity 19558K, committed 19712K, reserved 1067008K
  class space    used 2320K, capacity 2470K, committed 2560K, reserved 1048576K
}
Event: 5.217 GC heap before
{Heap before GC invocations=4 (full 0):
 garbage-first heap   total 126976K, used 25768K [0x0000000080000000, 0x0000000100000000)
  region size 1024K, 18 young (18432K), 8 survivors (8192K)
 Metaspace       used 20588K, capacity 21096K, committed 21248K, reserved 1067008K
  class space    used 2505K, capacity 2690K, committed 2816K, reserved 1048576K
}
Event: 5.230 GC heap after
{Heap after GC invocations=5 (full 0):
 garbage-first heap   total 153600K, used 16879K [0x0000000080000000, 0x0000000100000000)
  region size 1024K, 1 young (1024K), 1 survivors (1024K)
 Metaspace       used 20588K, capacity 21096K, committed 21248K, reserved 1067008K
  class space    used 2505K, capacity 2690K, committed 2816K, reserved 1048576K
}
Event: 8.893 GC heap before
{Heap before GC invocations=6 (full 0):
 garbage-first heap   total 153600K, used 72175K [0x0000000080000000, 0x0000000100000000)
  region size 1024K, 55 young (56320K), 1 survivors (1024K)
 Metaspace       used 26064K, capacity 26751K, committed 27008K, reserved 1073152K
  class space    used 3406K, capacity 3665K, committed 3712K, reserved 1048576K
}
Event: 8.898 GC heap after
{Heap after GC invocations=7 (full 0):
 garbage-first heap   total 153600K, used 18548K [0x0000000080000000, 0x0000000100000000)
  region size 1024K, 3 young (3072K), 3 survivors (3072K)
 Metaspace       used 26064K, capacity 26751K, committed 27008K, reserved 1073152K
  class space    used 3406K, capacity 3665K, committed 3712K, reserved 1048576K
}
Event: 13.909 GC heap before
{Heap before GC invocations=7 (full 0):
 garbage-first heap   total 153600K, used 72820K [0x0000000080000000, 0x0000000100000000)
  region size 1024K, 57 young (58368K), 3 survivors (3072K)
 Metaspace       used 34994K, capacity 35802K, committed 35840K, reserved 1081344K
  class space    used 4537K, capacity 4832K, committed 4864K, reserved 1048576K
}
Event: 13.925 GC heap after
{Heap after GC invocations=8 (full 0):
 garbage-first heap   total 153600K, used 22481K [0x0000000080000000, 0x0000000100000000)
  region size 1024K, 7 young (7168K), 7 survivors (7168K)
 Metaspace       used 34994K, capacity 35802K, committed 35840K, reserved 1081344K
  class space    used 4537K, capacity 4832K, committed 4864K, reserved 1048576K
}
Event: 16.276 GC heap before
{Heap before GC invocations=9 (full 0):
 garbage-first heap   total 153600K, used 91089K [0x0000000080000000, 0x0000000100000000)
  region size 1024K, 71 young (72704K), 7 survivors (7168K)
 Metaspace       used 39757K, capacity 40722K, committed 40780K, reserved 1085440K
  class space    used 5087K, capacity 5422K, committed 5452K, reserved 1048576K
}
Event: 16.291 GC heap after
{Heap after GC invocations=10 (full 0):
 garbage-first heap   total 153600K, used 27086K [0x0000000080000000, 0x0000000100000000)
  region size 1024K, 9 young (9216K), 9 survivors (9216K)
 Metaspace       used 39757K, capacity 40722K, committed 40780K, reserved 1085440K
  class space    used 5087K, capacity 5422K, committed 5452K, reserved 1048576K
}
Event: 19.750 GC heap before
{Heap before GC invocations=10 (full 0):
 garbage-first heap   total 153600K, used 98766K [0x0000000080000000, 0x0000000100000000)
  region size 1024K, 79 young (80896K), 9 survivors (9216K)
 Metaspace       used 45997K, capacity 47086K, committed 47308K, reserved 1089536K
  class space    used 5892K, capacity 6300K, committed 6348K, reserved 1048576K
}
Event: 19.766 GC heap after
{Heap after GC invocations=11 (full 0):
 garbage-first heap   total 153600K, used 30072K [0x0000000080000000, 0x0000000100000000)
  region size 1024K, 8 young (8192K), 8 survivors (8192K)
 Metaspace       used 45997K, capacity 47086K, committed 47308K, reserved 1089536K
  class space    used 5892K, capacity 6300K, committed 6348K, reserved 1048576K
}
Event: 28.745 GC heap before
{Heap before GC invocations=11 (full 0):
 garbage-first heap   total 153600K, used 113016K [0x0000000080000000, 0x0000000100000000)
  region size 1024K, 82 young (83968K), 8 survivors (8192K)
 Metaspace       used 51664K, capacity 53058K, committed 53196K, reserved 1095680K
  class space    used 6579K, capacity 7077K, committed 7116K, reserved 1048576K
}
Event: 28.763 GC heap after
{Heap after GC invocations=12 (full 0):
 garbage-first heap   total 153600K, used 46938K [0x0000000080000000, 0x0000000100000000)
  region size 1024K, 11 young (11264K), 11 survivors (11264K)
 Metaspace       used 51664K, capacity 53058K, committed 53196K, reserved 1095680K
  class space    used 6579K, capacity 7077K, committed 7116K, reserved 1048576K
}
Event: 32.866 GC heap before
{Heap before GC invocations=12 (full 0):
 garbage-first heap   total 153600K, used 90970K [0x0000000080000000, 0x0000000100000000)
  region size 1024K, 55 young (56320K), 11 survivors (11264K)
 Metaspace       used 58703K, capacity 60202K, committed 60236K, reserved 1101824K
  class space    used 7438K, capacity 7981K, committed 8012K, reserved 1048576K
}
Event: 32.892 GC heap after
{Heap after GC invocations=13 (full 0):
 garbage-first heap   total 153600K, used 50641K [0x0000000080000000, 0x0000000100000000)
  region size 1024K, 3 young (3072K), 3 survivors (3072K)
 Metaspace       used 58703K, capacity 60202K, committed 60236K, reserved 1101824K
  class space    used 7438K, capacity 7981K, committed 8012K, reserved 1048576K
}
Event: 36.870 GC heap before
{Heap before GC invocations=14 (full 0):
 garbage-first heap   total 153600K, used 105937K [0x0000000080000000, 0x0000000100000000)
  region size 1024K, 57 young (58368K), 3 survivors (3072K)
 Metaspace       used 63868K, capacity 65321K, committed 65484K, reserved 1105920K
  class space    used 8093K, capacity 8630K, committed 8652K, reserved 1048576K
}
Event: 36.884 GC heap after
{Heap after GC invocations=15 (full 0):
 garbage-first heap   total 153600K, used 54288K [0x0000000080000000, 0x0000000100000000)
  region size 1024K, 7 young (7168K), 7 survivors (7168K)
 Metaspace       used 63868K, capacity 65321K, committed 65484K, reserved 1105920K
  class space    used 8093K, capacity 8630K, committed 8652K, reserved 1048576K
}
Event: 40.474 GC heap before
{Heap before GC invocations=16 (full 0):
 garbage-first heap   total 153600K, used 109584K [0x0000000080000000, 0x0000000100000000)
  region size 1024K, 61 young (62464K), 7 survivors (7168K)
 Metaspace       used 66895K, capacity 68490K, committed 68684K, reserved 1110016K
  class space    used 8466K, capacity 9020K, committed 9036K, reserved 1048576K
}
Event: 40.492 GC heap after
{Heap after GC invocations=17 (full 0):
 garbage-first heap   total 153600K, used 58760K [0x0000000080000000, 0x0000000100000000)
  region size 1024K, 5 young (5120K), 5 survivors (5120K)
 Metaspace       used 66895K, capacity 68490K, committed 68684K, reserved 1110016K
  class space    used 8466K, capacity 9020K, committed 9036K, reserved 1048576K
}

Deoptimization events (20 events):
Event: 37.146 Thread 0x000001d496a5d800 DEOPT PACKING pc=0x000001d487de7874 sp=0x0000005a19df8170
Event: 37.146 Thread 0x000001d496a5d800 DEOPT UNPACKING pc=0x000001d4800278af sp=0x0000005a19df8058 mode 2
Event: 38.175 Thread 0x000001d496a5d800 Uncommon trap: trap_request=0xffffff4d fr.pc=0x000001d487bedee8 relative=0x0000000000005168
Event: 38.175 Thread 0x000001d496a5d800 Uncommon trap: reason=unstable_if action=reinterpret pc=0x000001d487bedee8 method=sun.net.www.protocol.jar.Handler.parseURL(Ljava/net/URL;Ljava/lang/String;II)V @ 116 c2
Event: 38.175 Thread 0x000001d496a5d800 DEOPT PACKING pc=0x000001d487bedee8 sp=0x0000005a19df9390
Event: 38.175 Thread 0x000001d496a5d800 DEOPT UNPACKING pc=0x000001d4800278af sp=0x0000005a19df9288 mode 2
Event: 38.812 Thread 0x000001d496a5d800 DEOPT PACKING pc=0x000001d480a4de79 sp=0x0000005a19df9180
Event: 38.813 Thread 0x000001d496a5d800 DEOPT UNPACKING pc=0x000001d4800276ce sp=0x0000005a19df8648 mode 0
Event: 38.835 Thread 0x000001d496a5d800 Uncommon trap: trap_request=0xffffff4d fr.pc=0x000001d487de34ac relative=0x00000000000017ac
Event: 38.835 Thread 0x000001d496a5d800 Uncommon trap: reason=unstable_if action=reinterpret pc=0x000001d487de34ac method=java.util.concurrent.ConcurrentHashMap.putVal(Ljava/lang/Object;Ljava/lang/Object;Z)Ljava/lang/Object; @ 245 c2
Event: 38.835 Thread 0x000001d496a5d800 DEOPT PACKING pc=0x000001d487de34ac sp=0x0000005a19df8780
Event: 38.835 Thread 0x000001d496a5d800 DEOPT UNPACKING pc=0x000001d4800278af sp=0x0000005a19df8718 mode 2
Event: 39.143 Thread 0x000001d496a5d800 Uncommon trap: trap_request=0xffffff4d fr.pc=0x000001d487c5a680 relative=0x0000000000000340
Event: 39.143 Thread 0x000001d496a5d800 Uncommon trap: reason=unstable_if action=reinterpret pc=0x000001d487c5a680 method=java.util.StringJoiner.add(Ljava/lang/CharSequence;)Ljava/util/StringJoiner; @ 33 c2
Event: 39.143 Thread 0x000001d496a5d800 DEOPT PACKING pc=0x000001d487c5a680 sp=0x0000005a19df5f50
Event: 39.143 Thread 0x000001d496a5d800 DEOPT UNPACKING pc=0x000001d4800278af sp=0x0000005a19df5f00 mode 2
Event: 39.285 Thread 0x000001d496a5d800 Uncommon trap: trap_request=0xffffff4d fr.pc=0x000001d487cb6138 relative=0x0000000000005cb8
Event: 39.285 Thread 0x000001d496a5d800 Uncommon trap: reason=unstable_if action=reinterpret pc=0x000001d487cb6138 method=org.codehaus.groovy.runtime.metaclass.MetaMethodIndex.isOverridden(Lgroovy/lang/MetaMethod;Lgroovy/lang/MetaMethod;)Z @ 33 c2
Event: 39.285 Thread 0x000001d496a5d800 DEOPT PACKING pc=0x000001d487cb6138 sp=0x0000005a19df4d00
Event: 39.285 Thread 0x000001d496a5d800 DEOPT UNPACKING pc=0x000001d4800278af sp=0x0000005a19df4d18 mode 2

Classes redefined (0 events):
No events

Internal exceptions (20 events):
Event: 39.313 Thread 0x000001d496a5d800 Exception <a 'java/lang/ClassNotFoundException'{0x0000000086c73088}: build_54mlzsaj0cwu8hzg88bthu2wk$_run_closure1$_closure4BeanInfo> (0x0000000086c73088) thrown at [./src/hotspot/share/classfile/systemDictionary.cpp, line 231]
Event: 39.313 Thread 0x000001d496a5d800 Exception <a 'java/lang/ClassNotFoundException'{0x0000000086c84b80}: build_54mlzsaj0cwu8hzg88bthu2wk$_run_closure1$_closure4Customizer> (0x0000000086c84b80) thrown at [./src/hotspot/share/classfile/systemDictionary.cpp, line 231]
Event: 39.316 Thread 0x000001d496a5d800 Exception <a 'java/lang/ClassNotFoundException'{0x0000000086cae8f0}: build_54mlzsaj0cwu8hzg88bthu2wk$_run_closure1BeanInfo> (0x0000000086cae8f0) thrown at [./src/hotspot/share/classfile/systemDictionary.cpp, line 231]
Event: 39.316 Thread 0x000001d496a5d800 Exception <a 'java/lang/ClassNotFoundException'{0x0000000086cbf6d0}: build_54mlzsaj0cwu8hzg88bthu2wk$_run_closure1Customizer> (0x0000000086cbf6d0) thrown at [./src/hotspot/share/classfile/systemDictionary.cpp, line 231]
Event: 39.323 Thread 0x000001d496a5d800 Exception <a 'java/lang/ClassNotFoundException'{0x0000000086b1db20}: org/gradle/api/JavaVersionBeanInfo> (0x0000000086b1db20) thrown at [./src/hotspot/share/classfile/systemDictionary.cpp, line 231]
Event: 39.325 Thread 0x000001d496a5d800 Exception <a 'java/lang/ClassNotFoundException'{0x0000000086b48ab8}: org/gradle/api/JavaVersionCustomizer> (0x0000000086b48ab8) thrown at [./src/hotspot/share/classfile/systemDictionary.cpp, line 231]
Event: 39.330 Thread 0x000001d496a5d800 Exception <a 'java/lang/ClassNotFoundException'{0x0000000086b9fdd0}: com/android/build/gradle/internal/CompileOptions_DecoratedBeanInfo> (0x0000000086b9fdd0) thrown at [./src/hotspot/share/classfile/systemDictionary.cpp, line 231]
Event: 39.331 Thread 0x000001d496a5d800 Exception <a 'java/lang/ClassNotFoundException'{0x0000000086bb91c8}: com/android/build/gradle/internal/CompileOptionsBeanInfo> (0x0000000086bb91c8) thrown at [./src/hotspot/share/classfile/systemDictionary.cpp, line 231]
Event: 39.331 Thread 0x000001d496a5d800 Exception <a 'java/lang/ClassNotFoundException'{0x0000000086bd2ec0}: com/android/build/gradle/internal/CompileOptionsCustomizer> (0x0000000086bd2ec0) thrown at [./src/hotspot/share/classfile/systemDictionary.cpp, line 231]
Event: 39.333 Thread 0x000001d496a5d800 Exception <a 'java/lang/ClassNotFoundException'{0x0000000086bf99f0}: com/android/build/gradle/internal/CompileOptions_DecoratedCustomizer> (0x0000000086bf99f0) thrown at [./src/hotspot/share/classfile/systemDictionary.cpp, line 231]
Event: 39.390 Thread 0x000001d496a5d800 Exception <a 'java/lang/ClassNotFoundException'{0x000000008693af48}: org/jetbrains/kotlin/gradle/dsl/KotlinJvmOptionsImplBeanInfo> (0x000000008693af48) thrown at [./src/hotspot/share/classfile/systemDictionary.cpp, line 231]
Event: 39.391 Thread 0x000001d496a5d800 Exception <a 'java/lang/ClassNotFoundException'{0x00000000869554c8}: org/jetbrains/kotlin/gradle/dsl/KotlinJvmOptionsBaseBeanInfo> (0x00000000869554c8) thrown at [./src/hotspot/share/classfile/systemDictionary.cpp, line 231]
Event: 39.391 Thread 0x000001d496a5d800 Exception <a 'java/lang/ClassNotFoundException'{0x000000008696fc50}: org/jetbrains/kotlin/gradle/dsl/KotlinJvmOptionsBaseCustomizer> (0x000000008696fc50) thrown at [./src/hotspot/share/classfile/systemDictionary.cpp, line 231]
Event: 39.393 Thread 0x000001d496a5d800 Exception <a 'java/lang/ClassNotFoundException'{0x00000000869a2d90}: org/jetbrains/kotlin/gradle/dsl/KotlinJvmOptionsImplCustomizer> (0x00000000869a2d90) thrown at [./src/hotspot/share/classfile/systemDictionary.cpp, line 231]
Event: 42.799 Thread 0x000001d496a5d800 Exception <a 'java/lang/ClassNotFoundException'{0x000000008766f0d0}: com/android/build/gradle/internal/api/ApkVariantOutputImpl_DecoratedBeanInfo> (0x000000008766f0d0) thrown at [./src/hotspot/share/classfile/systemDictionary.cpp, line 231]
Event: 42.800 Thread 0x000001d496a5d800 Exception <a 'java/lang/ClassNotFoundException'{0x0000000087689f38}: com/android/build/gradle/internal/api/ApkVariantOutputImplBeanInfo> (0x0000000087689f38) thrown at [./src/hotspot/share/classfile/systemDictionary.cpp, line 231]
Event: 42.801 Thread 0x000001d496a5d800 Exception <a 'java/lang/ClassNotFoundException'{0x00000000876a53b8}: com/android/build/gradle/internal/api/BaseVariantOutputImplBeanInfo> (0x00000000876a53b8) thrown at [./src/hotspot/share/classfile/systemDictionary.cpp, line 231]
Event: 42.802 Thread 0x000001d496a5d800 Exception <a 'java/lang/ClassNotFoundException'{0x00000000876c08a0}: com/android/build/gradle/internal/api/BaseVariantOutputImplCustomizer> (0x00000000876c08a0) thrown at [./src/hotspot/share/classfile/systemDictionary.cpp, line 231]
Event: 42.804 Thread 0x000001d496a5d800 Exception <a 'java/lang/ClassNotFoundException'{0x00000000876ee420}: com/android/build/gradle/internal/api/ApkVariantOutputImplCustomizer> (0x00000000876ee420) thrown at [./src/hotspot/share/classfile/systemDictionary.cpp, line 231]
Event: 42.806 Thread 0x000001d496a5d800 Exception <a 'java/lang/ClassNotFoundException'{0x0000000087518a40}: com/android/build/gradle/internal/api/ApkVariantOutputImpl_DecoratedCustomizer> (0x0000000087518a40) thrown at [./src/hotspot/share/classfile/systemDictionary.cpp, line 231]

Events (20 events):
Event: 42.849 loading class org/jetbrains/kotlin/gradle/plugin/AbstractKotlinTargetConfigurator$Companion
Event: 42.849 loading class org/jetbrains/kotlin/gradle/plugin/AbstractKotlinTargetConfigurator$Companion done
Event: 42.852 loading class org/jetbrains/kotlin/gradle/plugin/KotlinTarget$DefaultImpls
Event: 42.852 loading class org/jetbrains/kotlin/gradle/plugin/KotlinTarget$DefaultImpls done
Event: 42.852 loading class org/jetbrains/kotlin/gradle/plugin/mpp/KotlinCompilationsKt
Event: 42.852 loading class org/jetbrains/kotlin/gradle/plugin/mpp/KotlinCompilationsKt done
Event: 42.857 loading class org/jetbrains/kotlin/gradle/plugin/ProjectLocalConfigurationsKt
Event: 42.857 loading class org/jetbrains/kotlin/gradle/plugin/ProjectLocalConfigurationsKt done
Event: 42.858 loading class org/jetbrains/kotlin/gradle/plugin/mpp/KotlinWithJavaTarget
Event: 42.858 loading class org/jetbrains/kotlin/gradle/plugin/mpp/KotlinWithJavaTarget done
Event: 42.858 loading class org/jetbrains/kotlin/gradle/targets/js/KotlinJsTarget
Event: 42.858 loading class org/jetbrains/kotlin/gradle/targets/js/KotlinJsTarget done
Event: 42.859 loading class org/jetbrains/kotlin/gradle/plugin/KotlinTargetWithTests
Event: 42.859 loading class org/jetbrains/kotlin/gradle/plugin/KotlinTargetWithTests done
Event: 42.860 loading class org/jetbrains/kotlin/gradle/targets/js/dsl/KotlinJsTargetDsl
Event: 42.860 loading class org/jetbrains/kotlin/gradle/targets/js/dsl/KotlinJsTargetDsl done
Event: 42.888 loading class org/jetbrains/kotlin/gradle/targets/js/dsl/KotlinJsSubTargetContainerDsl
Event: 42.888 loading class org/jetbrains/kotlin/gradle/targets/js/dsl/KotlinJsSubTargetContainerDsl done
Event: 42.920 loading class org/jetbrains/kotlin/gradle/plugin/mpp/KotlinTargetWithBinaries
Event: 42.920 loading class org/jetbrains/kotlin/gradle/plugin/mpp/KotlinTargetWithBinaries done


Dynamic libraries:
0x00007ff6e8e70000 - 0x00007ff6e8e7a000 	C:\Program Files\Android\Android Studio1\jre\bin\java.exe
0x00007ffa1bfa0000 - 0x00007ffa1c190000 	C:\WINDOWS\SYSTEM32\ntdll.dll
0x00007ffa1b3e0000 - 0x00007ffa1b492000 	C:\WINDOWS\System32\KERNEL32.DLL
0x00007ffa19020000 - 0x00007ffa192c4000 	C:\WINDOWS\System32\KERNELBASE.dll
0x00007ffa19f20000 - 0x00007ffa1a01a000 	C:\WINDOWS\System32\ucrtbase.dll
0x00007ff9f9290000 - 0x00007ff9f92a9000 	C:\Program Files\Android\Android Studio1\jre\bin\jli.dll
0x00007ffa1bb50000 - 0x00007ffa1bce4000 	C:\WINDOWS\System32\USER32.dll
0x00007ffa1a020000 - 0x00007ffa1a041000 	C:\WINDOWS\System32\win32u.dll
0x00007ffa1b840000 - 0x00007ffa1b866000 	C:\WINDOWS\System32\GDI32.dll
0x00007ffa19d80000 - 0x00007ffa19f16000 	C:\WINDOWS\System32\gdi32full.dll
0x00007ffa19420000 - 0x00007ffa194be000 	C:\WINDOWS\System32\msvcp_win.dll
0x00007ff9f8fe0000 - 0x00007ff9f8ff7000 	C:\Program Files\Android\Android Studio1\jre\bin\VCRUNTIME140.dll
0x00007ffa05400000 - 0x00007ffa05684000 	C:\WINDOWS\WinSxS\amd64_microsoft.windows.common-controls_6595b64144ccf1df_6.0.18362.959_none_e6c7bbbf130c62bb\COMCTL32.dll
0x00007ffa1a100000 - 0x00007ffa1a19e000 	C:\WINDOWS\System32\msvcrt.dll
0x00007ffa1a280000 - 0x00007ffa1a5b5000 	C:\WINDOWS\System32\combase.dll
0x00007ffa1b870000 - 0x00007ffa1b990000 	C:\WINDOWS\System32\RPCRT4.dll
0x00007ffa19d00000 - 0x00007ffa19d80000 	C:\WINDOWS\System32\bcryptPrimitives.dll
0x00007ffa1a050000 - 0x00007ffa1a07e000 	C:\WINDOWS\System32\IMM32.DLL
0x00007ff9ec350000 - 0x00007ff9ec3ed000 	C:\Program Files\Android\Android Studio1\jre\bin\msvcp140.dll
0x00007ff9e06d0000 - 0x00007ff9e119f000 	C:\Program Files\Android\Android Studio1\jre\bin\server\jvm.dll
0x00007ffa1b4a0000 - 0x00007ffa1b543000 	C:\WINDOWS\System32\ADVAPI32.dll
0x00007ffa1b7a0000 - 0x00007ffa1b837000 	C:\WINDOWS\System32\sechost.dll
0x00007ffa1a1a0000 - 0x00007ffa1a1a8000 	C:\WINDOWS\System32\PSAPI.DLL
0x00007ffa16560000 - 0x00007ffa16569000 	C:\WINDOWS\SYSTEM32\WSOCK32.dll
0x00007ffa154b0000 - 0x00007ffa154d4000 	C:\WINDOWS\SYSTEM32\WINMM.dll
0x00007ffa1b9a0000 - 0x00007ffa1ba0f000 	C:\WINDOWS\System32\WS2_32.dll
0x00007ffa0ff60000 - 0x00007ffa0ff6a000 	C:\WINDOWS\SYSTEM32\VERSION.dll
0x00007ffa15480000 - 0x00007ffa154ad000 	C:\WINDOWS\SYSTEM32\WINMMBASE.dll
0x00007ffa18fd0000 - 0x00007ffa1901a000 	C:\WINDOWS\System32\cfgmgr32.dll
0x00007ffa18eb0000 - 0x00007ffa18ec1000 	C:\WINDOWS\System32\kernel.appcore.dll
0x00007ffa11fe0000 - 0x00007ffa11ff1000 	C:\Program Files\Android\Android Studio1\jre\bin\verify.dll
0x00007ffa015e0000 - 0x00007ffa017d4000 	C:\WINDOWS\SYSTEM32\DBGHELP.DLL
0x00007ffa015b0000 - 0x00007ffa015da000 	C:\WINDOWS\SYSTEM32\dbgcore.DLL
0x00007ffa0a5c0000 - 0x00007ffa0a5e9000 	C:\Program Files\Android\Android Studio1\jre\bin\java.dll
0x00007ffa11fd0000 - 0x00007ffa11fdb000 	C:\Program Files\Android\Android Studio1\jre\bin\jimage.dll
0x00007ffa11f90000 - 0x00007ffa11fa8000 	C:\Program Files\Android\Android Studio1\jre\bin\zip.dll
0x00007ffa1a880000 - 0x00007ffa1af66000 	C:\WINDOWS\System32\SHELL32.dll
0x00007ffa1a7d0000 - 0x00007ffa1a879000 	C:\WINDOWS\System32\shcore.dll
0x00007ffa19570000 - 0x00007ffa19cf2000 	C:\WINDOWS\System32\windows.storage.dll
0x00007ffa18ed0000 - 0x00007ffa18ef3000 	C:\WINDOWS\System32\profapi.dll
0x00007ffa18e60000 - 0x00007ffa18eaa000 	C:\WINDOWS\System32\powrprof.dll
0x00007ffa18e50000 - 0x00007ffa18e60000 	C:\WINDOWS\System32\UMPDC.dll
0x00007ffa1bdc0000 - 0x00007ffa1be12000 	C:\WINDOWS\System32\shlwapi.dll
0x00007ffa18fb0000 - 0x00007ffa18fc7000 	C:\WINDOWS\System32\cryptsp.dll
0x00007ffa0af30000 - 0x00007ffa0af4a000 	C:\Program Files\Android\Android Studio1\jre\bin\net.dll
0x00007ffa0b2e0000 - 0x00007ffa0b3d0000 	C:\WINDOWS\SYSTEM32\WINHTTP.dll
0x00007ffa18660000 - 0x00007ffa186c7000 	C:\WINDOWS\system32\mswsock.dll
0x00007ffa0a650000 - 0x00007ffa0a664000 	C:\Program Files\Android\Android Studio1\jre\bin\nio.dll
0x00007ffa08ea0000 - 0x00007ffa08ec7000 	C:\Users\Somesh\.gradle\native\8bec1ad78214c89d9ad589b4d07fe93259594b29d510b10fafb7a158f7737e5d\windows-amd64\native-platform.dll
0x00007ff9e0590000 - 0x00007ff9e06cd000 	C:\Users\Somesh\.gradle\native\53dbd7edfb1c66fb8903c78663c9afc45aea4f116125fa6feffd364cf09443e8\windows-amd64\native-platform-file-events.dll
0x00007ffa0ed00000 - 0x00007ffa0ed0a000 	C:\Program Files\Android\Android Studio1\jre\bin\management.dll
0x00007ffa0a5b0000 - 0x00007ffa0a5bc000 	C:\Program Files\Android\Android Studio1\jre\bin\management_ext.dll
0x00007ffa181d0000 - 0x00007ffa18203000 	C:\WINDOWS\system32\rsaenh.dll
0x00007ffa18f20000 - 0x00007ffa18f46000 	C:\WINDOWS\System32\bcrypt.dll
0x00007ffa18d70000 - 0x00007ffa18d95000 	C:\WINDOWS\SYSTEM32\USERENV.dll
0x00007ffa18830000 - 0x00007ffa1883c000 	C:\WINDOWS\SYSTEM32\CRYPTBASE.dll
0x00007ffa18370000 - 0x00007ffa183aa000 	C:\WINDOWS\SYSTEM32\IPHLPAPI.DLL
0x00007ffa1b990000 - 0x00007ffa1b998000 	C:\WINDOWS\System32\NSI.dll
0x00007ffa0f290000 - 0x00007ffa0f2a6000 	C:\WINDOWS\SYSTEM32\dhcpcsvc6.DLL
0x00007ffa0fe90000 - 0x00007ffa0feac000 	C:\WINDOWS\SYSTEM32\dhcpcsvc.DLL
0x00007ffa183b0000 - 0x00007ffa1847b000 	C:\WINDOWS\SYSTEM32\DNSAPI.dll

dbghelp: loaded successfully - version: 4.0.5 - missing functions: none
symbol engine: initialized successfully - sym options: 0x614 - pdb path: .;C:\Program Files\Android\Android Studio1\jre\bin;C:\WINDOWS\SYSTEM32;C:\WINDOWS\WinSxS\amd64_microsoft.windows.common-controls_6595b64144ccf1df_6.0.18362.959_none_e6c7bbbf130c62bb;C:\Program Files\Android\Android Studio1\jre\bin\server;C:\Users\Somesh\.gradle\native\8bec1ad78214c89d9ad589b4d07fe93259594b29d510b10fafb7a158f7737e5d\windows-amd64;C:\Users\Somesh\.gradle\native\53dbd7edfb1c66fb8903c78663c9afc45aea4f116125fa6feffd364cf09443e8\windows-amd64

VM Arguments:
jvm_args: --add-opens=java.base/java.util=ALL-UNNAMED --add-opens=java.base/java.lang=ALL-UNNAMED --add-opens=java.base/java.lang.invoke=ALL-UNNAMED --add-opens=java.base/java.util=ALL-UNNAMED --add-opens=java.prefs/java.util.prefs=ALL-UNNAMED --add-opens=java.prefs/java.util.prefs=ALL-UNNAMED --add-opens=java.base/java.nio.charset=ALL-UNNAMED --add-opens=java.base/java.net=ALL-UNNAMED --add-opens=java.base/java.util.concurrent.atomic=ALL-UNNAMED -Xmx2048m -Dfile.encoding=UTF-8 -Duser.country=IN -Duser.language=en -Duser.variant 
java_command: org.gradle.launcher.daemon.bootstrap.GradleDaemon 7.0.2
java_class_path (initial): C:\Users\Somesh\.gradle\wrapper\dists\gradle-7.0.2-bin\857tjihv64xamwrf0h14cai3r\gradle-7.0.2\lib\gradle-launcher-7.0.2.jar
Launcher Type: SUN_STANDARD

[Global flags]
     intx CICompilerCount                          = 3                                         {product} {ergonomic}
     uint ConcGCThreads                            = 1                                         {product} {ergonomic}
     uint G1ConcRefinementThreads                  = 4                                         {product} {ergonomic}
   size_t G1HeapRegionSize                         = 1048576                                   {product} {ergonomic}
    uintx GCDrainStackTargetSize                   = 64                                        {product} {ergonomic}
   size_t InitialHeapSize                          = 130023424                                 {product} {ergonomic}
   size_t MarkStackSize                            = 4194304                                   {product} {ergonomic}
   size_t MaxHeapSize                              = 2147483648                                {product} {command line}
   size_t MaxNewSize                               = 1287651328                                {product} {ergonomic}
   size_t MinHeapDeltaBytes                        = 1048576                                   {product} {ergonomic}
    uintx NonNMethodCodeHeapSize                   = 5830732                                {pd product} {ergonomic}
    uintx NonProfiledCodeHeapSize                  = 122913754                              {pd product} {ergonomic}
    uintx ProfiledCodeHeapSize                     = 122913754                              {pd product} {ergonomic}
    uintx ReservedCodeCacheSize                    = 251658240                              {pd product} {ergonomic}
     bool SegmentedCodeCache                       = true                                      {product} {ergonomic}
     bool UseCompressedClassPointers               = true                                 {lp64_product} {ergonomic}
     bool UseCompressedOops                        = true                                 {lp64_product} {ergonomic}
     bool UseG1GC                                  = true                                      {product} {ergonomic}
     bool UseLargePagesIndividualAllocation        = false                                  {pd product} {ergonomic}

Logging:
Log output configuration:
 #0: stdout all=warning uptime,level,tags
 #1: stderr all=off uptime,level,tags

Environment Variables:
JAVA_HOME=C:\Program Files\Java\jdk-16.0.2
PATH=C:\Program Files\Common Files\Oracle\Java\javapath;C:\Program Files (x86)\Common Files\Intel\Shared Libraries\redist\intel64\compiler;C:\WINDOWS\system32;C:\WINDOWS;C:\WINDOWS\System32\Wbem;C:\WINDOWS\System32\WindowsPowerShell\v1.0\;C:\WINDOWS\System32\OpenSSH\;C:\Program Files (x86)\Brackets\command;C:\Program Files\Java\jdk-16.0.2\bin;C:\Users\Somesh\AppData\Local\Programs\Python\Python37\Scripts\;C:\Users\Somesh\AppData\Local\Programs\Python\Python37\;C:\Python27;C:\Python27\DLLs;C:\Python27\Scripts;C:\Users\Somesh\AppData\Local\Microsoft\WindowsApps;C:\Users\Somesh\AppData\Local\Programs\Git\cmd;C:\Users\Somesh\AppData\Local\Programs\Microsoft VS Code\bin
USERNAME=Somesh
OS=Windows_NT
PROCESSOR_IDENTIFIER=Intel64 Family 6 Model 142 Stepping 9, GenuineIntel



---------------  S Y S T E M  ---------------

OS: Windows 10 , 64 bit Build 18362 (10.0.18362.959)
OS uptime: 10 days 2:28 hours

CPU:total 4 (initial active 4) (2 cores per cpu, 2 threads per core) family 6 model 142 stepping 9 microcode 0xb4, cmov, cx8, fxsr, mmx, sse, sse2, sse3, ssse3, sse4.1, sse4.2, popcnt, avx, avx2, aes, clmul, erms, 3dnowpref, lzcnt, ht, tsc, tscinvbit, bmi1, bmi2, adx, fma

Memory: 4k page, system-wide physical 7899M (1190M free)
TotalPageFile size 9785M (AvailPageFile size 4M)
current process WorkingSet (physical memory assigned to process): 352M, peak: 352M
current process commit charge ("private bytes"): 388M, peak: 388M

vm_info: OpenJDK 64-Bit Server VM (11.0.10+0-b96-7249189) for windows-amd64 JRE (11.0.10+0-b96-7249189), built on Mar 31 2021 21:44:00 by "builder" with MS VC++ 14.0 (VS2015)

END.
