#
# There is insufficient memory for the Java Runtime Environment to continue.
# Native memory allocation (malloc) failed to allocate 1974256 bytes for Chunk::new
# Possible reasons:
#   The system is out of physical RAM or swap space
#   The process is running with CompressedOops enabled, and the Java Heap may be blocking the growth of the native heap
# Possible solutions:
#   Reduce memory load on the system
#   Increase physical memory or swap space
#   Check if swap backing store is full
#   Decrease Java heap size (-Xmx/-Xms)
#   Decrease number of Java threads
#   Decrease Java thread stack sizes (-Xss)
#   Set larger code cache with -XX:ReservedCodeCacheSize=
#   JVM is running with Unscaled Compressed Oops mode in which the Java heap is
#     placed in the first 4GB address space. The Java Heap base address is the
#     maximum limit for the native heap growth. Please use -XX:HeapBaseMinAddress
#     to set the Java Heap base and to place the Java Heap above 4GB virtual address.
# This output file may be truncated or incomplete.
#
#  Out of Memory Error (./src/hotspot/share/memory/arena.cpp:197), pid=4152, tid=9132
#
# JRE version: OpenJDK Runtime Environment (11.0.10) (build 11.0.10+0-b96-7249189)
# Java VM: OpenJDK 64-Bit Server VM (11.0.10+0-b96-7249189, mixed mode, tiered, compressed oops, g1 gc, windows-amd64)
# No core dump will be written. Minidumps are not enabled by default on client versions of Windows
#

---------------  S U M M A R Y ------------

Command Line: org.jetbrains.kotlin.cli.jvm.K2JVMCompiler @D:\QuizApp\app\build\20210928_6527722824724004434.compiler.options

Host: Intel(R) Core(TM) i5-7200U CPU @ 2.50GHz, 4 cores, 7G,  Windows 10 , 64 bit Build 18362 (10.0.18362.959)
Time: Tue Sep 28 01:09:06 2021 India Standard Time elapsed time: 4.814827 seconds (0d 0h 0m 4s)

---------------  T H R E A D  ---------------

Current thread (0x0000025e2a9c4800):  JavaThread "C2 CompilerThread1" daemon [_thread_in_native, id=9132, stack(0x0000007d78000000,0x0000007d78100000)]


Current CompileTask:
C2:   4814 2910       4       jdk.internal.loader.ClassLoaders$AppClassLoader::loadClass (40 bytes)

Stack: [0x0000007d78000000,0x0000007d78100000]
Native frames: (J=compiled Java code, j=interpreted, Vv=VM code, C=native code)
V  [jvm.dll+0x5ecfaa]
V  [jvm.dll+0x722bd5]
V  [jvm.dll+0x72412d]
V  [jvm.dll+0x7247e3]
V  [jvm.dll+0x242928]
V  [jvm.dll+0xbc4fc]
V  [jvm.dll+0xbca0c]
V  [jvm.dll+0x352d7d]
V  [jvm.dll+0x19800c]
V  [jvm.dll+0x1fb70e]
V  [jvm.dll+0x1fa7f4]
V  [jvm.dll+0x18354c]
V  [jvm.dll+0x208ee7]
V  [jvm.dll+0x207731]
V  [jvm.dll+0x6eb1cf]
V  [jvm.dll+0x6e3d45]
V  [jvm.dll+0x5ebe96]
C  [ucrtbase.dll+0x20e82]
C  [KERNEL32.DLL+0x17bd4]
C  [ntdll.dll+0x6ce51]


---------------  P R O C E S S  ---------------

Threads class SMR info:
_java_thread_list=0x0000025e2908f610, length=11, elements={
0x0000025e0d54c800, 0x0000025e26e8b800, 0x0000025e26e8c000, 0x0000025e27807800,
0x0000025e2780b800, 0x0000025e2780c800, 0x0000025e2780f800, 0x0000025e27810800,
0x0000025e26eae800, 0x0000025e27958000, 0x0000025e2a9c4800
}

Java Threads: ( => current thread )
  0x0000025e0d54c800 JavaThread "main" [_thread_in_Java, id=5816, stack(0x0000007d76f00000,0x0000007d77000000)]
  0x0000025e26e8b800 JavaThread "Reference Handler" daemon [_thread_blocked, id=7224, stack(0x0000007d77600000,0x0000007d77700000)]
  0x0000025e26e8c000 JavaThread "Finalizer" daemon [_thread_blocked, id=7292, stack(0x0000007d77700000,0x0000007d77800000)]
  0x0000025e27807800 JavaThread "Signal Dispatcher" daemon [_thread_blocked, id=4640, stack(0x0000007d77800000,0x0000007d77900000)]
  0x0000025e2780b800 JavaThread "Attach Listener" daemon [_thread_blocked, id=13328, stack(0x0000007d77900000,0x0000007d77a00000)]
  0x0000025e2780c800 JavaThread "Service Thread" daemon [_thread_blocked, id=3672, stack(0x0000007d77a00000,0x0000007d77b00000)]
  0x0000025e2780f800 JavaThread "C2 CompilerThread0" daemon [_thread_in_native, id=14008, stack(0x0000007d77b00000,0x0000007d77c00000)]
  0x0000025e27810800 JavaThread "C1 CompilerThread0" daemon [_thread_blocked, id=9160, stack(0x0000007d77c00000,0x0000007d77d00000)]
  0x0000025e26eae800 JavaThread "Sweeper thread" daemon [_thread_blocked, id=2540, stack(0x0000007d77d00000,0x0000007d77e00000)]
  0x0000025e27958000 JavaThread "Common-Cleaner" daemon [_thread_blocked, id=5224, stack(0x0000007d77f00000,0x0000007d78000000)]
=>0x0000025e2a9c4800 JavaThread "C2 CompilerThread1" daemon [_thread_in_native, id=9132, stack(0x0000007d78000000,0x0000007d78100000)]

Other Threads:
  0x0000025e26e65000 VMThread "VM Thread" [stack: 0x0000007d77500000,0x0000007d77600000] [id=11456]
  0x0000025e27953000 WatcherThread [stack: 0x0000007d77e00000,0x0000007d77f00000] [id=4208]
  0x0000025e0d565800 GCTaskThread "GC Thread#0" [stack: 0x0000007d77000000,0x0000007d77100000] [id=10516]
  0x0000025e27df9000 GCTaskThread "GC Thread#1" [stack: 0x0000007d78100000,0x0000007d78200000] [id=6372]
  0x0000025e0d596800 ConcurrentGCThread "G1 Main Marker" [stack: 0x0000007d77100000,0x0000007d77200000] [id=12188]
  0x0000025e0d597800 ConcurrentGCThread "G1 Conc#0" [stack: 0x0000007d77200000,0x0000007d77300000] [id=14160]
  0x0000025e0d618800 ConcurrentGCThread "G1 Refine#0" [stack: 0x0000007d77300000,0x0000007d77400000] [id=7788]
  0x0000025e0d61a800 ConcurrentGCThread "G1 Young RemSet Sampling" [stack: 0x0000007d77400000,0x0000007d77500000] [id=7344]

Threads with active compile tasks:
C2 CompilerThread0   4895 2961       4       org.jetbrains.org.objectweb.asm.ClassReader::readUtf (161 bytes)
C2 CompilerThread1   4895 2910       4       jdk.internal.loader.ClassLoaders$AppClassLoader::loadClass (40 bytes)

VM state:not at safepoint (normal execution)

VM Mutex/Monitor currently owned by a thread: None

Heap address: 0x0000000084800000, size: 1976 MB, Compressed Oops mode: 32-bit
Narrow klass base: 0x0000000000000000, Narrow klass shift: 3
Compressed class space size: 1073741824 Address: 0x0000000100000000

Heap:
 garbage-first heap   total 162816K, used 49645K [0x0000000084800000, 0x0000000100000000)
  region size 1024K, 25 young (25600K), 7 survivors (7168K)
 Metaspace       used 45044K, capacity 45549K, committed 45696K, reserved 1089536K
  class space    used 5314K, capacity 5475K, committed 5504K, reserved 1048576K
Heap Regions: E=young(eden), S=young(survivor), O=old, HS=humongous(starts), HC=humongous(continues), CS=collection set, F=free, A=archive, TAMS=top-at-mark-start (previous, next)
|   0|0x0000000084800000, 0x0000000084900000, 0x0000000084900000|100%|HS|  |TAMS 0x0000000084900000, 0x0000000084800000| Complete 
|   1|0x0000000084900000, 0x0000000084a00000, 0x0000000084a00000|100%|HC|  |TAMS 0x0000000084a00000, 0x0000000084900000| Complete 
|   2|0x0000000084a00000, 0x0000000084b00000, 0x0000000084b00000|100%|HC|  |TAMS 0x0000000084b00000, 0x0000000084a00000| Complete 
|   3|0x0000000084b00000, 0x0000000084c00000, 0x0000000084c00000|100%| O|  |TAMS 0x0000000084c00000, 0x0000000084b00000| Untracked 
|   4|0x0000000084c00000, 0x0000000084d00000, 0x0000000084d00000|100%| O|  |TAMS 0x0000000084d00000, 0x0000000084c00000| Untracked 
|   5|0x0000000084d00000, 0x0000000084e00000, 0x0000000084e00000|100%|HS|  |TAMS 0x0000000084e00000, 0x0000000084d00000| Complete 
|   6|0x0000000084e00000, 0x0000000084f00000, 0x0000000084f00000|100%|HC|  |TAMS 0x0000000084f00000, 0x0000000084e00000| Complete 
|   7|0x0000000084f00000, 0x0000000085000000, 0x0000000085000000|100%|HC|  |TAMS 0x0000000085000000, 0x0000000084f00000| Complete 
|   8|0x0000000085000000, 0x0000000085100000, 0x0000000085100000|100%|HS|  |TAMS 0x0000000085100000, 0x0000000085000000| Complete 
|   9|0x0000000085100000, 0x0000000085200000, 0x0000000085200000|100%|HC|  |TAMS 0x0000000085200000, 0x0000000085100000| Complete 
|  10|0x0000000085200000, 0x0000000085300000, 0x0000000085300000|100%|HC|  |TAMS 0x0000000085300000, 0x0000000085200000| Complete 
|  11|0x0000000085300000, 0x0000000085400000, 0x0000000085400000|100%| O|  |TAMS 0x0000000085400000, 0x0000000085300000| Untracked 
|  12|0x0000000085400000, 0x0000000085500000, 0x0000000085500000|100%| O|  |TAMS 0x0000000085500000, 0x0000000085400000| Untracked 
|  13|0x0000000085500000, 0x0000000085600000, 0x0000000085600000|100%| O|  |TAMS 0x0000000085600000, 0x0000000085500000| Untracked 
|  14|0x0000000085600000, 0x0000000085700000, 0x0000000085700000|100%| O|  |TAMS 0x0000000085700000, 0x0000000085600000| Untracked 
|  15|0x0000000085700000, 0x0000000085800000, 0x0000000085800000|100%|HS|  |TAMS 0x0000000085800000, 0x0000000085700000| Complete 
|  16|0x0000000085800000, 0x0000000085900000, 0x0000000085900000|100%|HC|  |TAMS 0x0000000085900000, 0x0000000085800000| Complete 
|  17|0x0000000085900000, 0x0000000085a00000, 0x0000000085a00000|100%| O|  |TAMS 0x0000000085a00000, 0x0000000085900000| Untracked 
|  18|0x0000000085a00000, 0x0000000085b00000, 0x0000000085b00000|100%| O|  |TAMS 0x0000000085b00000, 0x0000000085a00000| Untracked 
|  19|0x0000000085b00000, 0x0000000085c00000, 0x0000000085c00000|100%| O|  |TAMS 0x0000000085c00000, 0x0000000085b00000| Untracked 
|  20|0x0000000085c00000, 0x0000000085d00000, 0x0000000085d00000|100%| O|  |TAMS 0x0000000085d00000, 0x0000000085c00000| Untracked 
|  21|0x0000000085d00000, 0x0000000085e00000, 0x0000000085e00000|100%| O|  |TAMS 0x0000000085e00000, 0x0000000085d00000| Untracked 
|  22|0x0000000085e00000, 0x0000000085f00000, 0x0000000085f00000|100%| O|  |TAMS 0x0000000085f00000, 0x0000000085e00000| Untracked 
|  23|0x0000000085f00000, 0x0000000085f7b400, 0x0000000086000000| 48%| O|  |TAMS 0x0000000085f7b400, 0x0000000085f00000| Untracked 
|  24|0x0000000086000000, 0x0000000086100000, 0x0000000086100000|100%|HS|  |TAMS 0x0000000086000000, 0x0000000086000000| Complete 
|  25|0x0000000086100000, 0x0000000086100000, 0x0000000086200000|  0%| F|  |TAMS 0x0000000086100000, 0x0000000086100000| Untracked 
|  26|0x0000000086200000, 0x0000000086200000, 0x0000000086300000|  0%| F|  |TAMS 0x0000000086200000, 0x0000000086200000| Untracked 
|  27|0x0000000086300000, 0x0000000086300000, 0x0000000086400000|  0%| F|  |TAMS 0x0000000086300000, 0x0000000086300000| Untracked 
|  28|0x0000000086400000, 0x0000000086400000, 0x0000000086500000|  0%| F|  |TAMS 0x0000000086400000, 0x0000000086400000| Untracked 
|  29|0x0000000086500000, 0x0000000086500000, 0x0000000086600000|  0%| F|  |TAMS 0x0000000086500000, 0x0000000086500000| Untracked 
|  30|0x0000000086600000, 0x0000000086600000, 0x0000000086700000|  0%| F|  |TAMS 0x0000000086600000, 0x0000000086600000| Untracked 
|  31|0x0000000086700000, 0x0000000086700000, 0x0000000086800000|  0%| F|  |TAMS 0x0000000086700000, 0x0000000086700000| Untracked 
|  32|0x0000000086800000, 0x0000000086800000, 0x0000000086900000|  0%| F|  |TAMS 0x0000000086800000, 0x0000000086800000| Untracked 
|  33|0x0000000086900000, 0x0000000086900000, 0x0000000086a00000|  0%| F|  |TAMS 0x0000000086900000, 0x0000000086900000| Untracked 
|  34|0x0000000086a00000, 0x0000000086a00000, 0x0000000086b00000|  0%| F|  |TAMS 0x0000000086a00000, 0x0000000086a00000| Untracked 
|  35|0x0000000086b00000, 0x0000000086b00000, 0x0000000086c00000|  0%| F|  |TAMS 0x0000000086b00000, 0x0000000086b00000| Untracked 
|  36|0x0000000086c00000, 0x0000000086c00000, 0x0000000086d00000|  0%| F|  |TAMS 0x0000000086c00000, 0x0000000086c00000| Untracked 
|  37|0x0000000086d00000, 0x0000000086d00000, 0x0000000086e00000|  0%| F|  |TAMS 0x0000000086d00000, 0x0000000086d00000| Untracked 
|  38|0x0000000086e00000, 0x0000000086e00000, 0x0000000086f00000|  0%| F|  |TAMS 0x0000000086e00000, 0x0000000086e00000| Untracked 
|  39|0x0000000086f00000, 0x0000000086f00000, 0x0000000087000000|  0%| F|  |TAMS 0x0000000086f00000, 0x0000000086f00000| Untracked 
|  40|0x0000000087000000, 0x0000000087000000, 0x0000000087100000|  0%| F|  |TAMS 0x0000000087000000, 0x0000000087000000| Untracked 
|  41|0x0000000087100000, 0x0000000087100000, 0x0000000087200000|  0%| F|  |TAMS 0x0000000087100000, 0x0000000087100000| Untracked 
|  42|0x0000000087200000, 0x0000000087200000, 0x0000000087300000|  0%| F|  |TAMS 0x0000000087200000, 0x0000000087200000| Untracked 
|  43|0x0000000087300000, 0x0000000087300000, 0x0000000087400000|  0%| F|  |TAMS 0x0000000087300000, 0x0000000087300000| Untracked 
|  44|0x0000000087400000, 0x0000000087400000, 0x0000000087500000|  0%| F|  |TAMS 0x0000000087400000, 0x0000000087400000| Untracked 
|  45|0x0000000087500000, 0x0000000087500000, 0x0000000087600000|  0%| F|  |TAMS 0x0000000087500000, 0x0000000087500000| Untracked 
|  46|0x0000000087600000, 0x0000000087600000, 0x0000000087700000|  0%| F|  |TAMS 0x0000000087600000, 0x0000000087600000| Untracked 
|  47|0x0000000087700000, 0x0000000087700000, 0x0000000087800000|  0%| F|  |TAMS 0x0000000087700000, 0x0000000087700000| Untracked 
|  48|0x0000000087800000, 0x0000000087800000, 0x0000000087900000|  0%| F|  |TAMS 0x0000000087800000, 0x0000000087800000| Untracked 
|  49|0x0000000087900000, 0x0000000087900000, 0x0000000087a00000|  0%| F|  |TAMS 0x0000000087900000, 0x0000000087900000| Untracked 
|  50|0x0000000087a00000, 0x0000000087a00000, 0x0000000087b00000|  0%| F|  |TAMS 0x0000000087a00000, 0x0000000087a00000| Untracked 
|  51|0x0000000087b00000, 0x0000000087b00000, 0x0000000087c00000|  0%| F|  |TAMS 0x0000000087b00000, 0x0000000087b00000| Untracked 
|  52|0x0000000087c00000, 0x0000000087c00000, 0x0000000087d00000|  0%| F|  |TAMS 0x0000000087c00000, 0x0000000087c00000| Untracked 
|  53|0x0000000087d00000, 0x0000000087d00000, 0x0000000087e00000|  0%| F|  |TAMS 0x0000000087d00000, 0x0000000087d00000| Untracked 
|  54|0x0000000087e00000, 0x0000000087e00000, 0x0000000087f00000|  0%| F|  |TAMS 0x0000000087e00000, 0x0000000087e00000| Untracked 
|  55|0x0000000087f00000, 0x0000000087f00000, 0x0000000088000000|  0%| F|  |TAMS 0x0000000087f00000, 0x0000000087f00000| Untracked 
|  56|0x0000000088000000, 0x0000000088000000, 0x0000000088100000|  0%| F|  |TAMS 0x0000000088000000, 0x0000000088000000| Untracked 
|  57|0x0000000088100000, 0x0000000088100000, 0x0000000088200000|  0%| F|  |TAMS 0x0000000088100000, 0x0000000088100000| Untracked 
|  58|0x0000000088200000, 0x0000000088200000, 0x0000000088300000|  0%| F|  |TAMS 0x0000000088200000, 0x0000000088200000| Untracked 
|  59|0x0000000088300000, 0x0000000088300000, 0x0000000088400000|  0%| F|  |TAMS 0x0000000088300000, 0x0000000088300000| Untracked 
|  60|0x0000000088400000, 0x0000000088400000, 0x0000000088500000|  0%| F|  |TAMS 0x0000000088400000, 0x0000000088400000| Untracked 
|  61|0x0000000088500000, 0x0000000088500000, 0x0000000088600000|  0%| F|  |TAMS 0x0000000088500000, 0x0000000088500000| Untracked 
|  62|0x0000000088600000, 0x0000000088600000, 0x0000000088700000|  0%| F|  |TAMS 0x0000000088600000, 0x0000000088600000| Untracked 
|  63|0x0000000088700000, 0x0000000088700000, 0x0000000088800000|  0%| F|  |TAMS 0x0000000088700000, 0x0000000088700000| Untracked 
|  64|0x0000000088800000, 0x0000000088800000, 0x0000000088900000|  0%| F|  |TAMS 0x0000000088800000, 0x0000000088800000| Untracked 
|  65|0x0000000088900000, 0x0000000088a00000, 0x0000000088a00000|100%| S|CS|TAMS 0x0000000088900000, 0x0000000088900000| Complete 
|  66|0x0000000088a00000, 0x0000000088b00000, 0x0000000088b00000|100%| S|CS|TAMS 0x0000000088a00000, 0x0000000088a00000| Complete 
|  67|0x0000000088b00000, 0x0000000088c00000, 0x0000000088c00000|100%| S|CS|TAMS 0x0000000088b00000, 0x0000000088b00000| Complete 
|  68|0x0000000088c00000, 0x0000000088d00000, 0x0000000088d00000|100%| S|CS|TAMS 0x0000000088c00000, 0x0000000088c00000| Complete 
|  69|0x0000000088d00000, 0x0000000088e00000, 0x0000000088e00000|100%| S|CS|TAMS 0x0000000088d00000, 0x0000000088d00000| Complete 
|  70|0x0000000088e00000, 0x0000000088f00000, 0x0000000088f00000|100%| S|CS|TAMS 0x0000000088e00000, 0x0000000088e00000| Complete 
|  71|0x0000000088f00000, 0x0000000089000000, 0x0000000089000000|100%| S|CS|TAMS 0x0000000088f00000, 0x0000000088f00000| Complete 
|  72|0x0000000089000000, 0x0000000089000000, 0x0000000089100000|  0%| F|  |TAMS 0x0000000089000000, 0x0000000089000000| Untracked 
|  73|0x0000000089100000, 0x0000000089100000, 0x0000000089200000|  0%| F|  |TAMS 0x0000000089100000, 0x0000000089100000| Untracked 
|  74|0x0000000089200000, 0x0000000089200000, 0x0000000089300000|  0%| F|  |TAMS 0x0000000089200000, 0x0000000089200000| Untracked 
|  75|0x0000000089300000, 0x0000000089300000, 0x0000000089400000|  0%| F|  |TAMS 0x0000000089300000, 0x0000000089300000| Untracked 
|  76|0x0000000089400000, 0x0000000089400000, 0x0000000089500000|  0%| F|  |TAMS 0x0000000089400000, 0x0000000089400000| Untracked 
|  77|0x0000000089500000, 0x0000000089500000, 0x0000000089600000|  0%| F|  |TAMS 0x0000000089500000, 0x0000000089500000| Untracked 
|  78|0x0000000089600000, 0x0000000089600000, 0x0000000089700000|  0%| F|  |TAMS 0x0000000089600000, 0x0000000089600000| Untracked 
|  79|0x0000000089700000, 0x0000000089700000, 0x0000000089800000|  0%| F|  |TAMS 0x0000000089700000, 0x0000000089700000| Untracked 
|  80|0x0000000089800000, 0x0000000089800000, 0x0000000089900000|  0%| F|  |TAMS 0x0000000089800000, 0x0000000089800000| Untracked 
|  81|0x0000000089900000, 0x0000000089900000, 0x0000000089a00000|  0%| F|  |TAMS 0x0000000089900000, 0x0000000089900000| Untracked 
|  82|0x0000000089a00000, 0x0000000089a00000, 0x0000000089b00000|  0%| F|  |TAMS 0x0000000089a00000, 0x0000000089a00000| Untracked 
|  83|0x0000000089b00000, 0x0000000089b00000, 0x0000000089c00000|  0%| F|  |TAMS 0x0000000089b00000, 0x0000000089b00000| Untracked 
|  84|0x0000000089c00000, 0x0000000089c00000, 0x0000000089d00000|  0%| F|  |TAMS 0x0000000089c00000, 0x0000000089c00000| Untracked 
|  85|0x0000000089d00000, 0x0000000089d00000, 0x0000000089e00000|  0%| F|  |TAMS 0x0000000089d00000, 0x0000000089d00000| Untracked 
|  86|0x0000000089e00000, 0x0000000089e00000, 0x0000000089f00000|  0%| F|  |TAMS 0x0000000089e00000, 0x0000000089e00000| Untracked 
|  87|0x0000000089f00000, 0x0000000089f00000, 0x000000008a000000|  0%| F|  |TAMS 0x0000000089f00000, 0x0000000089f00000| Untracked 
|  88|0x000000008a000000, 0x000000008a000000, 0x000000008a100000|  0%| F|  |TAMS 0x000000008a000000, 0x000000008a000000| Untracked 
|  89|0x000000008a100000, 0x000000008a100000, 0x000000008a200000|  0%| F|  |TAMS 0x000000008a100000, 0x000000008a100000| Untracked 
|  90|0x000000008a200000, 0x000000008a200000, 0x000000008a300000|  0%| F|  |TAMS 0x000000008a200000, 0x000000008a200000| Untracked 
|  91|0x000000008a300000, 0x000000008a300000, 0x000000008a400000|  0%| F|  |TAMS 0x000000008a300000, 0x000000008a300000| Untracked 
|  92|0x000000008a400000, 0x000000008a400000, 0x000000008a500000|  0%| F|  |TAMS 0x000000008a400000, 0x000000008a400000| Untracked 
|  93|0x000000008a500000, 0x000000008a500000, 0x000000008a600000|  0%| F|  |TAMS 0x000000008a500000, 0x000000008a500000| Untracked 
|  94|0x000000008a600000, 0x000000008a600000, 0x000000008a700000|  0%| F|  |TAMS 0x000000008a600000, 0x000000008a600000| Untracked 
|  95|0x000000008a700000, 0x000000008a700000, 0x000000008a800000|  0%| F|  |TAMS 0x000000008a700000, 0x000000008a700000| Untracked 
|  96|0x000000008a800000, 0x000000008a800000, 0x000000008a900000|  0%| F|  |TAMS 0x000000008a800000, 0x000000008a800000| Untracked 
|  97|0x000000008a900000, 0x000000008a900000, 0x000000008aa00000|  0%| F|  |TAMS 0x000000008a900000, 0x000000008a900000| Untracked 
|  98|0x000000008aa00000, 0x000000008aa00000, 0x000000008ab00000|  0%| F|  |TAMS 0x000000008aa00000, 0x000000008aa00000| Untracked 
|  99|0x000000008ab00000, 0x000000008ab00000, 0x000000008ac00000|  0%| F|  |TAMS 0x000000008ab00000, 0x000000008ab00000| Untracked 
| 100|0x000000008ac00000, 0x000000008ac00000, 0x000000008ad00000|  0%| F|  |TAMS 0x000000008ac00000, 0x000000008ac00000| Untracked 
| 101|0x000000008ad00000, 0x000000008ad00000, 0x000000008ae00000|  0%| F|  |TAMS 0x000000008ad00000, 0x000000008ad00000| Untracked 
| 102|0x000000008ae00000, 0x000000008ae00000, 0x000000008af00000|  0%| F|  |TAMS 0x000000008ae00000, 0x000000008ae00000| Untracked 
| 103|0x000000008af00000, 0x000000008af00000, 0x000000008b000000|  0%| F|  |TAMS 0x000000008af00000, 0x000000008af00000| Untracked 
| 104|0x000000008b000000, 0x000000008b000000, 0x000000008b100000|  0%| F|  |TAMS 0x000000008b000000, 0x000000008b000000| Untracked 
| 105|0x000000008b100000, 0x000000008b100000, 0x000000008b200000|  0%| F|  |TAMS 0x000000008b100000, 0x000000008b100000| Untracked 
| 106|0x000000008b200000, 0x000000008b200000, 0x000000008b300000|  0%| F|  |TAMS 0x000000008b200000, 0x000000008b200000| Untracked 
| 107|0x000000008b300000, 0x000000008b300000, 0x000000008b400000|  0%| F|  |TAMS 0x000000008b300000, 0x000000008b300000| Untracked 
| 108|0x000000008b400000, 0x000000008b400000, 0x000000008b500000|  0%| F|  |TAMS 0x000000008b400000, 0x000000008b400000| Untracked 
| 109|0x000000008b500000, 0x000000008b500000, 0x000000008b600000|  0%| F|  |TAMS 0x000000008b500000, 0x000000008b500000| Untracked 
| 110|0x000000008b600000, 0x000000008b600000, 0x000000008b700000|  0%| F|  |TAMS 0x000000008b600000, 0x000000008b600000| Untracked 
| 111|0x000000008b700000, 0x000000008b700000, 0x000000008b800000|  0%| F|  |TAMS 0x000000008b700000, 0x000000008b700000| Untracked 
| 112|0x000000008b800000, 0x000000008b800000, 0x000000008b900000|  0%| F|  |TAMS 0x000000008b800000, 0x000000008b800000| Untracked 
| 113|0x000000008b900000, 0x000000008b900000, 0x000000008ba00000|  0%| F|  |TAMS 0x000000008b900000, 0x000000008b900000| Untracked 
| 114|0x000000008ba00000, 0x000000008ba00000, 0x000000008bb00000|  0%| F|  |TAMS 0x000000008ba00000, 0x000000008ba00000| Untracked 
| 115|0x000000008bb00000, 0x000000008bb00000, 0x000000008bc00000|  0%| F|  |TAMS 0x000000008bb00000, 0x000000008bb00000| Untracked 
| 116|0x000000008bc00000, 0x000000008bc00000, 0x000000008bd00000|  0%| F|  |TAMS 0x000000008bc00000, 0x000000008bc00000| Untracked 
| 117|0x000000008bd00000, 0x000000008bd00000, 0x000000008be00000|  0%| F|  |TAMS 0x000000008bd00000, 0x000000008bd00000| Untracked 
| 118|0x000000008be00000, 0x000000008be00000, 0x000000008bf00000|  0%| F|  |TAMS 0x000000008be00000, 0x000000008be00000| Untracked 
| 119|0x000000008bf00000, 0x000000008bf00000, 0x000000008c000000|  0%| F|  |TAMS 0x000000008bf00000, 0x000000008bf00000| Untracked 
| 120|0x000000008c000000, 0x000000008c000000, 0x000000008c100000|  0%| F|  |TAMS 0x000000008c000000, 0x000000008c000000| Untracked 
| 121|0x000000008c100000, 0x000000008c100000, 0x000000008c200000|  0%| F|  |TAMS 0x000000008c100000, 0x000000008c100000| Untracked 
| 122|0x000000008c200000, 0x000000008c200000, 0x000000008c300000|  0%| F|  |TAMS 0x000000008c200000, 0x000000008c200000| Untracked 
| 123|0x000000008c300000, 0x000000008c300000, 0x000000008c400000|  0%| F|  |TAMS 0x000000008c300000, 0x000000008c300000| Untracked 
| 124|0x000000008c400000, 0x000000008c400000, 0x000000008c500000|  0%| F|  |TAMS 0x000000008c400000, 0x000000008c400000| Untracked 
| 125|0x000000008c500000, 0x000000008c500000, 0x000000008c600000|  0%| F|  |TAMS 0x000000008c500000, 0x000000008c500000| Untracked 
| 126|0x000000008c600000, 0x000000008c600000, 0x000000008c700000|  0%| F|  |TAMS 0x000000008c600000, 0x000000008c600000| Untracked 
| 127|0x000000008c700000, 0x000000008c700000, 0x000000008c800000|  0%| F|  |TAMS 0x000000008c700000, 0x000000008c700000| Untracked 
| 128|0x000000008c800000, 0x000000008c800000, 0x000000008c900000|  0%| F|  |TAMS 0x000000008c800000, 0x000000008c800000| Untracked 
| 129|0x000000008c900000, 0x000000008c900000, 0x000000008ca00000|  0%| F|  |TAMS 0x000000008c900000, 0x000000008c900000| Untracked 
| 130|0x000000008ca00000, 0x000000008ca00000, 0x000000008cb00000|  0%| F|  |TAMS 0x000000008ca00000, 0x000000008ca00000| Untracked 
| 131|0x000000008cb00000, 0x000000008cb00000, 0x000000008cc00000|  0%| F|  |TAMS 0x000000008cb00000, 0x000000008cb00000| Untracked 
| 132|0x000000008cc00000, 0x000000008cc00000, 0x000000008cd00000|  0%| F|  |TAMS 0x000000008cc00000, 0x000000008cc00000| Untracked 
| 133|0x000000008cd00000, 0x000000008cd00000, 0x000000008ce00000|  0%| F|  |TAMS 0x000000008cd00000, 0x000000008cd00000| Untracked 
| 134|0x000000008ce00000, 0x000000008ce00000, 0x000000008cf00000|  0%| F|  |TAMS 0x000000008ce00000, 0x000000008ce00000| Untracked 
| 135|0x000000008cf00000, 0x000000008cf00000, 0x000000008d000000|  0%| F|  |TAMS 0x000000008cf00000, 0x000000008cf00000| Untracked 
| 136|0x000000008d000000, 0x000000008d000000, 0x000000008d100000|  0%| F|  |TAMS 0x000000008d000000, 0x000000008d000000| Untracked 
| 137|0x000000008d100000, 0x000000008d100000, 0x000000008d200000|  0%| F|  |TAMS 0x000000008d100000, 0x000000008d100000| Untracked 
| 138|0x000000008d200000, 0x000000008d200000, 0x000000008d300000|  0%| F|  |TAMS 0x000000008d200000, 0x000000008d200000| Untracked 
| 139|0x000000008d300000, 0x000000008d300000, 0x000000008d400000|  0%| F|  |TAMS 0x000000008d300000, 0x000000008d300000| Untracked 
| 140|0x000000008d400000, 0x000000008d400000, 0x000000008d500000|  0%| F|  |TAMS 0x000000008d400000, 0x000000008d400000| Untracked 
| 141|0x000000008d500000, 0x000000008d600000, 0x000000008d600000|100%| E|  |TAMS 0x000000008d500000, 0x000000008d500000| Complete 
| 142|0x000000008d600000, 0x000000008d700000, 0x000000008d700000|100%| E|CS|TAMS 0x000000008d600000, 0x000000008d600000| Complete 
| 143|0x000000008d700000, 0x000000008d800000, 0x000000008d800000|100%| E|CS|TAMS 0x000000008d700000, 0x000000008d700000| Complete 
| 144|0x000000008d800000, 0x000000008d900000, 0x000000008d900000|100%| E|CS|TAMS 0x000000008d800000, 0x000000008d800000| Complete 
| 145|0x000000008d900000, 0x000000008da00000, 0x000000008da00000|100%| E|CS|TAMS 0x000000008d900000, 0x000000008d900000| Complete 
| 146|0x000000008da00000, 0x000000008db00000, 0x000000008db00000|100%| E|CS|TAMS 0x000000008da00000, 0x000000008da00000| Complete 
| 147|0x000000008db00000, 0x000000008dc00000, 0x000000008dc00000|100%| E|CS|TAMS 0x000000008db00000, 0x000000008db00000| Complete 
| 148|0x000000008dc00000, 0x000000008dd00000, 0x000000008dd00000|100%| E|CS|TAMS 0x000000008dc00000, 0x000000008dc00000| Complete 
| 149|0x000000008dd00000, 0x000000008de00000, 0x000000008de00000|100%| E|CS|TAMS 0x000000008dd00000, 0x000000008dd00000| Complete 
| 150|0x000000008de00000, 0x000000008df00000, 0x000000008df00000|100%| E|CS|TAMS 0x000000008de00000, 0x000000008de00000| Complete 
| 151|0x000000008df00000, 0x000000008e000000, 0x000000008e000000|100%| E|CS|TAMS 0x000000008df00000, 0x000000008df00000| Complete 
| 152|0x000000008e000000, 0x000000008e100000, 0x000000008e100000|100%| E|CS|TAMS 0x000000008e000000, 0x000000008e000000| Complete 
| 153|0x000000008e100000, 0x000000008e200000, 0x000000008e200000|100%| E|CS|TAMS 0x000000008e100000, 0x000000008e100000| Complete 
| 154|0x000000008e200000, 0x000000008e300000, 0x000000008e300000|100%| E|CS|TAMS 0x000000008e200000, 0x000000008e200000| Complete 
| 155|0x000000008e300000, 0x000000008e400000, 0x000000008e400000|100%| E|CS|TAMS 0x000000008e300000, 0x000000008e300000| Complete 
| 156|0x000000008e400000, 0x000000008e500000, 0x000000008e500000|100%| E|CS|TAMS 0x000000008e400000, 0x000000008e400000| Complete 
| 157|0x000000008e500000, 0x000000008e600000, 0x000000008e600000|100%| E|CS|TAMS 0x000000008e500000, 0x000000008e500000| Complete 
| 158|0x000000008e600000, 0x000000008e700000, 0x000000008e700000|100%| E|CS|TAMS 0x000000008e600000, 0x000000008e600000| Complete 

Card table byte_map: [0x0000025e20410000,0x0000025e207f0000] _byte_map_base: 0x0000025e1ffec000

Marking Bits (Prev, Next): (CMBitMap*) 0x0000025e0d58dd60, (CMBitMap*) 0x0000025e0d58dd28
 Prev Bits: [0x0000025e22ab0000, 0x0000025e24990000)
 Next Bits: [0x0000025e20bd0000, 0x0000025e22ab0000)

Polling page: 0x0000025e0b550000

Metaspace:

Usage:
  Non-class:     39.13 MB capacity,    38.80 MB (>99%) used,   277.80 KB ( <1%) free+waste,    63.75 KB ( <1%) overhead. 
      Class:      5.35 MB capacity,     5.19 MB ( 97%) used,   133.71 KB (  2%) free+waste,    26.88 KB ( <1%) overhead. 
       Both:     44.48 MB capacity,    43.99 MB ( 99%) used,   411.52 KB ( <1%) free+waste,    90.63 KB ( <1%) overhead. 

Virtual space:
  Non-class space:       40.00 MB reserved,      39.25 MB ( 98%) committed 
      Class space:        1.00 GB reserved,       5.38 MB ( <1%) committed 
             Both:        1.04 GB reserved,      44.63 MB (  4%) committed 

Chunk freelists:
   Non-Class:  118.00 KB
       Class:  29.00 KB
        Both:  147.00 KB

MaxMetaspaceSize: 17179869184.00 GB
CompressedClassSpaceSize: 1.00 GB

CodeHeap 'non-profiled nmethods': size=120064Kb used=1232Kb max_used=1232Kb free=118831Kb
 bounds [0x0000025e18af0000, 0x0000025e18d60000, 0x0000025e20030000]
CodeHeap 'profiled nmethods': size=120000Kb used=6879Kb max_used=6879Kb free=113120Kb
 bounds [0x0000025e115c0000, 0x0000025e11c80000, 0x0000025e18af0000]
CodeHeap 'non-nmethods': size=5696Kb used=1179Kb max_used=1222Kb free=4517Kb
 bounds [0x0000025e11030000, 0x0000025e112a0000, 0x0000025e115c0000]
 total_blobs=3915 nmethods=3382 adapters=443
 compilation: enabled
              stopped_count=0, restarted_count=0
 full_count=0

Compilation events (20 events):
Event: 4.784 Thread 0x0000025e27810800 3309       2       org.jetbrains.kotlin.com.intellij.util.pico.DefaultPicoContainer::getService (40 bytes)
Event: 4.784 Thread 0x0000025e27810800 nmethod 3309 0x0000025e11c39d90 code [0x0000025e11c39f80, 0x0000025e11c3a1b8]
Event: 4.796 Thread 0x0000025e27810800 3310       2       org.jetbrains.kotlin.com.intellij.util.pico.DefaultPicoContainer$InstanceComponentAdapter::getComponentInstance (5 bytes)
Event: 4.796 Thread 0x0000025e27810800 nmethod 3310 0x0000025e11c3a310 code [0x0000025e11c3a4c0, 0x0000025e11c3a5b8]
Event: 4.801 Thread 0x0000025e27810800 3311 %     3       org.jetbrains.org.objectweb.asm.ClassReader::<init> @ 76 (339 bytes)
Event: 4.803 Thread 0x0000025e27810800 nmethod 3311% 0x0000025e11c3a690 code [0x0000025e11c3a900, 0x0000025e11c3b838]
Event: 4.803 Thread 0x0000025e27810800 3312       3       org.jetbrains.org.objectweb.asm.ClassReader::<init> (339 bytes)
Event: 4.804 Thread 0x0000025e27810800 nmethod 3312 0x0000025e11c3bd10 code [0x0000025e11c3bf80, 0x0000025e11c3cdf8]
Event: 4.808 Thread 0x0000025e27810800 3313       2       org.jetbrains.kotlin.metadata.ProtoBuf$ValueParameter::writeTo (148 bytes)
Event: 4.809 Thread 0x0000025e27810800 nmethod 3313 0x0000025e11c3d290 code [0x0000025e11c3d580, 0x0000025e11c3dc28]
Event: 4.809 Thread 0x0000025e27810800 3314       2       org.jetbrains.kotlin.metadata.jvm.JvmProtoBuf$StringTableTypes$Record::initFields (39 bytes)
Event: 4.809 Thread 0x0000025e27810800 nmethod 3314 0x0000025e11c3e190 code [0x0000025e11c3e360, 0x0000025e11c3e618]
Event: 4.809 Thread 0x0000025e27810800 3315       2       org.jetbrains.kotlin.metadata.jvm.JvmProtoBuf$StringTableTypes$Record$1::parsePartialFrom (7 bytes)
Event: 4.810 Thread 0x0000025e27810800 nmethod 3315 0x0000025e11c3e690 code [0x0000025e11c3e840, 0x0000025e11c3e9c8]
Event: 4.810 Thread 0x0000025e27810800 3316       2       org.jetbrains.kotlin.metadata.ProtoBuf$TypeParameter::getSerializedSize (244 bytes)
Event: 4.812 Thread 0x0000025e27810800 nmethod 3316 0x0000025e11c3eb10 code [0x0000025e11c3edc0, 0x0000025e11c3f568]
Event: 4.813 Thread 0x0000025e27810800 3317       2       org.jetbrains.kotlin.metadata.ProtoBuf$VersionRequirementTable::getDefaultInstance (4 bytes)
Event: 4.813 Thread 0x0000025e27810800 nmethod 3317 0x0000025e11c3fa10 code [0x0000025e11c3fbc0, 0x0000025e11c3fc98]
Event: 4.813 Thread 0x0000025e27810800 3318       1       org.jetbrains.kotlin.metadata.jvm.JvmProtoBuf$JvmMethodSignature::access$2300 (5 bytes)
Event: 4.813 Thread 0x0000025e27810800 nmethod 3318 0x0000025e18c11490 code [0x0000025e18c11640, 0x0000025e18c116d8]

GC Heap History (10 events):
Event: 0.625 GC heap before
{Heap before GC invocations=0 (full 0):
 garbage-first heap   total 126976K, used 17408K [0x0000000084800000, 0x0000000100000000)
  region size 1024K, 14 young (14336K), 0 survivors (0K)
 Metaspace       used 9758K, capacity 9871K, committed 10112K, reserved 1058816K
  class space    used 829K, capacity 884K, committed 896K, reserved 1048576K
}
Event: 0.630 GC heap after
{Heap after GC invocations=1 (full 0):
 garbage-first heap   total 126976K, used 5136K [0x0000000084800000, 0x0000000100000000)
  region size 1024K, 2 young (2048K), 2 survivors (2048K)
 Metaspace       used 9758K, capacity 9871K, committed 10112K, reserved 1058816K
  class space    used 829K, capacity 884K, committed 896K, reserved 1048576K
}
Event: 1.776 GC heap before
{Heap before GC invocations=1 (full 0):
 garbage-first heap   total 126976K, used 51216K [0x0000000084800000, 0x0000000100000000)
  region size 1024K, 48 young (49152K), 2 survivors (2048K)
 Metaspace       used 20916K, capacity 21101K, committed 21248K, reserved 1069056K
  class space    used 2219K, capacity 2286K, committed 2304K, reserved 1048576K
}
Event: 1.798 GC heap after
{Heap after GC invocations=2 (full 0):
 garbage-first heap   total 126976K, used 9466K [0x0000000084800000, 0x0000000100000000)
  region size 1024K, 7 young (7168K), 7 survivors (7168K)
 Metaspace       used 20916K, capacity 21101K, committed 21248K, reserved 1069056K
  class space    used 2219K, capacity 2286K, committed 2304K, reserved 1048576K
}
Event: 3.024 GC heap before
{Heap before GC invocations=3 (full 0):
 garbage-first heap   total 126976K, used 70906K [0x0000000084800000, 0x0000000100000000)
  region size 1024K, 55 young (56320K), 7 survivors (7168K)
 Metaspace       used 31222K, capacity 31688K, committed 31872K, reserved 1077248K
  class space    used 3713K, capacity 3888K, committed 3968K, reserved 1048576K
}
Event: 3.054 GC heap after
{Heap after GC invocations=4 (full 0):
 garbage-first heap   total 126976K, used 23779K [0x0000000084800000, 0x0000000100000000)
  region size 1024K, 6 young (6144K), 6 survivors (6144K)
 Metaspace       used 31222K, capacity 31688K, committed 31872K, reserved 1077248K
  class space    used 3713K, capacity 3888K, committed 3968K, reserved 1048576K
}
Event: 3.479 GC heap before
{Heap before GC invocations=4 (full 0):
 garbage-first heap   total 126976K, used 42211K [0x0000000084800000, 0x0000000100000000)
  region size 1024K, 25 young (25600K), 6 survivors (6144K)
 Metaspace       used 35143K, capacity 35533K, committed 35584K, reserved 1081344K
  class space    used 4140K, capacity 4315K, committed 4352K, reserved 1048576K
}
Event: 3.503 GC heap after
{Heap after GC invocations=5 (full 0):
 garbage-first heap   total 126976K, used 26031K [0x0000000084800000, 0x0000000100000000)
  region size 1024K, 3 young (3072K), 3 survivors (3072K)
 Metaspace       used 35143K, capacity 35533K, committed 35584K, reserved 1081344K
  class space    used 4140K, capacity 4315K, committed 4352K, reserved 1048576K
}
Event: 4.715 GC heap before
{Heap before GC invocations=6 (full 0):
 garbage-first heap   total 126976K, used 76207K [0x0000000084800000, 0x0000000100000000)
  region size 1024K, 52 young (53248K), 3 survivors (3072K)
 Metaspace       used 44886K, capacity 45352K, committed 45440K, reserved 1089536K
  class space    used 5314K, capacity 5475K, committed 5504K, reserved 1048576K
}
Event: 4.742 GC heap after
{Heap after GC invocations=7 (full 0):
 garbage-first heap   total 162816K, used 31213K [0x0000000084800000, 0x0000000100000000)
  region size 1024K, 7 young (7168K), 7 survivors (7168K)
 Metaspace       used 44886K, capacity 45352K, committed 45440K, reserved 1089536K
  class space    used 5314K, capacity 5475K, committed 5504K, reserved 1048576K
}

Deoptimization events (20 events):
Event: 4.555 Thread 0x0000025e0d54c800 Uncommon trap: trap_request=0xffffffc6 fr.pc=0x0000025e18bcba0c relative=0x000000000000058c
Event: 4.555 Thread 0x0000025e0d54c800 Uncommon trap: reason=bimorphic_or_optimized_type_check action=maybe_recompile pc=0x0000025e18bcba0c method=org.jetbrains.kotlin.protobuf.CodedInputStream.tryRefillBuffer(I)Z @ 177 c2
Event: 4.555 Thread 0x0000025e0d54c800 DEOPT PACKING pc=0x0000025e18bcba0c sp=0x0000007d76ff6dd0
Event: 4.555 Thread 0x0000025e0d54c800 DEOPT UNPACKING pc=0x0000025e110578af sp=0x0000007d76ff6cb8 mode 2
Event: 4.560 Thread 0x0000025e0d54c800 Uncommon trap: trap_request=0xffffffc6 fr.pc=0x0000025e18bcba0c relative=0x000000000000058c
Event: 4.560 Thread 0x0000025e0d54c800 Uncommon trap: reason=bimorphic_or_optimized_type_check action=maybe_recompile pc=0x0000025e18bcba0c method=org.jetbrains.kotlin.protobuf.CodedInputStream.tryRefillBuffer(I)Z @ 177 c2
Event: 4.560 Thread 0x0000025e0d54c800 DEOPT PACKING pc=0x0000025e18bcba0c sp=0x0000007d76ff70a0
Event: 4.560 Thread 0x0000025e0d54c800 DEOPT UNPACKING pc=0x0000025e110578af sp=0x0000007d76ff6f88 mode 2
Event: 4.621 Thread 0x0000025e0d54c800 Uncommon trap: trap_request=0xffffffc6 fr.pc=0x0000025e18bcba0c relative=0x000000000000058c
Event: 4.621 Thread 0x0000025e0d54c800 Uncommon trap: reason=bimorphic_or_optimized_type_check action=maybe_recompile pc=0x0000025e18bcba0c method=org.jetbrains.kotlin.protobuf.CodedInputStream.tryRefillBuffer(I)Z @ 177 c2
Event: 4.621 Thread 0x0000025e0d54c800 DEOPT PACKING pc=0x0000025e18bcba0c sp=0x0000007d76ff75a0
Event: 4.621 Thread 0x0000025e0d54c800 DEOPT UNPACKING pc=0x0000025e110578af sp=0x0000007d76ff7488 mode 2
Event: 4.682 Thread 0x0000025e0d54c800 DEOPT PACKING pc=0x0000025e11adde7f sp=0x0000007d76ff8f90
Event: 4.682 Thread 0x0000025e0d54c800 DEOPT UNPACKING pc=0x0000025e110576ce sp=0x0000007d76ff83e0 mode 0
Event: 4.714 Thread 0x0000025e0d54c800 DEOPT PACKING pc=0x0000025e11911f5b sp=0x0000007d76ffa3d0
Event: 4.714 Thread 0x0000025e0d54c800 DEOPT UNPACKING pc=0x0000025e110576ce sp=0x0000007d76ff9848 mode 0
Event: 4.767 Thread 0x0000025e0d54c800 DEOPT PACKING pc=0x0000025e11c1637f sp=0x0000007d76ffa6a0
Event: 4.767 Thread 0x0000025e0d54c800 DEOPT UNPACKING pc=0x0000025e110576ce sp=0x0000007d76ff9b70 mode 0
Event: 4.804 Thread 0x0000025e0d54c800 DEOPT PACKING pc=0x0000025e11bef17f sp=0x0000007d76ffa8c0
Event: 4.804 Thread 0x0000025e0d54c800 DEOPT UNPACKING pc=0x0000025e110576ce sp=0x0000007d76ff9d70 mode 0

Classes redefined (0 events):
No events

Internal exceptions (20 events):
Event: 1.671 Thread 0x0000025e0d54c800 Exception <a 'java/lang/NoSuchMethodError'{0x00000000899a4eb0}: 'long java.lang.invoke.DirectMethodHandle$Holder.invokeStaticInit(java.lang.Object)'> (0x00000000899a4eb0) thrown at [./src/hotspot/share/interpreter/linkResolver.cpp, line 773]
Event: 1.746 Thread 0x0000025e0d54c800 Exception <a 'java/lang/NoSuchMethodError'{0x0000000089510b90}: 'int java.lang.invoke.DirectMethodHandle$Holder.invokeStaticInit(java.lang.Object, java.lang.Object, java.lang.Object)'> (0x0000000089510b90) thrown at [./src/hotspot/share/interpreter/linkResolver.cpp, line 773]
Event: 1.751 Thread 0x0000025e0d54c800 Exception <a 'java/lang/NoSuchMethodError'{0x000000008953c2a0}: 'int java.lang.invoke.DirectMethodHandle$Holder.invokeStaticInit(java.lang.Object, java.lang.Object)'> (0x000000008953c2a0) thrown at [./src/hotspot/share/interpreter/linkResolver.cpp, line 773]
Event: 2.070 Thread 0x0000025e0d54c800 Exception <a 'java/lang/NoSuchMethodError'{0x000000008ba05710}: 'java.lang.Object java.lang.invoke.DirectMethodHandle$Holder.invokeStatic(java.lang.Object, java.lang.Object, java.lang.Object, java.lang.Object, java.lang.Object, java.lang.Object, java.lang.Object, java.lang.Object, java.lang.Object, java.lang.Object, java.lang.Object, java.lang.Object, java.lang.Object, java.lang.Object, java.lang.Object)'> (0x000000008ba05710) thrown at [./src/hotspot/share/interpreter/linkResolver.cpp, line 773]
Event: 2.073 Thread 0x0000025e0d54c800 Exception <a 'java/lang/NoSuchMethodError'{0x000000008ba13ab0}: 'java.lang.Object java.lang.invoke.DirectMethodHandle$Holder.invokeStatic(java.lang.Object, java.lang.Object, java.lang.Object, java.lang.Object, java.lang.Object, java.lang.Object, java.lang.Object, java.lang.Object, java.lang.Object, java.lang.Object, java.lang.Object, java.lang.Object, java.lang.Object, java.lang.Object, java.lang.Object, java.lang.Object)'> (0x000000008ba13ab0) thrown at [./src/hotspot/share/interpreter/linkResolver.cpp, l
Event: 2.075 Thread 0x0000025e0d54c800 Exception <a 'java/lang/NoSuchMethodError'{0x000000008ba219c8}: 'java.lang.Object java.lang.invoke.DirectMethodHandle$Holder.invokeSpecial(java.lang.Object, java.lang.Object, int, int, java.lang.Object, java.lang.Object, java.lang.Object)'> (0x000000008ba219c8) thrown at [./src/hotspot/share/interpreter/linkResolver.cpp, line 773]
Event: 2.075 Thread 0x0000025e0d54c800 Exception <a 'java/lang/NoSuchMethodError'{0x000000008ba25200}: 'java.lang.Object java.lang.invoke.DelegatingMethodHandle$Holder.reinvoke_L(java.lang.Object, int, int, java.lang.Object, java.lang.Object, java.lang.Object)'> (0x000000008ba25200) thrown at [./src/hotspot/share/interpreter/linkResolver.cpp, line 773]
Event: 2.076 Thread 0x0000025e0d54c800 Exception <a 'java/lang/NoSuchMethodError'{0x000000008ba29588}: 'java.lang.Object java.lang.invoke.DirectMethodHandle$Holder.invokeStatic(java.lang.Object, java.lang.Object, java.lang.Object, java.lang.Object, int)'> (0x000000008ba29588) thrown at [./src/hotspot/share/interpreter/linkResolver.cpp, line 773]
Event: 2.133 Thread 0x0000025e0d54c800 Implicit null exception at 0x0000025e18b774ac to 0x0000025e18b7765a
Event: 2.189 Thread 0x0000025e0d54c800 Exception <a 'java/lang/NoSuchMethodError'{0x000000008b5a6478}: 'void java.lang.invoke.DirectMethodHandle$Holder.invokeStatic(java.lang.Object, java.lang.Object, java.lang.Object, java.lang.Object)'> (0x000000008b5a6478) thrown at [./src/hotspot/share/interpreter/linkResolver.cpp, line 773]
Event: 2.218 Thread 0x0000025e0d54c800 Exception <a 'java/lang/NoSuchMethodError'{0x000000008b4f5088}: 'void java.lang.invoke.DirectMethodHandle$Holder.invokeSpecial(java.lang.Object, java.lang.Object)'> (0x000000008b4f5088) thrown at [./src/hotspot/share/interpreter/linkResolver.cpp, line 773]
Event: 2.272 Thread 0x0000025e0d54c800 Exception <a 'java/lang/NoSuchMethodError'{0x000000008b1980a0}: 'void java.lang.invoke.DirectMethodHandle$Holder.invokeStaticInit(java.lang.Object, java.lang.Object)'> (0x000000008b1980a0) thrown at [./src/hotspot/share/interpreter/linkResolver.cpp, line 773]
Event: 2.284 Thread 0x0000025e0d54c800 Exception <a 'java/lang/NoSuchMethodError'{0x000000008b1d6518}: 'void java.lang.invoke.DirectMethodHandle$Holder.invokeInterface(java.lang.Object, java.lang.Object)'> (0x000000008b1d6518) thrown at [./src/hotspot/share/interpreter/linkResolver.cpp, line 773]
Event: 2.379 Thread 0x0000025e0d54c800 Exception <a 'java/lang/NoSuchMethodError'{0x000000008adeff18}: 'void java.lang.invoke.DirectMethodHandle$Holder.invokeVirtual(java.lang.Object, java.lang.Object)'> (0x000000008adeff18) thrown at [./src/hotspot/share/interpreter/linkResolver.cpp, line 773]
Event: 2.391 Thread 0x0000025e0d54c800 Exception <a 'java/lang/NoSuchMethodError'{0x000000008ac66778}: 'int java.lang.invoke.DirectMethodHandle$Holder.invokeVirtual(java.lang.Object, java.lang.Object)'> (0x000000008ac66778) thrown at [./src/hotspot/share/interpreter/linkResolver.cpp, line 773]
Event: 3.232 Thread 0x0000025e0d54c800 Exception <a 'java/lang/NoSuchMethodError'{0x000000008bc64c00}: 'java.lang.Object java.lang.invoke.DirectMethodHandle$Holder.invokeVirtual(java.lang.Object, java.lang.Object, java.lang.Object)'> (0x000000008bc64c00) thrown at [./src/hotspot/share/interpreter/linkResolver.cpp, line 773]
Event: 4.154 Thread 0x0000025e0d54c800 Exception <a 'java/lang/NoSuchMethodError'{0x000000008a4d8578}: 'java.lang.Object java.lang.invoke.DirectMethodHandle$Holder.invokeStatic(java.lang.Object, java.lang.Object, java.lang.Object, int)'> (0x000000008a4d8578) thrown at [./src/hotspot/share/interpreter/linkResolver.cpp, line 773]
Event: 4.155 Thread 0x0000025e0d54c800 Exception <a 'java/lang/NoSuchMethodError'{0x000000008a4dc1e8}: 'java.lang.Object java.lang.invoke.DirectMethodHandle$Holder.invokeSpecial(java.lang.Object, java.lang.Object, java.lang.Object, java.lang.Object, int)'> (0x000000008a4dc1e8) thrown at [./src/hotspot/share/interpreter/linkResolver.cpp, line 773]
Event: 4.155 Thread 0x0000025e0d54c800 Exception <a 'java/lang/NoSuchMethodError'{0x000000008a4df4f8}: 'java.lang.Object java.lang.invoke.Invokers$Holder.linkToTargetMethod(java.lang.Object, java.lang.Object, int, java.lang.Object)'> (0x000000008a4df4f8) thrown at [./src/hotspot/share/interpreter/linkResolver.cpp, line 773]
Event: 4.366 Thread 0x0000025e0d54c800 Exception <a 'java/lang/NoSuchMethodError'{0x0000000089cafe08}: 'java.lang.Object java.lang.invoke.Invokers$Holder.linkToTargetMethod(java.lang.Object, int, java.lang.Object)'> (0x0000000089cafe08) thrown at [./src/hotspot/share/interpreter/linkResolver.cpp, line 773]

Events (20 events):
Event: 4.637 loading class org/jetbrains/kotlin/metadata/jvm/JvmProtoBuf$JvmPropertySignature$Builder
Event: 4.637 loading class org/jetbrains/kotlin/metadata/jvm/JvmProtoBuf$JvmPropertySignature$Builder done
Event: 4.648 loading class org/jetbrains/kotlin/metadata/ProtoBuf$TypeAlias
Event: 4.648 loading class org/jetbrains/kotlin/metadata/ProtoBuf$TypeAlias done
Event: 4.648 loading class org/jetbrains/kotlin/metadata/ProtoBuf$TypeAliasOrBuilder
Event: 4.648 loading class org/jetbrains/kotlin/metadata/ProtoBuf$TypeAliasOrBuilder done
Event: 4.650 loading class org/jetbrains/kotlin/metadata/ProtoBuf$TypeAlias$1
Event: 4.650 loading class org/jetbrains/kotlin/metadata/ProtoBuf$TypeAlias$1 done
Event: 4.669 loading class org/jetbrains/kotlin/metadata/deserialization/ProtoTypeTableUtilKt
Event: 4.669 loading class org/jetbrains/kotlin/metadata/deserialization/ProtoTypeTableUtilKt done
Event: 4.670 loading class org/jetbrains/kotlin/builtins/jvm/JvmBuiltInsSignatures
Event: 4.670 loading class org/jetbrains/kotlin/builtins/jvm/JvmBuiltInsSignatures done
Event: 4.671 loading class org/jetbrains/kotlin/load/kotlin/SignatureBuildingComponents
Event: 4.671 loading class org/jetbrains/kotlin/load/kotlin/SignatureBuildingComponents done
Event: 4.715 Executing VM operation: G1CollectForAllocation
Event: 4.742 Executing VM operation: G1CollectForAllocation done
Event: 4.787 Executing VM operation: CGC_Operation
Event: 4.795 Executing VM operation: CGC_Operation done
Event: 4.812 Executing VM operation: CGC_Operation
Event: 4.813 Executing VM operation: CGC_Operation done


Dynamic libraries:
0x00007ff7a6930000 - 0x00007ff7a693a000 	C:\Program Files\Android\Android Studio1\jre\bin\java.exe
0x00007ffa1bfa0000 - 0x00007ffa1c190000 	C:\WINDOWS\SYSTEM32\ntdll.dll
0x00007ffa1b3e0000 - 0x00007ffa1b492000 	C:\WINDOWS\System32\KERNEL32.DLL
0x00007ffa19020000 - 0x00007ffa192c4000 	C:\WINDOWS\System32\KERNELBASE.dll
0x00007ffa19f20000 - 0x00007ffa1a01a000 	C:\WINDOWS\System32\ucrtbase.dll
0x00007ffa07ed0000 - 0x00007ffa07ee9000 	C:\Program Files\Android\Android Studio1\jre\bin\jli.dll
0x00007ffa07b80000 - 0x00007ffa07b97000 	C:\Program Files\Android\Android Studio1\jre\bin\VCRUNTIME140.dll
0x00007ffa1bb50000 - 0x00007ffa1bce4000 	C:\WINDOWS\System32\USER32.dll
0x00007ffa1a020000 - 0x00007ffa1a041000 	C:\WINDOWS\System32\win32u.dll
0x00007ffa05400000 - 0x00007ffa05684000 	C:\WINDOWS\WinSxS\amd64_microsoft.windows.common-controls_6595b64144ccf1df_6.0.18362.959_none_e6c7bbbf130c62bb\COMCTL32.dll
0x00007ffa1b840000 - 0x00007ffa1b866000 	C:\WINDOWS\System32\GDI32.dll
0x00007ffa1a100000 - 0x00007ffa1a19e000 	C:\WINDOWS\System32\msvcrt.dll
0x00007ffa19d80000 - 0x00007ffa19f16000 	C:\WINDOWS\System32\gdi32full.dll
0x00007ffa1a280000 - 0x00007ffa1a5b5000 	C:\WINDOWS\System32\combase.dll
0x00007ffa19420000 - 0x00007ffa194be000 	C:\WINDOWS\System32\msvcp_win.dll
0x00007ffa1b870000 - 0x00007ffa1b990000 	C:\WINDOWS\System32\RPCRT4.dll
0x00007ffa19d00000 - 0x00007ffa19d80000 	C:\WINDOWS\System32\bcryptPrimitives.dll
0x00007ffa1a050000 - 0x00007ffa1a07e000 	C:\WINDOWS\System32\IMM32.DLL
0x00007ff9f6f50000 - 0x00007ff9f6fed000 	C:\Program Files\Android\Android Studio1\jre\bin\msvcp140.dll
0x00007ff9c68e0000 - 0x00007ff9c73af000 	C:\Program Files\Android\Android Studio1\jre\bin\server\jvm.dll
0x00007ffa1b4a0000 - 0x00007ffa1b543000 	C:\WINDOWS\System32\ADVAPI32.dll
0x00007ffa1b7a0000 - 0x00007ffa1b837000 	C:\WINDOWS\System32\sechost.dll
0x00007ffa1a1a0000 - 0x00007ffa1a1a8000 	C:\WINDOWS\System32\PSAPI.DLL
0x00007ffa15590000 - 0x00007ffa15599000 	C:\WINDOWS\SYSTEM32\WSOCK32.dll
0x00007ffa1b9a0000 - 0x00007ffa1ba0f000 	C:\WINDOWS\System32\WS2_32.dll
0x00007ffa154b0000 - 0x00007ffa154d4000 	C:\WINDOWS\SYSTEM32\WINMM.dll
0x00007ffa0ff60000 - 0x00007ffa0ff6a000 	C:\WINDOWS\SYSTEM32\VERSION.dll
0x00007ffa15480000 - 0x00007ffa154ad000 	C:\WINDOWS\SYSTEM32\WINMMBASE.dll
0x00007ffa18fd0000 - 0x00007ffa1901a000 	C:\WINDOWS\System32\cfgmgr32.dll
0x00007ffa18eb0000 - 0x00007ffa18ec1000 	C:\WINDOWS\System32\kernel.appcore.dll
0x00007ffa0a310000 - 0x00007ffa0a321000 	C:\Program Files\Android\Android Studio1\jre\bin\verify.dll
0x00007ffa015e0000 - 0x00007ffa017d4000 	C:\WINDOWS\SYSTEM32\DBGHELP.DLL
0x00007ffa015b0000 - 0x00007ffa015da000 	C:\WINDOWS\SYSTEM32\dbgcore.DLL
0x00007ffa09810000 - 0x00007ffa09839000 	C:\Program Files\Android\Android Studio1\jre\bin\java.dll
0x00007ffa14c70000 - 0x00007ffa14c7b000 	C:\Program Files\Android\Android Studio1\jre\bin\jimage.dll
0x00007ffa097f0000 - 0x00007ffa09808000 	C:\Program Files\Android\Android Studio1\jre\bin\zip.dll
0x00007ffa1a880000 - 0x00007ffa1af66000 	C:\WINDOWS\System32\SHELL32.dll
0x00007ffa1a7d0000 - 0x00007ffa1a879000 	C:\WINDOWS\System32\shcore.dll
0x00007ffa19570000 - 0x00007ffa19cf2000 	C:\WINDOWS\System32\windows.storage.dll
0x00007ffa18ed0000 - 0x00007ffa18ef3000 	C:\WINDOWS\System32\profapi.dll
0x00007ffa18e60000 - 0x00007ffa18eaa000 	C:\WINDOWS\System32\powrprof.dll
0x00007ffa18e50000 - 0x00007ffa18e60000 	C:\WINDOWS\System32\UMPDC.dll
0x00007ffa1bdc0000 - 0x00007ffa1be12000 	C:\WINDOWS\System32\shlwapi.dll
0x00007ffa18fb0000 - 0x00007ffa18fc7000 	C:\WINDOWS\System32\cryptsp.dll
0x00007ffa09600000 - 0x00007ffa0961a000 	C:\Program Files\Android\Android Studio1\jre\bin\net.dll
0x00007ffa0b2e0000 - 0x00007ffa0b3d0000 	C:\WINDOWS\SYSTEM32\WINHTTP.dll
0x00007ffa18660000 - 0x00007ffa186c7000 	C:\WINDOWS\system32\mswsock.dll
0x00007ffa095e0000 - 0x00007ffa095f4000 	C:\Program Files\Android\Android Studio1\jre\bin\nio.dll

dbghelp: loaded successfully - version: 4.0.5 - missing functions: none
symbol engine: initialized successfully - sym options: 0x614 - pdb path: .;C:\Program Files\Android\Android Studio1\jre\bin;C:\WINDOWS\SYSTEM32;C:\WINDOWS\WinSxS\amd64_microsoft.windows.common-controls_6595b64144ccf1df_6.0.18362.959_none_e6c7bbbf130c62bb;C:\Program Files\Android\Android Studio1\jre\bin\server

VM Arguments:
java_command: org.jetbrains.kotlin.cli.jvm.K2JVMCompiler @D:\QuizApp\app\build\20210928_6527722824724004434.compiler.options
java_class_path (initial): C:\Users\Somesh\.gradle\caches\modules-2\files-2.1\org.jetbrains.kotlin\kotlin-compiler-embeddable\1.5.20\1900e8b9aca0a9caffd45b99b36e3720a0a284f8\kotlin-compiler-embeddable-1.5.20.jar;C:\Users\Somesh\.gradle\caches\modules-2\files-2.1\org.jetbrains.kotlin\kotlin-reflect\1.5.20\63810951f09a27f7827977f1bc21094042a915e\kotlin-reflect-1.5.20.jar;C:\Users\Somesh\.gradle\caches\modules-2\files-2.1\org.jetbrains.kotlin\kotlin-stdlib\1.5.20\9de35cc611bcecec8edce1d56d8e659953806751\kotlin-stdlib-1.5.20.jar;C:\Users\Somesh\.gradle\caches\modules-2\files-2.1\org.jetbrains.kotlin\kotlin-script-runtime\1.5.20\4381bb58d37b84d4d1afe55ec35542dd9b77e101\kotlin-script-runtime-1.5.20.jar;C:\Users\Somesh\.gradle\caches\modules-2\files-2.1\org.jetbrains.kotlin\kotlin-daemon-embeddable\1.5.20\36c38cda019834dcd2959cc33a12768adcd94256\kotlin-daemon-embeddable-1.5.20.jar;C:\Users\Somesh\.gradle\caches\modules-2\files-2.1\org.jetbrains.intellij.deps\trove4j\1.0.20181211\216c2e14b070f334479d800987affe4054cd563f\trove4j-1.0.20181211.jar;C:\Users\Somesh\.gradle\caches\modules-2\files-2.1\org.jetbrains\annotations\13.0\919f0dfe192fb4e063e7dacadee7f8bb9a2672a9\annotations-13.0.jar;C:\Users\Somesh\.gradle\caches\modules-2\files-2.1\org.jetbrains.kotlin\kotlin-stdlib-common\1.5.20\3d79dbd48bf605f4aac1e7028981a1953e245cbb\kotlin-stdlib-common-1.5.20.jar
Launcher Type: SUN_STANDARD

[Global flags]
     intx CICompilerCount                          = 3                                         {product} {ergonomic}
     uint ConcGCThreads                            = 1                                         {product} {ergonomic}
     uint G1ConcRefinementThreads                  = 4                                         {product} {ergonomic}
   size_t G1HeapRegionSize                         = 1048576                                   {product} {ergonomic}
    uintx GCDrainStackTargetSize                   = 64                                        {product} {ergonomic}
   size_t InitialHeapSize                          = 130023424                                 {product} {ergonomic}
   size_t MarkStackSize                            = 4194304                                   {product} {ergonomic}
   size_t MaxHeapSize                              = 2071986176                                {product} {ergonomic}
   size_t MaxNewSize                               = 1242562560                                {product} {ergonomic}
   size_t MinHeapDeltaBytes                        = 1048576                                   {product} {ergonomic}
    uintx NonNMethodCodeHeapSize                   = 5830732                                {pd product} {ergonomic}
    uintx NonProfiledCodeHeapSize                  = 122913754                              {pd product} {ergonomic}
    uintx ProfiledCodeHeapSize                     = 122913754                              {pd product} {ergonomic}
    uintx ReservedCodeCacheSize                    = 251658240                              {pd product} {ergonomic}
     bool SegmentedCodeCache                       = true                                      {product} {ergonomic}
     bool UseCompressedClassPointers               = true                                 {lp64_product} {ergonomic}
     bool UseCompressedOops                        = true                                 {lp64_product} {ergonomic}
     bool UseG1GC                                  = true                                      {product} {ergonomic}
     bool UseLargePagesIndividualAllocation        = false                                  {pd product} {ergonomic}

Logging:
Log output configuration:
 #0: stdout all=warning uptime,level,tags
 #1: stderr all=off uptime,level,tags

Environment Variables:
JAVA_HOME=C:\Program Files\Java\jdk-16.0.2
PATH=C:\Program Files\Common Files\Oracle\Java\javapath;C:\Program Files (x86)\Common Files\Intel\Shared Libraries\redist\intel64\compiler;C:\WINDOWS\system32;C:\WINDOWS;C:\WINDOWS\System32\Wbem;C:\WINDOWS\System32\WindowsPowerShell\v1.0\;C:\WINDOWS\System32\OpenSSH\;C:\Program Files (x86)\Brackets\command;C:\Program Files\Java\jdk-16.0.2\bin;C:\Users\Somesh\AppData\Local\Programs\Python\Python37\Scripts\;C:\Users\Somesh\AppData\Local\Programs\Python\Python37\;C:\Python27;C:\Python27\DLLs;C:\Python27\Scripts;C:\Users\Somesh\AppData\Local\Microsoft\WindowsApps;C:\Users\Somesh\AppData\Local\Programs\Git\cmd;C:\Users\Somesh\AppData\Local\Programs\Microsoft VS Code\bin
USERNAME=Somesh
OS=Windows_NT
PROCESSOR_IDENTIFIER=Intel64 Family 6 Model 142 Stepping 9, GenuineIntel



---------------  S Y S T E M  ---------------

OS: Windows 10 , 64 bit Build 18362 (10.0.18362.959)
OS uptime: 6 days 5:05 hours

CPU:total 4 (initial active 4) (2 cores per cpu, 2 threads per core) family 6 model 142 stepping 9 microcode 0xb4, cmov, cx8, fxsr, mmx, sse, sse2, sse3, ssse3, sse4.1, sse4.2, popcnt, avx, avx2, aes, clmul, erms, 3dnowpref, lzcnt, ht, tsc, tscinvbit, bmi1, bmi2, adx, fma

Memory: 4k page, system-wide physical 7899M (507M free)
TotalPageFile size 9785M (AvailPageFile size 14M)
current process WorkingSet (physical memory assigned to process): 257M, peak: 257M
current process commit charge ("private bytes"): 344M, peak: 353M

vm_info: OpenJDK 64-Bit Server VM (11.0.10+0-b96-7249189) for windows-amd64 JRE (11.0.10+0-b96-7249189), built on Mar 31 2021 21:44:00 by "builder" with MS VC++ 14.0 (VS2015)

END.
