#
# There is insufficient memory for the Java Runtime Environment to continue.
# Native memory allocation (malloc) failed to allocate 2290896 bytes for Chunk::new
# Possible reasons:
#   The system is out of physical RAM or swap space
#   The process is running with CompressedOops enabled, and the Java Heap may be blocking the growth of the native heap
# Possible solutions:
#   Reduce memory load on the system
#   Increase physical memory or swap space
#   Check if swap backing store is full
#   Decrease Java heap size (-Xmx/-Xms)
#   Decrease number of Java threads
#   Decrease Java thread stack sizes (-Xss)
#   Set larger code cache with -XX:ReservedCodeCacheSize=
#   JVM is running with Unscaled Compressed Oops mode in which the Java heap is
#     placed in the first 4GB address space. The Java Heap base address is the
#     maximum limit for the native heap growth. Please use -XX:HeapBaseMinAddress
#     to set the Java Heap base and to place the Java Heap above 4GB virtual address.
# This output file may be truncated or incomplete.
#
#  Out of Memory Error (./src/hotspot/share/memory/arena.cpp:197), pid=12064, tid=14640
#
# JRE version: OpenJDK Runtime Environment (11.0.10) (build 11.0.10+0-b96-7249189)
# Java VM: OpenJDK 64-Bit Server VM (11.0.10+0-b96-7249189, mixed mode, tiered, compressed oops, g1 gc, windows-amd64)
# No core dump will be written. Minidumps are not enabled by default on client versions of Windows
#

---------------  S U M M A R Y ------------

Command Line: --add-opens=java.base/java.util=ALL-UNNAMED --add-opens=java.base/java.lang=ALL-UNNAMED --add-opens=java.base/java.lang.invoke=ALL-UNNAMED --add-opens=java.base/java.util=ALL-UNNAMED --add-opens=java.prefs/java.util.prefs=ALL-UNNAMED --add-opens=java.prefs/java.util.prefs=ALL-UNNAMED --add-opens=java.base/java.nio.charset=ALL-UNNAMED --add-opens=java.base/java.net=ALL-UNNAMED --add-opens=java.base/java.util.concurrent.atomic=ALL-UNNAMED -Xmx2048m -Dfile.encoding=UTF-8 -Duser.country=IN -Duser.language=en -Duser.variant org.gradle.launcher.daemon.bootstrap.GradleDaemon 7.0.2

Host: Intel(R) Core(TM) i5-7200U CPU @ 2.50GHz, 4 cores, 7G,  Windows 10 , 64 bit Build 18362 (10.0.18362.959)
Time: Fri Oct  1 13:42:09 2021 India Standard Time elapsed time: 37.627773 seconds (0d 0h 0m 37s)

---------------  T H R E A D  ---------------

Current thread (0x00000140fb421800):  JavaThread "C2 CompilerThread0" daemon [_thread_in_native, id=14640, stack(0x0000003c7d600000,0x0000003c7d700000)]


Current CompileTask:
C2:  37627 6610       4       java.beans.Introspector::addMethod (196 bytes)

Stack: [0x0000003c7d600000,0x0000003c7d700000]
Native frames: (J=compiled Java code, j=interpreted, Vv=VM code, C=native code)
V  [jvm.dll+0x5ecfaa]
V  [jvm.dll+0x722bd5]
V  [jvm.dll+0x72412d]
V  [jvm.dll+0x7247e3]
V  [jvm.dll+0x242928]
V  [jvm.dll+0xbc4fc]
V  [jvm.dll+0xbca0c]
V  [jvm.dll+0x352d7d]
V  [jvm.dll+0x320ad3]
V  [jvm.dll+0x31ffca]
V  [jvm.dll+0x1fb602]
V  [jvm.dll+0x1fa7f4]
V  [jvm.dll+0x18354c]
V  [jvm.dll+0x208ee7]
V  [jvm.dll+0x207731]
V  [jvm.dll+0x6eb1cf]
V  [jvm.dll+0x6e3d45]
V  [jvm.dll+0x5ebe96]
C  [ucrtbase.dll+0x20e82]
C  [KERNEL32.DLL+0x17bd4]
C  [ntdll.dll+0x6ce51]


---------------  P R O C E S S  ---------------

Threads class SMR info:
_java_thread_list=0x00000140818bfaa0, length=43, elements={
0x00000140def5d800, 0x00000140faa80000, 0x00000140faa81800, 0x00000140fb415800,
0x00000140fb417800, 0x00000140fb418800, 0x00000140fb421800, 0x00000140fb422800,
0x00000140faaa5000, 0x00000140fb582000, 0x00000140fb580800, 0x00000140fb57e000,
0x00000140fb581800, 0x00000140fb57f000, 0x00000140fb57f800, 0x00000140fb57c800,
0x00000140fb583000, 0x00000140fb57d800, 0x00000140fd69f000, 0x00000140fd6a0800,
0x00000140fd69f800, 0x00000140fd69b800, 0x00000140fd69d800, 0x00000140fd69e000,
0x00000140fd69c800, 0x00000140fd69b000, 0x00000140fd6a6000, 0x00000140fd6a7000,
0x00000140fd6a2000, 0x00000140fd6a5800, 0x00000140fd6a1800, 0x00000140fd6a4800,
0x00000140fd6a8000, 0x00000140fd6a9800, 0x00000140fc6a1000, 0x00000140fc6a5000,
0x00000140fc6a3800, 0x00000140fc6a0000, 0x00000140fc6a4000, 0x00000140fc69f000,
0x00000140fc6a2800, 0x00000140fc6a1800, 0x00000140fe62e000
}

Java Threads: ( => current thread )
  0x00000140def5d800 JavaThread "main" [_thread_blocked, id=2408, stack(0x0000003c7ca00000,0x0000003c7cb00000)]
  0x00000140faa80000 JavaThread "Reference Handler" daemon [_thread_blocked, id=8420, stack(0x0000003c7d100000,0x0000003c7d200000)]
  0x00000140faa81800 JavaThread "Finalizer" daemon [_thread_blocked, id=11004, stack(0x0000003c7d200000,0x0000003c7d300000)]
  0x00000140fb415800 JavaThread "Signal Dispatcher" daemon [_thread_blocked, id=14808, stack(0x0000003c7d300000,0x0000003c7d400000)]
  0x00000140fb417800 JavaThread "Attach Listener" daemon [_thread_blocked, id=3116, stack(0x0000003c7d400000,0x0000003c7d500000)]
  0x00000140fb418800 JavaThread "Service Thread" daemon [_thread_blocked, id=12612, stack(0x0000003c7d500000,0x0000003c7d600000)]
=>0x00000140fb421800 JavaThread "C2 CompilerThread0" daemon [_thread_in_native, id=14640, stack(0x0000003c7d600000,0x0000003c7d700000)]
  0x00000140fb422800 JavaThread "C1 CompilerThread0" daemon [_thread_blocked, id=11204, stack(0x0000003c7d700000,0x0000003c7d800000)]
  0x00000140faaa5000 JavaThread "Sweeper thread" daemon [_thread_blocked, id=5716, stack(0x0000003c7d800000,0x0000003c7d900000)]
  0x00000140fb582000 JavaThread "Common-Cleaner" daemon [_thread_blocked, id=6936, stack(0x0000003c7d900000,0x0000003c7da00000)]
  0x00000140fb580800 JavaThread "Daemon health stats" [_thread_blocked, id=5868, stack(0x0000003c7dd00000,0x0000003c7de00000)]
  0x00000140fb57e000 JavaThread "Incoming local TCP Connector on port 57848" [_thread_in_native, id=15108, stack(0x0000003c7dc00000,0x0000003c7dd00000)]
  0x00000140fb581800 JavaThread "Daemon periodic checks" [_thread_blocked, id=11668, stack(0x0000003c7de00000,0x0000003c7df00000)]
  0x00000140fb57f000 JavaThread "Daemon" [_thread_blocked, id=13500, stack(0x0000003c7df00000,0x0000003c7e000000)]
  0x00000140fb57f800 JavaThread "Handler for socket connection from /127.0.0.1:57848 to /127.0.0.1:57850" [_thread_in_native, id=10016, stack(0x0000003c7e000000,0x0000003c7e100000)]
  0x00000140fb57c800 JavaThread "Cancel handler" [_thread_blocked, id=8312, stack(0x0000003c7e100000,0x0000003c7e200000)]
  0x00000140fb583000 JavaThread "Daemon worker" [_thread_in_vm, id=13236, stack(0x0000003c7e200000,0x0000003c7e300000)]
  0x00000140fb57d800 JavaThread "Asynchronous log dispatcher for DefaultDaemonConnection: socket connection from /127.0.0.1:57848 to /127.0.0.1:57850" [_thread_blocked, id=7196, stack(0x0000003c7e300000,0x0000003c7e400000)]
  0x00000140fd69f000 JavaThread "Stdin handler" [_thread_blocked, id=11936, stack(0x0000003c7e400000,0x0000003c7e500000)]
  0x00000140fd6a0800 JavaThread "Daemon client event forwarder" [_thread_blocked, id=13932, stack(0x0000003c7e500000,0x0000003c7e600000)]
  0x00000140fd69f800 JavaThread "Cache worker for file hash cache (C:\Users\Somesh\.gradle\caches\7.0.2\fileHashes)" [_thread_blocked, id=9016, stack(0x0000003c7e800000,0x0000003c7e900000)]
  0x00000140fd69b800 JavaThread "File lock request listener" [_thread_in_native, id=12188, stack(0x0000003c7e900000,0x0000003c7ea00000)]
  0x00000140fd69d800 JavaThread "Cache worker for journal cache (C:\Users\Somesh\.gradle\caches\journal-1)" [_thread_blocked, id=8272, stack(0x0000003c7ea00000,0x0000003c7eb00000)]
  0x00000140fd69e000 JavaThread "Cache worker for file hash cache (D:\QuizApp\.gradle\7.0.2\fileHashes)" [_thread_blocked, id=10064, stack(0x0000003c7eb00000,0x0000003c7ec00000)]
  0x00000140fd69c800 JavaThread "File watcher server" daemon [_thread_in_native, id=13712, stack(0x0000003c7ec00000,0x0000003c7ed00000)]
  0x00000140fd69b000 JavaThread "File watcher consumer" daemon [_thread_blocked, id=10476, stack(0x0000003c7ed00000,0x0000003c7ee00000)]
  0x00000140fd6a6000 JavaThread "Cache worker for checksums cache (D:\QuizApp\.gradle\checksums)" [_thread_blocked, id=116, stack(0x0000003c7ee00000,0x0000003c7ef00000)]
  0x00000140fd6a7000 JavaThread "Cache worker for cache directory md-supplier (C:\Users\Somesh\.gradle\caches\7.0.2\md-supplier)" [_thread_blocked, id=2020, stack(0x0000003c7ef00000,0x0000003c7f000000)]
  0x00000140fd6a2000 JavaThread "Cache worker for cache directory md-rule (C:\Users\Somesh\.gradle\caches\7.0.2\md-rule)" [_thread_blocked, id=6684, stack(0x0000003c7f000000,0x0000003c7f100000)]
  0x00000140fd6a5800 JavaThread "Cache worker for execution history cache (C:\Users\Somesh\.gradle\caches\7.0.2\executionHistory)" [_thread_blocked, id=7672, stack(0x0000003c7f200000,0x0000003c7f300000)]
  0x00000140fd6a1800 JavaThread "jar transforms" [_thread_blocked, id=8932, stack(0x0000003c7f300000,0x0000003c7f400000)]
  0x00000140fd6a4800 JavaThread "jar transforms Thread 2" [_thread_blocked, id=12952, stack(0x0000003c7f400000,0x0000003c7f500000)]
  0x00000140fd6a8000 JavaThread "Cache worker for file content cache (C:\Users\Somesh\.gradle\caches\7.0.2\fileContent)" [_thread_blocked, id=7080, stack(0x0000003c7f500000,0x0000003c7f600000)]
  0x00000140fd6a9800 JavaThread "Cache worker for dependencies-accessors (D:\QuizApp\.gradle\7.0.2\dependencies-accessors)" [_thread_blocked, id=8816, stack(0x0000003c7f100000,0x0000003c7f200000)]
  0x00000140fc6a1000 JavaThread "jar transforms Thread 3" [_thread_blocked, id=900, stack(0x0000003c7f700000,0x0000003c7f800000)]
  0x00000140fc6a5000 JavaThread "Cache worker for Build Output Cleanup Cache (D:\QuizApp\.gradle\buildOutputCleanup)" [_thread_blocked, id=1896, stack(0x0000003c7f800000,0x0000003c7f900000)]
  0x00000140fc6a3800 JavaThread "Build operations" [_thread_blocked, id=7556, stack(0x0000003c7f900000,0x0000003c7fa00000)]
  0x00000140fc6a0000 JavaThread "Build operations Thread 2" [_thread_blocked, id=2800, stack(0x0000003c7fa00000,0x0000003c7fb00000)]
  0x00000140fc6a4000 JavaThread "Build operations Thread 3" [_thread_blocked, id=7904, stack(0x0000003c7fb00000,0x0000003c7fc00000)]
  0x00000140fc69f000 JavaThread "Build operations Thread 4" [_thread_blocked, id=6836, stack(0x0000003c7fc00000,0x0000003c7fd00000)]
  0x00000140fc6a2800 JavaThread "jar transforms Thread 4" [_thread_blocked, id=5196, stack(0x0000003c7fd00000,0x0000003c7fe00000)]
  0x00000140fc6a1800 JavaThread "Memory manager" [_thread_blocked, id=14744, stack(0x0000003c7f600000,0x0000003c7f700000)]
  0x00000140fe62e000 JavaThread "C2 CompilerThread1" daemon [_thread_in_native, id=9164, stack(0x0000003c7ff00000,0x0000003c80000000)]

Other Threads:
  0x00000140faa7e000 VMThread "VM Thread" [stack: 0x0000003c7d000000,0x0000003c7d100000] [id=9908]
  0x00000140fb5b4800 WatcherThread [stack: 0x0000003c7da00000,0x0000003c7db00000] [id=13824]
  0x00000140def76000 GCTaskThread "GC Thread#0" [stack: 0x0000003c7cb00000,0x0000003c7cc00000] [id=5564]
  0x00000140fb64e800 GCTaskThread "GC Thread#1" [stack: 0x0000003c7db00000,0x0000003c7dc00000] [id=9444]
  0x00000140fd793800 GCTaskThread "GC Thread#2" [stack: 0x0000003c7e600000,0x0000003c7e700000] [id=128]
  0x00000140fd4ed800 GCTaskThread "GC Thread#3" [stack: 0x0000003c7e700000,0x0000003c7e800000] [id=13924]
  0x00000140defa7800 ConcurrentGCThread "G1 Main Marker" [stack: 0x0000003c7cc00000,0x0000003c7cd00000] [id=13588]
  0x00000140defa8800 ConcurrentGCThread "G1 Conc#0" [stack: 0x0000003c7cd00000,0x0000003c7ce00000] [id=9200]
  0x00000140fa8d0800 ConcurrentGCThread "G1 Refine#0" [stack: 0x0000003c7ce00000,0x0000003c7cf00000] [id=10180]
  0x00000140fa8d1800 ConcurrentGCThread "G1 Young RemSet Sampling" [stack: 0x0000003c7cf00000,0x0000003c7d000000] [id=3164]

Threads with active compile tasks:
C2 CompilerThread0  37671 6610       4       java.beans.Introspector::addMethod (196 bytes)
C2 CompilerThread1  37671 6609       4       com.sun.beans.TypeResolver::resolve (37 bytes)

VM state:not at safepoint (normal execution)

VM Mutex/Monitor currently owned by a thread: None

Heap address: 0x0000000080000000, size: 2048 MB, Compressed Oops mode: 32-bit
Narrow klass base: 0x0000000000000000, Narrow klass shift: 3
Compressed class space size: 1073741824 Address: 0x0000000100000000

Heap:
 garbage-first heap   total 126976K, used 64355K [0x0000000080000000, 0x0000000100000000)
  region size 1024K, 12 young (12288K), 5 survivors (5120K)
 Metaspace       used 66136K, capacity 67689K, committed 67916K, reserved 1107968K
  class space    used 8360K, capacity 8924K, committed 9036K, reserved 1048576K
Heap Regions: E=young(eden), S=young(survivor), O=old, HS=humongous(starts), HC=humongous(continues), CS=collection set, F=free, A=archive, TAMS=top-at-mark-start (previous, next)
|   0|0x0000000080000000, 0x0000000080100000, 0x0000000080100000|100%| O|  |TAMS 0x0000000080100000, 0x0000000080000000| Untracked 
|   1|0x0000000080100000, 0x0000000080200000, 0x0000000080200000|100%| O|  |TAMS 0x0000000080200000, 0x0000000080100000| Untracked 
|   2|0x0000000080200000, 0x0000000080300000, 0x0000000080300000|100%| O|  |TAMS 0x0000000080300000, 0x0000000080200000| Untracked 
|   3|0x0000000080300000, 0x0000000080400000, 0x0000000080400000|100%|HS|  |TAMS 0x0000000080400000, 0x0000000080300000| Complete 
|   4|0x0000000080400000, 0x0000000080500000, 0x0000000080500000|100%|HC|  |TAMS 0x0000000080500000, 0x0000000080400000| Complete 
|   5|0x0000000080500000, 0x0000000080600000, 0x0000000080600000|100%|HC|  |TAMS 0x0000000080600000, 0x0000000080500000| Complete 
|   6|0x0000000080600000, 0x0000000080700000, 0x0000000080700000|100%| O|  |TAMS 0x0000000080700000, 0x0000000080600000| Untracked 
|   7|0x0000000080700000, 0x0000000080800000, 0x0000000080800000|100%| O|  |TAMS 0x0000000080800000, 0x0000000080700000| Untracked 
|   8|0x0000000080800000, 0x0000000080900000, 0x0000000080900000|100%| O|  |TAMS 0x0000000080900000, 0x0000000080800000| Untracked 
|   9|0x0000000080900000, 0x0000000080a00000, 0x0000000080a00000|100%| O|  |TAMS 0x0000000080a00000, 0x0000000080900000| Untracked 
|  10|0x0000000080a00000, 0x0000000080b00000, 0x0000000080b00000|100%| O|  |TAMS 0x0000000080b00000, 0x0000000080a00000| Untracked 
|  11|0x0000000080b00000, 0x0000000080c00000, 0x0000000080c00000|100%| O|  |TAMS 0x0000000080c00000, 0x0000000080b00000| Untracked 
|  12|0x0000000080c00000, 0x0000000080d00000, 0x0000000080d00000|100%| O|  |TAMS 0x0000000080d00000, 0x0000000080c00000| Untracked 
|  13|0x0000000080d00000, 0x0000000080e00000, 0x0000000080e00000|100%| O|  |TAMS 0x0000000080e00000, 0x0000000080d00000| Untracked 
|  14|0x0000000080e00000, 0x0000000080f00000, 0x0000000080f00000|100%|HS|  |TAMS 0x0000000080f00000, 0x0000000080e00000| Complete 
|  15|0x0000000080f00000, 0x0000000081000000, 0x0000000081000000|100%| O|  |TAMS 0x0000000081000000, 0x0000000080f00000| Untracked 
|  16|0x0000000081000000, 0x0000000081100000, 0x0000000081100000|100%| O|  |TAMS 0x0000000081100000, 0x0000000081000000| Untracked 
|  17|0x0000000081100000, 0x0000000081200000, 0x0000000081200000|100%| O|  |TAMS 0x0000000081200000, 0x0000000081100000| Untracked 
|  18|0x0000000081200000, 0x0000000081300000, 0x0000000081300000|100%| O|  |TAMS 0x0000000081300000, 0x0000000081200000| Untracked 
|  19|0x0000000081300000, 0x0000000081400000, 0x0000000081400000|100%| O|  |TAMS 0x0000000081400000, 0x0000000081300000| Untracked 
|  20|0x0000000081400000, 0x0000000081500000, 0x0000000081500000|100%| O|  |TAMS 0x0000000081500000, 0x0000000081400000| Untracked 
|  21|0x0000000081500000, 0x0000000081600000, 0x0000000081600000|100%| O|  |TAMS 0x0000000081600000, 0x0000000081500000| Untracked 
|  22|0x0000000081600000, 0x0000000081700000, 0x0000000081700000|100%| O|  |TAMS 0x0000000081700000, 0x0000000081600000| Untracked 
|  23|0x0000000081700000, 0x0000000081800000, 0x0000000081800000|100%| O|  |TAMS 0x0000000081800000, 0x0000000081700000| Untracked 
|  24|0x0000000081800000, 0x0000000081900000, 0x0000000081900000|100%| O|  |TAMS 0x0000000081900000, 0x0000000081800000| Untracked 
|  25|0x0000000081900000, 0x0000000081a00000, 0x0000000081a00000|100%| O|  |TAMS 0x0000000081a00000, 0x0000000081900000| Untracked 
|  26|0x0000000081a00000, 0x0000000081b00000, 0x0000000081b00000|100%| O|  |TAMS 0x0000000081b00000, 0x0000000081a00000| Untracked 
|  27|0x0000000081b00000, 0x0000000081c00000, 0x0000000081c00000|100%|HS|  |TAMS 0x0000000081c00000, 0x0000000081b00000| Complete 
|  28|0x0000000081c00000, 0x0000000081d00000, 0x0000000081d00000|100%|HS|  |TAMS 0x0000000081d00000, 0x0000000081c00000| Complete 
|  29|0x0000000081d00000, 0x0000000081e00000, 0x0000000081e00000|100%|HS|  |TAMS 0x0000000081e00000, 0x0000000081d00000| Complete 
|  30|0x0000000081e00000, 0x0000000081f00000, 0x0000000081f00000|100%|HC|  |TAMS 0x0000000081f00000, 0x0000000081e00000| Complete 
|  31|0x0000000081f00000, 0x0000000082000000, 0x0000000082000000|100%|HC|  |TAMS 0x0000000082000000, 0x0000000081f00000| Complete 
|  32|0x0000000082000000, 0x0000000082100000, 0x0000000082100000|100%|HS|  |TAMS 0x0000000082100000, 0x0000000082000000| Complete 
|  33|0x0000000082100000, 0x0000000082200000, 0x0000000082200000|100%|HC|  |TAMS 0x0000000082200000, 0x0000000082100000| Complete 
|  34|0x0000000082200000, 0x0000000082300000, 0x0000000082300000|100%| O|  |TAMS 0x0000000082300000, 0x0000000082200000| Untracked 
|  35|0x0000000082300000, 0x0000000082400000, 0x0000000082400000|100%| O|  |TAMS 0x0000000082400000, 0x0000000082300000| Untracked 
|  36|0x0000000082400000, 0x0000000082500000, 0x0000000082500000|100%| O|  |TAMS 0x0000000082500000, 0x0000000082400000| Untracked 
|  37|0x0000000082500000, 0x0000000082600000, 0x0000000082600000|100%| O|  |TAMS 0x0000000082600000, 0x0000000082500000| Untracked 
|  38|0x0000000082600000, 0x0000000082700000, 0x0000000082700000|100%| O|  |TAMS 0x0000000082700000, 0x0000000082600000| Untracked 
|  39|0x0000000082700000, 0x0000000082800000, 0x0000000082800000|100%| O|  |TAMS 0x0000000082800000, 0x0000000082700000| Untracked 
|  40|0x0000000082800000, 0x0000000082900000, 0x0000000082900000|100%| O|  |TAMS 0x0000000082900000, 0x0000000082800000| Untracked 
|  41|0x0000000082900000, 0x0000000082a00000, 0x0000000082a00000|100%| O|  |TAMS 0x0000000082a00000, 0x0000000082900000| Untracked 
|  42|0x0000000082a00000, 0x0000000082b00000, 0x0000000082b00000|100%| O|  |TAMS 0x0000000082b00000, 0x0000000082a00000| Untracked 
|  43|0x0000000082b00000, 0x0000000082c00000, 0x0000000082c00000|100%| O|  |TAMS 0x0000000082c00000, 0x0000000082b00000| Untracked 
|  44|0x0000000082c00000, 0x0000000082d00000, 0x0000000082d00000|100%| O|  |TAMS 0x0000000082d00000, 0x0000000082c00000| Untracked 
|  45|0x0000000082d00000, 0x0000000082e00000, 0x0000000082e00000|100%| O|  |TAMS 0x0000000082e00000, 0x0000000082d00000| Untracked 
|  46|0x0000000082e00000, 0x0000000082f00000, 0x0000000082f00000|100%| O|  |TAMS 0x0000000082e00000, 0x0000000082e00000| Untracked 
|  47|0x0000000082f00000, 0x0000000083000000, 0x0000000083000000|100%| O|  |TAMS 0x0000000082f00000, 0x0000000082f00000| Untracked 
|  48|0x0000000083000000, 0x0000000083100000, 0x0000000083100000|100%| O|  |TAMS 0x0000000083000000, 0x0000000083000000| Untracked 
|  49|0x0000000083100000, 0x0000000083200000, 0x0000000083200000|100%| O|  |TAMS 0x0000000083100000, 0x0000000083100000| Untracked 
|  50|0x0000000083200000, 0x0000000083300000, 0x0000000083300000|100%| O|  |TAMS 0x0000000083200000, 0x0000000083200000| Untracked 
|  51|0x0000000083300000, 0x0000000083400000, 0x0000000083400000|100%| O|  |TAMS 0x0000000083300000, 0x0000000083300000| Untracked 
|  52|0x0000000083400000, 0x0000000083451200, 0x0000000083500000| 31%| O|  |TAMS 0x0000000083400000, 0x0000000083400000| Untracked 
|  53|0x0000000083500000, 0x0000000083500000, 0x0000000083600000|  0%| F|  |TAMS 0x0000000083500000, 0x0000000083500000| Untracked 
|  54|0x0000000083600000, 0x0000000083600000, 0x0000000083700000|  0%| F|  |TAMS 0x0000000083600000, 0x0000000083600000| Untracked 
|  55|0x0000000083700000, 0x0000000083700000, 0x0000000083800000|  0%| F|  |TAMS 0x0000000083700000, 0x0000000083700000| Untracked 
|  56|0x0000000083800000, 0x0000000083800000, 0x0000000083900000|  0%| F|  |TAMS 0x0000000083800000, 0x0000000083800000| Untracked 
|  57|0x0000000083900000, 0x0000000083900000, 0x0000000083a00000|  0%| F|  |TAMS 0x0000000083900000, 0x0000000083900000| Untracked 
|  58|0x0000000083a00000, 0x0000000083a00000, 0x0000000083b00000|  0%| F|  |TAMS 0x0000000083a00000, 0x0000000083a00000| Untracked 
|  59|0x0000000083b00000, 0x0000000083b00000, 0x0000000083c00000|  0%| F|  |TAMS 0x0000000083b00000, 0x0000000083b00000| Untracked 
|  60|0x0000000083c00000, 0x0000000083c00000, 0x0000000083d00000|  0%| F|  |TAMS 0x0000000083c00000, 0x0000000083c00000| Untracked 
|  61|0x0000000083d00000, 0x0000000083d00000, 0x0000000083e00000|  0%| F|  |TAMS 0x0000000083d00000, 0x0000000083d00000| Untracked 
|  62|0x0000000083e00000, 0x0000000083e00000, 0x0000000083f00000|  0%| F|  |TAMS 0x0000000083e00000, 0x0000000083e00000| Untracked 
|  63|0x0000000083f00000, 0x0000000083f00000, 0x0000000084000000|  0%| F|  |TAMS 0x0000000083f00000, 0x0000000083f00000| Untracked 
|  64|0x0000000084000000, 0x0000000084000000, 0x0000000084100000|  0%| F|  |TAMS 0x0000000084000000, 0x0000000084000000| Untracked 
|  65|0x0000000084100000, 0x0000000084100000, 0x0000000084200000|  0%| F|  |TAMS 0x0000000084100000, 0x0000000084100000| Untracked 
|  66|0x0000000084200000, 0x0000000084200000, 0x0000000084300000|  0%| F|  |TAMS 0x0000000084200000, 0x0000000084200000| Untracked 
|  67|0x0000000084300000, 0x0000000084300000, 0x0000000084400000|  0%| F|  |TAMS 0x0000000084300000, 0x0000000084300000| Untracked 
|  68|0x0000000084400000, 0x0000000084400000, 0x0000000084500000|  0%| F|  |TAMS 0x0000000084400000, 0x0000000084400000| Untracked 
|  69|0x0000000084500000, 0x0000000084500000, 0x0000000084600000|  0%| F|  |TAMS 0x0000000084500000, 0x0000000084500000| Untracked 
|  70|0x0000000084600000, 0x0000000084600000, 0x0000000084700000|  0%| F|  |TAMS 0x0000000084600000, 0x0000000084600000| Untracked 
|  71|0x0000000084700000, 0x0000000084700000, 0x0000000084800000|  0%| F|  |TAMS 0x0000000084700000, 0x0000000084700000| Untracked 
|  72|0x0000000084800000, 0x0000000084887c10, 0x0000000084900000| 53%| S|CS|TAMS 0x0000000084800000, 0x0000000084800000| Complete 
|  73|0x0000000084900000, 0x0000000084a00000, 0x0000000084a00000|100%| S|CS|TAMS 0x0000000084900000, 0x0000000084900000| Complete 
|  74|0x0000000084a00000, 0x0000000084b00000, 0x0000000084b00000|100%| S|CS|TAMS 0x0000000084a00000, 0x0000000084a00000| Complete 
|  75|0x0000000084b00000, 0x0000000084c00000, 0x0000000084c00000|100%| S|CS|TAMS 0x0000000084b00000, 0x0000000084b00000| Complete 
|  76|0x0000000084c00000, 0x0000000084d00000, 0x0000000084d00000|100%| S|CS|TAMS 0x0000000084c00000, 0x0000000084c00000| Complete 
|  77|0x0000000084d00000, 0x0000000084d00000, 0x0000000084e00000|  0%| F|  |TAMS 0x0000000084d00000, 0x0000000084d00000| Untracked 
|  78|0x0000000084e00000, 0x0000000084e00000, 0x0000000084f00000|  0%| F|  |TAMS 0x0000000084e00000, 0x0000000084e00000| Untracked 
|  79|0x0000000084f00000, 0x0000000084f00000, 0x0000000085000000|  0%| F|  |TAMS 0x0000000084f00000, 0x0000000084f00000| Untracked 
|  80|0x0000000085000000, 0x0000000085000000, 0x0000000085100000|  0%| F|  |TAMS 0x0000000085000000, 0x0000000085000000| Untracked 
|  81|0x0000000085100000, 0x0000000085100000, 0x0000000085200000|  0%| F|  |TAMS 0x0000000085100000, 0x0000000085100000| Untracked 
|  82|0x0000000085200000, 0x0000000085200000, 0x0000000085300000|  0%| F|  |TAMS 0x0000000085200000, 0x0000000085200000| Untracked 
|  83|0x0000000085300000, 0x0000000085300000, 0x0000000085400000|  0%| F|  |TAMS 0x0000000085300000, 0x0000000085300000| Untracked 
|  84|0x0000000085400000, 0x0000000085400000, 0x0000000085500000|  0%| F|  |TAMS 0x0000000085400000, 0x0000000085400000| Untracked 
|  85|0x0000000085500000, 0x0000000085500000, 0x0000000085600000|  0%| F|  |TAMS 0x0000000085500000, 0x0000000085500000| Untracked 
|  86|0x0000000085600000, 0x0000000085600000, 0x0000000085700000|  0%| F|  |TAMS 0x0000000085600000, 0x0000000085600000| Untracked 
|  87|0x0000000085700000, 0x0000000085700000, 0x0000000085800000|  0%| F|  |TAMS 0x0000000085700000, 0x0000000085700000| Untracked 
|  88|0x0000000085800000, 0x0000000085800000, 0x0000000085900000|  0%| F|  |TAMS 0x0000000085800000, 0x0000000085800000| Untracked 
|  89|0x0000000085900000, 0x0000000085900000, 0x0000000085a00000|  0%| F|  |TAMS 0x0000000085900000, 0x0000000085900000| Untracked 
|  90|0x0000000085a00000, 0x0000000085a00000, 0x0000000085b00000|  0%| F|  |TAMS 0x0000000085a00000, 0x0000000085a00000| Untracked 
|  91|0x0000000085b00000, 0x0000000085b00000, 0x0000000085c00000|  0%| F|  |TAMS 0x0000000085b00000, 0x0000000085b00000| Untracked 
|  92|0x0000000085c00000, 0x0000000085c00000, 0x0000000085d00000|  0%| F|  |TAMS 0x0000000085c00000, 0x0000000085c00000| Untracked 
|  93|0x0000000085d00000, 0x0000000085d00000, 0x0000000085e00000|  0%| F|  |TAMS 0x0000000085d00000, 0x0000000085d00000| Untracked 
|  94|0x0000000085e00000, 0x0000000085e00000, 0x0000000085f00000|  0%| F|  |TAMS 0x0000000085e00000, 0x0000000085e00000| Untracked 
|  95|0x0000000085f00000, 0x0000000085f00000, 0x0000000086000000|  0%| F|  |TAMS 0x0000000085f00000, 0x0000000085f00000| Untracked 
|  96|0x0000000086000000, 0x0000000086000000, 0x0000000086100000|  0%| F|  |TAMS 0x0000000086000000, 0x0000000086000000| Untracked 
|  97|0x0000000086100000, 0x0000000086100000, 0x0000000086200000|  0%| F|  |TAMS 0x0000000086100000, 0x0000000086100000| Untracked 
|  98|0x0000000086200000, 0x0000000086200000, 0x0000000086300000|  0%| F|  |TAMS 0x0000000086200000, 0x0000000086200000| Untracked 
|  99|0x0000000086300000, 0x0000000086300000, 0x0000000086400000|  0%| F|  |TAMS 0x0000000086300000, 0x0000000086300000| Untracked 
| 100|0x0000000086400000, 0x0000000086400000, 0x0000000086500000|  0%| F|  |TAMS 0x0000000086400000, 0x0000000086400000| Untracked 
| 101|0x0000000086500000, 0x0000000086500000, 0x0000000086600000|  0%| F|  |TAMS 0x0000000086500000, 0x0000000086500000| Untracked 
| 102|0x0000000086600000, 0x0000000086600000, 0x0000000086700000|  0%| F|  |TAMS 0x0000000086600000, 0x0000000086600000| Untracked 
| 103|0x0000000086700000, 0x0000000086700000, 0x0000000086800000|  0%| F|  |TAMS 0x0000000086700000, 0x0000000086700000| Untracked 
| 104|0x0000000086800000, 0x0000000086800000, 0x0000000086900000|  0%| F|  |TAMS 0x0000000086800000, 0x0000000086800000| Untracked 
| 105|0x0000000086900000, 0x0000000086900000, 0x0000000086a00000|  0%| F|  |TAMS 0x0000000086900000, 0x0000000086900000| Untracked 
| 106|0x0000000086a00000, 0x0000000086a00000, 0x0000000086b00000|  0%| F|  |TAMS 0x0000000086a00000, 0x0000000086a00000| Untracked 
| 107|0x0000000086b00000, 0x0000000086b00000, 0x0000000086c00000|  0%| F|  |TAMS 0x0000000086b00000, 0x0000000086b00000| Untracked 
| 108|0x0000000086c00000, 0x0000000086c00000, 0x0000000086d00000|  0%| F|  |TAMS 0x0000000086c00000, 0x0000000086c00000| Untracked 
| 109|0x0000000086d00000, 0x0000000086d00000, 0x0000000086e00000|  0%| F|  |TAMS 0x0000000086d00000, 0x0000000086d00000| Untracked 
| 110|0x0000000086e00000, 0x0000000086e00000, 0x0000000086f00000|  0%| F|  |TAMS 0x0000000086e00000, 0x0000000086e00000| Untracked 
| 111|0x0000000086f00000, 0x0000000086f00000, 0x0000000087000000|  0%| F|  |TAMS 0x0000000086f00000, 0x0000000086f00000| Untracked 
| 112|0x0000000087000000, 0x0000000087000000, 0x0000000087100000|  0%| F|  |TAMS 0x0000000087000000, 0x0000000087000000| Untracked 
| 113|0x0000000087100000, 0x0000000087100000, 0x0000000087200000|  0%| F|  |TAMS 0x0000000087100000, 0x0000000087100000| Untracked 
| 114|0x0000000087200000, 0x0000000087200000, 0x0000000087300000|  0%| F|  |TAMS 0x0000000087200000, 0x0000000087200000| Untracked 
| 115|0x0000000087300000, 0x0000000087300000, 0x0000000087400000|  0%| F|  |TAMS 0x0000000087300000, 0x0000000087300000| Untracked 
| 116|0x0000000087400000, 0x0000000087400000, 0x0000000087500000|  0%| F|  |TAMS 0x0000000087400000, 0x0000000087400000| Untracked 
| 117|0x0000000087500000, 0x0000000087600000, 0x0000000087600000|100%| E|  |TAMS 0x0000000087500000, 0x0000000087500000| Complete 
| 118|0x0000000087600000, 0x0000000087700000, 0x0000000087700000|100%| E|CS|TAMS 0x0000000087600000, 0x0000000087600000| Complete 
| 119|0x0000000087700000, 0x0000000087800000, 0x0000000087800000|100%| E|CS|TAMS 0x0000000087700000, 0x0000000087700000| Complete 
| 120|0x0000000087800000, 0x0000000087900000, 0x0000000087900000|100%| E|CS|TAMS 0x0000000087800000, 0x0000000087800000| Complete 
| 121|0x0000000087900000, 0x0000000087a00000, 0x0000000087a00000|100%| E|CS|TAMS 0x0000000087900000, 0x0000000087900000| Complete 
| 122|0x0000000087a00000, 0x0000000087b00000, 0x0000000087b00000|100%| E|CS|TAMS 0x0000000087a00000, 0x0000000087a00000| Complete 
| 123|0x0000000087b00000, 0x0000000087c00000, 0x0000000087c00000|100%| E|CS|TAMS 0x0000000087b00000, 0x0000000087b00000| Complete 

Card table byte_map: [0x00000140f3c30000,0x00000140f4030000] _byte_map_base: 0x00000140f3830000

Marking Bits (Prev, Next): (CMBitMap*) 0x00000140def9e8c8, (CMBitMap*) 0x00000140def9e900
 Prev Bits: [0x00000140f4430000, 0x00000140f6430000)
 Next Bits: [0x00000140f6430000, 0x00000140f8430000)

Polling page: 0x00000140ded50000

Metaspace:

Usage:
  Non-class:     57.45 MB capacity,    56.46 MB ( 98%) used,   842.43 KB (  1%) free+waste,   167.19 KB ( <1%) overhead. 
      Class:      8.71 MB capacity,     8.17 MB ( 94%) used,   483.11 KB (  5%) free+waste,    77.50 KB ( <1%) overhead. 
       Both:     66.17 MB capacity,    64.63 MB ( 98%) used,     1.29 MB (  2%) free+waste,   244.69 KB ( <1%) overhead. 

Virtual space:
  Non-class space:       58.00 MB reserved,      57.50 MB (>99%) committed 
      Class space:        1.00 GB reserved,       8.82 MB ( <1%) committed 
             Both:        1.06 GB reserved,      66.32 MB (  6%) committed 

Chunk freelists:
   Non-Class:  51.00 KB
       Class:  4.00 KB
        Both:  55.00 KB

MaxMetaspaceSize: 17179869184.00 GB
CompressedClassSpaceSize: 1.00 GB

CodeHeap 'non-profiled nmethods': size=120064Kb used=3928Kb max_used=3928Kb free=116135Kb
 bounds [0x00000140ebcc0000, 0x00000140ec0a0000, 0x00000140f3200000]
CodeHeap 'profiled nmethods': size=120000Kb used=14051Kb max_used=14051Kb free=105948Kb
 bounds [0x00000140e4790000, 0x00000140e5550000, 0x00000140ebcc0000]
CodeHeap 'non-nmethods': size=5696Kb used=2262Kb max_used=2301Kb free=3433Kb
 bounds [0x00000140e4200000, 0x00000140e4470000, 0x00000140e4790000]
 total_blobs=7474 nmethods=6619 adapters=766
 compilation: enabled
              stopped_count=0, restarted_count=0
 full_count=0

Compilation events (20 events):
Event: 37.311 Thread 0x00000140fb422800 6635       3       org.gradle.tooling.internal.provider.runner.PluginApplicationTracker::getRunningPluginApplication (14 bytes)
Event: 37.311 Thread 0x00000140fb422800 nmethod 6635 0x00000140e5541e90 code [0x00000140e5542060, 0x00000140e5542308]
Event: 37.311 Thread 0x00000140fb422800 6636       3       org.gradle.api.internal.tasks.compile.tooling.JavaCompileTaskSuccessResultPostProcessor::finished (56 bytes)
Event: 37.312 Thread 0x00000140fb422800 nmethod 6636 0x00000140e5542410 code [0x00000140e5542640, 0x00000140e5542ee8]
Event: 37.312 Thread 0x00000140fb422800 6637       3       org.gradle.tooling.internal.provider.runner.TaskOriginTracker::finished (1 bytes)
Event: 37.312 Thread 0x00000140fb422800 nmethod 6637 0x00000140e5543190 code [0x00000140e5543340, 0x00000140e5543438]
Event: 37.312 Thread 0x00000140fb422800 6638       3       org.gradle.tooling.internal.provider.runner.PluginApplicationTracker::finished (15 bytes)
Event: 37.312 Thread 0x00000140fb422800 nmethod 6638 0x00000140e5543510 code [0x00000140e55436e0, 0x00000140e55438c8]
Event: 37.312 Thread 0x00000140fb422800 6639       3       org.gradle.tooling.internal.provider.runner.ClientForwardingTestOperationListener::finished (102 bytes)
Event: 37.313 Thread 0x00000140fb422800 nmethod 6639 0x00000140e5543990 code [0x00000140e5543c60, 0x00000140e5544c48]
Event: 37.313 Thread 0x00000140fb422800 6640       3       org.gradle.internal.operations.DefaultBuildOperationRunner::access$500 (7 bytes)
Event: 37.314 Thread 0x00000140fb422800 nmethod 6640 0x00000140e5545110 code [0x00000140e55452c0, 0x00000140e55453c8]
Event: 37.314 Thread 0x00000140fb422800 6641       3       org.gradle.internal.operations.DefaultBuildOperationRunner$BuildOperationTrackingListener::close (42 bytes)
Event: 37.315 Thread 0x00000140fb422800 nmethod 6641 0x00000140e5545490 code [0x00000140e5545720, 0x00000140e5546448]
Event: 37.315 Thread 0x00000140fb422800 6642       3       org.gradle.internal.operations.DefaultBuildOperationExecutor$ListenerAdapter::close (1 bytes)
Event: 37.315 Thread 0x00000140fb422800 nmethod 6642 0x00000140e5546990 code [0x00000140e5546b40, 0x00000140e5546c38]
Event: 37.315 Thread 0x00000140fb422800 6643   !   3       org.gradle.internal.operations.DefaultBuildOperationRunner$3::execute (110 bytes)
Event: 37.316 Thread 0x00000140fb422800 nmethod 6643 0x00000140e5546d10 code [0x00000140e5546f40, 0x00000140e5547758]
Event: 37.327 Thread 0x00000140fb422800 6644   !   3       org.gradle.api.internal.plugins.DefaultPluginRegistry::uncheckedGet (17 bytes)
Event: 37.328 Thread 0x00000140fb422800 nmethod 6644 0x00000140e5547b90 code [0x00000140e5547de0, 0x00000140e5548578]

GC Heap History (20 events):
Event: 10.217 GC heap before
{Heap before GC invocations=5 (full 0):
 garbage-first heap   total 126976K, used 21741K [0x0000000080000000, 0x0000000100000000)
  region size 1024K, 12 young (12288K), 6 survivors (6144K)
 Metaspace       used 20592K, capacity 21096K, committed 21248K, reserved 1067008K
  class space    used 2508K, capacity 2690K, committed 2816K, reserved 1048576K
}
Event: 10.224 GC heap after
{Heap after GC invocations=6 (full 0):
 garbage-first heap   total 126976K, used 17127K [0x0000000080000000, 0x0000000100000000)
  region size 1024K, 3 young (3072K), 3 survivors (3072K)
 Metaspace       used 20592K, capacity 21096K, committed 21248K, reserved 1067008K
  class space    used 2508K, capacity 2690K, committed 2816K, reserved 1048576K
}
Event: 13.362 GC heap before
{Heap before GC invocations=7 (full 0):
 garbage-first heap   total 126976K, used 72423K [0x0000000080000000, 0x0000000100000000)
  region size 1024K, 57 young (58368K), 3 survivors (3072K)
 Metaspace       used 26032K, capacity 26687K, committed 26752K, reserved 1073152K
  class space    used 3404K, capacity 3665K, committed 3712K, reserved 1048576K
}
Event: 13.370 GC heap after
{Heap after GC invocations=8 (full 0):
 garbage-first heap   total 126976K, used 18841K [0x0000000080000000, 0x0000000100000000)
  region size 1024K, 5 young (5120K), 5 survivors (5120K)
 Metaspace       used 26032K, capacity 26687K, committed 26752K, reserved 1073152K
  class space    used 3404K, capacity 3665K, committed 3712K, reserved 1048576K
}
Event: 16.849 GC heap before
{Heap before GC invocations=8 (full 0):
 garbage-first heap   total 126976K, used 73113K [0x0000000080000000, 0x0000000100000000)
  region size 1024K, 59 young (60416K), 5 survivors (5120K)
 Metaspace       used 35035K, capacity 35834K, committed 35840K, reserved 1081344K
  class space    used 4536K, capacity 4864K, committed 4864K, reserved 1048576K
}
Event: 16.869 GC heap after
{Heap after GC invocations=9 (full 0):
 garbage-first heap   total 126976K, used 22227K [0x0000000080000000, 0x0000000100000000)
  region size 1024K, 8 young (8192K), 8 survivors (8192K)
 Metaspace       used 35035K, capacity 35834K, committed 35840K, reserved 1081344K
  class space    used 4536K, capacity 4864K, committed 4864K, reserved 1048576K
}
Event: 18.591 GC heap before
{Heap before GC invocations=10 (full 0):
 garbage-first heap   total 126976K, used 86739K [0x0000000080000000, 0x0000000100000000)
  region size 1024K, 68 young (69632K), 8 survivors (8192K)
 Metaspace       used 39578K, capacity 40498K, committed 40780K, reserved 1085440K
  class space    used 5054K, capacity 5390K, committed 5452K, reserved 1048576K
}
Event: 18.611 GC heap after
{Heap after GC invocations=11 (full 0):
 garbage-first heap   total 126976K, used 27504K [0x0000000080000000, 0x0000000100000000)
  region size 1024K, 9 young (9216K), 9 survivors (9216K)
 Metaspace       used 39578K, capacity 40498K, committed 40780K, reserved 1085440K
  class space    used 5054K, capacity 5390K, committed 5452K, reserved 1048576K
}
Event: 20.783 GC heap before
{Heap before GC invocations=11 (full 0):
 garbage-first heap   total 126976K, used 90992K [0x0000000080000000, 0x0000000100000000)
  region size 1024K, 70 young (71680K), 9 survivors (9216K)
 Metaspace       used 45146K, capacity 46278K, committed 46540K, reserved 1089536K
  class space    used 5801K, capacity 6225K, committed 6348K, reserved 1048576K
}
Event: 20.800 GC heap after
{Heap after GC invocations=12 (full 0):
 garbage-first heap   total 126976K, used 29153K [0x0000000080000000, 0x0000000100000000)
  region size 1024K, 3 young (3072K), 3 survivors (3072K)
 Metaspace       used 45146K, capacity 46278K, committed 46540K, reserved 1089536K
  class space    used 5801K, capacity 6225K, committed 6348K, reserved 1048576K
}
Event: 26.395 GC heap before
{Heap before GC invocations=12 (full 0):
 garbage-first heap   total 126976K, used 103905K [0x0000000080000000, 0x0000000100000000)
  region size 1024K, 69 young (70656K), 3 survivors (3072K)
 Metaspace       used 48890K, capacity 50192K, committed 50252K, reserved 1093632K
  class space    used 6228K, capacity 6696K, committed 6732K, reserved 1048576K
}
Event: 26.407 GC heap after
{Heap after GC invocations=13 (full 0):
 garbage-first heap   total 126976K, used 46725K [0x0000000080000000, 0x0000000100000000)
  region size 1024K, 9 young (9216K), 9 survivors (9216K)
 Metaspace       used 48890K, capacity 50192K, committed 50252K, reserved 1093632K
  class space    used 6228K, capacity 6696K, committed 6732K, reserved 1048576K
}
Event: 31.630 GC heap before
{Heap before GC invocations=13 (full 0):
 garbage-first heap   total 126976K, used 97925K [0x0000000080000000, 0x0000000100000000)
  region size 1024K, 59 young (60416K), 9 survivors (9216K)
 Metaspace       used 56289K, capacity 57671K, committed 57932K, reserved 1099776K
  class space    used 7122K, capacity 7628K, committed 7756K, reserved 1048576K
}
Event: 31.645 GC heap after
{Heap after GC invocations=14 (full 0):
 garbage-first heap   total 126976K, used 49683K [0x0000000080000000, 0x0000000100000000)
  region size 1024K, 3 young (3072K), 3 survivors (3072K)
 Metaspace       used 56289K, capacity 57671K, committed 57932K, reserved 1099776K
  class space    used 7122K, capacity 7628K, committed 7756K, reserved 1048576K
}
Event: 32.330 GC heap before
{Heap before GC invocations=14 (full 0):
 garbage-first heap   total 126976K, used 61971K [0x0000000080000000, 0x0000000100000000)
  region size 1024K, 16 young (16384K), 3 survivors (3072K)
 Metaspace       used 58741K, capacity 60178K, committed 60236K, reserved 1101824K
  class space    used 7436K, capacity 7974K, committed 8012K, reserved 1048576K
}
Event: 32.338 GC heap after
{Heap after GC invocations=15 (full 0):
 garbage-first heap   total 126976K, used 50310K [0x0000000080000000, 0x0000000100000000)
  region size 1024K, 4 young (4096K), 4 survivors (4096K)
 Metaspace       used 58741K, capacity 60178K, committed 60236K, reserved 1101824K
  class space    used 7436K, capacity 7974K, committed 8012K, reserved 1048576K
}
Event: 34.433 GC heap before
{Heap before GC invocations=16 (full 0):
 garbage-first heap   total 126976K, used 100486K [0x0000000080000000, 0x0000000100000000)
  region size 1024K, 53 young (54272K), 4 survivors (4096K)
 Metaspace       used 63141K, capacity 64649K, committed 64972K, reserved 1105920K
  class space    used 7994K, capacity 8534K, committed 8652K, reserved 1048576K
}
Event: 34.452 GC heap after
{Heap after GC invocations=17 (full 0):
 garbage-first heap   total 126976K, used 53808K [0x0000000080000000, 0x0000000100000000)
  region size 1024K, 7 young (7168K), 7 survivors (7168K)
 Metaspace       used 63141K, capacity 64649K, committed 64972K, reserved 1105920K
  class space    used 7994K, capacity 8534K, committed 8652K, reserved 1048576K
}
Event: 37.240 GC heap before
{Heap before GC invocations=18 (full 0):
 garbage-first heap   total 126976K, used 101936K [0x0000000080000000, 0x0000000100000000)
  region size 1024K, 54 young (55296K), 7 survivors (7168K)
 Metaspace       used 65592K, capacity 67201K, committed 67276K, reserved 1107968K
  class space    used 8313K, capacity 8890K, committed 8908K, reserved 1048576K
}
Event: 37.258 GC heap after
{Heap after GC invocations=19 (full 0):
 garbage-first heap   total 126976K, used 58211K [0x0000000080000000, 0x0000000100000000)
  region size 1024K, 5 young (5120K), 5 survivors (5120K)
 Metaspace       used 65592K, capacity 67201K, committed 67276K, reserved 1107968K
  class space    used 8313K, capacity 8890K, committed 8908K, reserved 1048576K
}

Deoptimization events (20 events):
Event: 34.923 Thread 0x00000140fb583000 DEOPT PACKING pc=0x00000140ebd73404 sp=0x0000003c7e2f8830
Event: 34.923 Thread 0x00000140fb583000 DEOPT UNPACKING pc=0x00000140e42278af sp=0x0000003c7e2f87e0 mode 2
Event: 35.991 Thread 0x00000140fb583000 Uncommon trap: trap_request=0xffffff4d fr.pc=0x00000140ebdf2e68 relative=0x0000000000004ba8
Event: 35.991 Thread 0x00000140fb583000 Uncommon trap: reason=unstable_if action=reinterpret pc=0x00000140ebdf2e68 method=sun.net.www.protocol.jar.Handler.parseURL(Ljava/net/URL;Ljava/lang/String;II)V @ 116 c2
Event: 35.991 Thread 0x00000140fb583000 DEOPT PACKING pc=0x00000140ebdf2e68 sp=0x0000003c7e2f9970
Event: 35.991 Thread 0x00000140fb583000 DEOPT UNPACKING pc=0x00000140e42278af sp=0x0000003c7e2f9868 mode 2
Event: 36.304 Thread 0x00000140fb583000 DEOPT PACKING pc=0x00000140e4c49091 sp=0x0000003c7e2f8630
Event: 36.304 Thread 0x00000140fb583000 DEOPT UNPACKING pc=0x00000140e42276ce sp=0x0000003c7e2f7b08 mode 0
Event: 36.621 Thread 0x00000140fb583000 Uncommon trap: trap_request=0xffffff4d fr.pc=0x00000140ebfaedf4 relative=0x00000000000017f4
Event: 36.621 Thread 0x00000140fb583000 Uncommon trap: reason=unstable_if action=reinterpret pc=0x00000140ebfaedf4 method=java.util.concurrent.ConcurrentHashMap.putVal(Ljava/lang/Object;Ljava/lang/Object;Z)Ljava/lang/Object; @ 245 c2
Event: 36.621 Thread 0x00000140fb583000 DEOPT PACKING pc=0x00000140ebfaedf4 sp=0x0000003c7e2f8d60
Event: 36.621 Thread 0x00000140fb583000 DEOPT UNPACKING pc=0x00000140e42278af sp=0x0000003c7e2f8cf8 mode 2
Event: 37.039 Thread 0x00000140fb583000 Uncommon trap: trap_request=0xffffff4d fr.pc=0x00000140ebe4f880 relative=0x0000000000000340
Event: 37.039 Thread 0x00000140fb583000 Uncommon trap: reason=unstable_if action=reinterpret pc=0x00000140ebe4f880 method=java.util.StringJoiner.add(Ljava/lang/CharSequence;)Ljava/util/StringJoiner; @ 33 c2
Event: 37.039 Thread 0x00000140fb583000 DEOPT PACKING pc=0x00000140ebe4f880 sp=0x0000003c7e2f6530
Event: 37.039 Thread 0x00000140fb583000 DEOPT UNPACKING pc=0x00000140e42278af sp=0x0000003c7e2f64e0 mode 2
Event: 37.174 Thread 0x00000140fb583000 Uncommon trap: trap_request=0xffffff4d fr.pc=0x00000140ebf6a02c relative=0x0000000000000f4c
Event: 37.175 Thread 0x00000140fb583000 Uncommon trap: reason=unstable_if action=reinterpret pc=0x00000140ebf6a02c method=org.codehaus.groovy.runtime.metaclass.MetaMethodIndex.isOverridden(Lgroovy/lang/MetaMethod;Lgroovy/lang/MetaMethod;)Z @ 33 c2
Event: 37.175 Thread 0x00000140fb583000 DEOPT PACKING pc=0x00000140ebf6a02c sp=0x0000003c7e2f5430
Event: 37.175 Thread 0x00000140fb583000 DEOPT UNPACKING pc=0x00000140e42278af sp=0x0000003c7e2f5388 mode 2

Classes redefined (0 events):
No events

Internal exceptions (20 events):
Event: 37.207 Thread 0x00000140fb583000 Exception <a 'java/lang/ClassNotFoundException'{0x0000000084e53398}: build_54mlzsaj0cwu8hzg88bthu2wk$_run_closure1$_closure4BeanInfo> (0x0000000084e53398) thrown at [./src/hotspot/share/classfile/systemDictionary.cpp, line 231]
Event: 37.208 Thread 0x00000140fb583000 Exception <a 'java/lang/ClassNotFoundException'{0x0000000084e64c40}: build_54mlzsaj0cwu8hzg88bthu2wk$_run_closure1$_closure4Customizer> (0x0000000084e64c40) thrown at [./src/hotspot/share/classfile/systemDictionary.cpp, line 231]
Event: 37.223 Thread 0x00000140fb583000 Exception <a 'java/lang/ClassNotFoundException'{0x0000000084e8f4e0}: build_54mlzsaj0cwu8hzg88bthu2wk$_run_closure1BeanInfo> (0x0000000084e8f4e0) thrown at [./src/hotspot/share/classfile/systemDictionary.cpp, line 231]
Event: 37.225 Thread 0x00000140fb583000 Exception <a 'java/lang/ClassNotFoundException'{0x0000000084ea02c0}: build_54mlzsaj0cwu8hzg88bthu2wk$_run_closure1Customizer> (0x0000000084ea02c0) thrown at [./src/hotspot/share/classfile/systemDictionary.cpp, line 231]
Event: 37.231 Thread 0x00000140fb583000 Exception <a 'java/lang/ClassNotFoundException'{0x0000000084efe1f8}: org/gradle/api/JavaVersionBeanInfo> (0x0000000084efe1f8) thrown at [./src/hotspot/share/classfile/systemDictionary.cpp, line 231]
Event: 37.232 Thread 0x00000140fb583000 Exception <a 'java/lang/ClassNotFoundException'{0x0000000084d29670}: org/gradle/api/JavaVersionCustomizer> (0x0000000084d29670) thrown at [./src/hotspot/share/classfile/systemDictionary.cpp, line 231]
Event: 37.236 Thread 0x00000140fb583000 Exception <a 'java/lang/ClassNotFoundException'{0x0000000084d80aa0}: com/android/build/gradle/internal/CompileOptions_DecoratedBeanInfo> (0x0000000084d80aa0) thrown at [./src/hotspot/share/classfile/systemDictionary.cpp, line 231]
Event: 37.237 Thread 0x00000140fb583000 Exception <a 'java/lang/ClassNotFoundException'{0x0000000084d99e98}: com/android/build/gradle/internal/CompileOptionsBeanInfo> (0x0000000084d99e98) thrown at [./src/hotspot/share/classfile/systemDictionary.cpp, line 231]
Event: 37.238 Thread 0x00000140fb583000 Exception <a 'java/lang/ClassNotFoundException'{0x0000000084db3b90}: com/android/build/gradle/internal/CompileOptionsCustomizer> (0x0000000084db3b90) thrown at [./src/hotspot/share/classfile/systemDictionary.cpp, line 231]
Event: 37.239 Thread 0x00000140fb583000 Exception <a 'java/lang/ClassNotFoundException'{0x0000000084dda6c0}: com/android/build/gradle/internal/CompileOptions_DecoratedCustomizer> (0x0000000084dda6c0) thrown at [./src/hotspot/share/classfile/systemDictionary.cpp, line 231]
Event: 37.281 Thread 0x00000140fb583000 Exception <a 'java/lang/ClassNotFoundException'{0x0000000087a1db20}: org/jetbrains/kotlin/gradle/dsl/KotlinJvmOptionsImplBeanInfo> (0x0000000087a1db20) thrown at [./src/hotspot/share/classfile/systemDictionary.cpp, line 231]
Event: 37.282 Thread 0x00000140fb583000 Exception <a 'java/lang/ClassNotFoundException'{0x0000000087a380a0}: org/jetbrains/kotlin/gradle/dsl/KotlinJvmOptionsBaseBeanInfo> (0x0000000087a380a0) thrown at [./src/hotspot/share/classfile/systemDictionary.cpp, line 231]
Event: 37.283 Thread 0x00000140fb583000 Exception <a 'java/lang/ClassNotFoundException'{0x0000000087a52828}: org/jetbrains/kotlin/gradle/dsl/KotlinJvmOptionsBaseCustomizer> (0x0000000087a52828) thrown at [./src/hotspot/share/classfile/systemDictionary.cpp, line 231]
Event: 37.284 Thread 0x00000140fb583000 Exception <a 'java/lang/ClassNotFoundException'{0x0000000087a85990}: org/jetbrains/kotlin/gradle/dsl/KotlinJvmOptionsImplCustomizer> (0x0000000087a85990) thrown at [./src/hotspot/share/classfile/systemDictionary.cpp, line 231]
Event: 37.290 Thread 0x00000140fb583000 Exception <a 'java/lang/ClassNotFoundException'{0x000000008790b080}: com/android/build/gradle/internal/dsl/ApplicationBuildFeaturesImpl_DecoratedBeanInfo> (0x000000008790b080) thrown at [./src/hotspot/share/classfile/systemDictionary.cpp, line 231]
Event: 37.291 Thread 0x00000140fb583000 Exception <a 'java/lang/ClassNotFoundException'{0x00000000879277c0}: com/android/build/gradle/internal/dsl/ApplicationBuildFeaturesImplBeanInfo> (0x00000000879277c0) thrown at [./src/hotspot/share/classfile/systemDictionary.cpp, line 231]
Event: 37.291 Thread 0x00000140fb583000 Exception <a 'java/lang/ClassNotFoundException'{0x00000000879420b8}: com/android/build/gradle/internal/dsl/BuildFeaturesImplBeanInfo> (0x00000000879420b8) thrown at [./src/hotspot/share/classfile/systemDictionary.cpp, line 231]
Event: 37.292 Thread 0x00000140fb583000 Exception <a 'java/lang/ClassNotFoundException'{0x000000008795c9e8}: com/android/build/gradle/internal/dsl/BuildFeaturesImplCustomizer> (0x000000008795c9e8) thrown at [./src/hotspot/share/classfile/systemDictionary.cpp, line 231]
Event: 37.293 Thread 0x00000140fb583000 Exception <a 'java/lang/ClassNotFoundException'{0x0000000087984cc0}: com/android/build/gradle/internal/dsl/ApplicationBuildFeaturesImplCustomizer> (0x0000000087984cc0) thrown at [./src/hotspot/share/classfile/systemDictionary.cpp, line 231]
Event: 37.294 Thread 0x00000140fb583000 Exception <a 'java/lang/ClassNotFoundException'{0x00000000879a9038}: com/android/build/gradle/internal/dsl/ApplicationBuildFeaturesImpl_DecoratedCustomizer> (0x00000000879a9038) thrown at [./src/hotspot/share/classfile/systemDictionary.cpp, line 231]

Events (20 events):
Event: 37.544 loading class kotlin/sequences/FilteringSequence$iterator$1
Event: 37.544 loading class kotlin/sequences/FilteringSequence$iterator$1 done
Event: 37.545 loading class com/android/build/gradle/internal/core/VariantDslInfoImpl$initApplicationId$4
Event: 37.545 loading class com/android/build/gradle/internal/core/VariantDslInfoImpl$initApplicationId$4 done
Event: 37.546 loading class org/gradle/api/provider/HasConfigurableValue
Event: 37.546 loading class org/gradle/api/provider/HasConfigurableValue done
Event: 37.546 loading class com/android/build/gradle/internal/core/MergedFlavor
Event: 37.546 loading class com/android/build/gradle/internal/core/MergedFlavor done
Event: 37.548 loading class com/android/build/gradle/internal/core/InternalBaseVariant$MergedFlavor
Event: 37.548 loading class com/android/build/gradle/internal/core/InternalBaseVariant$MergedFlavor done
Event: 37.549 loading class com/android/build/gradle/internal/core/MergedFlavor$Companion
Event: 37.549 loading class com/android/build/gradle/internal/core/MergedFlavor$Companion done
Event: 37.549 loading class kotlin/jvm/internal/TypeIntrinsics
Event: 37.549 loading class kotlin/jvm/internal/TypeIntrinsics done
Event: 37.549 loading class kotlin/jvm/internal/TypeIntrinsics
Event: 37.549 loading class kotlin/jvm/internal/TypeIntrinsics done
Event: 37.551 loading class com/google/common/collect/Lists$ReverseList
Event: 37.551 loading class com/google/common/collect/Lists$ReverseList done
Event: 37.578 loading class com/google/common/collect/Lists$RandomAccessReverseList
Event: 37.578 loading class com/google/common/collect/Lists$RandomAccessReverseList done


Dynamic libraries:
0x00007ff7687e0000 - 0x00007ff7687ea000 	C:\Program Files\Android\Android Studio1\jre\bin\java.exe
0x00007ffa1bfa0000 - 0x00007ffa1c190000 	C:\WINDOWS\SYSTEM32\ntdll.dll
0x00007ffa1b3e0000 - 0x00007ffa1b492000 	C:\WINDOWS\System32\KERNEL32.DLL
0x00007ffa19020000 - 0x00007ffa192c4000 	C:\WINDOWS\System32\KERNELBASE.dll
0x00007ffa19f20000 - 0x00007ffa1a01a000 	C:\WINDOWS\System32\ucrtbase.dll
0x00007ffa0a680000 - 0x00007ffa0a699000 	C:\Program Files\Android\Android Studio1\jre\bin\jli.dll
0x00007ff9feff0000 - 0x00007ff9ff007000 	C:\Program Files\Android\Android Studio1\jre\bin\VCRUNTIME140.dll
0x00007ffa1bb50000 - 0x00007ffa1bce4000 	C:\WINDOWS\System32\USER32.dll
0x00007ffa1a020000 - 0x00007ffa1a041000 	C:\WINDOWS\System32\win32u.dll
0x00007ffa1b840000 - 0x00007ffa1b866000 	C:\WINDOWS\System32\GDI32.dll
0x00007ffa05400000 - 0x00007ffa05684000 	C:\WINDOWS\WinSxS\amd64_microsoft.windows.common-controls_6595b64144ccf1df_6.0.18362.959_none_e6c7bbbf130c62bb\COMCTL32.dll
0x00007ffa19d80000 - 0x00007ffa19f16000 	C:\WINDOWS\System32\gdi32full.dll
0x00007ffa1a100000 - 0x00007ffa1a19e000 	C:\WINDOWS\System32\msvcrt.dll
0x00007ffa1a280000 - 0x00007ffa1a5b5000 	C:\WINDOWS\System32\combase.dll
0x00007ffa1b870000 - 0x00007ffa1b990000 	C:\WINDOWS\System32\RPCRT4.dll
0x00007ffa19d00000 - 0x00007ffa19d80000 	C:\WINDOWS\System32\bcryptPrimitives.dll
0x00007ffa19420000 - 0x00007ffa194be000 	C:\WINDOWS\System32\msvcp_win.dll
0x00007ffa1a050000 - 0x00007ffa1a07e000 	C:\WINDOWS\System32\IMM32.DLL
0x00007ff9ea010000 - 0x00007ff9ea0ad000 	C:\Program Files\Android\Android Studio1\jre\bin\msvcp140.dll
0x00007ff9b1540000 - 0x00007ff9b200f000 	C:\Program Files\Android\Android Studio1\jre\bin\server\jvm.dll
0x00007ffa1b4a0000 - 0x00007ffa1b543000 	C:\WINDOWS\System32\ADVAPI32.dll
0x00007ffa1b7a0000 - 0x00007ffa1b837000 	C:\WINDOWS\System32\sechost.dll
0x00007ffa1a1a0000 - 0x00007ffa1a1a8000 	C:\WINDOWS\System32\PSAPI.DLL
0x00007ffa15040000 - 0x00007ffa15049000 	C:\WINDOWS\SYSTEM32\WSOCK32.dll
0x00007ffa1b9a0000 - 0x00007ffa1ba0f000 	C:\WINDOWS\System32\WS2_32.dll
0x00007ffa154b0000 - 0x00007ffa154d4000 	C:\WINDOWS\SYSTEM32\WINMM.dll
0x00007ffa0ff60000 - 0x00007ffa0ff6a000 	C:\WINDOWS\SYSTEM32\VERSION.dll
0x00007ffa15480000 - 0x00007ffa154ad000 	C:\WINDOWS\SYSTEM32\WINMMBASE.dll
0x00007ffa18fd0000 - 0x00007ffa1901a000 	C:\WINDOWS\System32\cfgmgr32.dll
0x00007ffa18eb0000 - 0x00007ffa18ec1000 	C:\WINDOWS\System32\kernel.appcore.dll
0x00007ffa0a630000 - 0x00007ffa0a641000 	C:\Program Files\Android\Android Studio1\jre\bin\verify.dll
0x00007ffa015e0000 - 0x00007ffa017d4000 	C:\WINDOWS\SYSTEM32\DBGHELP.DLL
0x00007ffa015b0000 - 0x00007ffa015da000 	C:\WINDOWS\SYSTEM32\dbgcore.DLL
0x00007ffa0a5c0000 - 0x00007ffa0a5e9000 	C:\Program Files\Android\Android Studio1\jre\bin\java.dll
0x00007ffa121d0000 - 0x00007ffa121db000 	C:\Program Files\Android\Android Studio1\jre\bin\jimage.dll
0x00007ffa0a410000 - 0x00007ffa0a428000 	C:\Program Files\Android\Android Studio1\jre\bin\zip.dll
0x00007ffa1a880000 - 0x00007ffa1af66000 	C:\WINDOWS\System32\SHELL32.dll
0x00007ffa1a7d0000 - 0x00007ffa1a879000 	C:\WINDOWS\System32\shcore.dll
0x00007ffa19570000 - 0x00007ffa19cf2000 	C:\WINDOWS\System32\windows.storage.dll
0x00007ffa18ed0000 - 0x00007ffa18ef3000 	C:\WINDOWS\System32\profapi.dll
0x00007ffa18e60000 - 0x00007ffa18eaa000 	C:\WINDOWS\System32\powrprof.dll
0x00007ffa18e50000 - 0x00007ffa18e60000 	C:\WINDOWS\System32\UMPDC.dll
0x00007ffa1bdc0000 - 0x00007ffa1be12000 	C:\WINDOWS\System32\shlwapi.dll
0x00007ffa18fb0000 - 0x00007ffa18fc7000 	C:\WINDOWS\System32\cryptsp.dll
0x00007ffa0a310000 - 0x00007ffa0a32a000 	C:\Program Files\Android\Android Studio1\jre\bin\net.dll
0x00007ffa0b2e0000 - 0x00007ffa0b3d0000 	C:\WINDOWS\SYSTEM32\WINHTTP.dll
0x00007ffa18660000 - 0x00007ffa186c7000 	C:\WINDOWS\system32\mswsock.dll
0x00007ffa06a40000 - 0x00007ffa06a54000 	C:\Program Files\Android\Android Studio1\jre\bin\nio.dll
0x00007ff9f8110000 - 0x00007ff9f8137000 	C:\Users\Somesh\.gradle\native\8bec1ad78214c89d9ad589b4d07fe93259594b29d510b10fafb7a158f7737e5d\windows-amd64\native-platform.dll
0x00007ff9b60a0000 - 0x00007ff9b61dd000 	C:\Users\Somesh\.gradle\native\53dbd7edfb1c66fb8903c78663c9afc45aea4f116125fa6feffd364cf09443e8\windows-amd64\native-platform-file-events.dll
0x00007ffa11d70000 - 0x00007ffa11d7a000 	C:\Program Files\Android\Android Studio1\jre\bin\management.dll
0x00007ffa0b080000 - 0x00007ffa0b08c000 	C:\Program Files\Android\Android Studio1\jre\bin\management_ext.dll
0x00007ffa181d0000 - 0x00007ffa18203000 	C:\WINDOWS\system32\rsaenh.dll
0x00007ffa18f20000 - 0x00007ffa18f46000 	C:\WINDOWS\System32\bcrypt.dll
0x00007ffa18d70000 - 0x00007ffa18d95000 	C:\WINDOWS\SYSTEM32\USERENV.dll
0x00007ffa18830000 - 0x00007ffa1883c000 	C:\WINDOWS\SYSTEM32\CRYPTBASE.dll
0x00007ffa18370000 - 0x00007ffa183aa000 	C:\WINDOWS\SYSTEM32\IPHLPAPI.DLL
0x00007ffa1b990000 - 0x00007ffa1b998000 	C:\WINDOWS\System32\NSI.dll
0x00007ffa0f290000 - 0x00007ffa0f2a6000 	C:\WINDOWS\SYSTEM32\dhcpcsvc6.DLL
0x00007ffa0fe90000 - 0x00007ffa0feac000 	C:\WINDOWS\SYSTEM32\dhcpcsvc.DLL
0x00007ffa183b0000 - 0x00007ffa1847b000 	C:\WINDOWS\SYSTEM32\DNSAPI.dll

dbghelp: loaded successfully - version: 4.0.5 - missing functions: none
symbol engine: initialized successfully - sym options: 0x614 - pdb path: .;C:\Program Files\Android\Android Studio1\jre\bin;C:\WINDOWS\SYSTEM32;C:\WINDOWS\WinSxS\amd64_microsoft.windows.common-controls_6595b64144ccf1df_6.0.18362.959_none_e6c7bbbf130c62bb;C:\Program Files\Android\Android Studio1\jre\bin\server;C:\Users\Somesh\.gradle\native\8bec1ad78214c89d9ad589b4d07fe93259594b29d510b10fafb7a158f7737e5d\windows-amd64;C:\Users\Somesh\.gradle\native\53dbd7edfb1c66fb8903c78663c9afc45aea4f116125fa6feffd364cf09443e8\windows-amd64

VM Arguments:
jvm_args: --add-opens=java.base/java.util=ALL-UNNAMED --add-opens=java.base/java.lang=ALL-UNNAMED --add-opens=java.base/java.lang.invoke=ALL-UNNAMED --add-opens=java.base/java.util=ALL-UNNAMED --add-opens=java.prefs/java.util.prefs=ALL-UNNAMED --add-opens=java.prefs/java.util.prefs=ALL-UNNAMED --add-opens=java.base/java.nio.charset=ALL-UNNAMED --add-opens=java.base/java.net=ALL-UNNAMED --add-opens=java.base/java.util.concurrent.atomic=ALL-UNNAMED -Xmx2048m -Dfile.encoding=UTF-8 -Duser.country=IN -Duser.language=en -Duser.variant 
java_command: org.gradle.launcher.daemon.bootstrap.GradleDaemon 7.0.2
java_class_path (initial): C:\Users\Somesh\.gradle\wrapper\dists\gradle-7.0.2-bin\857tjihv64xamwrf0h14cai3r\gradle-7.0.2\lib\gradle-launcher-7.0.2.jar
Launcher Type: SUN_STANDARD

[Global flags]
     intx CICompilerCount                          = 3                                         {product} {ergonomic}
     uint ConcGCThreads                            = 1                                         {product} {ergonomic}
     uint G1ConcRefinementThreads                  = 4                                         {product} {ergonomic}
   size_t G1HeapRegionSize                         = 1048576                                   {product} {ergonomic}
    uintx GCDrainStackTargetSize                   = 64                                        {product} {ergonomic}
   size_t InitialHeapSize                          = 130023424                                 {product} {ergonomic}
   size_t MarkStackSize                            = 4194304                                   {product} {ergonomic}
   size_t MaxHeapSize                              = 2147483648                                {product} {command line}
   size_t MaxNewSize                               = 1287651328                                {product} {ergonomic}
   size_t MinHeapDeltaBytes                        = 1048576                                   {product} {ergonomic}
    uintx NonNMethodCodeHeapSize                   = 5830732                                {pd product} {ergonomic}
    uintx NonProfiledCodeHeapSize                  = 122913754                              {pd product} {ergonomic}
    uintx ProfiledCodeHeapSize                     = 122913754                              {pd product} {ergonomic}
    uintx ReservedCodeCacheSize                    = 251658240                              {pd product} {ergonomic}
     bool SegmentedCodeCache                       = true                                      {product} {ergonomic}
     bool UseCompressedClassPointers               = true                                 {lp64_product} {ergonomic}
     bool UseCompressedOops                        = true                                 {lp64_product} {ergonomic}
     bool UseG1GC                                  = true                                      {product} {ergonomic}
     bool UseLargePagesIndividualAllocation        = false                                  {pd product} {ergonomic}

Logging:
Log output configuration:
 #0: stdout all=warning uptime,level,tags
 #1: stderr all=off uptime,level,tags

Environment Variables:
JAVA_HOME=C:\Program Files\Java\jdk-16.0.2
PATH=C:\Program Files\Common Files\Oracle\Java\javapath;C:\Program Files (x86)\Common Files\Intel\Shared Libraries\redist\intel64\compiler;C:\WINDOWS\system32;C:\WINDOWS;C:\WINDOWS\System32\Wbem;C:\WINDOWS\System32\WindowsPowerShell\v1.0\;C:\WINDOWS\System32\OpenSSH\;C:\Program Files (x86)\Brackets\command;C:\Program Files\Java\jdk-16.0.2\bin;C:\Users\Somesh\AppData\Local\Programs\Python\Python37\Scripts\;C:\Users\Somesh\AppData\Local\Programs\Python\Python37\;C:\Python27;C:\Python27\DLLs;C:\Python27\Scripts;C:\Users\Somesh\AppData\Local\Microsoft\WindowsApps;C:\Users\Somesh\AppData\Local\Programs\Git\cmd;C:\Users\Somesh\AppData\Local\Programs\Microsoft VS Code\bin
USERNAME=Somesh
OS=Windows_NT
PROCESSOR_IDENTIFIER=Intel64 Family 6 Model 142 Stepping 9, GenuineIntel



---------------  S Y S T E M  ---------------

OS: Windows 10 , 64 bit Build 18362 (10.0.18362.959)
OS uptime: 9 days 17:38 hours

CPU:total 4 (initial active 4) (2 cores per cpu, 2 threads per core) family 6 model 142 stepping 9 microcode 0xb4, cmov, cx8, fxsr, mmx, sse, sse2, sse3, ssse3, sse4.1, sse4.2, popcnt, avx, avx2, aes, clmul, erms, 3dnowpref, lzcnt, ht, tsc, tscinvbit, bmi1, bmi2, adx, fma

Memory: 4k page, system-wide physical 7899M (1124M free)
TotalPageFile size 9785M (AvailPageFile size 5M)
current process WorkingSet (physical memory assigned to process): 324M, peak: 325M
current process commit charge ("private bytes"): 356M, peak: 358M

vm_info: OpenJDK 64-Bit Server VM (11.0.10+0-b96-7249189) for windows-amd64 JRE (11.0.10+0-b96-7249189), built on Mar 31 2021 21:44:00 by "builder" with MS VC++ 14.0 (VS2015)

END.
