#
# There is insufficient memory for the Java Runtime Environment to continue.
# Native memory allocation (malloc) failed to allocate 431776 bytes for Chunk::new
# Possible reasons:
#   The system is out of physical RAM or swap space
#   The process is running with CompressedOops enabled, and the Java Heap may be blocking the growth of the native heap
# Possible solutions:
#   Reduce memory load on the system
#   Increase physical memory or swap space
#   Check if swap backing store is full
#   Decrease Java heap size (-Xmx/-Xms)
#   Decrease number of Java threads
#   Decrease Java thread stack sizes (-Xss)
#   Set larger code cache with -XX:ReservedCodeCacheSize=
#   JVM is running with Unscaled Compressed Oops mode in which the Java heap is
#     placed in the first 4GB address space. The Java Heap base address is the
#     maximum limit for the native heap growth. Please use -XX:HeapBaseMinAddress
#     to set the Java Heap base and to place the Java Heap above 4GB virtual address.
# This output file may be truncated or incomplete.
#
#  Out of Memory Error (./src/hotspot/share/memory/arena.cpp:197), pid=6132, tid=4636
#
# JRE version: OpenJDK Runtime Environment (11.0.10) (build 11.0.10+0-b96-7249189)
# Java VM: OpenJDK 64-Bit Server VM (11.0.10+0-b96-7249189, mixed mode, tiered, compressed oops, g1 gc, windows-amd64)
# No core dump will be written. Minidumps are not enabled by default on client versions of Windows
#

---------------  S U M M A R Y ------------

Command Line: org.jetbrains.kotlin.cli.jvm.K2JVMCompiler @D:\QuizApp\app\build\20211001_3964294135074888297.compiler.options

Host: Intel(R) Core(TM) i5-7200U CPU @ 2.50GHz, 4 cores, 7G,  Windows 10 , 64 bit Build 18362 (10.0.18362.959)
Time: Fri Oct  1 13:10:26 2021 India Standard Time elapsed time: 5.939815 seconds (0d 0h 0m 5s)

---------------  T H R E A D  ---------------

Current thread (0x000001a59dfec000):  JavaThread "C2 CompilerThread1" daemon [_thread_in_native, id=4636, stack(0x0000002874400000,0x0000002874500000)]


Current CompileTask:
C2:   5939 3316       4       org.jetbrains.kotlin.load.java.structure.impl.classFiles.BinaryClassSignatureParser::parseParameterizedClassRefSignature (278 bytes)

Stack: [0x0000002874400000,0x0000002874500000]
Native frames: (J=compiled Java code, j=interpreted, Vv=VM code, C=native code)
V  [jvm.dll+0x5ecfaa]
V  [jvm.dll+0x722bd5]
V  [jvm.dll+0x72412d]
V  [jvm.dll+0x7247e3]
V  [jvm.dll+0x242928]
V  [jvm.dll+0xbc4fc]
V  [jvm.dll+0xbca0c]
V  [jvm.dll+0x2b4fd4]
V  [jvm.dll+0x506028]
V  [jvm.dll+0x203253]
V  [jvm.dll+0x1fd07c]
V  [jvm.dll+0x1fa77f]
V  [jvm.dll+0x18354c]
V  [jvm.dll+0x208ee7]
V  [jvm.dll+0x207731]
V  [jvm.dll+0x6eb1cf]
V  [jvm.dll+0x6e3d45]
V  [jvm.dll+0x5ebe96]
C  [ucrtbase.dll+0x20e82]
C  [KERNEL32.DLL+0x17bd4]
C  [ntdll.dll+0x6ce51]


---------------  P R O C E S S  ---------------

Threads class SMR info:
_java_thread_list=0x000001a59f78edb0, length=11, elements={
0x000001a5ff5fc800, 0x000001a59a017800, 0x000001a59a018800, 0x000001a59a9a7800,
0x000001a59a9ab800, 0x000001a59a9ad000, 0x000001a59a9b2000, 0x000001a59a031800,
0x000001a59a03e800, 0x000001a59ab12800, 0x000001a59dfec000
}

Java Threads: ( => current thread )
  0x000001a5ff5fc800 JavaThread "main" [_thread_in_vm, id=4368, stack(0x0000002873300000,0x0000002873400000)]
  0x000001a59a017800 JavaThread "Reference Handler" daemon [_thread_blocked, id=9576, stack(0x0000002873a00000,0x0000002873b00000)]
  0x000001a59a018800 JavaThread "Finalizer" daemon [_thread_blocked, id=13540, stack(0x0000002873b00000,0x0000002873c00000)]
  0x000001a59a9a7800 JavaThread "Signal Dispatcher" daemon [_thread_blocked, id=11508, stack(0x0000002873c00000,0x0000002873d00000)]
  0x000001a59a9ab800 JavaThread "Attach Listener" daemon [_thread_blocked, id=14988, stack(0x0000002873d00000,0x0000002873e00000)]
  0x000001a59a9ad000 JavaThread "Service Thread" daemon [_thread_blocked, id=13648, stack(0x0000002873e00000,0x0000002873f00000)]
  0x000001a59a9b2000 JavaThread "C2 CompilerThread0" daemon [_thread_in_native, id=9460, stack(0x0000002873f00000,0x0000002874000000)]
  0x000001a59a031800 JavaThread "C1 CompilerThread0" daemon [_thread_blocked, id=10352, stack(0x0000002874000000,0x0000002874100000)]
  0x000001a59a03e800 JavaThread "Sweeper thread" daemon [_thread_blocked, id=5808, stack(0x0000002874100000,0x0000002874200000)]
  0x000001a59ab12800 JavaThread "Common-Cleaner" daemon [_thread_blocked, id=7516, stack(0x0000002874300000,0x0000002874400000)]
=>0x000001a59dfec000 JavaThread "C2 CompilerThread1" daemon [_thread_in_native, id=4636, stack(0x0000002874400000,0x0000002874500000)]

Other Threads:
  0x000001a599ff0800 VMThread "VM Thread" [stack: 0x0000002873900000,0x0000002873a00000] [id=13508]
  0x000001a59ab04000 WatcherThread [stack: 0x0000002874200000,0x0000002874300000] [id=7292]
  0x000001a5ff615800 GCTaskThread "GC Thread#0" [stack: 0x0000002873400000,0x0000002873500000] [id=2944]
  0x000001a59b03b000 GCTaskThread "GC Thread#1" [stack: 0x0000002874500000,0x0000002874600000] [id=15172]
  0x000001a5ff645800 ConcurrentGCThread "G1 Main Marker" [stack: 0x0000002873500000,0x0000002873600000] [id=6660]
  0x000001a5ff646800 ConcurrentGCThread "G1 Conc#0" [stack: 0x0000002873600000,0x0000002873700000] [id=5068]
  0x000001a5ff6c8000 ConcurrentGCThread "G1 Refine#0" [stack: 0x0000002873700000,0x0000002873800000] [id=7240]
  0x000001a5ff6ca000 ConcurrentGCThread "G1 Young RemSet Sampling" [stack: 0x0000002873800000,0x0000002873900000] [id=10588]

Threads with active compile tasks:
C2 CompilerThread0   6021 3325       4       gnu.trove.TObjectHash::insertionIndex (273 bytes)
C2 CompilerThread1   6021 3316       4       org.jetbrains.kotlin.load.java.structure.impl.classFiles.BinaryClassSignatureParser::parseParameterizedClassRefSignature (278 bytes)

VM state:not at safepoint (normal execution)

VM Mutex/Monitor currently owned by a thread: None

Heap address: 0x0000000084800000, size: 1976 MB, Compressed Oops mode: 32-bit
Narrow klass base: 0x0000000000000000, Narrow klass shift: 3
Compressed class space size: 1073741824 Address: 0x0000000100000000

Heap:
 garbage-first heap   total 161792K, used 41707K [0x0000000084800000, 0x0000000100000000)
  region size 1024K, 18 young (18432K), 6 survivors (6144K)
 Metaspace       used 46378K, capacity 46934K, committed 47232K, reserved 1091584K
  class space    used 5483K, capacity 5659K, committed 5760K, reserved 1048576K
Heap Regions: E=young(eden), S=young(survivor), O=old, HS=humongous(starts), HC=humongous(continues), CS=collection set, F=free, A=archive, TAMS=top-at-mark-start (previous, next)
|   0|0x0000000084800000, 0x0000000084900000, 0x0000000084900000|100%|HS|  |TAMS 0x0000000084900000, 0x0000000084800000| Complete 
|   1|0x0000000084900000, 0x0000000084a00000, 0x0000000084a00000|100%|HC|  |TAMS 0x0000000084a00000, 0x0000000084900000| Complete 
|   2|0x0000000084a00000, 0x0000000084b00000, 0x0000000084b00000|100%|HC|  |TAMS 0x0000000084b00000, 0x0000000084a00000| Complete 
|   3|0x0000000084b00000, 0x0000000084c00000, 0x0000000084c00000|100%| O|  |TAMS 0x0000000084c00000, 0x0000000084b00000| Untracked 
|   4|0x0000000084c00000, 0x0000000084d00000, 0x0000000084d00000|100%| O|  |TAMS 0x0000000084d00000, 0x0000000084c00000| Untracked 
|   5|0x0000000084d00000, 0x0000000084e00000, 0x0000000084e00000|100%|HS|  |TAMS 0x0000000084e00000, 0x0000000084d00000| Complete 
|   6|0x0000000084e00000, 0x0000000084f00000, 0x0000000084f00000|100%|HC|  |TAMS 0x0000000084f00000, 0x0000000084e00000| Complete 
|   7|0x0000000084f00000, 0x0000000085000000, 0x0000000085000000|100%|HC|  |TAMS 0x0000000085000000, 0x0000000084f00000| Complete 
|   8|0x0000000085000000, 0x0000000085100000, 0x0000000085100000|100%|HS|  |TAMS 0x0000000085100000, 0x0000000085000000| Complete 
|   9|0x0000000085100000, 0x0000000085200000, 0x0000000085200000|100%|HC|  |TAMS 0x0000000085200000, 0x0000000085100000| Complete 
|  10|0x0000000085200000, 0x0000000085300000, 0x0000000085300000|100%|HC|  |TAMS 0x0000000085300000, 0x0000000085200000| Complete 
|  11|0x0000000085300000, 0x0000000085400000, 0x0000000085400000|100%| O|  |TAMS 0x0000000085400000, 0x0000000085300000| Untracked 
|  12|0x0000000085400000, 0x0000000085500000, 0x0000000085500000|100%| O|  |TAMS 0x0000000085500000, 0x0000000085400000| Untracked 
|  13|0x0000000085500000, 0x0000000085600000, 0x0000000085600000|100%| O|  |TAMS 0x0000000085600000, 0x0000000085500000| Untracked 
|  14|0x0000000085600000, 0x0000000085700000, 0x0000000085700000|100%| O|  |TAMS 0x0000000085700000, 0x0000000085600000| Untracked 
|  15|0x0000000085700000, 0x0000000085800000, 0x0000000085800000|100%|HS|  |TAMS 0x0000000085800000, 0x0000000085700000| Complete 
|  16|0x0000000085800000, 0x0000000085900000, 0x0000000085900000|100%|HC|  |TAMS 0x0000000085900000, 0x0000000085800000| Complete 
|  17|0x0000000085900000, 0x0000000085a00000, 0x0000000085a00000|100%| O|  |TAMS 0x0000000085a00000, 0x0000000085900000| Untracked 
|  18|0x0000000085a00000, 0x0000000085b00000, 0x0000000085b00000|100%| O|  |TAMS 0x0000000085b00000, 0x0000000085a00000| Untracked 
|  19|0x0000000085b00000, 0x0000000085c00000, 0x0000000085c00000|100%| O|  |TAMS 0x0000000085c00000, 0x0000000085b00000| Untracked 
|  20|0x0000000085c00000, 0x0000000085d00000, 0x0000000085d00000|100%| O|  |TAMS 0x0000000085d00000, 0x0000000085c00000| Untracked 
|  21|0x0000000085d00000, 0x0000000085e00000, 0x0000000085e00000|100%| O|  |TAMS 0x0000000085e00000, 0x0000000085d00000| Untracked 
|  22|0x0000000085e00000, 0x0000000085f00000, 0x0000000085f00000|100%| O|  |TAMS 0x0000000085f00000, 0x0000000085e00000| Untracked 
|  23|0x0000000085f00000, 0x0000000086000000, 0x0000000086000000|100%|HS|  |TAMS 0x0000000085f00000, 0x0000000085f00000| Complete 
|  24|0x0000000086000000, 0x0000000086000000, 0x0000000086100000|  0%| F|  |TAMS 0x0000000086000000, 0x0000000086000000| Untracked 
|  25|0x0000000086100000, 0x0000000086100000, 0x0000000086200000|  0%| F|  |TAMS 0x0000000086100000, 0x0000000086100000| Untracked 
|  26|0x0000000086200000, 0x0000000086200000, 0x0000000086300000|  0%| F|  |TAMS 0x0000000086200000, 0x0000000086200000| Untracked 
|  27|0x0000000086300000, 0x0000000086300000, 0x0000000086400000|  0%| F|  |TAMS 0x0000000086300000, 0x0000000086300000| Untracked 
|  28|0x0000000086400000, 0x0000000086400000, 0x0000000086500000|  0%| F|  |TAMS 0x0000000086400000, 0x0000000086400000| Untracked 
|  29|0x0000000086500000, 0x0000000086500000, 0x0000000086600000|  0%| F|  |TAMS 0x0000000086500000, 0x0000000086500000| Untracked 
|  30|0x0000000086600000, 0x0000000086600000, 0x0000000086700000|  0%| F|  |TAMS 0x0000000086600000, 0x0000000086600000| Untracked 
|  31|0x0000000086700000, 0x0000000086700000, 0x0000000086800000|  0%| F|  |TAMS 0x0000000086700000, 0x0000000086700000| Untracked 
|  32|0x0000000086800000, 0x0000000086800000, 0x0000000086900000|  0%| F|  |TAMS 0x0000000086800000, 0x0000000086800000| Untracked 
|  33|0x0000000086900000, 0x0000000086900000, 0x0000000086a00000|  0%| F|  |TAMS 0x0000000086900000, 0x0000000086900000| Untracked 
|  34|0x0000000086a00000, 0x0000000086a00000, 0x0000000086b00000|  0%| F|  |TAMS 0x0000000086a00000, 0x0000000086a00000| Untracked 
|  35|0x0000000086b00000, 0x0000000086b00000, 0x0000000086c00000|  0%| F|  |TAMS 0x0000000086b00000, 0x0000000086b00000| Untracked 
|  36|0x0000000086c00000, 0x0000000086c00000, 0x0000000086d00000|  0%| F|  |TAMS 0x0000000086c00000, 0x0000000086c00000| Untracked 
|  37|0x0000000086d00000, 0x0000000086d00000, 0x0000000086e00000|  0%| F|  |TAMS 0x0000000086d00000, 0x0000000086d00000| Untracked 
|  38|0x0000000086e00000, 0x0000000086e00000, 0x0000000086f00000|  0%| F|  |TAMS 0x0000000086e00000, 0x0000000086e00000| Untracked 
|  39|0x0000000086f00000, 0x0000000086f00000, 0x0000000087000000|  0%| F|  |TAMS 0x0000000086f00000, 0x0000000086f00000| Untracked 
|  40|0x0000000087000000, 0x0000000087000000, 0x0000000087100000|  0%| F|  |TAMS 0x0000000087000000, 0x0000000087000000| Untracked 
|  41|0x0000000087100000, 0x0000000087100000, 0x0000000087200000|  0%| F|  |TAMS 0x0000000087100000, 0x0000000087100000| Untracked 
|  42|0x0000000087200000, 0x0000000087200000, 0x0000000087300000|  0%| F|  |TAMS 0x0000000087200000, 0x0000000087200000| Untracked 
|  43|0x0000000087300000, 0x0000000087300000, 0x0000000087400000|  0%| F|  |TAMS 0x0000000087300000, 0x0000000087300000| Untracked 
|  44|0x0000000087400000, 0x0000000087400000, 0x0000000087500000|  0%| F|  |TAMS 0x0000000087400000, 0x0000000087400000| Untracked 
|  45|0x0000000087500000, 0x0000000087500000, 0x0000000087600000|  0%| F|  |TAMS 0x0000000087500000, 0x0000000087500000| Untracked 
|  46|0x0000000087600000, 0x0000000087600000, 0x0000000087700000|  0%| F|  |TAMS 0x0000000087600000, 0x0000000087600000| Untracked 
|  47|0x0000000087700000, 0x0000000087700000, 0x0000000087800000|  0%| F|  |TAMS 0x0000000087700000, 0x0000000087700000| Untracked 
|  48|0x0000000087800000, 0x0000000087800000, 0x0000000087900000|  0%| F|  |TAMS 0x0000000087800000, 0x0000000087800000| Untracked 
|  49|0x0000000087900000, 0x0000000087900000, 0x0000000087a00000|  0%| F|  |TAMS 0x0000000087900000, 0x0000000087900000| Untracked 
|  50|0x0000000087a00000, 0x0000000087a00000, 0x0000000087b00000|  0%| F|  |TAMS 0x0000000087a00000, 0x0000000087a00000| Untracked 
|  51|0x0000000087b00000, 0x0000000087b00000, 0x0000000087c00000|  0%| F|  |TAMS 0x0000000087b00000, 0x0000000087b00000| Untracked 
|  52|0x0000000087c00000, 0x0000000087c00000, 0x0000000087d00000|  0%| F|  |TAMS 0x0000000087c00000, 0x0000000087c00000| Untracked 
|  53|0x0000000087d00000, 0x0000000087d00000, 0x0000000087e00000|  0%| F|  |TAMS 0x0000000087d00000, 0x0000000087d00000| Untracked 
|  54|0x0000000087e00000, 0x0000000087e00000, 0x0000000087f00000|  0%| F|  |TAMS 0x0000000087e00000, 0x0000000087e00000| Untracked 
|  55|0x0000000087f00000, 0x0000000087f00000, 0x0000000088000000|  0%| F|  |TAMS 0x0000000087f00000, 0x0000000087f00000| Untracked 
|  56|0x0000000088000000, 0x0000000088000000, 0x0000000088100000|  0%| F|  |TAMS 0x0000000088000000, 0x0000000088000000| Untracked 
|  57|0x0000000088100000, 0x0000000088100000, 0x0000000088200000|  0%| F|  |TAMS 0x0000000088100000, 0x0000000088100000| Untracked 
|  58|0x0000000088200000, 0x0000000088200000, 0x0000000088300000|  0%| F|  |TAMS 0x0000000088200000, 0x0000000088200000| Untracked 
|  59|0x0000000088300000, 0x0000000088300000, 0x0000000088400000|  0%| F|  |TAMS 0x0000000088300000, 0x0000000088300000| Untracked 
|  60|0x0000000088400000, 0x0000000088400000, 0x0000000088500000|  0%| F|  |TAMS 0x0000000088400000, 0x0000000088400000| Untracked 
|  61|0x0000000088500000, 0x0000000088500000, 0x0000000088600000|  0%| F|  |TAMS 0x0000000088500000, 0x0000000088500000| Untracked 
|  62|0x0000000088600000, 0x0000000088600000, 0x0000000088700000|  0%| F|  |TAMS 0x0000000088600000, 0x0000000088600000| Untracked 
|  63|0x0000000088700000, 0x0000000088700000, 0x0000000088800000|  0%| F|  |TAMS 0x0000000088700000, 0x0000000088700000| Untracked 
|  64|0x0000000088800000, 0x0000000088800000, 0x0000000088900000|  0%| F|  |TAMS 0x0000000088800000, 0x0000000088800000| Untracked 
|  65|0x0000000088900000, 0x0000000088900000, 0x0000000088a00000|  0%| F|  |TAMS 0x0000000088900000, 0x0000000088900000| Untracked 
|  66|0x0000000088a00000, 0x0000000088a00000, 0x0000000088b00000|  0%| F|  |TAMS 0x0000000088a00000, 0x0000000088a00000| Untracked 
|  67|0x0000000088b00000, 0x0000000088b00000, 0x0000000088c00000|  0%| F|  |TAMS 0x0000000088b00000, 0x0000000088b00000| Untracked 
|  68|0x0000000088c00000, 0x0000000088cbacc0, 0x0000000088d00000| 72%| S|CS|TAMS 0x0000000088c00000, 0x0000000088c00000| Complete 
|  69|0x0000000088d00000, 0x0000000088e00000, 0x0000000088e00000|100%| S|CS|TAMS 0x0000000088d00000, 0x0000000088d00000| Complete 
|  70|0x0000000088e00000, 0x0000000088f00000, 0x0000000088f00000|100%| S|CS|TAMS 0x0000000088e00000, 0x0000000088e00000| Complete 
|  71|0x0000000088f00000, 0x0000000089000000, 0x0000000089000000|100%| S|CS|TAMS 0x0000000088f00000, 0x0000000088f00000| Complete 
|  72|0x0000000089000000, 0x0000000089100000, 0x0000000089100000|100%| S|CS|TAMS 0x0000000089000000, 0x0000000089000000| Complete 
|  73|0x0000000089100000, 0x0000000089200000, 0x0000000089200000|100%| S|CS|TAMS 0x0000000089100000, 0x0000000089100000| Complete 
|  74|0x0000000089200000, 0x0000000089200000, 0x0000000089300000|  0%| F|  |TAMS 0x0000000089200000, 0x0000000089200000| Untracked 
|  75|0x0000000089300000, 0x0000000089300000, 0x0000000089400000|  0%| F|  |TAMS 0x0000000089300000, 0x0000000089300000| Untracked 
|  76|0x0000000089400000, 0x0000000089400000, 0x0000000089500000|  0%| F|  |TAMS 0x0000000089400000, 0x0000000089400000| Untracked 
|  77|0x0000000089500000, 0x0000000089500000, 0x0000000089600000|  0%| F|  |TAMS 0x0000000089500000, 0x0000000089500000| Untracked 
|  78|0x0000000089600000, 0x0000000089600000, 0x0000000089700000|  0%| F|  |TAMS 0x0000000089600000, 0x0000000089600000| Untracked 
|  79|0x0000000089700000, 0x0000000089700000, 0x0000000089800000|  0%| F|  |TAMS 0x0000000089700000, 0x0000000089700000| Untracked 
|  80|0x0000000089800000, 0x0000000089800000, 0x0000000089900000|  0%| F|  |TAMS 0x0000000089800000, 0x0000000089800000| Untracked 
|  81|0x0000000089900000, 0x0000000089900000, 0x0000000089a00000|  0%| F|  |TAMS 0x0000000089900000, 0x0000000089900000| Untracked 
|  82|0x0000000089a00000, 0x0000000089a00000, 0x0000000089b00000|  0%| F|  |TAMS 0x0000000089a00000, 0x0000000089a00000| Untracked 
|  83|0x0000000089b00000, 0x0000000089b00000, 0x0000000089c00000|  0%| F|  |TAMS 0x0000000089b00000, 0x0000000089b00000| Untracked 
|  84|0x0000000089c00000, 0x0000000089c00000, 0x0000000089d00000|  0%| F|  |TAMS 0x0000000089c00000, 0x0000000089c00000| Untracked 
|  85|0x0000000089d00000, 0x0000000089d00000, 0x0000000089e00000|  0%| F|  |TAMS 0x0000000089d00000, 0x0000000089d00000| Untracked 
|  86|0x0000000089e00000, 0x0000000089e00000, 0x0000000089f00000|  0%| F|  |TAMS 0x0000000089e00000, 0x0000000089e00000| Untracked 
|  87|0x0000000089f00000, 0x0000000089f00000, 0x000000008a000000|  0%| F|  |TAMS 0x0000000089f00000, 0x0000000089f00000| Untracked 
|  88|0x000000008a000000, 0x000000008a000000, 0x000000008a100000|  0%| F|  |TAMS 0x000000008a000000, 0x000000008a000000| Untracked 
|  89|0x000000008a100000, 0x000000008a100000, 0x000000008a200000|  0%| F|  |TAMS 0x000000008a100000, 0x000000008a100000| Untracked 
|  90|0x000000008a200000, 0x000000008a200000, 0x000000008a300000|  0%| F|  |TAMS 0x000000008a200000, 0x000000008a200000| Untracked 
|  91|0x000000008a300000, 0x000000008a300000, 0x000000008a400000|  0%| F|  |TAMS 0x000000008a300000, 0x000000008a300000| Untracked 
|  92|0x000000008a400000, 0x000000008a400000, 0x000000008a500000|  0%| F|  |TAMS 0x000000008a400000, 0x000000008a400000| Untracked 
|  93|0x000000008a500000, 0x000000008a500000, 0x000000008a600000|  0%| F|  |TAMS 0x000000008a500000, 0x000000008a500000| Untracked 
|  94|0x000000008a600000, 0x000000008a600000, 0x000000008a700000|  0%| F|  |TAMS 0x000000008a600000, 0x000000008a600000| Untracked 
|  95|0x000000008a700000, 0x000000008a700000, 0x000000008a800000|  0%| F|  |TAMS 0x000000008a700000, 0x000000008a700000| Untracked 
|  96|0x000000008a800000, 0x000000008a800000, 0x000000008a900000|  0%| F|  |TAMS 0x000000008a800000, 0x000000008a800000| Untracked 
|  97|0x000000008a900000, 0x000000008a900000, 0x000000008aa00000|  0%| F|  |TAMS 0x000000008a900000, 0x000000008a900000| Untracked 
|  98|0x000000008aa00000, 0x000000008aa00000, 0x000000008ab00000|  0%| F|  |TAMS 0x000000008aa00000, 0x000000008aa00000| Untracked 
|  99|0x000000008ab00000, 0x000000008ab00000, 0x000000008ac00000|  0%| F|  |TAMS 0x000000008ab00000, 0x000000008ab00000| Untracked 
| 100|0x000000008ac00000, 0x000000008ac00000, 0x000000008ad00000|  0%| F|  |TAMS 0x000000008ac00000, 0x000000008ac00000| Untracked 
| 101|0x000000008ad00000, 0x000000008ad00000, 0x000000008ae00000|  0%| F|  |TAMS 0x000000008ad00000, 0x000000008ad00000| Untracked 
| 102|0x000000008ae00000, 0x000000008ae00000, 0x000000008af00000|  0%| F|  |TAMS 0x000000008ae00000, 0x000000008ae00000| Untracked 
| 103|0x000000008af00000, 0x000000008af00000, 0x000000008b000000|  0%| F|  |TAMS 0x000000008af00000, 0x000000008af00000| Untracked 
| 104|0x000000008b000000, 0x000000008b000000, 0x000000008b100000|  0%| F|  |TAMS 0x000000008b000000, 0x000000008b000000| Untracked 
| 105|0x000000008b100000, 0x000000008b100000, 0x000000008b200000|  0%| F|  |TAMS 0x000000008b100000, 0x000000008b100000| Untracked 
| 106|0x000000008b200000, 0x000000008b200000, 0x000000008b300000|  0%| F|  |TAMS 0x000000008b200000, 0x000000008b200000| Untracked 
| 107|0x000000008b300000, 0x000000008b300000, 0x000000008b400000|  0%| F|  |TAMS 0x000000008b300000, 0x000000008b300000| Untracked 
| 108|0x000000008b400000, 0x000000008b400000, 0x000000008b500000|  0%| F|  |TAMS 0x000000008b400000, 0x000000008b400000| Untracked 
| 109|0x000000008b500000, 0x000000008b500000, 0x000000008b600000|  0%| F|  |TAMS 0x000000008b500000, 0x000000008b500000| Untracked 
| 110|0x000000008b600000, 0x000000008b600000, 0x000000008b700000|  0%| F|  |TAMS 0x000000008b600000, 0x000000008b600000| Untracked 
| 111|0x000000008b700000, 0x000000008b700000, 0x000000008b800000|  0%| F|  |TAMS 0x000000008b700000, 0x000000008b700000| Untracked 
| 112|0x000000008b800000, 0x000000008b800000, 0x000000008b900000|  0%| F|  |TAMS 0x000000008b800000, 0x000000008b800000| Untracked 
| 113|0x000000008b900000, 0x000000008b900000, 0x000000008ba00000|  0%| F|  |TAMS 0x000000008b900000, 0x000000008b900000| Untracked 
| 114|0x000000008ba00000, 0x000000008ba00000, 0x000000008bb00000|  0%| F|  |TAMS 0x000000008ba00000, 0x000000008ba00000| Untracked 
| 115|0x000000008bb00000, 0x000000008bb00000, 0x000000008bc00000|  0%| F|  |TAMS 0x000000008bb00000, 0x000000008bb00000| Untracked 
| 116|0x000000008bc00000, 0x000000008bc00000, 0x000000008bd00000|  0%| F|  |TAMS 0x000000008bc00000, 0x000000008bc00000| Untracked 
| 117|0x000000008bd00000, 0x000000008bd00000, 0x000000008be00000|  0%| F|  |TAMS 0x000000008bd00000, 0x000000008bd00000| Untracked 
| 118|0x000000008be00000, 0x000000008be00000, 0x000000008bf00000|  0%| F|  |TAMS 0x000000008be00000, 0x000000008be00000| Untracked 
| 119|0x000000008bf00000, 0x000000008bf00000, 0x000000008c000000|  0%| F|  |TAMS 0x000000008bf00000, 0x000000008bf00000| Untracked 
| 120|0x000000008c000000, 0x000000008c000000, 0x000000008c100000|  0%| F|  |TAMS 0x000000008c000000, 0x000000008c000000| Untracked 
| 121|0x000000008c100000, 0x000000008c100000, 0x000000008c200000|  0%| F|  |TAMS 0x000000008c100000, 0x000000008c100000| Untracked 
| 122|0x000000008c200000, 0x000000008c200000, 0x000000008c300000|  0%| F|  |TAMS 0x000000008c200000, 0x000000008c200000| Untracked 
| 123|0x000000008c300000, 0x000000008c300000, 0x000000008c400000|  0%| F|  |TAMS 0x000000008c300000, 0x000000008c300000| Untracked 
| 124|0x000000008c400000, 0x000000008c400000, 0x000000008c500000|  0%| F|  |TAMS 0x000000008c400000, 0x000000008c400000| Untracked 
| 125|0x000000008c500000, 0x000000008c500000, 0x000000008c600000|  0%| F|  |TAMS 0x000000008c500000, 0x000000008c500000| Untracked 
| 126|0x000000008c600000, 0x000000008c600000, 0x000000008c700000|  0%| F|  |TAMS 0x000000008c600000, 0x000000008c600000| Untracked 
| 127|0x000000008c700000, 0x000000008c700000, 0x000000008c800000|  0%| F|  |TAMS 0x000000008c700000, 0x000000008c700000| Untracked 
| 128|0x000000008c800000, 0x000000008c800000, 0x000000008c900000|  0%| F|  |TAMS 0x000000008c800000, 0x000000008c800000| Untracked 
| 129|0x000000008c900000, 0x000000008c900000, 0x000000008ca00000|  0%| F|  |TAMS 0x000000008c900000, 0x000000008c900000| Untracked 
| 130|0x000000008ca00000, 0x000000008ca00000, 0x000000008cb00000|  0%| F|  |TAMS 0x000000008ca00000, 0x000000008ca00000| Untracked 
| 131|0x000000008cb00000, 0x000000008cb00000, 0x000000008cc00000|  0%| F|  |TAMS 0x000000008cb00000, 0x000000008cb00000| Untracked 
| 132|0x000000008cc00000, 0x000000008cc00000, 0x000000008cd00000|  0%| F|  |TAMS 0x000000008cc00000, 0x000000008cc00000| Untracked 
| 133|0x000000008cd00000, 0x000000008cd00000, 0x000000008ce00000|  0%| F|  |TAMS 0x000000008cd00000, 0x000000008cd00000| Untracked 
| 134|0x000000008ce00000, 0x000000008ce00000, 0x000000008cf00000|  0%| F|  |TAMS 0x000000008ce00000, 0x000000008ce00000| Untracked 
| 135|0x000000008cf00000, 0x000000008cf00000, 0x000000008d000000|  0%| F|  |TAMS 0x000000008cf00000, 0x000000008cf00000| Untracked 
| 136|0x000000008d000000, 0x000000008d000000, 0x000000008d100000|  0%| F|  |TAMS 0x000000008d000000, 0x000000008d000000| Untracked 
| 137|0x000000008d100000, 0x000000008d100000, 0x000000008d200000|  0%| F|  |TAMS 0x000000008d100000, 0x000000008d100000| Untracked 
| 138|0x000000008d200000, 0x000000008d200000, 0x000000008d300000|  0%| F|  |TAMS 0x000000008d200000, 0x000000008d200000| Untracked 
| 139|0x000000008d300000, 0x000000008d300000, 0x000000008d400000|  0%| F|  |TAMS 0x000000008d300000, 0x000000008d300000| Untracked 
| 140|0x000000008d400000, 0x000000008d400000, 0x000000008d500000|  0%| F|  |TAMS 0x000000008d400000, 0x000000008d400000| Untracked 
| 141|0x000000008d500000, 0x000000008d500000, 0x000000008d600000|  0%| F|  |TAMS 0x000000008d500000, 0x000000008d500000| Untracked 
| 142|0x000000008d600000, 0x000000008d600000, 0x000000008d700000|  0%| F|  |TAMS 0x000000008d600000, 0x000000008d600000| Untracked 
| 143|0x000000008d700000, 0x000000008d700000, 0x000000008d800000|  0%| F|  |TAMS 0x000000008d700000, 0x000000008d700000| Untracked 
| 144|0x000000008d800000, 0x000000008d800000, 0x000000008d900000|  0%| F|  |TAMS 0x000000008d800000, 0x000000008d800000| Untracked 
| 145|0x000000008d900000, 0x000000008d900000, 0x000000008da00000|  0%| F|  |TAMS 0x000000008d900000, 0x000000008d900000| Untracked 
| 146|0x000000008da00000, 0x000000008db00000, 0x000000008db00000|100%| E|  |TAMS 0x000000008da00000, 0x000000008da00000| Complete 
| 147|0x000000008db00000, 0x000000008dc00000, 0x000000008dc00000|100%| E|CS|TAMS 0x000000008db00000, 0x000000008db00000| Complete 
| 148|0x000000008dc00000, 0x000000008dd00000, 0x000000008dd00000|100%| E|CS|TAMS 0x000000008dc00000, 0x000000008dc00000| Complete 
| 149|0x000000008dd00000, 0x000000008de00000, 0x000000008de00000|100%| E|CS|TAMS 0x000000008dd00000, 0x000000008dd00000| Complete 
| 150|0x000000008de00000, 0x000000008df00000, 0x000000008df00000|100%| E|CS|TAMS 0x000000008de00000, 0x000000008de00000| Complete 
| 151|0x000000008df00000, 0x000000008e000000, 0x000000008e000000|100%| E|CS|TAMS 0x000000008df00000, 0x000000008df00000| Complete 
| 152|0x000000008e000000, 0x000000008e100000, 0x000000008e100000|100%| E|CS|TAMS 0x000000008e000000, 0x000000008e000000| Complete 
| 153|0x000000008e100000, 0x000000008e200000, 0x000000008e200000|100%| E|CS|TAMS 0x000000008e100000, 0x000000008e100000| Complete 
| 154|0x000000008e200000, 0x000000008e300000, 0x000000008e300000|100%| E|CS|TAMS 0x000000008e200000, 0x000000008e200000| Complete 
| 155|0x000000008e300000, 0x000000008e400000, 0x000000008e400000|100%| E|CS|TAMS 0x000000008e300000, 0x000000008e300000| Complete 
| 156|0x000000008e400000, 0x000000008e500000, 0x000000008e500000|100%| E|CS|TAMS 0x000000008e400000, 0x000000008e400000| Complete 
| 157|0x000000008e500000, 0x000000008e600000, 0x000000008e600000|100%| E|CS|TAMS 0x000000008e500000, 0x000000008e500000| Complete 

Card table byte_map: [0x000001a593440000,0x000001a593820000] _byte_map_base: 0x000001a59301c000

Marking Bits (Prev, Next): (CMBitMap*) 0x000001a5ff63cd08, (CMBitMap*) 0x000001a5ff63cd40
 Prev Bits: [0x000001a593c00000, 0x000001a595ae0000)
 Next Bits: [0x000001a595ae0000, 0x000001a5979c0000)

Polling page: 0x000001a580000000

Metaspace:

Usage:
  Non-class:     40.31 MB capacity,    39.94 MB (>99%) used,   306.66 KB ( <1%) free+waste,    66.81 KB ( <1%) overhead. 
      Class:      5.53 MB capacity,     5.36 MB ( 97%) used,   147.02 KB (  3%) free+waste,    28.44 KB ( <1%) overhead. 
       Both:     45.83 MB capacity,    45.30 MB ( 99%) used,   453.68 KB ( <1%) free+waste,    95.25 KB ( <1%) overhead. 

Virtual space:
  Non-class space:       42.00 MB reserved,      40.50 MB ( 96%) committed 
      Class space:        1.00 GB reserved,       5.63 MB ( <1%) committed 
             Both:        1.04 GB reserved,      46.13 MB (  4%) committed 

Chunk freelists:
   Non-Class:  69.00 KB
       Class:  5.00 KB
        Both:  74.00 KB

MaxMetaspaceSize: 17179869184.00 GB
CompressedClassSpaceSize: 1.00 GB

CodeHeap 'non-profiled nmethods': size=120064Kb used=1371Kb max_used=1371Kb free=118692Kb
 bounds [0x000001a58b4f0000, 0x000001a58b760000, 0x000001a592a30000]
CodeHeap 'profiled nmethods': size=120000Kb used=7277Kb max_used=7277Kb free=112722Kb
 bounds [0x000001a583fc0000, 0x000001a5846e0000, 0x000001a58b4f0000]
CodeHeap 'non-nmethods': size=5696Kb used=1185Kb max_used=1229Kb free=4510Kb
 bounds [0x000001a583a30000, 0x000001a583ca0000, 0x000001a583fc0000]
 total_blobs=3953 nmethods=3411 adapters=452
 compilation: enabled
              stopped_count=0, restarted_count=0
 full_count=0

Compilation events (20 events):
Event: 5.924 Thread 0x000001a59a031800 nmethod 3344 0x000001a58b632b10 code [0x000001a58b632cc0, 0x000001a58b632d78]
Event: 5.924 Thread 0x000001a59a031800 3345       3       org.jetbrains.kotlin.descriptors.impl.ClassDescriptorBase::getContainingDeclaration (13 bytes)
Event: 5.924 Thread 0x000001a59a031800 nmethod 3345 0x000001a5846a7790 code [0x000001a5846a7940, 0x000001a5846a7ac8]
Event: 5.924 Thread 0x000001a59a031800 3347       3       org.jetbrains.kotlin.resolve.DescriptorUtils::getFqNameSafeIfPossible (62 bytes)
Event: 5.925 Thread 0x000001a59a031800 nmethod 3347 0x000001a5846a7b90 code [0x000001a5846a7dc0, 0x000001a5846a86a8]
Event: 5.925 Thread 0x000001a59a031800 3353       3       org.jetbrains.kotlin.incremental.UtilsKt::record (65 bytes)
Event: 5.927 Thread 0x000001a59a031800 nmethod 3353 0x000001a5846a8810 code [0x000001a5846a8c20, 0x000001a5846aa348]
Event: 5.927 Thread 0x000001a59a031800 3348       3       org.jetbrains.kotlin.serialization.deserialization.descriptors.DeserializedPackageMemberScope::getContributedClassifier (25 bytes)
Event: 5.928 Thread 0x000001a59a031800 nmethod 3348 0x000001a5846aac10 code [0x000001a5846aafe0, 0x000001a5846ac438]
Event: 5.928 Thread 0x000001a59a031800 3349       3       org.jetbrains.kotlin.serialization.deserialization.descriptors.DeserializedPackageMemberScope::recordLookup (32 bytes)
Event: 5.929 Thread 0x000001a59a031800 nmethod 3349 0x000001a5846acb90 code [0x000001a5846ace40, 0x000001a5846ad908]
Event: 5.929 Thread 0x000001a59a031800 3350       3       org.jetbrains.kotlin.serialization.deserialization.descriptors.DeserializedMemberScope::getContributedClassifier (63 bytes)
Event: 5.932 Thread 0x000001a59a031800 nmethod 3350 0x000001a5846add10 code [0x000001a5846ae180, 0x000001a5846affd8]
Event: 5.932 Thread 0x000001a59a031800 3355       3       org.jetbrains.kotlin.incremental.UtilsKt::recordPackageLookup (98 bytes)
Event: 5.935 Thread 0x000001a59a031800 nmethod 3355 0x000001a5846b0990 code [0x000001a5846b0fe0, 0x000001a5846b3dc8]
Event: 5.936 Thread 0x000001a59a031800 3360       3       org.jetbrains.kotlin.serialization.deserialization.descriptors.DeserializedMemberScope$OptimizedImplementation::getTypeAliasNames (10 bytes)
Event: 5.936 Thread 0x000001a59a031800 nmethod 3360 0x000001a5846b4e10 code [0x000001a5846b4fc0, 0x000001a5846b5188]
Event: 5.936 Thread 0x000001a59a031800 3351       3       org.jetbrains.kotlin.serialization.deserialization.descriptors.DeserializedPackageMemberScope::hasClass (116 bytes)
Event: 5.938 Thread 0x000001a59a031800 nmethod 3351 0x000001a5846b5290 code [0x000001a5846b5700, 0x000001a5846b75c8]
Event: 5.938 Thread 0x000001a59a031800 3354       3       org.jetbrains.kotlin.serialization.deserialization.descriptors.DeserializedMemberScope::hasClass (17 bytes)

GC Heap History (10 events):
Event: 0.781 GC heap before
{Heap before GC invocations=0 (full 0):
 garbage-first heap   total 126976K, used 17408K [0x0000000084800000, 0x0000000100000000)
  region size 1024K, 14 young (14336K), 0 survivors (0K)
 Metaspace       used 9795K, capacity 9871K, committed 10112K, reserved 1058816K
  class space    used 829K, capacity 884K, committed 896K, reserved 1048576K
}
Event: 0.787 GC heap after
{Heap after GC invocations=1 (full 0):
 garbage-first heap   total 126976K, used 5191K [0x0000000084800000, 0x0000000100000000)
  region size 1024K, 2 young (2048K), 2 survivors (2048K)
 Metaspace       used 9795K, capacity 9871K, committed 10112K, reserved 1058816K
  class space    used 829K, capacity 884K, committed 896K, reserved 1048576K
}
Event: 2.171 GC heap before
{Heap before GC invocations=1 (full 0):
 garbage-first heap   total 126976K, used 51271K [0x0000000084800000, 0x0000000100000000)
  region size 1024K, 48 young (49152K), 2 survivors (2048K)
 Metaspace       used 20967K, capacity 21169K, committed 21248K, reserved 1069056K
  class space    used 2210K, capacity 2265K, committed 2304K, reserved 1048576K
}
Event: 2.198 GC heap after
{Heap after GC invocations=2 (full 0):
 garbage-first heap   total 126976K, used 9505K [0x0000000084800000, 0x0000000100000000)
  region size 1024K, 7 young (7168K), 7 survivors (7168K)
 Metaspace       used 20967K, capacity 21169K, committed 21248K, reserved 1069056K
  class space    used 2210K, capacity 2265K, committed 2304K, reserved 1048576K
}
Event: 3.728 GC heap before
{Heap before GC invocations=3 (full 0):
 garbage-first heap   total 126976K, used 69921K [0x0000000084800000, 0x0000000100000000)
  region size 1024K, 54 young (55296K), 7 survivors (7168K)
 Metaspace       used 31396K, capacity 31902K, committed 32128K, reserved 1077248K
  class space    used 3717K, capacity 3875K, committed 3968K, reserved 1048576K
}
Event: 3.767 GC heap after
{Heap after GC invocations=4 (full 0):
 garbage-first heap   total 126976K, used 23493K [0x0000000084800000, 0x0000000100000000)
  region size 1024K, 6 young (6144K), 6 survivors (6144K)
 Metaspace       used 31396K, capacity 31902K, committed 32128K, reserved 1077248K
  class space    used 3717K, capacity 3875K, committed 3968K, reserved 1048576K
}
Event: 4.244 GC heap before
{Heap before GC invocations=4 (full 0):
 garbage-first heap   total 126976K, used 40901K [0x0000000084800000, 0x0000000100000000)
  region size 1024K, 24 young (24576K), 6 survivors (6144K)
 Metaspace       used 35201K, capacity 35768K, committed 35840K, reserved 1081344K
  class space    used 4144K, capacity 4332K, committed 4352K, reserved 1048576K
}
Event: 4.271 GC heap after
{Heap after GC invocations=5 (full 0):
 garbage-first heap   total 126976K, used 25600K [0x0000000084800000, 0x0000000100000000)
  region size 1024K, 2 young (2048K), 2 survivors (2048K)
 Metaspace       used 35201K, capacity 35768K, committed 35840K, reserved 1081344K
  class space    used 4144K, capacity 4332K, committed 4352K, reserved 1048576K
}
Event: 5.700 GC heap before
{Heap before GC invocations=6 (full 0):
 garbage-first heap   total 126976K, used 74752K [0x0000000084800000, 0x0000000100000000)
  region size 1024K, 50 young (51200K), 2 survivors (2048K)
 Metaspace       used 45793K, capacity 46348K, committed 46464K, reserved 1089536K
  class space    used 5456K, capacity 5657K, committed 5760K, reserved 1048576K
}
Event: 5.720 GC heap after
{Heap after GC invocations=7 (full 0):
 garbage-first heap   total 161792K, used 29419K [0x0000000084800000, 0x0000000100000000)
  region size 1024K, 6 young (6144K), 6 survivors (6144K)
 Metaspace       used 45793K, capacity 46348K, committed 46464K, reserved 1089536K
  class space    used 5456K, capacity 5657K, committed 5760K, reserved 1048576K
}

Deoptimization events (20 events):
Event: 5.547 Thread 0x000001a5ff5fc800 Uncommon trap: trap_request=0xffffffc6 fr.pc=0x000001a58b5d60d4 relative=0x0000000000000094
Event: 5.547 Thread 0x000001a5ff5fc800 Uncommon trap: reason=bimorphic_or_optimized_type_check action=maybe_recompile pc=0x000001a58b5d60d4 method=java.util.AbstractList$Itr.hasNext()Z @ 8 c2
Event: 5.547 Thread 0x000001a5ff5fc800 DEOPT PACKING pc=0x000001a58b5d60d4 sp=0x00000028733fc090
Event: 5.547 Thread 0x000001a5ff5fc800 DEOPT UNPACKING pc=0x000001a583a578af sp=0x00000028733fc028 mode 2
Event: 5.571 Thread 0x000001a5ff5fc800 Uncommon trap: trap_request=0xffffffc6 fr.pc=0x000001a58b5d60d4 relative=0x0000000000000094
Event: 5.571 Thread 0x000001a5ff5fc800 Uncommon trap: reason=bimorphic_or_optimized_type_check action=maybe_recompile pc=0x000001a58b5d60d4 method=java.util.AbstractList$Itr.hasNext()Z @ 8 c2
Event: 5.571 Thread 0x000001a5ff5fc800 DEOPT PACKING pc=0x000001a58b5d60d4 sp=0x00000028733fc090
Event: 5.571 Thread 0x000001a5ff5fc800 DEOPT UNPACKING pc=0x000001a583a578af sp=0x00000028733fc028 mode 2
Event: 5.686 Thread 0x000001a5ff5fc800 Uncommon trap: trap_request=0xffffffc6 fr.pc=0x000001a58b615cd0 relative=0x00000000000005b0
Event: 5.686 Thread 0x000001a5ff5fc800 Uncommon trap: reason=bimorphic_or_optimized_type_check action=maybe_recompile pc=0x000001a58b615cd0 method=gnu.trove.TObjectHash.index(Ljava/lang/Object;)I @ 22 c2
Event: 5.686 Thread 0x000001a5ff5fc800 DEOPT PACKING pc=0x000001a58b615cd0 sp=0x00000028733fb690
Event: 5.686 Thread 0x000001a5ff5fc800 DEOPT UNPACKING pc=0x000001a583a578af sp=0x00000028733fb608 mode 2
Event: 5.688 Thread 0x000001a5ff5fc800 Uncommon trap: trap_request=0xffffffc6 fr.pc=0x000001a58b615cd0 relative=0x00000000000005b0
Event: 5.688 Thread 0x000001a5ff5fc800 Uncommon trap: reason=bimorphic_or_optimized_type_check action=maybe_recompile pc=0x000001a58b615cd0 method=gnu.trove.TObjectHash.index(Ljava/lang/Object;)I @ 22 c2
Event: 5.688 Thread 0x000001a5ff5fc800 DEOPT PACKING pc=0x000001a58b615cd0 sp=0x00000028733fb150
Event: 5.688 Thread 0x000001a5ff5fc800 DEOPT UNPACKING pc=0x000001a583a578af sp=0x00000028733fb0c8 mode 2
Event: 5.765 Thread 0x000001a5ff5fc800 DEOPT PACKING pc=0x000001a5842d8ddb sp=0x00000028733fabd0
Event: 5.765 Thread 0x000001a5ff5fc800 DEOPT UNPACKING pc=0x000001a583a576ce sp=0x00000028733fa048 mode 0
Event: 5.922 Thread 0x000001a5ff5fc800 DEOPT PACKING pc=0x000001a58450527f sp=0x00000028733f8cf0
Event: 5.922 Thread 0x000001a5ff5fc800 DEOPT UNPACKING pc=0x000001a583a576ce sp=0x00000028733f8140 mode 0

Classes redefined (0 events):
No events

Internal exceptions (20 events):
Event: 2.075 Thread 0x000001a5ff5fc800 Exception <a 'java/lang/NoSuchMethodError'{0x00000000898b6a00}: 'long java.lang.invoke.DirectMethodHandle$Holder.invokeStaticInit(java.lang.Object)'> (0x00000000898b6a00) thrown at [./src/hotspot/share/interpreter/linkResolver.cpp, line 773]
Event: 2.162 Thread 0x000001a5ff5fc800 Exception <a 'java/lang/NoSuchMethodError'{0x0000000089424e60}: 'int java.lang.invoke.DirectMethodHandle$Holder.invokeStaticInit(java.lang.Object, java.lang.Object, java.lang.Object)'> (0x0000000089424e60) thrown at [./src/hotspot/share/interpreter/linkResolver.cpp, line 773]
Event: 2.168 Thread 0x000001a5ff5fc800 Exception <a 'java/lang/NoSuchMethodError'{0x0000000089450570}: 'int java.lang.invoke.DirectMethodHandle$Holder.invokeStaticInit(java.lang.Object, java.lang.Object)'> (0x0000000089450570) thrown at [./src/hotspot/share/interpreter/linkResolver.cpp, line 773]
Event: 2.564 Thread 0x000001a5ff5fc800 Exception <a 'java/lang/NoSuchMethodError'{0x000000008badd8b0}: 'java.lang.Object java.lang.invoke.DirectMethodHandle$Holder.invokeStatic(java.lang.Object, java.lang.Object, java.lang.Object, java.lang.Object, java.lang.Object, java.lang.Object, java.lang.Object, java.lang.Object, java.lang.Object, java.lang.Object, java.lang.Object, java.lang.Object, java.lang.Object, java.lang.Object, java.lang.Object)'> (0x000000008badd8b0) thrown at [./src/hotspot/share/interpreter/linkResolver.cpp, line 773]
Event: 2.566 Thread 0x000001a5ff5fc800 Exception <a 'java/lang/NoSuchMethodError'{0x000000008baebc50}: 'java.lang.Object java.lang.invoke.DirectMethodHandle$Holder.invokeStatic(java.lang.Object, java.lang.Object, java.lang.Object, java.lang.Object, java.lang.Object, java.lang.Object, java.lang.Object, java.lang.Object, java.lang.Object, java.lang.Object, java.lang.Object, java.lang.Object, java.lang.Object, java.lang.Object, java.lang.Object, java.lang.Object)'> (0x000000008baebc50) thrown at [./src/hotspot/share/interpreter/linkResolver.cpp, l
Event: 2.568 Thread 0x000001a5ff5fc800 Exception <a 'java/lang/NoSuchMethodError'{0x000000008baf9b68}: 'java.lang.Object java.lang.invoke.DirectMethodHandle$Holder.invokeSpecial(java.lang.Object, java.lang.Object, int, int, java.lang.Object, java.lang.Object, java.lang.Object)'> (0x000000008baf9b68) thrown at [./src/hotspot/share/interpreter/linkResolver.cpp, line 773]
Event: 2.568 Thread 0x000001a5ff5fc800 Exception <a 'java/lang/NoSuchMethodError'{0x000000008bafd3a0}: 'java.lang.Object java.lang.invoke.DelegatingMethodHandle$Holder.reinvoke_L(java.lang.Object, int, int, java.lang.Object, java.lang.Object, java.lang.Object)'> (0x000000008bafd3a0) thrown at [./src/hotspot/share/interpreter/linkResolver.cpp, line 773]
Event: 2.569 Thread 0x000001a5ff5fc800 Exception <a 'java/lang/NoSuchMethodError'{0x000000008b901bb8}: 'java.lang.Object java.lang.invoke.DirectMethodHandle$Holder.invokeStatic(java.lang.Object, java.lang.Object, java.lang.Object, java.lang.Object, int)'> (0x000000008b901bb8) thrown at [./src/hotspot/share/interpreter/linkResolver.cpp, line 773]
Event: 2.638 Thread 0x000001a5ff5fc800 Implicit null exception at 0x000001a58b57ba2c to 0x000001a58b57bbda
Event: 2.708 Thread 0x000001a5ff5fc800 Exception <a 'java/lang/NoSuchMethodError'{0x000000008b47dab8}: 'void java.lang.invoke.DirectMethodHandle$Holder.invokeStatic(java.lang.Object, java.lang.Object, java.lang.Object, java.lang.Object)'> (0x000000008b47dab8) thrown at [./src/hotspot/share/interpreter/linkResolver.cpp, line 773]
Event: 2.743 Thread 0x000001a5ff5fc800 Exception <a 'java/lang/NoSuchMethodError'{0x000000008b3cc830}: 'void java.lang.invoke.DirectMethodHandle$Holder.invokeSpecial(java.lang.Object, java.lang.Object)'> (0x000000008b3cc830) thrown at [./src/hotspot/share/interpreter/linkResolver.cpp, line 773]
Event: 2.810 Thread 0x000001a5ff5fc800 Exception <a 'java/lang/NoSuchMethodError'{0x000000008b071940}: 'void java.lang.invoke.DirectMethodHandle$Holder.invokeStaticInit(java.lang.Object, java.lang.Object)'> (0x000000008b071940) thrown at [./src/hotspot/share/interpreter/linkResolver.cpp, line 773]
Event: 2.822 Thread 0x000001a5ff5fc800 Exception <a 'java/lang/NoSuchMethodError'{0x000000008b0b0020}: 'void java.lang.invoke.DirectMethodHandle$Holder.invokeInterface(java.lang.Object, java.lang.Object)'> (0x000000008b0b0020) thrown at [./src/hotspot/share/interpreter/linkResolver.cpp, line 773]
Event: 2.985 Thread 0x000001a5ff5fc800 Exception <a 'java/lang/NoSuchMethodError'{0x000000008abbf8e0}: 'void java.lang.invoke.DirectMethodHandle$Holder.invokeVirtual(java.lang.Object, java.lang.Object)'> (0x000000008abbf8e0) thrown at [./src/hotspot/share/interpreter/linkResolver.cpp, line 773]
Event: 3.005 Thread 0x000001a5ff5fc800 Exception <a 'java/lang/NoSuchMethodError'{0x000000008aa35c68}: 'int java.lang.invoke.DirectMethodHandle$Holder.invokeVirtual(java.lang.Object, java.lang.Object)'> (0x000000008aa35c68) thrown at [./src/hotspot/share/interpreter/linkResolver.cpp, line 773]
Event: 4.055 Thread 0x000001a5ff5fc800 Exception <a 'java/lang/NoSuchMethodError'{0x000000008b94cc08}: 'java.lang.Object java.lang.invoke.DirectMethodHandle$Holder.invokeVirtual(java.lang.Object, java.lang.Object, java.lang.Object)'> (0x000000008b94cc08) thrown at [./src/hotspot/share/interpreter/linkResolver.cpp, line 773]
Event: 5.199 Thread 0x000001a5ff5fc800 Exception <a 'java/lang/NoSuchMethodError'{0x000000008a019de8}: 'java.lang.Object java.lang.invoke.Invokers$Holder.linkToTargetMethod(java.lang.Object, int, java.lang.Object)'> (0x000000008a019de8) thrown at [./src/hotspot/share/interpreter/linkResolver.cpp, line 773]
Event: 5.252 Thread 0x000001a5ff5fc800 Exception <a 'java/lang/NoSuchMethodError'{0x0000000089f75148}: 'java.lang.Object java.lang.invoke.DirectMethodHandle$Holder.invokeStatic(java.lang.Object, java.lang.Object, java.lang.Object, int)'> (0x0000000089f75148) thrown at [./src/hotspot/share/interpreter/linkResolver.cpp, line 773]
Event: 5.252 Thread 0x000001a5ff5fc800 Exception <a 'java/lang/NoSuchMethodError'{0x0000000089f78db8}: 'java.lang.Object java.lang.invoke.DirectMethodHandle$Holder.invokeSpecial(java.lang.Object, java.lang.Object, java.lang.Object, java.lang.Object, int)'> (0x0000000089f78db8) thrown at [./src/hotspot/share/interpreter/linkResolver.cpp, line 773]
Event: 5.252 Thread 0x000001a5ff5fc800 Exception <a 'java/lang/NoSuchMethodError'{0x0000000089f7c0c8}: 'java.lang.Object java.lang.invoke.Invokers$Holder.linkToTargetMethod(java.lang.Object, java.lang.Object, int, java.lang.Object)'> (0x0000000089f7c0c8) thrown at [./src/hotspot/share/interpreter/linkResolver.cpp, line 773]

Events (20 events):
Event: 5.816 loading class org/jetbrains/kotlin/load/java/descriptors/PossiblyExternalAnnotationDescriptor
Event: 5.816 loading class org/jetbrains/kotlin/load/java/descriptors/PossiblyExternalAnnotationDescriptor done
Event: 5.817 loading class org/jetbrains/kotlin/load/java/lazy/descriptors/LazyJavaAnnotationDescriptor$fqName$2
Event: 5.817 loading class org/jetbrains/kotlin/load/java/lazy/descriptors/LazyJavaAnnotationDescriptor$fqName$2 done
Event: 5.817 loading class org/jetbrains/kotlin/load/java/lazy/descriptors/LazyJavaAnnotationDescriptor$type$2
Event: 5.817 loading class org/jetbrains/kotlin/load/java/lazy/descriptors/LazyJavaAnnotationDescriptor$type$2 done
Event: 5.817 loading class org/jetbrains/kotlin/load/java/lazy/descriptors/LazyJavaAnnotationDescriptor$allValueArguments$2
Event: 5.817 loading class org/jetbrains/kotlin/load/java/lazy/descriptors/LazyJavaAnnotationDescriptor$allValueArguments$2 done
Event: 5.818 loading class org/jetbrains/kotlin/load/java/structure/JavaAnnotation$DefaultImpls
Event: 5.818 loading class org/jetbrains/kotlin/load/java/structure/JavaAnnotation$DefaultImpls done
Event: 5.818 loading class org/jetbrains/kotlin/load/java/AnnotationQualifiersFqNamesKt
Event: 5.818 loading class org/jetbrains/kotlin/load/java/AnnotationQualifiersFqNamesKt done
Event: 5.819 loading class java/util/Collections$SingletonMap
Event: 5.820 loading class java/util/Collections$SingletonMap done
Event: 5.872 loading class org/jetbrains/kotlin/load/java/structure/impl/classFiles/PlainJavaAnnotationAsAnnotationArgument
Event: 5.872 loading class org/jetbrains/kotlin/load/java/structure/impl/classFiles/PlainJavaAnnotationAsAnnotationArgument done
Event: 5.872 loading class org/jetbrains/kotlin/load/java/structure/JavaAnnotationAsAnnotationArgument
Event: 5.872 loading class org/jetbrains/kotlin/load/java/structure/JavaAnnotationAsAnnotationArgument done
Event: 5.920 loading class org/jetbrains/kotlin/descriptors/DescriptorUtilKt
Event: 5.920 loading class org/jetbrains/kotlin/descriptors/DescriptorUtilKt done


Dynamic libraries:
0x00007ff7687e0000 - 0x00007ff7687ea000 	C:\Program Files\Android\Android Studio1\jre\bin\java.exe
0x00007ffa1bfa0000 - 0x00007ffa1c190000 	C:\WINDOWS\SYSTEM32\ntdll.dll
0x00007ffa1b3e0000 - 0x00007ffa1b492000 	C:\WINDOWS\System32\KERNEL32.DLL
0x00007ffa19020000 - 0x00007ffa192c4000 	C:\WINDOWS\System32\KERNELBASE.dll
0x00007ffa19f20000 - 0x00007ffa1a01a000 	C:\WINDOWS\System32\ucrtbase.dll
0x00007ffa0a680000 - 0x00007ffa0a699000 	C:\Program Files\Android\Android Studio1\jre\bin\jli.dll
0x00007ffa0af90000 - 0x00007ffa0afa7000 	C:\Program Files\Android\Android Studio1\jre\bin\VCRUNTIME140.dll
0x00007ffa1bb50000 - 0x00007ffa1bce4000 	C:\WINDOWS\System32\USER32.dll
0x00007ffa1a020000 - 0x00007ffa1a041000 	C:\WINDOWS\System32\win32u.dll
0x00007ffa05400000 - 0x00007ffa05684000 	C:\WINDOWS\WinSxS\amd64_microsoft.windows.common-controls_6595b64144ccf1df_6.0.18362.959_none_e6c7bbbf130c62bb\COMCTL32.dll
0x00007ffa1b840000 - 0x00007ffa1b866000 	C:\WINDOWS\System32\GDI32.dll
0x00007ffa1a100000 - 0x00007ffa1a19e000 	C:\WINDOWS\System32\msvcrt.dll
0x00007ffa19d80000 - 0x00007ffa19f16000 	C:\WINDOWS\System32\gdi32full.dll
0x00007ffa19420000 - 0x00007ffa194be000 	C:\WINDOWS\System32\msvcp_win.dll
0x00007ffa1a280000 - 0x00007ffa1a5b5000 	C:\WINDOWS\System32\combase.dll
0x00007ffa1b870000 - 0x00007ffa1b990000 	C:\WINDOWS\System32\RPCRT4.dll
0x00007ffa19d00000 - 0x00007ffa19d80000 	C:\WINDOWS\System32\bcryptPrimitives.dll
0x00007ffa1a050000 - 0x00007ffa1a07e000 	C:\WINDOWS\System32\IMM32.DLL
0x00007ff9ea010000 - 0x00007ff9ea0ad000 	C:\Program Files\Android\Android Studio1\jre\bin\msvcp140.dll
0x00007ff9b1540000 - 0x00007ff9b200f000 	C:\Program Files\Android\Android Studio1\jre\bin\server\jvm.dll
0x00007ffa1b4a0000 - 0x00007ffa1b543000 	C:\WINDOWS\System32\ADVAPI32.dll
0x00007ffa1b7a0000 - 0x00007ffa1b837000 	C:\WINDOWS\System32\sechost.dll
0x00007ffa1a1a0000 - 0x00007ffa1a1a8000 	C:\WINDOWS\System32\PSAPI.DLL
0x00007ffa15040000 - 0x00007ffa15049000 	C:\WINDOWS\SYSTEM32\WSOCK32.dll
0x00007ffa154b0000 - 0x00007ffa154d4000 	C:\WINDOWS\SYSTEM32\WINMM.dll
0x00007ffa1b9a0000 - 0x00007ffa1ba0f000 	C:\WINDOWS\System32\WS2_32.dll
0x00007ffa0ff60000 - 0x00007ffa0ff6a000 	C:\WINDOWS\SYSTEM32\VERSION.dll
0x00007ffa15480000 - 0x00007ffa154ad000 	C:\WINDOWS\SYSTEM32\WINMMBASE.dll
0x00007ffa18fd0000 - 0x00007ffa1901a000 	C:\WINDOWS\System32\cfgmgr32.dll
0x00007ffa18eb0000 - 0x00007ffa18ec1000 	C:\WINDOWS\System32\kernel.appcore.dll
0x00007ffa0a630000 - 0x00007ffa0a641000 	C:\Program Files\Android\Android Studio1\jre\bin\verify.dll
0x00007ffa015e0000 - 0x00007ffa017d4000 	C:\WINDOWS\SYSTEM32\DBGHELP.DLL
0x00007ffa015b0000 - 0x00007ffa015da000 	C:\WINDOWS\SYSTEM32\dbgcore.DLL
0x00007ffa0a5c0000 - 0x00007ffa0a5e9000 	C:\Program Files\Android\Android Studio1\jre\bin\java.dll
0x00007ffa121d0000 - 0x00007ffa121db000 	C:\Program Files\Android\Android Studio1\jre\bin\jimage.dll
0x00007ffa0a410000 - 0x00007ffa0a428000 	C:\Program Files\Android\Android Studio1\jre\bin\zip.dll
0x00007ffa1a880000 - 0x00007ffa1af66000 	C:\WINDOWS\System32\SHELL32.dll
0x00007ffa1a7d0000 - 0x00007ffa1a879000 	C:\WINDOWS\System32\shcore.dll
0x00007ffa19570000 - 0x00007ffa19cf2000 	C:\WINDOWS\System32\windows.storage.dll
0x00007ffa18ed0000 - 0x00007ffa18ef3000 	C:\WINDOWS\System32\profapi.dll
0x00007ffa18e60000 - 0x00007ffa18eaa000 	C:\WINDOWS\System32\powrprof.dll
0x00007ffa18e50000 - 0x00007ffa18e60000 	C:\WINDOWS\System32\UMPDC.dll
0x00007ffa1bdc0000 - 0x00007ffa1be12000 	C:\WINDOWS\System32\shlwapi.dll
0x00007ffa18fb0000 - 0x00007ffa18fc7000 	C:\WINDOWS\System32\cryptsp.dll
0x00007ffa0a310000 - 0x00007ffa0a32a000 	C:\Program Files\Android\Android Studio1\jre\bin\net.dll
0x00007ffa0b2e0000 - 0x00007ffa0b3d0000 	C:\WINDOWS\SYSTEM32\WINHTTP.dll
0x00007ffa18660000 - 0x00007ffa186c7000 	C:\WINDOWS\system32\mswsock.dll
0x00007ffa06a40000 - 0x00007ffa06a54000 	C:\Program Files\Android\Android Studio1\jre\bin\nio.dll

dbghelp: loaded successfully - version: 4.0.5 - missing functions: none
symbol engine: initialized successfully - sym options: 0x614 - pdb path: .;C:\Program Files\Android\Android Studio1\jre\bin;C:\WINDOWS\SYSTEM32;C:\WINDOWS\WinSxS\amd64_microsoft.windows.common-controls_6595b64144ccf1df_6.0.18362.959_none_e6c7bbbf130c62bb;C:\Program Files\Android\Android Studio1\jre\bin\server

VM Arguments:
java_command: org.jetbrains.kotlin.cli.jvm.K2JVMCompiler @D:\QuizApp\app\build\20211001_3964294135074888297.compiler.options
java_class_path (initial): C:\Users\Somesh\.gradle\caches\modules-2\files-2.1\org.jetbrains.kotlin\kotlin-compiler-embeddable\1.5.20\1900e8b9aca0a9caffd45b99b36e3720a0a284f8\kotlin-compiler-embeddable-1.5.20.jar;C:\Users\Somesh\.gradle\caches\modules-2\files-2.1\org.jetbrains.kotlin\kotlin-reflect\1.5.20\63810951f09a27f7827977f1bc21094042a915e\kotlin-reflect-1.5.20.jar;C:\Users\Somesh\.gradle\caches\modules-2\files-2.1\org.jetbrains.kotlin\kotlin-stdlib\1.5.20\9de35cc611bcecec8edce1d56d8e659953806751\kotlin-stdlib-1.5.20.jar;C:\Users\Somesh\.gradle\caches\modules-2\files-2.1\org.jetbrains.kotlin\kotlin-script-runtime\1.5.20\4381bb58d37b84d4d1afe55ec35542dd9b77e101\kotlin-script-runtime-1.5.20.jar;C:\Users\Somesh\.gradle\caches\modules-2\files-2.1\org.jetbrains.kotlin\kotlin-daemon-embeddable\1.5.20\36c38cda019834dcd2959cc33a12768adcd94256\kotlin-daemon-embeddable-1.5.20.jar;C:\Users\Somesh\.gradle\caches\modules-2\files-2.1\org.jetbrains.intellij.deps\trove4j\1.0.20181211\216c2e14b070f334479d800987affe4054cd563f\trove4j-1.0.20181211.jar;C:\Users\Somesh\.gradle\caches\modules-2\files-2.1\org.jetbrains\annotations\13.0\919f0dfe192fb4e063e7dacadee7f8bb9a2672a9\annotations-13.0.jar;C:\Users\Somesh\.gradle\caches\modules-2\files-2.1\org.jetbrains.kotlin\kotlin-stdlib-common\1.5.20\3d79dbd48bf605f4aac1e7028981a1953e245cbb\kotlin-stdlib-common-1.5.20.jar
Launcher Type: SUN_STANDARD

[Global flags]
     intx CICompilerCount                          = 3                                         {product} {ergonomic}
     uint ConcGCThreads                            = 1                                         {product} {ergonomic}
     uint G1ConcRefinementThreads                  = 4                                         {product} {ergonomic}
   size_t G1HeapRegionSize                         = 1048576                                   {product} {ergonomic}
    uintx GCDrainStackTargetSize                   = 64                                        {product} {ergonomic}
   size_t InitialHeapSize                          = 130023424                                 {product} {ergonomic}
   size_t MarkStackSize                            = 4194304                                   {product} {ergonomic}
   size_t MaxHeapSize                              = 2071986176                                {product} {ergonomic}
   size_t MaxNewSize                               = 1242562560                                {product} {ergonomic}
   size_t MinHeapDeltaBytes                        = 1048576                                   {product} {ergonomic}
    uintx NonNMethodCodeHeapSize                   = 5830732                                {pd product} {ergonomic}
    uintx NonProfiledCodeHeapSize                  = 122913754                              {pd product} {ergonomic}
    uintx ProfiledCodeHeapSize                     = 122913754                              {pd product} {ergonomic}
    uintx ReservedCodeCacheSize                    = 251658240                              {pd product} {ergonomic}
     bool SegmentedCodeCache                       = true                                      {product} {ergonomic}
     bool UseCompressedClassPointers               = true                                 {lp64_product} {ergonomic}
     bool UseCompressedOops                        = true                                 {lp64_product} {ergonomic}
     bool UseG1GC                                  = true                                      {product} {ergonomic}
     bool UseLargePagesIndividualAllocation        = false                                  {pd product} {ergonomic}

Logging:
Log output configuration:
 #0: stdout all=warning uptime,level,tags
 #1: stderr all=off uptime,level,tags

Environment Variables:
JAVA_HOME=C:\Program Files\Java\jdk-16.0.2
PATH=C:\Program Files\Common Files\Oracle\Java\javapath;C:\Program Files (x86)\Common Files\Intel\Shared Libraries\redist\intel64\compiler;C:\WINDOWS\system32;C:\WINDOWS;C:\WINDOWS\System32\Wbem;C:\WINDOWS\System32\WindowsPowerShell\v1.0\;C:\WINDOWS\System32\OpenSSH\;C:\Program Files (x86)\Brackets\command;C:\Program Files\Java\jdk-16.0.2\bin;C:\Users\Somesh\AppData\Local\Programs\Python\Python37\Scripts\;C:\Users\Somesh\AppData\Local\Programs\Python\Python37\;C:\Python27;C:\Python27\DLLs;C:\Python27\Scripts;C:\Users\Somesh\AppData\Local\Microsoft\WindowsApps;C:\Users\Somesh\AppData\Local\Programs\Git\cmd;C:\Users\Somesh\AppData\Local\Programs\Microsoft VS Code\bin
USERNAME=Somesh
OS=Windows_NT
PROCESSOR_IDENTIFIER=Intel64 Family 6 Model 142 Stepping 9, GenuineIntel



---------------  S Y S T E M  ---------------

OS: Windows 10 , 64 bit Build 18362 (10.0.18362.959)
OS uptime: 9 days 17:06 hours

CPU:total 4 (initial active 4) (2 cores per cpu, 2 threads per core) family 6 model 142 stepping 9 microcode 0xb4, cmov, cx8, fxsr, mmx, sse, sse2, sse3, ssse3, sse4.1, sse4.2, popcnt, avx, avx2, aes, clmul, erms, 3dnowpref, lzcnt, ht, tsc, tscinvbit, bmi1, bmi2, adx, fma

Memory: 4k page, system-wide physical 7899M (1118M free)
TotalPageFile size 9785M (AvailPageFile size 8M)
current process WorkingSet (physical memory assigned to process): 232M, peak: 233M
current process commit charge ("private bytes"): 326M, peak: 332M

vm_info: OpenJDK 64-Bit Server VM (11.0.10+0-b96-7249189) for windows-amd64 JRE (11.0.10+0-b96-7249189), built on Mar 31 2021 21:44:00 by "builder" with MS VC++ 14.0 (VS2015)

END.
