#
# There is insufficient memory for the Java Runtime Environment to continue.
# Native memory allocation (malloc) failed to allocate 65552 bytes for Chunk::new
# Possible reasons:
#   The system is out of physical RAM or swap space
#   The process is running with CompressedOops enabled, and the Java Heap may be blocking the growth of the native heap
# Possible solutions:
#   Reduce memory load on the system
#   Increase physical memory or swap space
#   Check if swap backing store is full
#   Decrease Java heap size (-Xmx/-Xms)
#   Decrease number of Java threads
#   Decrease Java thread stack sizes (-Xss)
#   Set larger code cache with -XX:ReservedCodeCacheSize=
#   JVM is running with Unscaled Compressed Oops mode in which the Java heap is
#     placed in the first 4GB address space. The Java Heap base address is the
#     maximum limit for the native heap growth. Please use -XX:HeapBaseMinAddress
#     to set the Java Heap base and to place the Java Heap above 4GB virtual address.
# This output file may be truncated or incomplete.
#
#  Out of Memory Error (./src/hotspot/share/memory/arena.cpp:197), pid=15300, tid=10284
#
# JRE version: OpenJDK Runtime Environment (11.0.10) (build 11.0.10+0-b96-7249189)
# Java VM: OpenJDK 64-Bit Server VM (11.0.10+0-b96-7249189, mixed mode, tiered, compressed oops, g1 gc, windows-amd64)
# No core dump will be written. Minidumps are not enabled by default on client versions of Windows
#

---------------  S U M M A R Y ------------

Command Line: --add-opens=java.base/java.util=ALL-UNNAMED --add-opens=java.base/java.lang=ALL-UNNAMED --add-opens=java.base/java.lang.invoke=ALL-UNNAMED --add-opens=java.base/java.util=ALL-UNNAMED --add-opens=java.prefs/java.util.prefs=ALL-UNNAMED --add-opens=java.prefs/java.util.prefs=ALL-UNNAMED --add-opens=java.base/java.nio.charset=ALL-UNNAMED --add-opens=java.base/java.net=ALL-UNNAMED --add-opens=java.base/java.util.concurrent.atomic=ALL-UNNAMED -Xmx2048m -Dfile.encoding=UTF-8 -Duser.country=IN -Duser.language=en -Duser.variant org.gradle.launcher.daemon.bootstrap.GradleDaemon 7.0.2

Host: Intel(R) Core(TM) i5-7200U CPU @ 2.50GHz, 4 cores, 7G,  Windows 10 , 64 bit Build 18362 (10.0.18362.959)
Time: Fri Oct  1 13:05:15 2021 India Standard Time elapsed time: 37.362598 seconds (0d 0h 0m 37s)

---------------  T H R E A D  ---------------

Current thread (0x0000013ac0493000):  JavaThread "C2 CompilerThread0" daemon [_thread_in_native, id=10284, stack(0x0000000279400000,0x0000000279500000)]


Current CompileTask:
C2:  37362 2807       4       java.util.AbstractCollection::addAll (42 bytes)

Stack: [0x0000000279400000,0x0000000279500000]
Native frames: (J=compiled Java code, j=interpreted, Vv=VM code, C=native code)
V  [jvm.dll+0x5ecfaa]
V  [jvm.dll+0x722bd5]
V  [jvm.dll+0x72412d]
V  [jvm.dll+0x7247e3]
V  [jvm.dll+0x242928]
V  [jvm.dll+0xbc4fc]
V  [jvm.dll+0xbca0c]
V  [jvm.dll+0x61903c]
V  [jvm.dll+0x619362]
V  [jvm.dll+0x61aa74]
V  [jvm.dll+0x61972d]
V  [jvm.dll+0x1fc54f]
V  [jvm.dll+0x1fa77f]
V  [jvm.dll+0x18354c]
V  [jvm.dll+0x208ee7]
V  [jvm.dll+0x207731]
V  [jvm.dll+0x6eb1cf]
V  [jvm.dll+0x6e3d45]
V  [jvm.dll+0x5ebe96]
C  [ucrtbase.dll+0x20e82]
C  [KERNEL32.DLL+0x17bd4]
C  [ntdll.dll+0x6ce51]


---------------  P R O C E S S  ---------------

Threads class SMR info:
_java_thread_list=0x0000013ac0944610, length=30, elements={
0x0000013aa5f2f000, 0x0000013abfb01800, 0x0000013abfb02800, 0x0000013abfb0f000,
0x0000013ac0487800, 0x0000013ac048a000, 0x0000013ac0493000, 0x0000013abfb1e000,
0x0000013abfb29000, 0x0000013ac05c6800, 0x0000013ac1f86800, 0x0000013ac146d800,
0x0000013ac26e1000, 0x0000013ac134f800, 0x0000013ac1678800, 0x0000013ac08a9800,
0x0000013ac1b99800, 0x0000013ac11c0000, 0x0000013ac1c54800, 0x0000013ac3823800,
0x0000013ac3824800, 0x0000013ac3820000, 0x0000013ac3821000, 0x0000013ac3822000,
0x0000013ac3822800, 0x0000013ac3827000, 0x0000013ac3825000, 0x0000013ac3826000,
0x0000013ac154e800, 0x0000013ac1554000
}

Java Threads: ( => current thread )
  0x0000013aa5f2f000 JavaThread "main" [_thread_blocked, id=5144, stack(0x0000000278800000,0x0000000278900000)]
  0x0000013abfb01800 JavaThread "Reference Handler" daemon [_thread_blocked, id=5920, stack(0x0000000278f00000,0x0000000279000000)]
  0x0000013abfb02800 JavaThread "Finalizer" daemon [_thread_blocked, id=13060, stack(0x0000000279000000,0x0000000279100000)]
  0x0000013abfb0f000 JavaThread "Signal Dispatcher" daemon [_thread_blocked, id=11120, stack(0x0000000279100000,0x0000000279200000)]
  0x0000013ac0487800 JavaThread "Attach Listener" daemon [_thread_blocked, id=3144, stack(0x0000000279200000,0x0000000279300000)]
  0x0000013ac048a000 JavaThread "Service Thread" daemon [_thread_blocked, id=6536, stack(0x0000000279300000,0x0000000279400000)]
=>0x0000013ac0493000 JavaThread "C2 CompilerThread0" daemon [_thread_in_native, id=10284, stack(0x0000000279400000,0x0000000279500000)]
  0x0000013abfb1e000 JavaThread "C1 CompilerThread0" daemon [_thread_in_native, id=13608, stack(0x0000000279500000,0x0000000279600000)]
  0x0000013abfb29000 JavaThread "Sweeper thread" daemon [_thread_blocked, id=11748, stack(0x0000000279600000,0x0000000279700000)]
  0x0000013ac05c6800 JavaThread "Common-Cleaner" daemon [_thread_blocked, id=8760, stack(0x0000000279700000,0x0000000279800000)]
  0x0000013ac1f86800 JavaThread "Daemon health stats" [_thread_blocked, id=15184, stack(0x0000000279a00000,0x0000000279b00000)]
  0x0000013ac146d800 JavaThread "Incoming local TCP Connector on port 60819" [_thread_in_native, id=7420, stack(0x0000000279b00000,0x0000000279c00000)]
  0x0000013ac26e1000 JavaThread "Daemon periodic checks" [_thread_blocked, id=5820, stack(0x0000000279c00000,0x0000000279d00000)]
  0x0000013ac134f800 JavaThread "Daemon" [_thread_blocked, id=14612, stack(0x0000000279d00000,0x0000000279e00000)]
  0x0000013ac1678800 JavaThread "Handler for socket connection from /127.0.0.1:60819 to /127.0.0.1:60820" [_thread_in_native, id=9624, stack(0x0000000279e00000,0x0000000279f00000)]
  0x0000013ac08a9800 JavaThread "Cancel handler" [_thread_blocked, id=1044, stack(0x0000000279f00000,0x000000027a000000)]
  0x0000013ac1b99800 JavaThread "Daemon worker" [_thread_in_vm, id=15356, stack(0x000000027a000000,0x000000027a100000)]
  0x0000013ac11c0000 JavaThread "Asynchronous log dispatcher for DefaultDaemonConnection: socket connection from /127.0.0.1:60819 to /127.0.0.1:60820" [_thread_blocked, id=2580, stack(0x000000027a100000,0x000000027a200000)]
  0x0000013ac1c54800 JavaThread "Stdin handler" [_thread_blocked, id=10792, stack(0x000000027a200000,0x000000027a300000)]
  0x0000013ac3823800 JavaThread "Daemon client event forwarder" [_thread_blocked, id=8228, stack(0x000000027a300000,0x000000027a400000)]
  0x0000013ac3824800 JavaThread "Cache worker for file hash cache (C:\Users\Somesh\.gradle\caches\7.0.2\fileHashes)" [_thread_blocked, id=7428, stack(0x000000027a600000,0x000000027a700000)]
  0x0000013ac3820000 JavaThread "File lock request listener" [_thread_in_native, id=4720, stack(0x000000027a700000,0x000000027a800000)]
  0x0000013ac3821000 JavaThread "Cache worker for journal cache (C:\Users\Somesh\.gradle\caches\journal-1)" [_thread_blocked, id=13148, stack(0x000000027a800000,0x000000027a900000)]
  0x0000013ac3822000 JavaThread "Cache worker for file hash cache (D:\QuizApp\.gradle\7.0.2\fileHashes)" [_thread_blocked, id=12184, stack(0x000000027a900000,0x000000027aa00000)]
  0x0000013ac3822800 JavaThread "File watcher server" daemon [_thread_in_native, id=13948, stack(0x000000027aa00000,0x000000027ab00000)]
  0x0000013ac3827000 JavaThread "File watcher consumer" daemon [_thread_blocked, id=9712, stack(0x000000027ab00000,0x000000027ac00000)]
  0x0000013ac3825000 JavaThread "Cache worker for checksums cache (D:\QuizApp\.gradle\checksums)" [_thread_blocked, id=8000, stack(0x000000027ac00000,0x000000027ad00000)]
  0x0000013ac3826000 JavaThread "Cache worker for cache directory md-supplier (C:\Users\Somesh\.gradle\caches\7.0.2\md-supplier)" [_thread_blocked, id=7592, stack(0x000000027ad00000,0x000000027ae00000)]
  0x0000013ac154e800 JavaThread "Cache worker for cache directory md-rule (C:\Users\Somesh\.gradle\caches\7.0.2\md-rule)" [_thread_blocked, id=13972, stack(0x000000027ae00000,0x000000027af00000)]
  0x0000013ac1554000 JavaThread "Cache worker for execution history cache (C:\Users\Somesh\.gradle\caches\7.0.2\executionHistory)" [_thread_blocked, id=10760, stack(0x000000027af00000,0x000000027b000000)]

Other Threads:
  0x0000013abfafb000 VMThread "VM Thread" [stack: 0x0000000278e00000,0x0000000278f00000] [id=6880]
  0x0000013ac060f800 WatcherThread [stack: 0x0000000279800000,0x0000000279900000] [id=4688]
  0x0000013aa5f47800 GCTaskThread "GC Thread#0" [stack: 0x0000000278900000,0x0000000278a00000] [id=6332]
  0x0000013ac06b1000 GCTaskThread "GC Thread#1" [stack: 0x0000000279900000,0x0000000279a00000] [id=9164]
  0x0000013ac157d800 GCTaskThread "GC Thread#2" [stack: 0x000000027a400000,0x000000027a500000] [id=9264]
  0x0000013ac060e800 GCTaskThread "GC Thread#3" [stack: 0x000000027a500000,0x000000027a600000] [id=4988]
  0x0000013aa5f78800 ConcurrentGCThread "G1 Main Marker" [stack: 0x0000000278a00000,0x0000000278b00000] [id=10612]
  0x0000013aa5f7a000 ConcurrentGCThread "G1 Conc#0" [stack: 0x0000000278b00000,0x0000000278c00000] [id=10912]
  0x0000013abf950800 ConcurrentGCThread "G1 Refine#0" [stack: 0x0000000278c00000,0x0000000278d00000] [id=5336]
  0x0000013abf951800 ConcurrentGCThread "G1 Young RemSet Sampling" [stack: 0x0000000278d00000,0x0000000278e00000] [id=13076]

Threads with active compile tasks:
C2 CompilerThread0  42016 2807       4       java.util.AbstractCollection::addAll (42 bytes)
C1 CompilerThread0  42016 2817       3       groovy.lang.MetaClassImpl$1MOPIter::methodNameAction (325 bytes)

VM state:synchronizing (normal execution)

VM Mutex/Monitor currently owned by a thread:  ([mutex/lock_event])
[0x0000013aa5f29920] Threads_lock - owner thread: 0x0000013abfafb000

Heap address: 0x0000000080000000, size: 2048 MB, Compressed Oops mode: 32-bit
Narrow klass base: 0x0000000000000000, Narrow klass shift: 3
Compressed class space size: 1073741824 Address: 0x0000000100000000

Heap:
 garbage-first heap   total 126976K, used 24434K [0x0000000080000000, 0x0000000100000000)
  region size 1024K, 9 young (9216K), 5 survivors (5120K)
 Metaspace       used 34125K, capacity 34970K, committed 35328K, reserved 1079296K
  class space    used 4426K, capacity 4745K, committed 4864K, reserved 1048576K
Heap Regions: E=young(eden), S=young(survivor), O=old, HS=humongous(starts), HC=humongous(continues), CS=collection set, F=free, A=archive, TAMS=top-at-mark-start (previous, next)
|   0|0x0000000080000000, 0x0000000080100000, 0x0000000080100000|100%| O|  |TAMS 0x0000000080100000, 0x0000000080000000| Untracked 
|   1|0x0000000080100000, 0x0000000080200000, 0x0000000080200000|100%| O|  |TAMS 0x0000000080200000, 0x0000000080100000| Untracked 
|   2|0x0000000080200000, 0x0000000080300000, 0x0000000080300000|100%| O|  |TAMS 0x0000000080300000, 0x0000000080200000| Untracked 
|   3|0x0000000080300000, 0x0000000080400000, 0x0000000080400000|100%|HS|  |TAMS 0x0000000080400000, 0x0000000080300000| Complete 
|   4|0x0000000080400000, 0x0000000080500000, 0x0000000080500000|100%|HC|  |TAMS 0x0000000080500000, 0x0000000080400000| Complete 
|   5|0x0000000080500000, 0x0000000080600000, 0x0000000080600000|100%|HC|  |TAMS 0x0000000080600000, 0x0000000080500000| Complete 
|   6|0x0000000080600000, 0x0000000080700000, 0x0000000080700000|100%| O|  |TAMS 0x0000000080700000, 0x0000000080600000| Untracked 
|   7|0x0000000080700000, 0x0000000080800000, 0x0000000080800000|100%| O|  |TAMS 0x0000000080800000, 0x0000000080700000| Untracked 
|   8|0x0000000080800000, 0x0000000080900000, 0x0000000080900000|100%| O|  |TAMS 0x0000000080900000, 0x0000000080800000| Untracked 
|   9|0x0000000080900000, 0x0000000080a00000, 0x0000000080a00000|100%| O|  |TAMS 0x0000000080a00000, 0x0000000080900000| Untracked 
|  10|0x0000000080a00000, 0x0000000080b00000, 0x0000000080b00000|100%| O|  |TAMS 0x0000000080b00000, 0x0000000080a00000| Untracked 
|  11|0x0000000080b00000, 0x0000000080c00000, 0x0000000080c00000|100%| O|  |TAMS 0x0000000080c00000, 0x0000000080b00000| Untracked 
|  12|0x0000000080c00000, 0x0000000080d00000, 0x0000000080d00000|100%| O|  |TAMS 0x0000000080d00000, 0x0000000080c00000| Untracked 
|  13|0x0000000080d00000, 0x0000000080e00000, 0x0000000080e00000|100%| O|  |TAMS 0x0000000080e00000, 0x0000000080d00000| Untracked 
|  14|0x0000000080e00000, 0x0000000080f00000, 0x0000000080f00000|100%| O|  |TAMS 0x0000000080f00000, 0x0000000080e00000| Untracked 
|  15|0x0000000080f00000, 0x0000000081000000, 0x0000000081000000|100%| O|  |TAMS 0x0000000081000000, 0x0000000080f00000| Untracked 
|  16|0x0000000081000000, 0x000000008103b400, 0x0000000081100000| 23%| O|  |TAMS 0x000000008103b400, 0x0000000081000000| Untracked 
|  17|0x0000000081100000, 0x0000000081100000, 0x0000000081200000|  0%| F|  |TAMS 0x0000000081100000, 0x0000000081100000| Untracked 
|  18|0x0000000081200000, 0x0000000081200000, 0x0000000081300000|  0%| F|  |TAMS 0x0000000081200000, 0x0000000081200000| Untracked 
|  19|0x0000000081300000, 0x0000000081300000, 0x0000000081400000|  0%| F|  |TAMS 0x0000000081300000, 0x0000000081300000| Untracked 
|  20|0x0000000081400000, 0x0000000081400000, 0x0000000081500000|  0%| F|  |TAMS 0x0000000081400000, 0x0000000081400000| Untracked 
|  21|0x0000000081500000, 0x0000000081500000, 0x0000000081600000|  0%| F|  |TAMS 0x0000000081500000, 0x0000000081500000| Untracked 
|  22|0x0000000081600000, 0x0000000081600000, 0x0000000081700000|  0%| F|  |TAMS 0x0000000081600000, 0x0000000081600000| Untracked 
|  23|0x0000000081700000, 0x0000000081700000, 0x0000000081800000|  0%| F|  |TAMS 0x0000000081700000, 0x0000000081700000| Untracked 
|  24|0x0000000081800000, 0x0000000081800000, 0x0000000081900000|  0%| F|  |TAMS 0x0000000081800000, 0x0000000081800000| Untracked 
|  25|0x0000000081900000, 0x0000000081900000, 0x0000000081a00000|  0%| F|  |TAMS 0x0000000081900000, 0x0000000081900000| Untracked 
|  26|0x0000000081a00000, 0x0000000081a00000, 0x0000000081b00000|  0%| F|  |TAMS 0x0000000081a00000, 0x0000000081a00000| Untracked 
|  27|0x0000000081b00000, 0x0000000081b00000, 0x0000000081c00000|  0%| F|  |TAMS 0x0000000081b00000, 0x0000000081b00000| Untracked 
|  28|0x0000000081c00000, 0x0000000081c00000, 0x0000000081d00000|  0%| F|  |TAMS 0x0000000081c00000, 0x0000000081c00000| Untracked 
|  29|0x0000000081d00000, 0x0000000081d00000, 0x0000000081e00000|  0%| F|  |TAMS 0x0000000081d00000, 0x0000000081d00000| Untracked 
|  30|0x0000000081e00000, 0x0000000081e00000, 0x0000000081f00000|  0%| F|  |TAMS 0x0000000081e00000, 0x0000000081e00000| Untracked 
|  31|0x0000000081f00000, 0x0000000081f00000, 0x0000000082000000|  0%| F|  |TAMS 0x0000000081f00000, 0x0000000081f00000| Untracked 
|  32|0x0000000082000000, 0x0000000082000000, 0x0000000082100000|  0%| F|  |TAMS 0x0000000082000000, 0x0000000082000000| Untracked 
|  33|0x0000000082100000, 0x0000000082100000, 0x0000000082200000|  0%| F|  |TAMS 0x0000000082100000, 0x0000000082100000| Untracked 
|  34|0x0000000082200000, 0x0000000082200000, 0x0000000082300000|  0%| F|  |TAMS 0x0000000082200000, 0x0000000082200000| Untracked 
|  35|0x0000000082300000, 0x0000000082300000, 0x0000000082400000|  0%| F|  |TAMS 0x0000000082300000, 0x0000000082300000| Untracked 
|  36|0x0000000082400000, 0x0000000082400000, 0x0000000082500000|  0%| F|  |TAMS 0x0000000082400000, 0x0000000082400000| Untracked 
|  37|0x0000000082500000, 0x0000000082500000, 0x0000000082600000|  0%| F|  |TAMS 0x0000000082500000, 0x0000000082500000| Untracked 
|  38|0x0000000082600000, 0x0000000082600000, 0x0000000082700000|  0%| F|  |TAMS 0x0000000082600000, 0x0000000082600000| Untracked 
|  39|0x0000000082700000, 0x0000000082700000, 0x0000000082800000|  0%| F|  |TAMS 0x0000000082700000, 0x0000000082700000| Untracked 
|  40|0x0000000082800000, 0x0000000082800000, 0x0000000082900000|  0%| F|  |TAMS 0x0000000082800000, 0x0000000082800000| Untracked 
|  41|0x0000000082900000, 0x0000000082900000, 0x0000000082a00000|  0%| F|  |TAMS 0x0000000082900000, 0x0000000082900000| Untracked 
|  42|0x0000000082a00000, 0x0000000082a00000, 0x0000000082b00000|  0%| F|  |TAMS 0x0000000082a00000, 0x0000000082a00000| Untracked 
|  43|0x0000000082b00000, 0x0000000082b00000, 0x0000000082c00000|  0%| F|  |TAMS 0x0000000082b00000, 0x0000000082b00000| Untracked 
|  44|0x0000000082c00000, 0x0000000082c00000, 0x0000000082d00000|  0%| F|  |TAMS 0x0000000082c00000, 0x0000000082c00000| Untracked 
|  45|0x0000000082d00000, 0x0000000082d00000, 0x0000000082e00000|  0%| F|  |TAMS 0x0000000082d00000, 0x0000000082d00000| Untracked 
|  46|0x0000000082e00000, 0x0000000082e00000, 0x0000000082f00000|  0%| F|  |TAMS 0x0000000082e00000, 0x0000000082e00000| Untracked 
|  47|0x0000000082f00000, 0x0000000082f00000, 0x0000000083000000|  0%| F|  |TAMS 0x0000000082f00000, 0x0000000082f00000| Untracked 
|  48|0x0000000083000000, 0x0000000083000000, 0x0000000083100000|  0%| F|  |TAMS 0x0000000083000000, 0x0000000083000000| Untracked 
|  49|0x0000000083100000, 0x0000000083100000, 0x0000000083200000|  0%| F|  |TAMS 0x0000000083100000, 0x0000000083100000| Untracked 
|  50|0x0000000083200000, 0x0000000083200000, 0x0000000083300000|  0%| F|  |TAMS 0x0000000083200000, 0x0000000083200000| Untracked 
|  51|0x0000000083300000, 0x0000000083300000, 0x0000000083400000|  0%| F|  |TAMS 0x0000000083300000, 0x0000000083300000| Untracked 
|  52|0x0000000083400000, 0x0000000083400000, 0x0000000083500000|  0%| F|  |TAMS 0x0000000083400000, 0x0000000083400000| Untracked 
|  53|0x0000000083500000, 0x0000000083500000, 0x0000000083600000|  0%| F|  |TAMS 0x0000000083500000, 0x0000000083500000| Untracked 
|  54|0x0000000083600000, 0x0000000083600000, 0x0000000083700000|  0%| F|  |TAMS 0x0000000083600000, 0x0000000083600000| Untracked 
|  55|0x0000000083700000, 0x0000000083700000, 0x0000000083800000|  0%| F|  |TAMS 0x0000000083700000, 0x0000000083700000| Untracked 
|  56|0x0000000083800000, 0x0000000083800000, 0x0000000083900000|  0%| F|  |TAMS 0x0000000083800000, 0x0000000083800000| Untracked 
|  57|0x0000000083900000, 0x0000000083900000, 0x0000000083a00000|  0%| F|  |TAMS 0x0000000083900000, 0x0000000083900000| Untracked 
|  58|0x0000000083a00000, 0x0000000083a00000, 0x0000000083b00000|  0%| F|  |TAMS 0x0000000083a00000, 0x0000000083a00000| Untracked 
|  59|0x0000000083b00000, 0x0000000083b00000, 0x0000000083c00000|  0%| F|  |TAMS 0x0000000083b00000, 0x0000000083b00000| Untracked 
|  60|0x0000000083c00000, 0x0000000083c00000, 0x0000000083d00000|  0%| F|  |TAMS 0x0000000083c00000, 0x0000000083c00000| Untracked 
|  61|0x0000000083d00000, 0x0000000083d00000, 0x0000000083e00000|  0%| F|  |TAMS 0x0000000083d00000, 0x0000000083d00000| Untracked 
|  62|0x0000000083e00000, 0x0000000083e00000, 0x0000000083f00000|  0%| F|  |TAMS 0x0000000083e00000, 0x0000000083e00000| Untracked 
|  63|0x0000000083f00000, 0x0000000083f00000, 0x0000000084000000|  0%| F|  |TAMS 0x0000000083f00000, 0x0000000083f00000| Untracked 
|  64|0x0000000084000000, 0x00000000840a1738, 0x0000000084100000| 63%| S|CS|TAMS 0x0000000084000000, 0x0000000084000000| Complete 
|  65|0x0000000084100000, 0x0000000084200000, 0x0000000084200000|100%| S|CS|TAMS 0x0000000084100000, 0x0000000084100000| Complete 
|  66|0x0000000084200000, 0x0000000084300000, 0x0000000084300000|100%| S|CS|TAMS 0x0000000084200000, 0x0000000084200000| Complete 
|  67|0x0000000084300000, 0x0000000084400000, 0x0000000084400000|100%| S|CS|TAMS 0x0000000084300000, 0x0000000084300000| Complete 
|  68|0x0000000084400000, 0x0000000084500000, 0x0000000084500000|100%| S|CS|TAMS 0x0000000084400000, 0x0000000084400000| Complete 
|  69|0x0000000084500000, 0x0000000084500000, 0x0000000084600000|  0%| F|  |TAMS 0x0000000084500000, 0x0000000084500000| Untracked 
|  70|0x0000000084600000, 0x0000000084600000, 0x0000000084700000|  0%| F|  |TAMS 0x0000000084600000, 0x0000000084600000| Untracked 
|  71|0x0000000084700000, 0x0000000084700000, 0x0000000084800000|  0%| F|  |TAMS 0x0000000084700000, 0x0000000084700000| Untracked 
|  72|0x0000000084800000, 0x0000000084800000, 0x0000000084900000|  0%| F|  |TAMS 0x0000000084800000, 0x0000000084800000| Untracked 
|  73|0x0000000084900000, 0x0000000084900000, 0x0000000084a00000|  0%| F|  |TAMS 0x0000000084900000, 0x0000000084900000| Untracked 
|  74|0x0000000084a00000, 0x0000000084a00000, 0x0000000084b00000|  0%| F|  |TAMS 0x0000000084a00000, 0x0000000084a00000| Untracked 
|  75|0x0000000084b00000, 0x0000000084b00000, 0x0000000084c00000|  0%| F|  |TAMS 0x0000000084b00000, 0x0000000084b00000| Untracked 
|  76|0x0000000084c00000, 0x0000000084c00000, 0x0000000084d00000|  0%| F|  |TAMS 0x0000000084c00000, 0x0000000084c00000| Untracked 
|  77|0x0000000084d00000, 0x0000000084d00000, 0x0000000084e00000|  0%| F|  |TAMS 0x0000000084d00000, 0x0000000084d00000| Untracked 
|  78|0x0000000084e00000, 0x0000000084e00000, 0x0000000084f00000|  0%| F|  |TAMS 0x0000000084e00000, 0x0000000084e00000| Untracked 
|  79|0x0000000084f00000, 0x0000000084f00000, 0x0000000085000000|  0%| F|  |TAMS 0x0000000084f00000, 0x0000000084f00000| Untracked 
|  80|0x0000000085000000, 0x0000000085000000, 0x0000000085100000|  0%| F|  |TAMS 0x0000000085000000, 0x0000000085000000| Untracked 
|  81|0x0000000085100000, 0x0000000085100000, 0x0000000085200000|  0%| F|  |TAMS 0x0000000085100000, 0x0000000085100000| Untracked 
|  82|0x0000000085200000, 0x0000000085200000, 0x0000000085300000|  0%| F|  |TAMS 0x0000000085200000, 0x0000000085200000| Untracked 
|  83|0x0000000085300000, 0x0000000085300000, 0x0000000085400000|  0%| F|  |TAMS 0x0000000085300000, 0x0000000085300000| Untracked 
|  84|0x0000000085400000, 0x0000000085400000, 0x0000000085500000|  0%| F|  |TAMS 0x0000000085400000, 0x0000000085400000| Untracked 
|  85|0x0000000085500000, 0x0000000085500000, 0x0000000085600000|  0%| F|  |TAMS 0x0000000085500000, 0x0000000085500000| Untracked 
|  86|0x0000000085600000, 0x0000000085600000, 0x0000000085700000|  0%| F|  |TAMS 0x0000000085600000, 0x0000000085600000| Untracked 
|  87|0x0000000085700000, 0x0000000085700000, 0x0000000085800000|  0%| F|  |TAMS 0x0000000085700000, 0x0000000085700000| Untracked 
|  88|0x0000000085800000, 0x0000000085800000, 0x0000000085900000|  0%| F|  |TAMS 0x0000000085800000, 0x0000000085800000| Untracked 
|  89|0x0000000085900000, 0x0000000085900000, 0x0000000085a00000|  0%| F|  |TAMS 0x0000000085900000, 0x0000000085900000| Untracked 
|  90|0x0000000085a00000, 0x0000000085a00000, 0x0000000085b00000|  0%| F|  |TAMS 0x0000000085a00000, 0x0000000085a00000| Untracked 
|  91|0x0000000085b00000, 0x0000000085b00000, 0x0000000085c00000|  0%| F|  |TAMS 0x0000000085b00000, 0x0000000085b00000| Untracked 
|  92|0x0000000085c00000, 0x0000000085c00000, 0x0000000085d00000|  0%| F|  |TAMS 0x0000000085c00000, 0x0000000085c00000| Untracked 
|  93|0x0000000085d00000, 0x0000000085d00000, 0x0000000085e00000|  0%| F|  |TAMS 0x0000000085d00000, 0x0000000085d00000| Untracked 
|  94|0x0000000085e00000, 0x0000000085e00000, 0x0000000085f00000|  0%| F|  |TAMS 0x0000000085e00000, 0x0000000085e00000| Untracked 
|  95|0x0000000085f00000, 0x0000000085f00000, 0x0000000086000000|  0%| F|  |TAMS 0x0000000085f00000, 0x0000000085f00000| Untracked 
|  96|0x0000000086000000, 0x0000000086000000, 0x0000000086100000|  0%| F|  |TAMS 0x0000000086000000, 0x0000000086000000| Untracked 
|  97|0x0000000086100000, 0x0000000086100000, 0x0000000086200000|  0%| F|  |TAMS 0x0000000086100000, 0x0000000086100000| Untracked 
|  98|0x0000000086200000, 0x0000000086200000, 0x0000000086300000|  0%| F|  |TAMS 0x0000000086200000, 0x0000000086200000| Untracked 
|  99|0x0000000086300000, 0x0000000086300000, 0x0000000086400000|  0%| F|  |TAMS 0x0000000086300000, 0x0000000086300000| Untracked 
| 100|0x0000000086400000, 0x0000000086400000, 0x0000000086500000|  0%| F|  |TAMS 0x0000000086400000, 0x0000000086400000| Untracked 
| 101|0x0000000086500000, 0x0000000086500000, 0x0000000086600000|  0%| F|  |TAMS 0x0000000086500000, 0x0000000086500000| Untracked 
| 102|0x0000000086600000, 0x0000000086600000, 0x0000000086700000|  0%| F|  |TAMS 0x0000000086600000, 0x0000000086600000| Untracked 
| 103|0x0000000086700000, 0x0000000086700000, 0x0000000086800000|  0%| F|  |TAMS 0x0000000086700000, 0x0000000086700000| Untracked 
| 104|0x0000000086800000, 0x0000000086800000, 0x0000000086900000|  0%| F|  |TAMS 0x0000000086800000, 0x0000000086800000| Untracked 
| 105|0x0000000086900000, 0x0000000086900000, 0x0000000086a00000|  0%| F|  |TAMS 0x0000000086900000, 0x0000000086900000| Untracked 
| 106|0x0000000086a00000, 0x0000000086a00000, 0x0000000086b00000|  0%| F|  |TAMS 0x0000000086a00000, 0x0000000086a00000| Untracked 
| 107|0x0000000086b00000, 0x0000000086b00000, 0x0000000086c00000|  0%| F|  |TAMS 0x0000000086b00000, 0x0000000086b00000| Untracked 
| 108|0x0000000086c00000, 0x0000000086c00000, 0x0000000086d00000|  0%| F|  |TAMS 0x0000000086c00000, 0x0000000086c00000| Untracked 
| 109|0x0000000086d00000, 0x0000000086d00000, 0x0000000086e00000|  0%| F|  |TAMS 0x0000000086d00000, 0x0000000086d00000| Untracked 
| 110|0x0000000086e00000, 0x0000000086e00000, 0x0000000086f00000|  0%| F|  |TAMS 0x0000000086e00000, 0x0000000086e00000| Untracked 
| 111|0x0000000086f00000, 0x0000000086f00000, 0x0000000087000000|  0%| F|  |TAMS 0x0000000086f00000, 0x0000000086f00000| Untracked 
| 112|0x0000000087000000, 0x0000000087000000, 0x0000000087100000|  0%| F|  |TAMS 0x0000000087000000, 0x0000000087000000| Untracked 
| 113|0x0000000087100000, 0x0000000087100000, 0x0000000087200000|  0%| F|  |TAMS 0x0000000087100000, 0x0000000087100000| Untracked 
| 114|0x0000000087200000, 0x0000000087200000, 0x0000000087300000|  0%| F|  |TAMS 0x0000000087200000, 0x0000000087200000| Untracked 
| 115|0x0000000087300000, 0x0000000087300000, 0x0000000087400000|  0%| F|  |TAMS 0x0000000087300000, 0x0000000087300000| Untracked 
| 116|0x0000000087400000, 0x0000000087400000, 0x0000000087500000|  0%| F|  |TAMS 0x0000000087400000, 0x0000000087400000| Untracked 
| 117|0x0000000087500000, 0x0000000087500000, 0x0000000087600000|  0%| F|  |TAMS 0x0000000087500000, 0x0000000087500000| Untracked 
| 118|0x0000000087600000, 0x0000000087600000, 0x0000000087700000|  0%| F|  |TAMS 0x0000000087600000, 0x0000000087600000| Untracked 
| 119|0x0000000087700000, 0x0000000087700000, 0x0000000087800000|  0%| F|  |TAMS 0x0000000087700000, 0x0000000087700000| Untracked 
| 120|0x0000000087800000, 0x0000000087900000, 0x0000000087900000|100%| E|  |TAMS 0x0000000087800000, 0x0000000087800000| Complete 
| 121|0x0000000087900000, 0x0000000087a00000, 0x0000000087a00000|100%| E|CS|TAMS 0x0000000087900000, 0x0000000087900000| Complete 
| 122|0x0000000087a00000, 0x0000000087b00000, 0x0000000087b00000|100%| E|CS|TAMS 0x0000000087a00000, 0x0000000087a00000| Complete 
| 123|0x0000000087b00000, 0x0000000087c00000, 0x0000000087c00000|100%| E|CS|TAMS 0x0000000087b00000, 0x0000000087b00000| Complete 

Card table byte_map: [0x0000013ab8e10000,0x0000013ab9210000] _byte_map_base: 0x0000013ab8a10000

Marking Bits (Prev, Next): (CMBitMap*) 0x0000013aa5f6fb00, (CMBitMap*) 0x0000013aa5f6fac8
 Prev Bits: [0x0000013abb610000, 0x0000013abd610000)
 Next Bits: [0x0000013ab9610000, 0x0000013abb610000)

Polling page: 0x0000013aa3df0000

Metaspace:

Usage:
  Non-class:     29.52 MB capacity,    29.00 MB ( 98%) used,   455.91 KB (  2%) free+waste,    70.69 KB ( <1%) overhead. 
      Class:      4.63 MB capacity,     4.32 MB ( 93%) used,   283.32 KB (  6%) free+waste,    34.75 KB ( <1%) overhead. 
       Both:     34.15 MB capacity,    33.33 MB ( 98%) used,   739.23 KB (  2%) free+waste,   105.44 KB ( <1%) overhead. 

Virtual space:
  Non-class space:       30.00 MB reserved,      29.75 MB (>99%) committed 
      Class space:        1.00 GB reserved,       4.75 MB ( <1%) committed 
             Both:        1.03 GB reserved,      34.50 MB (  3%) committed 

Chunk freelists:
   Non-Class:  47.00 KB
       Class:  23.00 KB
        Both:  70.00 KB

MaxMetaspaceSize: 17179869184.00 GB
CompressedClassSpaceSize: 1.00 GB

CodeHeap 'non-profiled nmethods': size=120064Kb used=1429Kb max_used=1429Kb free=118634Kb
 bounds [0x0000013ab14d0000, 0x0000013ab1740000, 0x0000013ab8a10000]
CodeHeap 'profiled nmethods': size=120000Kb used=5953Kb max_used=5953Kb free=114046Kb
 bounds [0x0000013aa9fa0000, 0x0000013aaa580000, 0x0000013ab14d0000]
CodeHeap 'non-nmethods': size=5696Kb used=1170Kb max_used=1199Kb free=4525Kb
 bounds [0x0000013aa9a10000, 0x0000013aa9c80000, 0x0000013aa9fa0000]
 total_blobs=3331 nmethods=2813 adapters=429
 compilation: enabled
              stopped_count=0, restarted_count=0
 full_count=0

Compilation events (20 events):
Event: 37.302 Thread 0x0000013abfb1e000 nmethod 2804 0x0000013aaa56e590 code [0x0000013aaa56e740, 0x0000013aaa56e948]
Event: 37.302 Thread 0x0000013abfb1e000 2803       3       groovy.lang.MetaClassImpl::addMetaMethodToIndex (65 bytes)
Event: 37.302 Thread 0x0000013abfb1e000 nmethod 2803 0x0000013aaa56ea10 code [0x0000013aaa56ec20, 0x0000013aaa56f118]
Event: 37.302 Thread 0x0000013abfb1e000 2808       1       org.codehaus.groovy.reflection.CachedClass::isInterface (5 bytes)
Event: 37.303 Thread 0x0000013abfb1e000 nmethod 2808 0x0000013ab1634610 code [0x0000013ab16347c0, 0x0000013ab1634878]
Event: 37.303 Thread 0x0000013abfb1e000 2810       1       org.codehaus.groovy.reflection.GeneratedMetaMethod::getModifiers (2 bytes)
Event: 37.303 Thread 0x0000013abfb1e000 nmethod 2810 0x0000013ab1634910 code [0x0000013ab1634ac0, 0x0000013ab1634b78]
Event: 37.303 Thread 0x0000013abfb1e000 2806       3       java.lang.NoSuchMethodException::<init> (6 bytes)
Event: 37.303 Thread 0x0000013abfb1e000 nmethod 2806 0x0000013aaa56f310 code [0x0000013aaa56f4e0, 0x0000013aaa56f6c8]
Event: 37.332 Thread 0x0000013abfb1e000 2811       1       org.codehaus.groovy.reflection.CachedMethod::getDeclaringClass (5 bytes)
Event: 37.332 Thread 0x0000013abfb1e000 nmethod 2811 0x0000013ab1634c10 code [0x0000013ab1634dc0, 0x0000013ab1634e78]
Event: 37.332 Thread 0x0000013abfb1e000 2812       3       org.codehaus.groovy.runtime.metaclass.MetaMethodIndex::isMatchingMethod (61 bytes)
Event: 37.333 Thread 0x0000013abfb1e000 nmethod 2812 0x0000013aaa56f790 code [0x0000013aaa56f980, 0x0000013aaa56fef8]
Event: 37.333 Thread 0x0000013abfb1e000 2813       1       org.codehaus.groovy.util.FastArray::size (5 bytes)
Event: 37.333 Thread 0x0000013abfb1e000 nmethod 2813 0x0000013ab1634f10 code [0x0000013ab16350c0, 0x0000013ab1635178]
Event: 37.333 Thread 0x0000013abfb1e000 2814       1       org.codehaus.groovy.util.FastArray::getArray (5 bytes)
Event: 37.333 Thread 0x0000013abfb1e000 nmethod 2814 0x0000013ab1635210 code [0x0000013ab16353c0, 0x0000013ab1635478]
Event: 37.334 Thread 0x0000013abfb1e000 2815       3       java.util.Arrays::binarySearch (10 bytes)
Event: 37.334 Thread 0x0000013abfb1e000 nmethod 2815 0x0000013aaa570110 code [0x0000013aaa5702c0, 0x0000013aaa5703e8]
Event: 37.334 Thread 0x0000013abfb1e000 2817       3       groovy.lang.MetaClassImpl$1MOPIter::methodNameAction (325 bytes)

GC Heap History (14 events):
Event: 2.306 GC heap before
{Heap before GC invocations=0 (full 0):
 garbage-first heap   total 126976K, used 19456K [0x0000000080000000, 0x0000000100000000)
  region size 1024K, 14 young (14336K), 0 survivors (0K)
 Metaspace       used 6749K, capacity 6925K, committed 7168K, reserved 1056768K
  class space    used 582K, capacity 650K, committed 768K, reserved 1048576K
}
Event: 2.314 GC heap after
{Heap after GC invocations=1 (full 0):
 garbage-first heap   total 126976K, used 7785K [0x0000000080000000, 0x0000000100000000)
  region size 1024K, 2 young (2048K), 2 survivors (2048K)
 Metaspace       used 6749K, capacity 6925K, committed 7168K, reserved 1056768K
  class space    used 582K, capacity 650K, committed 768K, reserved 1048576K
}
Event: 3.275 GC heap before
{Heap before GC invocations=1 (full 0):
 garbage-first heap   total 126976K, used 19049K [0x0000000080000000, 0x0000000100000000)
  region size 1024K, 13 young (13312K), 2 survivors (2048K)
 Metaspace       used 10199K, capacity 10367K, committed 10624K, reserved 1058816K
  class space    used 1064K, capacity 1141K, committed 1152K, reserved 1048576K
}
Event: 3.281 GC heap after
{Heap after GC invocations=2 (full 0):
 garbage-first heap   total 126976K, used 9335K [0x0000000080000000, 0x0000000100000000)
  region size 1024K, 2 young (2048K), 2 survivors (2048K)
 Metaspace       used 10199K, capacity 10367K, committed 10624K, reserved 1058816K
  class space    used 1064K, capacity 1141K, committed 1152K, reserved 1048576K
}
Event: 5.647 GC heap before
{Heap before GC invocations=2 (full 0):
 garbage-first heap   total 126976K, used 36983K [0x0000000080000000, 0x0000000100000000)
  region size 1024K, 29 young (29696K), 2 survivors (2048K)
 Metaspace       used 11143K, capacity 11384K, committed 11520K, reserved 1058816K
  class space    used 1166K, capacity 1245K, committed 1280K, reserved 1048576K
}
Event: 5.653 GC heap after
{Heap after GC invocations=3 (full 0):
 garbage-first heap   total 126976K, used 12737K [0x0000000080000000, 0x0000000100000000)
  region size 1024K, 4 young (4096K), 4 survivors (4096K)
 Metaspace       used 11143K, capacity 11384K, committed 11520K, reserved 1058816K
  class space    used 1166K, capacity 1245K, committed 1280K, reserved 1048576K
}
Event: 12.437 GC heap before
{Heap before GC invocations=3 (full 0):
 garbage-first heap   total 126976K, used 69057K [0x0000000080000000, 0x0000000100000000)
  region size 1024K, 60 young (61440K), 4 survivors (4096K)
 Metaspace       used 19123K, capacity 19526K, committed 19712K, reserved 1067008K
  class space    used 2311K, capacity 2438K, committed 2560K, reserved 1048576K
}
Event: 12.448 GC heap after
{Heap after GC invocations=4 (full 0):
 garbage-first heap   total 126976K, used 16064K [0x0000000080000000, 0x0000000100000000)
  region size 1024K, 8 young (8192K), 8 survivors (8192K)
 Metaspace       used 19123K, capacity 19526K, committed 19712K, reserved 1067008K
  class space    used 2311K, capacity 2438K, committed 2560K, reserved 1048576K
}
Event: 12.943 GC heap before
{Heap before GC invocations=4 (full 0):
 garbage-first heap   total 126976K, used 27328K [0x0000000080000000, 0x0000000100000000)
  region size 1024K, 20 young (20480K), 8 survivors (8192K)
 Metaspace       used 20586K, capacity 21096K, committed 21248K, reserved 1067008K
  class space    used 2506K, capacity 2690K, committed 2816K, reserved 1048576K
}
Event: 12.955 GC heap after
{Heap after GC invocations=5 (full 0):
 garbage-first heap   total 126976K, used 17482K [0x0000000080000000, 0x0000000100000000)
  region size 1024K, 1 young (1024K), 1 survivors (1024K)
 Metaspace       used 20586K, capacity 21096K, committed 21248K, reserved 1067008K
  class space    used 2506K, capacity 2690K, committed 2816K, reserved 1048576K
}
Event: 15.612 GC heap before
{Heap before GC invocations=6 (full 0):
 garbage-first heap   total 126976K, used 66634K [0x0000000080000000, 0x0000000100000000)
  region size 1024K, 49 young (50176K), 1 survivors (1024K)
 Metaspace       used 25676K, capacity 26332K, committed 26368K, reserved 1073152K
  class space    used 3350K, capacity 3568K, committed 3584K, reserved 1048576K
}
Event: 15.622 GC heap after
{Heap after GC invocations=7 (full 0):
 garbage-first heap   total 126976K, used 18799K [0x0000000080000000, 0x0000000100000000)
  region size 1024K, 3 young (3072K), 3 survivors (3072K)
 Metaspace       used 25676K, capacity 26332K, committed 26368K, reserved 1073152K
  class space    used 3350K, capacity 3568K, committed 3584K, reserved 1048576K
}
Event: 35.819 GC heap before
{Heap before GC invocations=7 (full 0):
 garbage-first heap   total 126976K, used 72047K [0x0000000080000000, 0x0000000100000000)
  region size 1024K, 55 young (56320K), 3 survivors (3072K)
 Metaspace       used 32360K, capacity 33078K, committed 33152K, reserved 1077248K
  class space    used 4224K, capacity 4475K, committed 4480K, reserved 1048576K
}
Event: 35.828 GC heap after
{Heap after GC invocations=8 (full 0):
 garbage-first heap   total 126976K, used 21362K [0x0000000080000000, 0x0000000100000000)
  region size 1024K, 5 young (5120K), 5 survivors (5120K)
 Metaspace       used 32360K, capacity 33078K, committed 33152K, reserved 1077248K
  class space    used 4224K, capacity 4475K, committed 4480K, reserved 1048576K
}

Deoptimization events (20 events):
Event: 16.415 Thread 0x0000013ac1b99800 Uncommon trap: trap_request=0xffffff4d fr.pc=0x0000013ab15ce5ac relative=0x000000000000008c
Event: 16.415 Thread 0x0000013ac1b99800 Uncommon trap: reason=unstable_if action=reinterpret pc=0x0000013ab15ce5ac method=java.util.HashMap.hash(Ljava/lang/Object;)I @ 1 c2
Event: 16.415 Thread 0x0000013ac1b99800 DEOPT PACKING pc=0x0000013ab15ce5ac sp=0x000000027a0f8f60
Event: 16.415 Thread 0x0000013ac1b99800 DEOPT UNPACKING pc=0x0000013aa9a378af sp=0x000000027a0f8ef8 mode 2
Event: 21.969 Thread 0x0000013ac1b99800 Uncommon trap: trap_request=0xffffff4d fr.pc=0x0000013ab15cd934 relative=0x0000000000000234
Event: 21.969 Thread 0x0000013ac1b99800 Uncommon trap: reason=unstable_if action=reinterpret pc=0x0000013ab15cd934 method=java.util.HashMap.putVal(ILjava/lang/Object;Ljava/lang/Object;ZZ)Ljava/lang/Object; @ 162 c2
Event: 21.969 Thread 0x0000013ac1b99800 DEOPT PACKING pc=0x0000013ab15cd934 sp=0x000000027a0fac20
Event: 21.969 Thread 0x0000013ac1b99800 DEOPT UNPACKING pc=0x0000013aa9a378af sp=0x000000027a0fab30 mode 2
Event: 35.453 Thread 0x0000013ac1f86800 Uncommon trap: trap_request=0xffffffde fr.pc=0x0000013ab162cb8c relative=0x000000000000030c
Event: 35.453 Thread 0x0000013ac1f86800 Uncommon trap: reason=class_check action=maybe_recompile pc=0x0000013ab162cb8c method=java.util.stream.ReferencePipeline.forEachWithCancel(Ljava/util/Spliterator;Ljava/util/stream/Sink;)Z @ 1 c2
Event: 35.453 Thread 0x0000013ac1f86800 DEOPT PACKING pc=0x0000013ab162cb8c sp=0x0000000279afef40
Event: 35.453 Thread 0x0000013ac1f86800 DEOPT UNPACKING pc=0x0000013aa9a378af sp=0x0000000279afeee0 mode 2
Event: 35.833 Thread 0x0000013ac1b99800 Uncommon trap: trap_request=0xffffff4d fr.pc=0x0000013ab15d4ce4 relative=0x0000000000005144
Event: 35.834 Thread 0x0000013ac1b99800 Uncommon trap: reason=unstable_if action=reinterpret pc=0x0000013ab15d4ce4 method=jdk.internal.loader.BuiltinClassLoader.loadClassOrNull(Ljava/lang/String;Z)Ljava/lang/Class; @ 42 c2
Event: 35.834 Thread 0x0000013ac1b99800 DEOPT PACKING pc=0x0000013ab15d4ce4 sp=0x000000027a0f5780
Event: 35.834 Thread 0x0000013ac1b99800 DEOPT UNPACKING pc=0x0000013aa9a378af sp=0x000000027a0f5600 mode 2
Event: 36.453 Thread 0x0000013ac1f86800 Uncommon trap: trap_request=0xffffffde fr.pc=0x0000013ab162cb8c relative=0x000000000000030c
Event: 36.453 Thread 0x0000013ac1f86800 Uncommon trap: reason=class_check action=maybe_recompile pc=0x0000013ab162cb8c method=java.util.stream.ReferencePipeline.forEachWithCancel(Ljava/util/Spliterator;Ljava/util/stream/Sink;)Z @ 1 c2
Event: 36.453 Thread 0x0000013ac1f86800 DEOPT PACKING pc=0x0000013ab162cb8c sp=0x0000000279afef40
Event: 36.454 Thread 0x0000013ac1f86800 DEOPT UNPACKING pc=0x0000013aa9a378af sp=0x0000000279afeee0 mode 2

Classes redefined (0 events):
No events

Internal exceptions (20 events):
Event: 14.167 Thread 0x0000013ac1b99800 Exception <a 'java/lang/NoSuchMethodError'{0x00000000861bd190}: 'void java.lang.invoke.DirectMethodHandle$Holder.invokeSpecial(java.lang.Object, java.lang.Object, java.lang.Object, java.lang.Object, java.lang.Object, java.lang.Object, java.lang.Object)'> (0x00000000861bd190) thrown at [./src/hotspot/share/interpreter/linkResolver.cpp, line 773]
Event: 14.168 Thread 0x0000013ac1b99800 Exception <a 'java/lang/NoSuchMethodError'{0x00000000861c5628}: 'java.lang.Object java.lang.invoke.Invokers$Holder.linkToTargetMethod(java.lang.Object, java.lang.Object, java.lang.Object, java.lang.Object, java.lang.Object, java.lang.Object)'> (0x00000000861c5628) thrown at [./src/hotspot/share/interpreter/linkResolver.cpp, line 773]
Event: 15.068 Thread 0x0000013ac1b99800 Exception <a 'java/lang/NoSuchMethodError'{0x00000000854ff160}: 'void java.lang.invoke.DirectMethodHandle$Holder.invokeStaticInit(java.lang.Object, java.lang.Object)'> (0x00000000854ff160) thrown at [./src/hotspot/share/interpreter/linkResolver.cpp, line 773]
Event: 15.454 Thread 0x0000013ac1b99800 Exception <a 'java/lang/NoSuchMethodError'{0x0000000084d3cce8}: 'void java.lang.invoke.DirectMethodHandle$Holder.invokeStatic(java.lang.Object, java.lang.Object, java.lang.Object, java.lang.Object)'> (0x0000000084d3cce8) thrown at [./src/hotspot/share/interpreter/linkResolver.cpp, line 773]
Event: 15.458 Thread 0x0000013ac1b99800 Exception <a 'java/lang/NoSuchMethodError'{0x0000000084d50708}: 'int java.lang.invoke.DirectMethodHandle$Holder.invokeInterface(java.lang.Object, java.lang.Object)'> (0x0000000084d50708) thrown at [./src/hotspot/share/interpreter/linkResolver.cpp, line 773]
Event: 15.989 Thread 0x0000013ac1b99800 Exception <a 'java/lang/NoSuchMethodError'{0x00000000873c75a8}: 'java.lang.Object java.lang.invoke.DirectMethodHandle$Holder.invokeSpecialIFC(java.lang.Object, java.lang.Object, java.lang.Object, java.lang.Object)'> (0x00000000873c75a8) thrown at [./src/hotspot/share/interpreter/linkResolver.cpp, line 773]
Event: 16.027 Thread 0x0000013ac1b99800 Exception <a 'java/lang/NoSuchMethodError'{0x00000000872a8fb0}: 'java.lang.Object java.lang.invoke.DirectMethodHandle$Holder.invokeSpecial(java.lang.Object, java.lang.Object, java.lang.Object, java.lang.Object, java.lang.Object, java.lang.Object, java.lang.Object, java.lang.Object, java.lang.Object, java.lang.Object, java.lang.Object, java.lang.Object, java.lang.Object)'> (0x00000000872a8fb0) thrown at [./src/hotspot/share/interpreter/linkResolver.cpp, line 773]
Event: 16.029 Thread 0x0000013ac1b99800 Exception <a 'java/lang/NoSuchMethodError'{0x00000000872ba238}: 'java.lang.Object java.lang.invoke.DirectMethodHandle$Holder.invokeSpecial(java.lang.Object, java.lang.Object, java.lang.Object, java.lang.Object, java.lang.Object, java.lang.Object, java.lang.Object, java.lang.Object, java.lang.Object, java.lang.Object, java.lang.Object, java.lang.Object)'> (0x00000000872ba238) thrown at [./src/hotspot/share/interpreter/linkResolver.cpp, line 773]
Event: 16.030 Thread 0x0000013ac1b99800 Exception <a 'java/lang/NoSuchMethodError'{0x00000000872bf360}: 'java.lang.Object java.lang.invoke.Invokers$Holder.linkToTargetMethod(java.lang.Object, java.lang.Object, java.lang.Object, java.lang.Object, java.lang.Object, java.lang.Object, java.lang.Object, java.lang.Object, java.lang.Object, java.lang.Object, java.lang.Object)'> (0x00000000872bf360) thrown at [./src/hotspot/share/interpreter/linkResolver.cpp, line 773]
Event: 16.055 Thread 0x0000013ac1b99800 Exception <a 'java/lang/NoSuchMethodError'{0x000000008700a620}: 'java.lang.Object java.lang.invoke.DirectMethodHandle$Holder.invokeSpecial(java.lang.Object, java.lang.Object, java.lang.Object, java.lang.Object, java.lang.Object, java.lang.Object, java.lang.Object, java.lang.Object, java.lang.Object, java.lang.Object, java.lang.Object, java.lang.Object, java.lang.Object, java.lang.Object)'> (0x000000008700a620) thrown at [./src/hotspot/share/interpreter/linkResolver.cpp, line 773]
Event: 16.058 Thread 0x0000013ac1b99800 Exception <a 'java/lang/NoSuchMethodError'{0x000000008701bc18}: 'java.lang.Object java.lang.invoke.Invokers$Holder.linkToTargetMethod(java.lang.Object, java.lang.Object, java.lang.Object, java.lang.Object, java.lang.Object, java.lang.Object, java.lang.Object, java.lang.Object, java.lang.Object, java.lang.Object, java.lang.Object, java.lang.Object)'> (0x000000008701bc18) thrown at [./src/hotspot/share/interpreter/linkResolver.cpp, line 773]
Event: 16.082 Thread 0x0000013ac1b99800 Exception <a 'java/lang/NoSuchMethodError'{0x00000000870b0458}: 'java.lang.Object java.lang.invoke.DirectMethodHandle$Holder.invokeStaticInit(java.lang.Object, java.lang.Object, java.lang.Object, java.lang.Object)'> (0x00000000870b0458) thrown at [./src/hotspot/share/interpreter/linkResolver.cpp, line 773]
Event: 16.415 Thread 0x0000013ac1b99800 Implicit null exception at 0x0000013ab15ee375 to 0x0000013ab15ee53c
Event: 16.415 Thread 0x0000013ac1b99800 Implicit null exception at 0x0000013ab15ce52f to 0x0000013ab15ce59d
Event: 34.810 Thread 0x0000013ac1b99800 Exception <a 'java/lang/NoSuchMethodError'{0x0000000084c9ea68}: 'void java.lang.invoke.DirectMethodHandle$Holder.invokeStaticInit(java.lang.Object, java.lang.Object, java.lang.Object)'> (0x0000000084c9ea68) thrown at [./src/hotspot/share/interpreter/linkResolver.cpp, line 773]
Event: 34.811 Thread 0x0000013ac1b99800 Exception <a 'java/lang/NoSuchMethodError'{0x0000000084ca5840}: 'void java.lang.invoke.DirectMethodHandle$Holder.invokeStaticInit(java.lang.Object, java.lang.Object, java.lang.Object, java.lang.Object)'> (0x0000000084ca5840) thrown at [./src/hotspot/share/interpreter/linkResolver.cpp, line 773]
Event: 34.815 Thread 0x0000013ac1b99800 Exception <a 'java/lang/NoSuchMethodError'{0x0000000084cc7e78}: 'void java.lang.invoke.DirectMethodHandle$Holder.invokeStaticInit(java.lang.Object, java.lang.Object, java.lang.Object, java.lang.Object, java.lang.Object)'> (0x0000000084cc7e78) thrown at [./src/hotspot/share/interpreter/linkResolver.cpp, line 773]
Event: 34.815 Thread 0x0000013ac1b99800 Exception <a 'java/lang/NoSuchMethodError'{0x0000000084ccf588}: 'int java.lang.invoke.DirectMethodHandle$Holder.invokeStaticInit(java.lang.Object, java.lang.Object, java.lang.Object)'> (0x0000000084ccf588) thrown at [./src/hotspot/share/interpreter/linkResolver.cpp, line 773]
Event: 34.868 Thread 0x0000013ac1b99800 Exception <a 'java/lang/NoSuchMethodError'{0x0000000084b2e408}: 'int java.lang.invoke.DirectMethodHandle$Holder.invokeStaticInit(java.lang.Object, java.lang.Object, java.lang.Object, java.lang.Object)'> (0x0000000084b2e408) thrown at [./src/hotspot/share/interpreter/linkResolver.cpp, line 773]
Event: 34.869 Thread 0x0000013ac1b99800 Exception <a 'java/lang/IncompatibleClassChangeError'{0x0000000084b37968}: Found class java.lang.Object, but interface was expected> (0x0000000084b37968) thrown at [./src/hotspot/share/interpreter/linkResolver.cpp, line 839]

Events (20 events):
Event: 37.299 loading class java/lang/reflect/AnnotatedType done
Event: 37.300 loading class org/codehaus/groovy/reflection/MixinInMetaClass
Event: 37.300 loading class org/codehaus/groovy/reflection/MixinInMetaClass done
Event: 37.301 loading class org/codehaus/groovy/util/ManagedConcurrentMap
Event: 37.301 loading class org/codehaus/groovy/util/ManagedConcurrentMap done
Event: 37.301 loading class org/codehaus/groovy/util/AbstractConcurrentMap
Event: 37.301 loading class org/codehaus/groovy/util/AbstractConcurrentMap done
Event: 37.330 loading class org/codehaus/groovy/util/AbstractConcurrentMapBase
Event: 37.330 loading class org/codehaus/groovy/util/AbstractConcurrentMapBase done
Event: 37.331 loading class org/codehaus/groovy/runtime/callsite/CallSiteArray
Event: 37.331 loading class org/codehaus/groovy/runtime/callsite/CallSiteArray done
Event: 37.333 loading class groovy/lang/MetaClassImpl$1MOPIter
Event: 37.333 loading class groovy/lang/MetaClassImpl$1MOPIter done
Event: 37.334 loading class org/codehaus/groovy/reflection/CachedClass$CachedMethodComparatorWithString
Event: 37.334 loading class org/codehaus/groovy/reflection/CachedClass$CachedMethodComparatorWithString done
Event: 37.335 loading class java/beans/BeanInfo
Event: 37.335 loading class java/beans/BeanInfo done
Event: 37.335 loading class groovy/lang/MetaClassImpl
Event: 37.335 loading class groovy/lang/MetaClassImpl done
Event: 37.336 loading class java/beans/ThreadGroupContext


Dynamic libraries:
0x00007ff7687e0000 - 0x00007ff7687ea000 	C:\Program Files\Android\Android Studio1\jre\bin\java.exe
0x00007ffa1bfa0000 - 0x00007ffa1c190000 	C:\WINDOWS\SYSTEM32\ntdll.dll
0x00007ffa1b3e0000 - 0x00007ffa1b492000 	C:\WINDOWS\System32\KERNEL32.DLL
0x00007ffa19020000 - 0x00007ffa192c4000 	C:\WINDOWS\System32\KERNELBASE.dll
0x00007ffa19f20000 - 0x00007ffa1a01a000 	C:\WINDOWS\System32\ucrtbase.dll
0x00007ffa0af90000 - 0x00007ffa0afa9000 	C:\Program Files\Android\Android Studio1\jre\bin\jli.dll
0x00007ffa0a680000 - 0x00007ffa0a697000 	C:\Program Files\Android\Android Studio1\jre\bin\VCRUNTIME140.dll
0x00007ffa1bb50000 - 0x00007ffa1bce4000 	C:\WINDOWS\System32\USER32.dll
0x00007ffa1a020000 - 0x00007ffa1a041000 	C:\WINDOWS\System32\win32u.dll
0x00007ffa05400000 - 0x00007ffa05684000 	C:\WINDOWS\WinSxS\amd64_microsoft.windows.common-controls_6595b64144ccf1df_6.0.18362.959_none_e6c7bbbf130c62bb\COMCTL32.dll
0x00007ffa1b840000 - 0x00007ffa1b866000 	C:\WINDOWS\System32\GDI32.dll
0x00007ffa1a100000 - 0x00007ffa1a19e000 	C:\WINDOWS\System32\msvcrt.dll
0x00007ffa1a280000 - 0x00007ffa1a5b5000 	C:\WINDOWS\System32\combase.dll
0x00007ffa19d80000 - 0x00007ffa19f16000 	C:\WINDOWS\System32\gdi32full.dll
0x00007ffa1b870000 - 0x00007ffa1b990000 	C:\WINDOWS\System32\RPCRT4.dll
0x00007ffa19420000 - 0x00007ffa194be000 	C:\WINDOWS\System32\msvcp_win.dll
0x00007ffa19d00000 - 0x00007ffa19d80000 	C:\WINDOWS\System32\bcryptPrimitives.dll
0x00007ffa1a050000 - 0x00007ffa1a07e000 	C:\WINDOWS\System32\IMM32.DLL
0x00007ff9e92f0000 - 0x00007ff9e938d000 	C:\Program Files\Android\Android Studio1\jre\bin\msvcp140.dll
0x00007ff9b1540000 - 0x00007ff9b200f000 	C:\Program Files\Android\Android Studio1\jre\bin\server\jvm.dll
0x00007ffa1b4a0000 - 0x00007ffa1b543000 	C:\WINDOWS\System32\ADVAPI32.dll
0x00007ffa1b7a0000 - 0x00007ffa1b837000 	C:\WINDOWS\System32\sechost.dll
0x00007ffa1a1a0000 - 0x00007ffa1a1a8000 	C:\WINDOWS\System32\PSAPI.DLL
0x00007ffa154b0000 - 0x00007ffa154d4000 	C:\WINDOWS\SYSTEM32\WINMM.dll
0x00007ffa15040000 - 0x00007ffa15049000 	C:\WINDOWS\SYSTEM32\WSOCK32.dll
0x00007ffa0ff60000 - 0x00007ffa0ff6a000 	C:\WINDOWS\SYSTEM32\VERSION.dll
0x00007ffa1b9a0000 - 0x00007ffa1ba0f000 	C:\WINDOWS\System32\WS2_32.dll
0x00007ffa15480000 - 0x00007ffa154ad000 	C:\WINDOWS\SYSTEM32\WINMMBASE.dll
0x00007ffa18fd0000 - 0x00007ffa1901a000 	C:\WINDOWS\System32\cfgmgr32.dll
0x00007ffa18eb0000 - 0x00007ffa18ec1000 	C:\WINDOWS\System32\kernel.appcore.dll
0x00007ffa0a630000 - 0x00007ffa0a641000 	C:\Program Files\Android\Android Studio1\jre\bin\verify.dll
0x00007ffa015e0000 - 0x00007ffa017d4000 	C:\WINDOWS\SYSTEM32\DBGHELP.DLL
0x00007ffa015b0000 - 0x00007ffa015da000 	C:\WINDOWS\SYSTEM32\dbgcore.DLL
0x00007ffa0a5c0000 - 0x00007ffa0a5e9000 	C:\Program Files\Android\Android Studio1\jre\bin\java.dll
0x00007ffa121d0000 - 0x00007ffa121db000 	C:\Program Files\Android\Android Studio1\jre\bin\jimage.dll
0x00007ffa0a410000 - 0x00007ffa0a428000 	C:\Program Files\Android\Android Studio1\jre\bin\zip.dll
0x00007ffa1a880000 - 0x00007ffa1af66000 	C:\WINDOWS\System32\SHELL32.dll
0x00007ffa1a7d0000 - 0x00007ffa1a879000 	C:\WINDOWS\System32\shcore.dll
0x00007ffa19570000 - 0x00007ffa19cf2000 	C:\WINDOWS\System32\windows.storage.dll
0x00007ffa18ed0000 - 0x00007ffa18ef3000 	C:\WINDOWS\System32\profapi.dll
0x00007ffa18e60000 - 0x00007ffa18eaa000 	C:\WINDOWS\System32\powrprof.dll
0x00007ffa18e50000 - 0x00007ffa18e60000 	C:\WINDOWS\System32\UMPDC.dll
0x00007ffa1bdc0000 - 0x00007ffa1be12000 	C:\WINDOWS\System32\shlwapi.dll
0x00007ffa18fb0000 - 0x00007ffa18fc7000 	C:\WINDOWS\System32\cryptsp.dll
0x00007ffa0a310000 - 0x00007ffa0a32a000 	C:\Program Files\Android\Android Studio1\jre\bin\net.dll
0x00007ffa0b2e0000 - 0x00007ffa0b3d0000 	C:\WINDOWS\SYSTEM32\WINHTTP.dll
0x00007ffa18660000 - 0x00007ffa186c7000 	C:\WINDOWS\system32\mswsock.dll
0x00007ffa06a40000 - 0x00007ffa06a54000 	C:\Program Files\Android\Android Studio1\jre\bin\nio.dll
0x00007ff9f8110000 - 0x00007ff9f8137000 	C:\Users\Somesh\.gradle\native\8bec1ad78214c89d9ad589b4d07fe93259594b29d510b10fafb7a158f7737e5d\windows-amd64\native-platform.dll
0x00007ff9b60a0000 - 0x00007ff9b61dd000 	C:\Users\Somesh\.gradle\native\53dbd7edfb1c66fb8903c78663c9afc45aea4f116125fa6feffd364cf09443e8\windows-amd64\native-platform-file-events.dll
0x00007ffa11d70000 - 0x00007ffa11d7a000 	C:\Program Files\Android\Android Studio1\jre\bin\management.dll
0x00007ffa0b080000 - 0x00007ffa0b08c000 	C:\Program Files\Android\Android Studio1\jre\bin\management_ext.dll
0x00007ffa181d0000 - 0x00007ffa18203000 	C:\WINDOWS\system32\rsaenh.dll
0x00007ffa18f20000 - 0x00007ffa18f46000 	C:\WINDOWS\System32\bcrypt.dll
0x00007ffa18d70000 - 0x00007ffa18d95000 	C:\WINDOWS\SYSTEM32\USERENV.dll
0x00007ffa18830000 - 0x00007ffa1883c000 	C:\WINDOWS\SYSTEM32\CRYPTBASE.dll
0x00007ffa18370000 - 0x00007ffa183aa000 	C:\WINDOWS\SYSTEM32\IPHLPAPI.DLL
0x00007ffa1b990000 - 0x00007ffa1b998000 	C:\WINDOWS\System32\NSI.dll
0x00007ffa0f290000 - 0x00007ffa0f2a6000 	C:\WINDOWS\SYSTEM32\dhcpcsvc6.DLL
0x00007ffa0fe90000 - 0x00007ffa0feac000 	C:\WINDOWS\SYSTEM32\dhcpcsvc.DLL
0x00007ffa183b0000 - 0x00007ffa1847b000 	C:\WINDOWS\SYSTEM32\DNSAPI.dll

dbghelp: loaded successfully - version: 4.0.5 - missing functions: none
symbol engine: initialized successfully - sym options: 0x614 - pdb path: .;C:\Program Files\Android\Android Studio1\jre\bin;C:\WINDOWS\SYSTEM32;C:\WINDOWS\WinSxS\amd64_microsoft.windows.common-controls_6595b64144ccf1df_6.0.18362.959_none_e6c7bbbf130c62bb;C:\Program Files\Android\Android Studio1\jre\bin\server;C:\Users\Somesh\.gradle\native\8bec1ad78214c89d9ad589b4d07fe93259594b29d510b10fafb7a158f7737e5d\windows-amd64;C:\Users\Somesh\.gradle\native\53dbd7edfb1c66fb8903c78663c9afc45aea4f116125fa6feffd364cf09443e8\windows-amd64

VM Arguments:
jvm_args: --add-opens=java.base/java.util=ALL-UNNAMED --add-opens=java.base/java.lang=ALL-UNNAMED --add-opens=java.base/java.lang.invoke=ALL-UNNAMED --add-opens=java.base/java.util=ALL-UNNAMED --add-opens=java.prefs/java.util.prefs=ALL-UNNAMED --add-opens=java.prefs/java.util.prefs=ALL-UNNAMED --add-opens=java.base/java.nio.charset=ALL-UNNAMED --add-opens=java.base/java.net=ALL-UNNAMED --add-opens=java.base/java.util.concurrent.atomic=ALL-UNNAMED -Xmx2048m -Dfile.encoding=UTF-8 -Duser.country=IN -Duser.language=en -Duser.variant 
java_command: org.gradle.launcher.daemon.bootstrap.GradleDaemon 7.0.2
java_class_path (initial): C:\Users\Somesh\.gradle\wrapper\dists\gradle-7.0.2-bin\857tjihv64xamwrf0h14cai3r\gradle-7.0.2\lib\gradle-launcher-7.0.2.jar
Launcher Type: SUN_STANDARD

[Global flags]
     intx CICompilerCount                          = 3                                         {product} {ergonomic}
     uint ConcGCThreads                            = 1                                         {product} {ergonomic}
     uint G1ConcRefinementThreads                  = 4                                         {product} {ergonomic}
   size_t G1HeapRegionSize                         = 1048576                                   {product} {ergonomic}
    uintx GCDrainStackTargetSize                   = 64                                        {product} {ergonomic}
   size_t InitialHeapSize                          = 130023424                                 {product} {ergonomic}
   size_t MarkStackSize                            = 4194304                                   {product} {ergonomic}
   size_t MaxHeapSize                              = 2147483648                                {product} {command line}
   size_t MaxNewSize                               = 1287651328                                {product} {ergonomic}
   size_t MinHeapDeltaBytes                        = 1048576                                   {product} {ergonomic}
    uintx NonNMethodCodeHeapSize                   = 5830732                                {pd product} {ergonomic}
    uintx NonProfiledCodeHeapSize                  = 122913754                              {pd product} {ergonomic}
    uintx ProfiledCodeHeapSize                     = 122913754                              {pd product} {ergonomic}
    uintx ReservedCodeCacheSize                    = 251658240                              {pd product} {ergonomic}
     bool SegmentedCodeCache                       = true                                      {product} {ergonomic}
     bool UseCompressedClassPointers               = true                                 {lp64_product} {ergonomic}
     bool UseCompressedOops                        = true                                 {lp64_product} {ergonomic}
     bool UseG1GC                                  = true                                      {product} {ergonomic}
     bool UseLargePagesIndividualAllocation        = false                                  {pd product} {ergonomic}

Logging:
Log output configuration:
 #0: stdout all=warning uptime,level,tags
 #1: stderr all=off uptime,level,tags

Environment Variables:
JAVA_HOME=C:\Program Files\Java\jdk-16.0.2
PATH=C:\Program Files\Common Files\Oracle\Java\javapath;C:\Program Files (x86)\Common Files\Intel\Shared Libraries\redist\intel64\compiler;C:\WINDOWS\system32;C:\WINDOWS;C:\WINDOWS\System32\Wbem;C:\WINDOWS\System32\WindowsPowerShell\v1.0\;C:\WINDOWS\System32\OpenSSH\;C:\Program Files (x86)\Brackets\command;C:\Program Files\Java\jdk-16.0.2\bin;C:\Users\Somesh\AppData\Local\Programs\Python\Python37\Scripts\;C:\Users\Somesh\AppData\Local\Programs\Python\Python37\;C:\Python27;C:\Python27\DLLs;C:\Python27\Scripts;C:\Users\Somesh\AppData\Local\Microsoft\WindowsApps;C:\Users\Somesh\AppData\Local\Programs\Git\cmd;C:\Users\Somesh\AppData\Local\Programs\Microsoft VS Code\bin
USERNAME=Somesh
OS=Windows_NT
PROCESSOR_IDENTIFIER=Intel64 Family 6 Model 142 Stepping 9, GenuineIntel



---------------  S Y S T E M  ---------------

OS: Windows 10 , 64 bit Build 18362 (10.0.18362.959)
OS uptime: 9 days 17:01 hours

CPU:total 4 (initial active 4) (2 cores per cpu, 2 threads per core) family 6 model 142 stepping 9 microcode 0xb4, cmov, cx8, fxsr, mmx, sse, sse2, sse3, ssse3, sse4.1, sse4.2, popcnt, avx, avx2, aes, clmul, erms, 3dnowpref, lzcnt, ht, tsc, tscinvbit, bmi1, bmi2, adx, fma

Memory: 4k page, system-wide physical 7899M (1328M free)
TotalPageFile size 9785M (AvailPageFile size 1653M)
current process WorkingSet (physical memory assigned to process): 189M, peak: 197M
current process commit charge ("private bytes"): 261M, peak: 270M

vm_info: OpenJDK 64-Bit Server VM (11.0.10+0-b96-7249189) for windows-amd64 JRE (11.0.10+0-b96-7249189), built on Mar 31 2021 21:44:00 by "builder" with MS VC++ 14.0 (VS2015)

END.
