#
# There is insufficient memory for the Java Runtime Environment to continue.
# Native memory allocation (malloc) failed to allocate 1290416 bytes for Chunk::new
# Possible reasons:
#   The system is out of physical RAM or swap space
#   The process is running with CompressedOops enabled, and the Java Heap may be blocking the growth of the native heap
# Possible solutions:
#   Reduce memory load on the system
#   Increase physical memory or swap space
#   Check if swap backing store is full
#   Decrease Java heap size (-Xmx/-Xms)
#   Decrease number of Java threads
#   Decrease Java thread stack sizes (-Xss)
#   Set larger code cache with -XX:ReservedCodeCacheSize=
#   JVM is running with Unscaled Compressed Oops mode in which the Java heap is
#     placed in the first 4GB address space. The Java Heap base address is the
#     maximum limit for the native heap growth. Please use -XX:HeapBaseMinAddress
#     to set the Java Heap base and to place the Java Heap above 4GB virtual address.
# This output file may be truncated or incomplete.
#
#  Out of Memory Error (./src/hotspot/share/memory/arena.cpp:197), pid=1736, tid=14000
#
# JRE version: OpenJDK Runtime Environment (11.0.10) (build 11.0.10+0-b96-7249189)
# Java VM: OpenJDK 64-Bit Server VM (11.0.10+0-b96-7249189, mixed mode, tiered, compressed oops, g1 gc, windows-amd64)
# No core dump will be written. Minidumps are not enabled by default on client versions of Windows
#

---------------  S U M M A R Y ------------

Command Line: --add-opens=java.base/java.util=ALL-UNNAMED --add-opens=java.base/java.lang=ALL-UNNAMED --add-opens=java.base/java.lang.invoke=ALL-UNNAMED --add-opens=java.base/java.util=ALL-UNNAMED --add-opens=java.prefs/java.util.prefs=ALL-UNNAMED --add-opens=java.prefs/java.util.prefs=ALL-UNNAMED --add-opens=java.base/java.nio.charset=ALL-UNNAMED --add-opens=java.base/java.net=ALL-UNNAMED --add-opens=java.base/java.util.concurrent.atomic=ALL-UNNAMED -Xmx2048m -Dfile.encoding=UTF-8 -Duser.country=IN -Duser.language=en -Duser.variant org.gradle.launcher.daemon.bootstrap.GradleDaemon 7.0.2

Host: Intel(R) Core(TM) i5-7200U CPU @ 2.50GHz, 4 cores, 7G,  Windows 10 , 64 bit Build 18362 (10.0.18362.959)
Time: Fri Oct  1 13:43:56 2021 India Standard Time elapsed time: 36.652823 seconds (0d 0h 0m 36s)

---------------  T H R E A D  ---------------

Current thread (0x0000020a9fa66000):  JavaThread "C2 CompilerThread0" daemon [_thread_in_native, id=14000, stack(0x000000aa30100000,0x000000aa30200000)]


Current CompileTask:
C2:  36652 10405   !   4       java.net.URL::<init> (543 bytes)

Stack: [0x000000aa30100000,0x000000aa30200000]
Native frames: (J=compiled Java code, j=interpreted, Vv=VM code, C=native code)
V  [jvm.dll+0x5ecfaa]
V  [jvm.dll+0x722bd5]
V  [jvm.dll+0x72412d]
V  [jvm.dll+0x7247e3]
V  [jvm.dll+0x242928]
V  [jvm.dll+0xbc4fc]
V  [jvm.dll+0xbca0c]
V  [jvm.dll+0x352d7d]
V  [jvm.dll+0x320ad3]
V  [jvm.dll+0x31ffca]
V  [jvm.dll+0x1fb602]
V  [jvm.dll+0x1fa7f4]
V  [jvm.dll+0x18354c]
V  [jvm.dll+0x208ee7]
V  [jvm.dll+0x207731]
V  [jvm.dll+0x6eb1cf]
V  [jvm.dll+0x6e3d45]
V  [jvm.dll+0x5ebe96]
C  [ucrtbase.dll+0x20e82]
C  [KERNEL32.DLL+0x17bd4]
C  [ntdll.dll+0x6ce51]


---------------  P R O C E S S  ---------------

Threads class SMR info:
_java_thread_list=0x0000020aa66790b0, length=54, elements={
0x0000020a85e6e800, 0x0000020a9fa3f000, 0x0000020a9fa4a800, 0x0000020aa03c2800,
0x0000020a9fa5c800, 0x0000020a9fa60800, 0x0000020a9fa66000, 0x0000020a9fa6a800,
0x0000020a9fa77800, 0x0000020aa0528000, 0x0000020aa2897800, 0x0000020aa30df800,
0x0000020aa1ea7800, 0x0000020aa1736800, 0x0000020aa22a9800, 0x0000020aa147f000,
0x0000020aa21d2000, 0x0000020aa3378800, 0x0000020aa1f4d800, 0x0000020aa2cc9000,
0x0000020aa2cc9800, 0x0000020aa2ccd000, 0x0000020aa2cca800, 0x0000020aa2cc8000,
0x0000020aa2ccb800, 0x0000020aa2ccc000, 0x0000020aa2cc7000, 0x0000020aa2ccd800,
0x0000020aa3639000, 0x0000020aa3637800, 0x0000020aa3639800, 0x0000020aa3638000,
0x0000020aa363b800, 0x0000020aa3636800, 0x0000020aa363d000, 0x0000020aa363f800,
0x0000020aa3640800, 0x0000020aa3641000, 0x0000020aa363e800, 0x0000020aa3642000,
0x0000020aa3643800, 0x0000020aa3642800, 0x0000020aa3645000, 0x0000020aa9854000,
0x0000020aa9853000, 0x0000020aa9859000, 0x0000020aa9855000, 0x0000020aa9859800,
0x0000020aa985b800, 0x0000020aa985a800, 0x0000020aa9855800, 0x0000020aa985c000,
0x0000020aa9856800, 0x0000020aa9861000
}

Java Threads: ( => current thread )
  0x0000020a85e6e800 JavaThread "main" [_thread_blocked, id=1048, stack(0x000000aa2f500000,0x000000aa2f600000)]
  0x0000020a9fa3f000 JavaThread "Reference Handler" daemon [_thread_blocked, id=11848, stack(0x000000aa2fc00000,0x000000aa2fd00000)]
  0x0000020a9fa4a800 JavaThread "Finalizer" daemon [_thread_blocked, id=5592, stack(0x000000aa2fd00000,0x000000aa2fe00000)]
  0x0000020aa03c2800 JavaThread "Signal Dispatcher" daemon [_thread_blocked, id=10304, stack(0x000000aa2fe00000,0x000000aa2ff00000)]
  0x0000020a9fa5c800 JavaThread "Attach Listener" daemon [_thread_blocked, id=316, stack(0x000000aa2ff00000,0x000000aa30000000)]
  0x0000020a9fa60800 JavaThread "Service Thread" daemon [_thread_blocked, id=3068, stack(0x000000aa30000000,0x000000aa30100000)]
=>0x0000020a9fa66000 JavaThread "C2 CompilerThread0" daemon [_thread_in_native, id=14000, stack(0x000000aa30100000,0x000000aa30200000)]
  0x0000020a9fa6a800 JavaThread "C1 CompilerThread0" daemon [_thread_blocked, id=13440, stack(0x000000aa30200000,0x000000aa30300000)]
  0x0000020a9fa77800 JavaThread "Sweeper thread" daemon [_thread_blocked, id=14308, stack(0x000000aa30300000,0x000000aa30400000)]
  0x0000020aa0528000 JavaThread "Common-Cleaner" daemon [_thread_blocked, id=4356, stack(0x000000aa30400000,0x000000aa30500000)]
  0x0000020aa2897800 JavaThread "Daemon health stats" [_thread_blocked, id=11232, stack(0x000000aa30800000,0x000000aa30900000)]
  0x0000020aa30df800 JavaThread "Incoming local TCP Connector on port 57950" [_thread_in_native, id=5260, stack(0x000000aa30600000,0x000000aa30700000)]
  0x0000020aa1ea7800 JavaThread "Daemon periodic checks" [_thread_blocked, id=8100, stack(0x000000aa30900000,0x000000aa30a00000)]
  0x0000020aa1736800 JavaThread "Daemon" [_thread_blocked, id=6352, stack(0x000000aa30a00000,0x000000aa30b00000)]
  0x0000020aa22a9800 JavaThread "Handler for socket connection from /127.0.0.1:57950 to /127.0.0.1:57951" [_thread_in_native, id=12316, stack(0x000000aa30b00000,0x000000aa30c00000)]
  0x0000020aa147f000 JavaThread "Cancel handler" [_thread_blocked, id=13888, stack(0x000000aa30c00000,0x000000aa30d00000)]
  0x0000020aa21d2000 JavaThread "Daemon worker" [_thread_blocked, id=9576, stack(0x000000aa30d00000,0x000000aa30e00000)]
  0x0000020aa3378800 JavaThread "Asynchronous log dispatcher for DefaultDaemonConnection: socket connection from /127.0.0.1:57950 to /127.0.0.1:57951" [_thread_blocked, id=6148, stack(0x000000aa30e00000,0x000000aa30f00000)]
  0x0000020aa1f4d800 JavaThread "Stdin handler" [_thread_blocked, id=12540, stack(0x000000aa30f00000,0x000000aa31000000)]
  0x0000020aa2cc9000 JavaThread "Daemon client event forwarder" [_thread_blocked, id=5336, stack(0x000000aa31000000,0x000000aa31100000)]
  0x0000020aa2cc9800 JavaThread "Cache worker for file hash cache (C:\Users\Somesh\.gradle\caches\7.0.2\fileHashes)" [_thread_blocked, id=11492, stack(0x000000aa31300000,0x000000aa31400000)]
  0x0000020aa2ccd000 JavaThread "File lock request listener" [_thread_in_native, id=7700, stack(0x000000aa31400000,0x000000aa31500000)]
  0x0000020aa2cca800 JavaThread "Cache worker for journal cache (C:\Users\Somesh\.gradle\caches\journal-1)" [_thread_blocked, id=10820, stack(0x000000aa31500000,0x000000aa31600000)]
  0x0000020aa2cc8000 JavaThread "Cache worker for file hash cache (D:\QuizApp\.gradle\7.0.2\fileHashes)" [_thread_blocked, id=10828, stack(0x000000aa31600000,0x000000aa31700000)]
  0x0000020aa2ccb800 JavaThread "File watcher server" daemon [_thread_in_native, id=14448, stack(0x000000aa31700000,0x000000aa31800000)]
  0x0000020aa2ccc000 JavaThread "File watcher consumer" daemon [_thread_blocked, id=12404, stack(0x000000aa31800000,0x000000aa31900000)]
  0x0000020aa2cc7000 JavaThread "Cache worker for checksums cache (D:\QuizApp\.gradle\checksums)" [_thread_blocked, id=2592, stack(0x000000aa31a00000,0x000000aa31b00000)]
  0x0000020aa2ccd800 JavaThread "Cache worker for cache directory md-supplier (C:\Users\Somesh\.gradle\caches\7.0.2\md-supplier)" [_thread_blocked, id=10832, stack(0x000000aa31b00000,0x000000aa31c00000)]
  0x0000020aa3639000 JavaThread "Cache worker for cache directory md-rule (C:\Users\Somesh\.gradle\caches\7.0.2\md-rule)" [_thread_blocked, id=12528, stack(0x000000aa31c00000,0x000000aa31d00000)]
  0x0000020aa3637800 JavaThread "Cache worker for execution history cache (C:\Users\Somesh\.gradle\caches\7.0.2\executionHistory)" [_thread_blocked, id=2496, stack(0x000000aa31d00000,0x000000aa31e00000)]
  0x0000020aa3639800 JavaThread "jar transforms" [_thread_blocked, id=2768, stack(0x000000aa31e00000,0x000000aa31f00000)]
  0x0000020aa3638000 JavaThread "jar transforms Thread 2" [_thread_blocked, id=11032, stack(0x000000aa31f00000,0x000000aa32000000)]
  0x0000020aa363b800 JavaThread "Cache worker for file content cache (C:\Users\Somesh\.gradle\caches\7.0.2\fileContent)" [_thread_blocked, id=9792, stack(0x000000aa32000000,0x000000aa32100000)]
  0x0000020aa3636800 JavaThread "Cache worker for dependencies-accessors (D:\QuizApp\.gradle\7.0.2\dependencies-accessors)" [_thread_blocked, id=11272, stack(0x000000aa32100000,0x000000aa32200000)]
  0x0000020aa363d000 JavaThread "jar transforms Thread 3" [_thread_blocked, id=9460, stack(0x000000aa32200000,0x000000aa32300000)]
  0x0000020aa363f800 JavaThread "Cache worker for Build Output Cleanup Cache (D:\QuizApp\.gradle\buildOutputCleanup)" [_thread_blocked, id=9812, stack(0x000000aa32300000,0x000000aa32400000)]
  0x0000020aa3640800 JavaThread "Build operations" [_thread_blocked, id=11916, stack(0x000000aa32400000,0x000000aa32500000)]
  0x0000020aa3641000 JavaThread "Build operations Thread 2" [_thread_blocked, id=8600, stack(0x000000aa32500000,0x000000aa32600000)]
  0x0000020aa363e800 JavaThread "Build operations Thread 3" [_thread_blocked, id=12036, stack(0x000000aa32600000,0x000000aa32700000)]
  0x0000020aa3642000 JavaThread "Build operations Thread 4" [_thread_blocked, id=12872, stack(0x000000aa32700000,0x000000aa32800000)]
  0x0000020aa3643800 JavaThread "jar transforms Thread 4" [_thread_blocked, id=6348, stack(0x000000aa32800000,0x000000aa32900000)]
  0x0000020aa3642800 JavaThread "Memory manager" [_thread_blocked, id=13300, stack(0x000000aa32900000,0x000000aa32a00000)]
  0x0000020aa3645000 JavaThread "build event listener" [_thread_blocked, id=6264, stack(0x000000aa32a00000,0x000000aa32b00000)]
  0x0000020aa9854000 JavaThread "Execution worker for ':'" [_thread_blocked, id=14816, stack(0x000000aa32b00000,0x000000aa32c00000)]
  0x0000020aa9853000 JavaThread "Execution worker for ':' Thread 2" [_thread_blocked, id=13876, stack(0x000000aa32c00000,0x000000aa32d00000)]
  0x0000020aa9859000 JavaThread "Execution worker for ':' Thread 3" [_thread_blocked, id=13644, stack(0x000000aa32d00000,0x000000aa32e00000)]
  0x0000020aa9855000 JavaThread "Cache worker for execution history cache (D:\QuizApp\.gradle\7.0.2\executionHistory)" [_thread_blocked, id=848, stack(0x000000aa32e00000,0x000000aa32f00000)]
  0x0000020aa9859800 JavaThread "WorkerExecutor Queue" [_thread_blocked, id=13660, stack(0x000000aa32f00000,0x000000aa33000000)]
  0x0000020aa985b800 JavaThread "WorkerExecutor Queue Thread 2" [_thread_blocked, id=5728, stack(0x000000aa33200000,0x000000aa33300000)]
  0x0000020aa985a800 JavaThread "WorkerExecutor Queue Thread 3" [_thread_in_native, id=7092, stack(0x000000aa33300000,0x000000aa33400000)]
  0x0000020aa9855800 JavaThread "WorkerExecutor Queue Thread 4" [_thread_blocked, id=5272, stack(0x000000aa33400000,0x000000aa33500000)]
  0x0000020aa985c000 JavaThread "pool-3-thread-1" [_thread_blocked, id=15212, stack(0x000000aa33500000,0x000000aa33600000)]
  0x0000020aa9856800 JavaThread "stderr" [_thread_in_native, id=8652, stack(0x000000aa33600000,0x000000aa33700000)]
  0x0000020aa9861000 JavaThread "stdout" [_thread_in_native, id=12800, stack(0x000000aa33700000,0x000000aa33800000)]

Other Threads:
  0x0000020a9fa3a800 VMThread "VM Thread" [stack: 0x000000aa2fb00000,0x000000aa2fc00000] [id=8568]
  0x0000020aa0557800 WatcherThread [stack: 0x000000aa30500000,0x000000aa30600000] [id=8516]
  0x0000020a85e87000 GCTaskThread "GC Thread#0" [stack: 0x000000aa2f600000,0x000000aa2f700000] [id=1936]
  0x0000020aa07a5800 GCTaskThread "GC Thread#1" [stack: 0x000000aa30700000,0x000000aa30800000] [id=8208]
  0x0000020aa2d6f800 GCTaskThread "GC Thread#2" [stack: 0x000000aa31100000,0x000000aa31200000] [id=3188]
  0x0000020aa29c8000 GCTaskThread "GC Thread#3" [stack: 0x000000aa31200000,0x000000aa31300000] [id=14680]
  0x0000020a85eb9000 ConcurrentGCThread "G1 Main Marker" [stack: 0x000000aa2f700000,0x000000aa2f800000] [id=4668]
  0x0000020a85eba800 ConcurrentGCThread "G1 Conc#0" [stack: 0x000000aa2f800000,0x000000aa2f900000] [id=10108]
  0x0000020a9f890800 ConcurrentGCThread "G1 Refine#0" [stack: 0x000000aa2f900000,0x000000aa2fa00000] [id=9596]
  0x0000020a9f891800 ConcurrentGCThread "G1 Young RemSet Sampling" [stack: 0x000000aa2fa00000,0x000000aa2fb00000] [id=10208]

Threads with active compile tasks:
C2 CompilerThread0  36691 10405   !   4       java.net.URL::<init> (543 bytes)

VM state:not at safepoint (normal execution)

VM Mutex/Monitor currently owned by a thread: None

Heap address: 0x0000000080000000, size: 2048 MB, Compressed Oops mode: 32-bit
Narrow klass base: 0x0000000000000000, Narrow klass shift: 3
Compressed class space size: 1073741824 Address: 0x0000000100000000

Heap:
 garbage-first heap   total 183296K, used 138156K [0x0000000080000000, 0x0000000100000000)
  region size 1024K, 63 young (64512K), 8 survivors (8192K)
 Metaspace       used 88720K, capacity 90886K, committed 91136K, reserved 1128448K
  class space    used 11425K, capacity 12211K, committed 12288K, reserved 1048576K
Heap Regions: E=young(eden), S=young(survivor), O=old, HS=humongous(starts), HC=humongous(continues), CS=collection set, F=free, A=archive, TAMS=top-at-mark-start (previous, next)
|   0|0x0000000080000000, 0x0000000080100000, 0x0000000080100000|100%| O|  |TAMS 0x0000000080100000, 0x0000000080000000| Untracked 
|   1|0x0000000080100000, 0x0000000080200000, 0x0000000080200000|100%| O|  |TAMS 0x0000000080200000, 0x0000000080100000| Untracked 
|   2|0x0000000080200000, 0x0000000080300000, 0x0000000080300000|100%| O|  |TAMS 0x0000000080300000, 0x0000000080200000| Untracked 
|   3|0x0000000080300000, 0x0000000080400000, 0x0000000080400000|100%|HS|  |TAMS 0x0000000080400000, 0x0000000080300000| Complete 
|   4|0x0000000080400000, 0x0000000080500000, 0x0000000080500000|100%|HC|  |TAMS 0x0000000080500000, 0x0000000080400000| Complete 
|   5|0x0000000080500000, 0x0000000080600000, 0x0000000080600000|100%|HC|  |TAMS 0x0000000080600000, 0x0000000080500000| Complete 
|   6|0x0000000080600000, 0x0000000080700000, 0x0000000080700000|100%| O|  |TAMS 0x0000000080700000, 0x0000000080600000| Untracked 
|   7|0x0000000080700000, 0x0000000080800000, 0x0000000080800000|100%| O|  |TAMS 0x0000000080800000, 0x0000000080700000| Untracked 
|   8|0x0000000080800000, 0x0000000080900000, 0x0000000080900000|100%| O|  |TAMS 0x0000000080900000, 0x0000000080800000| Untracked 
|   9|0x0000000080900000, 0x0000000080a00000, 0x0000000080a00000|100%| O|  |TAMS 0x0000000080a00000, 0x0000000080900000| Untracked 
|  10|0x0000000080a00000, 0x0000000080b00000, 0x0000000080b00000|100%| O|  |TAMS 0x0000000080b00000, 0x0000000080a00000| Untracked 
|  11|0x0000000080b00000, 0x0000000080c00000, 0x0000000080c00000|100%| O|  |TAMS 0x0000000080c00000, 0x0000000080b00000| Untracked 
|  12|0x0000000080c00000, 0x0000000080d00000, 0x0000000080d00000|100%| O|  |TAMS 0x0000000080d00000, 0x0000000080c00000| Untracked 
|  13|0x0000000080d00000, 0x0000000080e00000, 0x0000000080e00000|100%| O|  |TAMS 0x0000000080e00000, 0x0000000080d00000| Untracked 
|  14|0x0000000080e00000, 0x0000000080f00000, 0x0000000080f00000|100%| O|  |TAMS 0x0000000080f00000, 0x0000000080e00000| Untracked 
|  15|0x0000000080f00000, 0x0000000081000000, 0x0000000081000000|100%| O|  |TAMS 0x0000000081000000, 0x0000000080f00000| Untracked 
|  16|0x0000000081000000, 0x0000000081100000, 0x0000000081100000|100%|HS|  |TAMS 0x0000000081100000, 0x0000000081000000| Complete 
|  17|0x0000000081100000, 0x0000000081200000, 0x0000000081200000|100%| O|  |TAMS 0x0000000081200000, 0x0000000081100000| Untracked 
|  18|0x0000000081200000, 0x0000000081300000, 0x0000000081300000|100%| O|  |TAMS 0x0000000081300000, 0x0000000081200000| Untracked 
|  19|0x0000000081300000, 0x0000000081400000, 0x0000000081400000|100%| O|  |TAMS 0x0000000081400000, 0x0000000081300000| Untracked 
|  20|0x0000000081400000, 0x0000000081500000, 0x0000000081500000|100%| O|  |TAMS 0x0000000081500000, 0x0000000081400000| Untracked 
|  21|0x0000000081500000, 0x0000000081600000, 0x0000000081600000|100%| O|  |TAMS 0x0000000081600000, 0x0000000081500000| Untracked 
|  22|0x0000000081600000, 0x0000000081700000, 0x0000000081700000|100%| O|  |TAMS 0x0000000081700000, 0x0000000081600000| Untracked 
|  23|0x0000000081700000, 0x0000000081800000, 0x0000000081800000|100%|HS|  |TAMS 0x0000000081800000, 0x0000000081700000| Complete 
|  24|0x0000000081800000, 0x0000000081900000, 0x0000000081900000|100%|HS|  |TAMS 0x0000000081900000, 0x0000000081800000| Complete 
|  25|0x0000000081900000, 0x0000000081a00000, 0x0000000081a00000|100%|HS|  |TAMS 0x0000000081a00000, 0x0000000081900000| Complete 
|  26|0x0000000081a00000, 0x0000000081b00000, 0x0000000081b00000|100%|HC|  |TAMS 0x0000000081b00000, 0x0000000081a00000| Complete 
|  27|0x0000000081b00000, 0x0000000081c00000, 0x0000000081c00000|100%|HC|  |TAMS 0x0000000081c00000, 0x0000000081b00000| Complete 
|  28|0x0000000081c00000, 0x0000000081d00000, 0x0000000081d00000|100%|HS|  |TAMS 0x0000000081d00000, 0x0000000081c00000| Complete 
|  29|0x0000000081d00000, 0x0000000081e00000, 0x0000000081e00000|100%|HC|  |TAMS 0x0000000081e00000, 0x0000000081d00000| Complete 
|  30|0x0000000081e00000, 0x0000000081f00000, 0x0000000081f00000|100%| O|  |TAMS 0x0000000081f00000, 0x0000000081e00000| Untracked 
|  31|0x0000000081f00000, 0x0000000082000000, 0x0000000082000000|100%| O|  |TAMS 0x0000000082000000, 0x0000000081f00000| Untracked 
|  32|0x0000000082000000, 0x0000000082100000, 0x0000000082100000|100%| O|  |TAMS 0x0000000082100000, 0x0000000082000000| Untracked 
|  33|0x0000000082100000, 0x0000000082200000, 0x0000000082200000|100%| O|  |TAMS 0x0000000082200000, 0x0000000082100000| Untracked 
|  34|0x0000000082200000, 0x0000000082300000, 0x0000000082300000|100%| O|  |TAMS 0x0000000082300000, 0x0000000082200000| Untracked 
|  35|0x0000000082300000, 0x0000000082400000, 0x0000000082400000|100%| O|  |TAMS 0x0000000082400000, 0x0000000082300000| Untracked 
|  36|0x0000000082400000, 0x0000000082500000, 0x0000000082500000|100%| O|  |TAMS 0x0000000082500000, 0x0000000082400000| Untracked 
|  37|0x0000000082500000, 0x0000000082600000, 0x0000000082600000|100%| O|  |TAMS 0x0000000082600000, 0x0000000082500000| Untracked 
|  38|0x0000000082600000, 0x0000000082700000, 0x0000000082700000|100%| O|  |TAMS 0x0000000082700000, 0x0000000082600000| Untracked 
|  39|0x0000000082700000, 0x0000000082800000, 0x0000000082800000|100%| O|  |TAMS 0x0000000082800000, 0x0000000082700000| Untracked 
|  40|0x0000000082800000, 0x0000000082900000, 0x0000000082900000|100%| O|  |TAMS 0x0000000082900000, 0x0000000082800000| Untracked 
|  41|0x0000000082900000, 0x0000000082a00000, 0x0000000082a00000|100%| O|  |TAMS 0x0000000082a00000, 0x0000000082900000| Untracked 
|  42|0x0000000082a00000, 0x0000000082b00000, 0x0000000082b00000|100%| O|  |TAMS 0x0000000082b00000, 0x0000000082a00000| Untracked 
|  43|0x0000000082b00000, 0x0000000082c00000, 0x0000000082c00000|100%| O|  |TAMS 0x0000000082c00000, 0x0000000082b00000| Untracked 
|  44|0x0000000082c00000, 0x0000000082d00000, 0x0000000082d00000|100%| O|  |TAMS 0x0000000082d00000, 0x0000000082c00000| Untracked 
|  45|0x0000000082d00000, 0x0000000082e00000, 0x0000000082e00000|100%| O|  |TAMS 0x0000000082e00000, 0x0000000082d00000| Untracked 
|  46|0x0000000082e00000, 0x0000000082f00000, 0x0000000082f00000|100%| O|  |TAMS 0x0000000082e83e00, 0x0000000082e00000| Untracked 
|  47|0x0000000082f00000, 0x0000000083000000, 0x0000000083000000|100%| O|  |TAMS 0x0000000082f00000, 0x0000000082f00000| Untracked 
|  48|0x0000000083000000, 0x0000000083100000, 0x0000000083100000|100%| O|  |TAMS 0x0000000083000000, 0x0000000083000000| Untracked 
|  49|0x0000000083100000, 0x0000000083200000, 0x0000000083200000|100%| O|  |TAMS 0x0000000083100000, 0x0000000083100000| Untracked 
|  50|0x0000000083200000, 0x0000000083300000, 0x0000000083300000|100%| O|  |TAMS 0x0000000083200000, 0x0000000083200000| Untracked 
|  51|0x0000000083300000, 0x0000000083400000, 0x0000000083400000|100%| O|  |TAMS 0x0000000083300000, 0x0000000083300000| Untracked 
|  52|0x0000000083400000, 0x0000000083500000, 0x0000000083500000|100%| O|  |TAMS 0x0000000083400000, 0x0000000083400000| Untracked 
|  53|0x0000000083500000, 0x0000000083600000, 0x0000000083600000|100%| O|  |TAMS 0x0000000083500000, 0x0000000083500000| Untracked 
|  54|0x0000000083600000, 0x0000000083700000, 0x0000000083700000|100%| O|  |TAMS 0x0000000083600000, 0x0000000083600000| Untracked 
|  55|0x0000000083700000, 0x0000000083800000, 0x0000000083800000|100%| O|  |TAMS 0x0000000083700000, 0x0000000083700000| Untracked 
|  56|0x0000000083800000, 0x0000000083900000, 0x0000000083900000|100%| O|  |TAMS 0x0000000083800000, 0x0000000083800000| Untracked 
|  57|0x0000000083900000, 0x0000000083a00000, 0x0000000083a00000|100%| O|  |TAMS 0x0000000083900000, 0x0000000083900000| Untracked 
|  58|0x0000000083a00000, 0x0000000083b00000, 0x0000000083b00000|100%| O|  |TAMS 0x0000000083a00000, 0x0000000083a00000| Untracked 
|  59|0x0000000083b00000, 0x0000000083c00000, 0x0000000083c00000|100%| O|  |TAMS 0x0000000083b00000, 0x0000000083b00000| Untracked 
|  60|0x0000000083c00000, 0x0000000083d00000, 0x0000000083d00000|100%| O|  |TAMS 0x0000000083c00000, 0x0000000083c00000| Untracked 
|  61|0x0000000083d00000, 0x0000000083e00000, 0x0000000083e00000|100%| O|  |TAMS 0x0000000083d00000, 0x0000000083d00000| Untracked 
|  62|0x0000000083e00000, 0x0000000083f00000, 0x0000000083f00000|100%| O|  |TAMS 0x0000000083e00000, 0x0000000083e00000| Untracked 
|  63|0x0000000083f00000, 0x0000000084000000, 0x0000000084000000|100%| O|  |TAMS 0x0000000083f00000, 0x0000000083f00000| Untracked 
|  64|0x0000000084000000, 0x0000000084100000, 0x0000000084100000|100%| O|  |TAMS 0x0000000084000000, 0x0000000084000000| Untracked 
|  65|0x0000000084100000, 0x0000000084200000, 0x0000000084200000|100%| O|  |TAMS 0x0000000084100000, 0x0000000084100000| Untracked 
|  66|0x0000000084200000, 0x0000000084300000, 0x0000000084300000|100%| O|  |TAMS 0x0000000084200000, 0x0000000084200000| Untracked 
|  67|0x0000000084300000, 0x000000008437ee00, 0x0000000084400000| 49%| O|  |TAMS 0x0000000084300000, 0x0000000084300000| Untracked 
|  68|0x0000000084400000, 0x0000000084500000, 0x0000000084500000|100%|HS|  |TAMS 0x0000000084400000, 0x0000000084400000| Complete 
|  69|0x0000000084500000, 0x0000000084600000, 0x0000000084600000|100%|HC|  |TAMS 0x0000000084500000, 0x0000000084500000| Complete 
|  70|0x0000000084600000, 0x0000000084700000, 0x0000000084700000|100%|HS|  |TAMS 0x0000000084600000, 0x0000000084600000| Complete 
|  71|0x0000000084700000, 0x0000000084800000, 0x0000000084800000|100%|HS|  |TAMS 0x0000000084700000, 0x0000000084700000| Complete 
|  72|0x0000000084800000, 0x0000000084900000, 0x0000000084900000|100%|HS|  |TAMS 0x0000000084800000, 0x0000000084800000| Complete 
|  73|0x0000000084900000, 0x0000000084a00000, 0x0000000084a00000|100%|HC|  |TAMS 0x0000000084900000, 0x0000000084900000| Complete 
|  74|0x0000000084a00000, 0x0000000084b00000, 0x0000000084b00000|100%|HC|  |TAMS 0x0000000084a00000, 0x0000000084a00000| Complete 
|  75|0x0000000084b00000, 0x0000000084b00000, 0x0000000084c00000|  0%| F|  |TAMS 0x0000000084b00000, 0x0000000084b00000| Untracked 
|  76|0x0000000084c00000, 0x0000000084c00000, 0x0000000084d00000|  0%| F|  |TAMS 0x0000000084c00000, 0x0000000084c00000| Untracked 
|  77|0x0000000084d00000, 0x0000000084d00000, 0x0000000084e00000|  0%| F|  |TAMS 0x0000000084d00000, 0x0000000084d00000| Untracked 
|  78|0x0000000084e00000, 0x0000000084e00000, 0x0000000084f00000|  0%| F|  |TAMS 0x0000000084e00000, 0x0000000084e00000| Untracked 
|  79|0x0000000084f00000, 0x0000000084f00000, 0x0000000085000000|  0%| F|  |TAMS 0x0000000084f00000, 0x0000000084f00000| Untracked 
|  80|0x0000000085000000, 0x0000000085000000, 0x0000000085100000|  0%| F|  |TAMS 0x0000000085000000, 0x0000000085000000| Untracked 
|  81|0x0000000085100000, 0x0000000085100000, 0x0000000085200000|  0%| F|  |TAMS 0x0000000085100000, 0x0000000085100000| Untracked 
|  82|0x0000000085200000, 0x0000000085200000, 0x0000000085300000|  0%| F|  |TAMS 0x0000000085200000, 0x0000000085200000| Untracked 
|  83|0x0000000085300000, 0x0000000085300000, 0x0000000085400000|  0%| F|  |TAMS 0x0000000085300000, 0x0000000085300000| Untracked 
|  84|0x0000000085400000, 0x0000000085400000, 0x0000000085500000|  0%| F|  |TAMS 0x0000000085400000, 0x0000000085400000| Untracked 
|  85|0x0000000085500000, 0x0000000085500000, 0x0000000085600000|  0%| F|  |TAMS 0x0000000085500000, 0x0000000085500000| Untracked 
|  86|0x0000000085600000, 0x0000000085600000, 0x0000000085700000|  0%| F|  |TAMS 0x0000000085600000, 0x0000000085600000| Untracked 
|  87|0x0000000085700000, 0x0000000085700000, 0x0000000085800000|  0%| F|  |TAMS 0x0000000085700000, 0x0000000085700000| Untracked 
|  88|0x0000000085800000, 0x0000000085800000, 0x0000000085900000|  0%| F|  |TAMS 0x0000000085800000, 0x0000000085800000| Untracked 
|  89|0x0000000085900000, 0x0000000085900000, 0x0000000085a00000|  0%| F|  |TAMS 0x0000000085900000, 0x0000000085900000| Untracked 
|  90|0x0000000085a00000, 0x0000000085a00000, 0x0000000085b00000|  0%| F|  |TAMS 0x0000000085a00000, 0x0000000085a00000| Untracked 
|  91|0x0000000085b00000, 0x0000000085b00000, 0x0000000085c00000|  0%| F|  |TAMS 0x0000000085b00000, 0x0000000085b00000| Untracked 
|  92|0x0000000085c00000, 0x0000000085c00000, 0x0000000085d00000|  0%| F|  |TAMS 0x0000000085c00000, 0x0000000085c00000| Untracked 
|  93|0x0000000085d00000, 0x0000000085d00000, 0x0000000085e00000|  0%| F|  |TAMS 0x0000000085d00000, 0x0000000085d00000| Untracked 
|  94|0x0000000085e00000, 0x0000000085e00000, 0x0000000085f00000|  0%| F|  |TAMS 0x0000000085e00000, 0x0000000085e00000| Untracked 
|  95|0x0000000085f00000, 0x0000000085f00000, 0x0000000086000000|  0%| F|  |TAMS 0x0000000085f00000, 0x0000000085f00000| Untracked 
|  96|0x0000000086000000, 0x0000000086000000, 0x0000000086100000|  0%| F|  |TAMS 0x0000000086000000, 0x0000000086000000| Untracked 
|  97|0x0000000086100000, 0x0000000086100000, 0x0000000086200000|  0%| F|  |TAMS 0x0000000086100000, 0x0000000086100000| Untracked 
|  98|0x0000000086200000, 0x0000000086200000, 0x0000000086300000|  0%| F|  |TAMS 0x0000000086200000, 0x0000000086200000| Untracked 
|  99|0x0000000086300000, 0x000000008636c380, 0x0000000086400000| 42%| S|CS|TAMS 0x0000000086300000, 0x0000000086300000| Complete 
| 100|0x0000000086400000, 0x0000000086500000, 0x0000000086500000|100%| S|CS|TAMS 0x0000000086400000, 0x0000000086400000| Complete 
| 101|0x0000000086500000, 0x0000000086600000, 0x0000000086600000|100%| S|CS|TAMS 0x0000000086500000, 0x0000000086500000| Complete 
| 102|0x0000000086600000, 0x0000000086700000, 0x0000000086700000|100%| S|CS|TAMS 0x0000000086600000, 0x0000000086600000| Complete 
| 103|0x0000000086700000, 0x0000000086800000, 0x0000000086800000|100%| S|CS|TAMS 0x0000000086700000, 0x0000000086700000| Complete 
| 104|0x0000000086800000, 0x0000000086900000, 0x0000000086900000|100%| S|CS|TAMS 0x0000000086800000, 0x0000000086800000| Complete 
| 105|0x0000000086900000, 0x0000000086900000, 0x0000000086a00000|  0%| F|  |TAMS 0x0000000086900000, 0x0000000086900000| Untracked 
| 106|0x0000000086a00000, 0x0000000086a00000, 0x0000000086b00000|  0%| F|  |TAMS 0x0000000086a00000, 0x0000000086a00000| Untracked 
| 107|0x0000000086b00000, 0x0000000086b00000, 0x0000000086c00000|  0%| F|  |TAMS 0x0000000086b00000, 0x0000000086b00000| Untracked 
| 108|0x0000000086c00000, 0x0000000086c00000, 0x0000000086d00000|  0%| F|  |TAMS 0x0000000086c00000, 0x0000000086c00000| Untracked 
| 109|0x0000000086d00000, 0x0000000086d00000, 0x0000000086e00000|  0%| F|  |TAMS 0x0000000086d00000, 0x0000000086d00000| Untracked 
| 110|0x0000000086e00000, 0x0000000086f00000, 0x0000000086f00000|100%| S|CS|TAMS 0x0000000086e00000, 0x0000000086e00000| Complete 
| 111|0x0000000086f00000, 0x0000000086f00000, 0x0000000087000000|  0%| F|  |TAMS 0x0000000086f00000, 0x0000000086f00000| Untracked 
| 112|0x0000000087000000, 0x0000000087100000, 0x0000000087100000|100%| S|CS|TAMS 0x0000000087000000, 0x0000000087000000| Complete 
| 113|0x0000000087100000, 0x0000000087100000, 0x0000000087200000|  0%| F|  |TAMS 0x0000000087100000, 0x0000000087100000| Untracked 
| 114|0x0000000087200000, 0x0000000087200000, 0x0000000087300000|  0%| F|  |TAMS 0x0000000087200000, 0x0000000087200000| Untracked 
| 115|0x0000000087300000, 0x0000000087300000, 0x0000000087400000|  0%| F|  |TAMS 0x0000000087300000, 0x0000000087300000| Untracked 
| 116|0x0000000087400000, 0x0000000087400000, 0x0000000087500000|  0%| F|  |TAMS 0x0000000087400000, 0x0000000087400000| Untracked 
| 117|0x0000000087500000, 0x0000000087500000, 0x0000000087600000|  0%| F|  |TAMS 0x0000000087500000, 0x0000000087500000| Untracked 
| 118|0x0000000087600000, 0x0000000087600000, 0x0000000087700000|  0%| F|  |TAMS 0x0000000087600000, 0x0000000087600000| Untracked 
| 119|0x0000000087700000, 0x0000000087700000, 0x0000000087800000|  0%| F|  |TAMS 0x0000000087700000, 0x0000000087700000| Untracked 
| 120|0x0000000087800000, 0x0000000087800000, 0x0000000087900000|  0%| F|  |TAMS 0x0000000087800000, 0x0000000087800000| Untracked 
| 121|0x0000000087900000, 0x0000000087900000, 0x0000000087a00000|  0%| F|  |TAMS 0x0000000087900000, 0x0000000087900000| Untracked 
| 122|0x0000000087a00000, 0x0000000087a00000, 0x0000000087b00000|  0%| F|  |TAMS 0x0000000087a00000, 0x0000000087a00000| Untracked 
| 123|0x0000000087b00000, 0x0000000087b00000, 0x0000000087c00000|  0%| F|  |TAMS 0x0000000087b00000, 0x0000000087b00000| Untracked 
| 124|0x0000000087c00000, 0x0000000087c34dc8, 0x0000000087d00000| 20%| E|  |TAMS 0x0000000087c00000, 0x0000000087c00000| Complete 
| 125|0x0000000087d00000, 0x0000000087e00000, 0x0000000087e00000|100%| E|  |TAMS 0x0000000087d00000, 0x0000000087d00000| Complete 
| 126|0x0000000087e00000, 0x0000000087f00000, 0x0000000087f00000|100%| E|CS|TAMS 0x0000000087e00000, 0x0000000087e00000| Complete 
| 127|0x0000000087f00000, 0x0000000088000000, 0x0000000088000000|100%| E|CS|TAMS 0x0000000087f00000, 0x0000000087f00000| Complete 
| 128|0x0000000088000000, 0x0000000088100000, 0x0000000088100000|100%| E|CS|TAMS 0x0000000088000000, 0x0000000088000000| Complete 
| 129|0x0000000088100000, 0x0000000088200000, 0x0000000088200000|100%| E|CS|TAMS 0x0000000088100000, 0x0000000088100000| Complete 
| 130|0x0000000088200000, 0x0000000088300000, 0x0000000088300000|100%| E|CS|TAMS 0x0000000088200000, 0x0000000088200000| Complete 
| 131|0x0000000088300000, 0x0000000088400000, 0x0000000088400000|100%| E|CS|TAMS 0x0000000088300000, 0x0000000088300000| Complete 
| 132|0x0000000088400000, 0x0000000088500000, 0x0000000088500000|100%| E|CS|TAMS 0x0000000088400000, 0x0000000088400000| Complete 
| 133|0x0000000088500000, 0x0000000088600000, 0x0000000088600000|100%| E|CS|TAMS 0x0000000088500000, 0x0000000088500000| Complete 
| 134|0x0000000088600000, 0x0000000088700000, 0x0000000088700000|100%| E|CS|TAMS 0x0000000088600000, 0x0000000088600000| Complete 
| 135|0x0000000088700000, 0x0000000088800000, 0x0000000088800000|100%| E|CS|TAMS 0x0000000088700000, 0x0000000088700000| Complete 
| 136|0x0000000088800000, 0x0000000088900000, 0x0000000088900000|100%| E|CS|TAMS 0x0000000088800000, 0x0000000088800000| Complete 
| 137|0x0000000088900000, 0x0000000088a00000, 0x0000000088a00000|100%| E|CS|TAMS 0x0000000088900000, 0x0000000088900000| Complete 
| 138|0x0000000088a00000, 0x0000000088b00000, 0x0000000088b00000|100%| E|CS|TAMS 0x0000000088a00000, 0x0000000088a00000| Complete 
| 139|0x0000000088b00000, 0x0000000088c00000, 0x0000000088c00000|100%| E|CS|TAMS 0x0000000088b00000, 0x0000000088b00000| Complete 
| 140|0x0000000088c00000, 0x0000000088d00000, 0x0000000088d00000|100%| E|CS|TAMS 0x0000000088c00000, 0x0000000088c00000| Complete 
| 141|0x0000000088d00000, 0x0000000088e00000, 0x0000000088e00000|100%| E|CS|TAMS 0x0000000088d00000, 0x0000000088d00000| Complete 
| 142|0x0000000088e00000, 0x0000000088f00000, 0x0000000088f00000|100%| E|CS|TAMS 0x0000000088e00000, 0x0000000088e00000| Complete 
| 143|0x0000000088f00000, 0x0000000089000000, 0x0000000089000000|100%| E|CS|TAMS 0x0000000088f00000, 0x0000000088f00000| Complete 
| 144|0x0000000089000000, 0x0000000089100000, 0x0000000089100000|100%| E|CS|TAMS 0x0000000089000000, 0x0000000089000000| Complete 
| 145|0x0000000089100000, 0x0000000089200000, 0x0000000089200000|100%| E|CS|TAMS 0x0000000089100000, 0x0000000089100000| Complete 
| 146|0x0000000089200000, 0x0000000089300000, 0x0000000089300000|100%| E|CS|TAMS 0x0000000089200000, 0x0000000089200000| Complete 
| 147|0x0000000089300000, 0x0000000089400000, 0x0000000089400000|100%| E|CS|TAMS 0x0000000089300000, 0x0000000089300000| Complete 
| 148|0x0000000089400000, 0x0000000089500000, 0x0000000089500000|100%| E|CS|TAMS 0x0000000089400000, 0x0000000089400000| Complete 
| 149|0x0000000089500000, 0x0000000089600000, 0x0000000089600000|100%| E|CS|TAMS 0x0000000089500000, 0x0000000089500000| Complete 
| 150|0x0000000089600000, 0x0000000089700000, 0x0000000089700000|100%| E|CS|TAMS 0x0000000089600000, 0x0000000089600000| Complete 
| 151|0x0000000089700000, 0x0000000089800000, 0x0000000089800000|100%| E|CS|TAMS 0x0000000089700000, 0x0000000089700000| Complete 
| 152|0x0000000089800000, 0x0000000089900000, 0x0000000089900000|100%| E|CS|TAMS 0x0000000089800000, 0x0000000089800000| Complete 
| 153|0x0000000089900000, 0x0000000089a00000, 0x0000000089a00000|100%| E|CS|TAMS 0x0000000089900000, 0x0000000089900000| Complete 
| 154|0x0000000089a00000, 0x0000000089b00000, 0x0000000089b00000|100%| E|CS|TAMS 0x0000000089a00000, 0x0000000089a00000| Complete 
| 155|0x0000000089b00000, 0x0000000089c00000, 0x0000000089c00000|100%| E|CS|TAMS 0x0000000089b00000, 0x0000000089b00000| Complete 
| 156|0x0000000089c00000, 0x0000000089d00000, 0x0000000089d00000|100%| E|CS|TAMS 0x0000000089c00000, 0x0000000089c00000| Complete 
| 157|0x0000000089d00000, 0x0000000089e00000, 0x0000000089e00000|100%| E|CS|TAMS 0x0000000089d00000, 0x0000000089d00000| Complete 
| 158|0x0000000089e00000, 0x0000000089f00000, 0x0000000089f00000|100%| E|CS|TAMS 0x0000000089e00000, 0x0000000089e00000| Complete 
| 159|0x0000000089f00000, 0x000000008a000000, 0x000000008a000000|100%| E|CS|TAMS 0x0000000089f00000, 0x0000000089f00000| Complete 
| 160|0x000000008a000000, 0x000000008a100000, 0x000000008a100000|100%| E|CS|TAMS 0x000000008a000000, 0x000000008a000000| Complete 
| 161|0x000000008a100000, 0x000000008a200000, 0x000000008a200000|100%| E|CS|TAMS 0x000000008a100000, 0x000000008a100000| Complete 
| 162|0x000000008a200000, 0x000000008a300000, 0x000000008a300000|100%| E|CS|TAMS 0x000000008a200000, 0x000000008a200000| Complete 
| 163|0x000000008a300000, 0x000000008a400000, 0x000000008a400000|100%| E|CS|TAMS 0x000000008a300000, 0x000000008a300000| Complete 
| 164|0x000000008a400000, 0x000000008a500000, 0x000000008a500000|100%| E|CS|TAMS 0x000000008a400000, 0x000000008a400000| Complete 
| 165|0x000000008a500000, 0x000000008a600000, 0x000000008a600000|100%| E|CS|TAMS 0x000000008a500000, 0x000000008a500000| Complete 
| 166|0x000000008a600000, 0x000000008a700000, 0x000000008a700000|100%| E|CS|TAMS 0x000000008a600000, 0x000000008a600000| Complete 
| 167|0x000000008a700000, 0x000000008a800000, 0x000000008a800000|100%| E|CS|TAMS 0x000000008a700000, 0x000000008a700000| Complete 
| 168|0x000000008a800000, 0x000000008a900000, 0x000000008a900000|100%| E|CS|TAMS 0x000000008a800000, 0x000000008a800000| Complete 
| 169|0x000000008a900000, 0x000000008aa00000, 0x000000008aa00000|100%| E|CS|TAMS 0x000000008a900000, 0x000000008a900000| Complete 
| 170|0x000000008aa00000, 0x000000008ab00000, 0x000000008ab00000|100%| E|CS|TAMS 0x000000008aa00000, 0x000000008aa00000| Complete 
| 171|0x000000008ab00000, 0x000000008ac00000, 0x000000008ac00000|100%| E|CS|TAMS 0x000000008ab00000, 0x000000008ab00000| Complete 
| 172|0x000000008ac00000, 0x000000008ad00000, 0x000000008ad00000|100%| E|CS|TAMS 0x000000008ac00000, 0x000000008ac00000| Complete 
| 173|0x000000008ad00000, 0x000000008ae00000, 0x000000008ae00000|100%| E|CS|TAMS 0x000000008ad00000, 0x000000008ad00000| Complete 
| 174|0x000000008ae00000, 0x000000008af00000, 0x000000008af00000|100%| E|CS|TAMS 0x000000008ae00000, 0x000000008ae00000| Complete 
| 175|0x000000008af00000, 0x000000008b000000, 0x000000008b000000|100%| E|CS|TAMS 0x000000008af00000, 0x000000008af00000| Complete 
| 176|0x000000008b000000, 0x000000008b100000, 0x000000008b100000|100%| E|CS|TAMS 0x000000008b000000, 0x000000008b000000| Complete 
| 177|0x000000008b100000, 0x000000008b200000, 0x000000008b200000|100%| E|CS|TAMS 0x000000008b100000, 0x000000008b100000| Complete 
| 178|0x000000008b200000, 0x000000008b300000, 0x000000008b300000|100%| E|CS|TAMS 0x000000008b200000, 0x000000008b200000| Complete 

Card table byte_map: [0x0000020a98d50000,0x0000020a99150000] _byte_map_base: 0x0000020a98950000

Marking Bits (Prev, Next): (CMBitMap*) 0x0000020a85eb01e8, (CMBitMap*) 0x0000020a85eb0220
 Prev Bits: [0x0000020a99550000, 0x0000020a9b550000)
 Next Bits: [0x0000020a9b550000, 0x0000020a9d550000)

Polling page: 0x0000020a83e10000

Metaspace:

Usage:
  Non-class:     76.83 MB capacity,    75.48 MB ( 98%) used,     1.11 MB (  1%) free+waste,   247.31 KB ( <1%) overhead. 
      Class:     11.92 MB capacity,    11.16 MB ( 94%) used,   674.68 KB (  6%) free+waste,   110.50 KB ( <1%) overhead. 
       Both:     88.76 MB capacity,    86.64 MB ( 98%) used,     1.77 MB (  2%) free+waste,   357.81 KB ( <1%) overhead. 

Virtual space:
  Non-class space:       78.00 MB reserved,      77.00 MB ( 99%) committed 
      Class space:        1.00 GB reserved,      12.00 MB (  1%) committed 
             Both:        1.08 GB reserved,      89.00 MB (  8%) committed 

Chunk freelists:
   Non-Class:  45.00 KB
       Class:  13.00 KB
        Both:  58.00 KB

MaxMetaspaceSize: 17179869184.00 GB
CompressedClassSpaceSize: 1.00 GB

CodeHeap 'non-profiled nmethods': size=120064Kb used=6548Kb max_used=6548Kb free=113515Kb
 bounds [0x0000020a91410000, 0x0000020a91a80000, 0x0000020a98950000]
CodeHeap 'profiled nmethods': size=120000Kb used=22613Kb max_used=22613Kb free=97386Kb
 bounds [0x0000020a89ee0000, 0x0000020a8b500000, 0x0000020a91410000]
CodeHeap 'non-nmethods': size=5696Kb used=2289Kb max_used=2374Kb free=3406Kb
 bounds [0x0000020a89950000, 0x0000020a89bc0000, 0x0000020a89ee0000]
 total_blobs=11246 nmethods=10354 adapters=803
 compilation: enabled
              stopped_count=0, restarted_count=0
 full_count=0

Compilation events (20 events):
Event: 36.265 Thread 0x0000020a9fa66000 nmethod 10403 0x0000020a91a74610 code [0x0000020a91a747c0, 0x0000020a91a74928]
Event: 36.275 Thread 0x0000020a9fa6a800 10404       1       com.android.builder.dexing.DexEntry::getDexDirOrJar (5 bytes)
Event: 36.275 Thread 0x0000020a9fa6a800 nmethod 10404 0x0000020a91a74b10 code [0x0000020a91a74cc0, 0x0000020a91a74d78]
Event: 36.423 Thread 0x0000020a9fa66000 10405   !   4       java.net.URL::<init> (543 bytes)
Event: 36.483 Thread 0x0000020a9fa6a800 10406       3       java.util.zip.ZipFile$Source::hash_append (7 bytes)
Event: 36.483 Thread 0x0000020a9fa6a800 nmethod 10406 0x0000020a8b4f0a90 code [0x0000020a8b4f0c40, 0x0000020a8b4f0d38]
Event: 36.548 Thread 0x0000020a9fa6a800 10407       3       java.util.zip.ZipFile$Source::getEntryPos (206 bytes)
Event: 36.550 Thread 0x0000020a9fa6a800 nmethod 10407 0x0000020a8b4f0e10 code [0x0000020a8b4f1080, 0x0000020a8b4f1d18]
Event: 36.630 Thread 0x0000020a9fa6a800 10410       3       com.android.builder.internal.aapt.v2.AaptV2CommandBuilder$makeLinkCommand$$inlined$sortedBy$1::compare (48 bytes)
Event: 36.630 Thread 0x0000020a9fa6a800 nmethod 10410 0x0000020a8b4f2390 code [0x0000020a8b4f2580, 0x0000020a8b4f2a88]
Event: 36.631 Thread 0x0000020a9fa6a800 10411       3       com.google.common.collect.ObjectArrays::checkElementNotNull (36 bytes)
Event: 36.631 Thread 0x0000020a9fa6a800 nmethod 10411 0x0000020a8b4f2c10 code [0x0000020a8b4f2e80, 0x0000020a8b4f36d8]
Event: 36.632 Thread 0x0000020a9fa6a800 10412       3       com.google.common.collect.ImmutableList$Builder::getReadyToExpandTo (66 bytes)
Event: 36.632 Thread 0x0000020a9fa6a800 nmethod 10412 0x0000020a8b4f3a10 code [0x0000020a8b4f3c00, 0x0000020a8b4f4028]
Event: 36.632 Thread 0x0000020a9fa6a800 10413       3       com.google.common.collect.ObjectArrays::checkElementsNotNull (7 bytes)
Event: 36.633 Thread 0x0000020a9fa6a800 nmethod 10413 0x0000020a8b4f4210 code [0x0000020a8b4f43e0, 0x0000020a8b4f4628]
Event: 36.633 Thread 0x0000020a9fa6a800 10414       3       com.google.common.collect.ImmutableList$Builder::add (14 bytes)
Event: 36.633 Thread 0x0000020a9fa6a800 nmethod 10414 0x0000020a8b4f4790 code [0x0000020a8b4f49a0, 0x0000020a8b4f4e88]
Event: 36.641 Thread 0x0000020a9fa6a800 10415       3       java.nio.file.Path::resolve (21 bytes)
Event: 36.641 Thread 0x0000020a9fa6a800 nmethod 10415 0x0000020a8b4f5090 code [0x0000020a8b4f5280, 0x0000020a8b4f5668]

GC Heap History (20 events):
Event: 9.974 GC heap before
{Heap before GC invocations=9 (full 0):
 garbage-first heap   total 152576K, used 93256K [0x0000000080000000, 0x0000000100000000)
  region size 1024K, 73 young (74752K), 7 survivors (7168K)
 Metaspace       used 39887K, capacity 40886K, committed 41088K, reserved 1085440K
  class space    used 5106K, capacity 5455K, committed 5504K, reserved 1048576K
}
Event: 9.988 GC heap after
{Heap after GC invocations=10 (full 0):
 garbage-first heap   total 152576K, used 27071K [0x0000000080000000, 0x0000000100000000)
  region size 1024K, 9 young (9216K), 9 survivors (9216K)
 Metaspace       used 39887K, capacity 40886K, committed 41088K, reserved 1085440K
  class space    used 5106K, capacity 5455K, committed 5504K, reserved 1048576K
}
Event: 11.660 GC heap before
{Heap before GC invocations=10 (full 0):
 garbage-first heap   total 152576K, used 95679K [0x0000000080000000, 0x0000000100000000)
  region size 1024K, 76 young (77824K), 9 survivors (9216K)
 Metaspace       used 45869K, capacity 47017K, committed 47360K, reserved 1089536K
  class space    used 5876K, capacity 6300K, committed 6400K, reserved 1048576K
}
Event: 11.680 GC heap after
{Heap after GC invocations=11 (full 0):
 garbage-first heap   total 152576K, used 29874K [0x0000000080000000, 0x0000000100000000)
  region size 1024K, 8 young (8192K), 8 survivors (8192K)
 Metaspace       used 45869K, capacity 47017K, committed 47360K, reserved 1089536K
  class space    used 5876K, capacity 6300K, committed 6400K, reserved 1048576K
}
Event: 14.470 GC heap before
{Heap before GC invocations=11 (full 0):
 garbage-first heap   total 152576K, used 111794K [0x0000000080000000, 0x0000000100000000)
  region size 1024K, 80 young (81920K), 8 survivors (8192K)
 Metaspace       used 51160K, capacity 52475K, committed 52608K, reserved 1095680K
  class space    used 6511K, capacity 6944K, committed 7040K, reserved 1048576K
}
Event: 14.493 GC heap after
{Heap after GC invocations=12 (full 0):
 garbage-first heap   total 183296K, used 46828K [0x0000000080000000, 0x0000000100000000)
  region size 1024K, 10 young (10240K), 10 survivors (10240K)
 Metaspace       used 51160K, capacity 52475K, committed 52608K, reserved 1095680K
  class space    used 6511K, capacity 6944K, committed 7040K, reserved 1048576K
}
Event: 16.126 GC heap before
{Heap before GC invocations=12 (full 0):
 garbage-first heap   total 183296K, used 93932K [0x0000000080000000, 0x0000000100000000)
  region size 1024K, 57 young (58368K), 10 survivors (10240K)
 Metaspace       used 58598K, capacity 60062K, committed 60160K, reserved 1101824K
  class space    used 7418K, capacity 7979K, committed 8064K, reserved 1048576K
}
Event: 16.150 GC heap after
{Heap after GC invocations=13 (full 0):
 garbage-first heap   total 183296K, used 50484K [0x0000000080000000, 0x0000000100000000)
  region size 1024K, 3 young (3072K), 3 survivors (3072K)
 Metaspace       used 58598K, capacity 60062K, committed 60160K, reserved 1101824K
  class space    used 7418K, capacity 7979K, committed 8064K, reserved 1048576K
}
Event: 18.234 GC heap before
{Heap before GC invocations=14 (full 0):
 garbage-first heap   total 183296K, used 118068K [0x0000000080000000, 0x0000000100000000)
  region size 1024K, 69 young (70656K), 3 survivors (3072K)
 Metaspace       used 64958K, capacity 66461K, committed 66688K, reserved 1107968K
  class space    used 8229K, capacity 8797K, committed 8832K, reserved 1048576K
}
Event: 18.256 GC heap after
{Heap after GC invocations=15 (full 0):
 garbage-first heap   total 183296K, used 54699K [0x0000000080000000, 0x0000000100000000)
  region size 1024K, 7 young (7168K), 7 survivors (7168K)
 Metaspace       used 64958K, capacity 66461K, committed 66688K, reserved 1107968K
  class space    used 8229K, capacity 8797K, committed 8832K, reserved 1048576K
}
Event: 21.905 GC heap before
{Heap before GC invocations=16 (full 0):
 garbage-first heap   total 183296K, used 124331K [0x0000000080000000, 0x0000000100000000)
  region size 1024K, 75 young (76800K), 7 survivors (7168K)
 Metaspace       used 70179K, capacity 71775K, committed 71936K, reserved 1112064K
  class space    used 9046K, capacity 9645K, committed 9728K, reserved 1048576K
}
Event: 21.924 GC heap after
{Heap after GC invocations=17 (full 0):
 garbage-first heap   total 183296K, used 60030K [0x0000000080000000, 0x0000000100000000)
  region size 1024K, 10 young (10240K), 10 survivors (10240K)
 Metaspace       used 70179K, capacity 71775K, committed 71936K, reserved 1112064K
  class space    used 9046K, capacity 9645K, committed 9728K, reserved 1048576K
}
Event: 26.134 GC heap before
{Heap before GC invocations=17 (full 0):
 garbage-first heap   total 183296K, used 129662K [0x0000000080000000, 0x0000000100000000)
  region size 1024K, 78 young (79872K), 10 survivors (10240K)
 Metaspace       used 77655K, capacity 79446K, committed 79616K, reserved 1118208K
  class space    used 10094K, capacity 10750K, committed 10752K, reserved 1048576K
}
Event: 26.157 GC heap after
{Heap after GC invocations=18 (full 0):
 garbage-first heap   total 183296K, used 65137K [0x0000000080000000, 0x0000000100000000)
  region size 1024K, 5 young (5120K), 5 survivors (5120K)
 Metaspace       used 77655K, capacity 79446K, committed 79616K, reserved 1118208K
  class space    used 10094K, capacity 10750K, committed 10752K, reserved 1048576K
}
Event: 28.508 GC heap before
{Heap before GC invocations=18 (full 0):
 garbage-first heap   total 183296K, used 133745K [0x0000000080000000, 0x0000000100000000)
  region size 1024K, 73 young (74752K), 5 survivors (5120K)
 Metaspace       used 81850K, capacity 83872K, committed 84224K, reserved 1122304K
  class space    used 10671K, capacity 11404K, committed 11520K, reserved 1048576K
}
Event: 28.525 GC heap after
{Heap after GC invocations=19 (full 0):
 garbage-first heap   total 183296K, used 69353K [0x0000000080000000, 0x0000000100000000)
  region size 1024K, 9 young (9216K), 9 survivors (9216K)
 Metaspace       used 81850K, capacity 83872K, committed 84224K, reserved 1122304K
  class space    used 10671K, capacity 11404K, committed 11520K, reserved 1048576K
}
Event: 31.222 GC heap before
{Heap before GC invocations=19 (full 0):
 garbage-first heap   total 183296K, used 136937K [0x0000000080000000, 0x0000000100000000)
  region size 1024K, 76 young (77824K), 9 survivors (9216K)
 Metaspace       used 82783K, capacity 84863K, committed 84992K, reserved 1122304K
  class space    used 10724K, capacity 11493K, committed 11520K, reserved 1048576K
}
Event: 31.241 GC heap after
{Heap after GC invocations=20 (full 0):
 garbage-first heap   total 183296K, used 73783K [0x0000000080000000, 0x0000000100000000)
  region size 1024K, 10 young (10240K), 10 survivors (10240K)
 Metaspace       used 82783K, capacity 84863K, committed 84992K, reserved 1122304K
  class space    used 10724K, capacity 11493K, committed 11520K, reserved 1048576K
}
Event: 33.239 GC heap before
{Heap before GC invocations=20 (full 0):
 garbage-first heap   total 183296K, used 140343K [0x0000000080000000, 0x0000000100000000)
  region size 1024K, 76 young (77824K), 10 survivors (10240K)
 Metaspace       used 85713K, capacity 87829K, committed 87936K, reserved 1126400K
  class space    used 11073K, capacity 11859K, committed 11904K, reserved 1048576K
}
Event: 33.258 GC heap after
{Heap after GC invocations=21 (full 0):
 garbage-first heap   total 183296K, used 76716K [0x0000000080000000, 0x0000000100000000)
  region size 1024K, 8 young (8192K), 8 survivors (8192K)
 Metaspace       used 85713K, capacity 87829K, committed 87936K, reserved 1126400K
  class space    used 11073K, capacity 11859K, committed 11904K, reserved 1048576K
}

Deoptimization events (20 events):
Event: 33.172 Thread 0x0000020aa9859000 Uncommon trap: trap_request=0xffffff4d fr.pc=0x0000020a919a20fc relative=0x00000000000039fc
Event: 33.172 Thread 0x0000020aa9859000 Uncommon trap: reason=unstable_if action=reinterpret pc=0x0000020a919a20fc method=org.gradle.internal.fingerprint.classpath.impl.ClasspathFingerprintingStrategy$ClasspathFingerprintingVisitor$1.visitRegularFile(Lorg/gradle/internal/snapshot/RegularFileSna
Event: 33.172 Thread 0x0000020aa9859000 DEOPT PACKING pc=0x0000020a919a20fc sp=0x000000aa32dfc850
Event: 33.172 Thread 0x0000020aa9859000 DEOPT UNPACKING pc=0x0000020a899778af sp=0x000000aa32dfc788 mode 2
Event: 33.203 Thread 0x0000020aa9859000 DEOPT PACKING pc=0x0000020a8b218276 sp=0x000000aa32dfa960
Event: 33.203 Thread 0x0000020aa9859000 DEOPT UNPACKING pc=0x0000020a899776ce sp=0x000000aa32df9e80 mode 0
Event: 33.583 Thread 0x0000020aa9859800 DEOPT PACKING pc=0x0000020a8b218255 sp=0x000000aa32ffb720
Event: 33.583 Thread 0x0000020aa9859800 DEOPT UNPACKING pc=0x0000020a899776ce sp=0x000000aa32ffac40 mode 0
Event: 33.666 Thread 0x0000020aa985b800 DEOPT PACKING pc=0x0000020a8ab1a1a7 sp=0x000000aa332fd7a0
Event: 33.666 Thread 0x0000020aa985b800 DEOPT UNPACKING pc=0x0000020a899776ce sp=0x000000aa332fcc50 mode 0
Event: 33.676 Thread 0x0000020aa985b800 Uncommon trap: trap_request=0xffffff4d fr.pc=0x0000020a91883c1c relative=0x00000000000004dc
Event: 33.676 Thread 0x0000020aa985b800 Uncommon trap: reason=unstable_if action=reinterpret pc=0x0000020a91883c1c method=java.lang.String.regionMatches(ZILjava/lang/String;II)Z @ 21 c2
Event: 33.676 Thread 0x0000020aa985b800 DEOPT PACKING pc=0x0000020a91883c1c sp=0x000000aa332fd960
Event: 33.676 Thread 0x0000020aa985b800 DEOPT UNPACKING pc=0x0000020a899778af sp=0x000000aa332fd910 mode 2
Event: 34.201 Thread 0x0000020aa985a800 DEOPT PACKING pc=0x0000020a8afb8434 sp=0x000000aa333fe1c0
Event: 34.201 Thread 0x0000020aa985a800 DEOPT UNPACKING pc=0x0000020a899776ce sp=0x000000aa333fd668 mode 0
Event: 36.423 Thread 0x0000020aa985a800 Uncommon trap: trap_request=0xffffff4d fr.pc=0x0000020a91441a40 relative=0x00000000000007e0
Event: 36.423 Thread 0x0000020aa985a800 Uncommon trap: reason=unstable_if action=reinterpret pc=0x0000020a91441a40 method=java.util.zip.ZipFile$Source.getEntryPos([BZ)I @ 105 c2
Event: 36.423 Thread 0x0000020aa985a800 DEOPT PACKING pc=0x0000020a91441a40 sp=0x000000aa333fa580
Event: 36.423 Thread 0x0000020aa985a800 DEOPT UNPACKING pc=0x0000020a899778af sp=0x000000aa333fa520 mode 2

Classes redefined (0 events):
No events

Internal exceptions (20 events):
Event: 27.909 Thread 0x0000020aa3642000 Exception <a 'java/lang/NoSuchMethodError'{0x0000000087d47918}: 'int java.lang.invoke.DirectMethodHandle$Holder.invokeStaticInit(java.lang.Object, java.lang.Object, java.lang.Object, java.lang.Object, java.lang.Object)'> (0x0000000087d47918) thrown at [./src/hotspot/share/interpreter/linkResolver.cpp, line 773]
Event: 29.088 Thread 0x0000020aa21d2000 Exception <a 'java/lang/IncompatibleClassChangeError'{0x000000008a2da650}: Found class java.lang.Object, but interface was expected> (0x000000008a2da650) thrown at [./src/hotspot/share/interpreter/linkResolver.cpp, line 839]
Event: 31.447 Thread 0x0000020aa3640800 Implicit null exception at 0x0000020a919cdcd2 to 0x0000020a919ce0d8
Event: 31.541 Thread 0x0000020aa9853000 Exception <a 'java/lang/NoSuchMethodError'{0x000000008ac2c7d8}: <clinit>> (0x000000008ac2c7d8) thrown at [./src/hotspot/share/prims/jni.cpp, line 1362]
Event: 31.541 Thread 0x0000020aa9853000 Exception <a 'java/lang/NoSuchMethodError'{0x000000008ac2db10}: <clinit>> (0x000000008ac2db10) thrown at [./src/hotspot/share/prims/jni.cpp, line 1362]
Event: 31.543 Thread 0x0000020aa9853000 Exception <a 'java/lang/NoSuchMethodError'{0x000000008ac30270}: <clinit>> (0x000000008ac30270) thrown at [./src/hotspot/share/prims/jni.cpp, line 1362]
Event: 31.547 Thread 0x0000020aa9853000 Exception <a 'java/lang/NoSuchMethodError'{0x000000008ac48b00}: <clinit>> (0x000000008ac48b00) thrown at [./src/hotspot/share/prims/jni.cpp, line 1362]
Event: 31.547 Thread 0x0000020aa9853000 Exception <a 'java/lang/NoSuchMethodError'{0x000000008ac49fe0}: <clinit>> (0x000000008ac49fe0) thrown at [./src/hotspot/share/prims/jni.cpp, line 1362]
Event: 31.585 Thread 0x0000020aa9853000 Exception <a 'java/lang/NoSuchMethodError'{0x000000008ab48580}: 'void java.lang.invoke.DirectMethodHandle$Holder.invokeVirtual(java.lang.Object, java.lang.Object)'> (0x000000008ab48580) thrown at [./src/hotspot/share/interpreter/linkResolver.cpp, line 773]
Event: 31.742 Thread 0x0000020aa9853000 Exception <a 'java/lang/NoSuchMethodError'{0x000000008a799dc0}: <clinit>> (0x000000008a799dc0) thrown at [./src/hotspot/share/prims/jni.cpp, line 1362]
Event: 31.748 Thread 0x0000020aa9853000 Exception <a 'java/lang/NoSuchMethodError'{0x000000008a7d0a70}: <clinit>> (0x000000008a7d0a70) thrown at [./src/hotspot/share/prims/jni.cpp, line 1362]
Event: 31.754 Thread 0x0000020aa9853000 Exception <a 'java/lang/NoSuchMethodError'{0x000000008a7fe690}: <clinit>> (0x000000008a7fe690) thrown at [./src/hotspot/share/prims/jni.cpp, line 1362]
Event: 31.758 Thread 0x0000020aa9853000 Exception <a 'java/lang/NoSuchMethodError'{0x000000008a6117c0}: <clinit>> (0x000000008a6117c0) thrown at [./src/hotspot/share/prims/jni.cpp, line 1362]
Event: 33.076 Thread 0x0000020aa3640800 Implicit null exception at 0x0000020a91a0ca55 to 0x0000020a91a0d2e4
Event: 34.191 Thread 0x0000020aa9859800 Exception <a 'java/lang/NoSuchMethodError'{0x00000000881567c8}: 'void java.lang.invoke.DirectMethodHandle$Holder.invokeStatic(java.lang.Object, long)'> (0x00000000881567c8) thrown at [./src/hotspot/share/interpreter/linkResolver.cpp, line 773]
Event: 34.191 Thread 0x0000020aa9859800 Exception <a 'java/lang/NoSuchMethodError'{0x000000008815b9e0}: 'java.lang.Object java.lang.invoke.DirectMethodHandle$Holder.invokeStatic(java.lang.Object, long)'> (0x000000008815b9e0) thrown at [./src/hotspot/share/interpreter/linkResolver.cpp, line 773]
Event: 34.194 Thread 0x0000020aa9859800 Exception <a 'java/lang/NoSuchMethodError'{0x0000000088169d48}: 'java.lang.Object java.lang.invoke.DirectMethodHandle$Holder.invokeStaticInit(java.lang.Object, java.lang.Object, long, java.lang.Object)'> (0x0000000088169d48) thrown at [./src/hotspot/share/interpreter/linkResolver.cpp, line 773]
Event: 34.194 Thread 0x0000020aa9859800 Exception <a 'java/lang/NoSuchMethodError'{0x000000008816fee0}: 'java.lang.Object java.lang.invoke.DirectMethodHandle$Holder.invokeStatic(java.lang.Object, java.lang.Object, long)'> (0x000000008816fee0) thrown at [./src/hotspot/share/interpreter/linkResolver.cpp, line 773]
Event: 34.194 Thread 0x0000020aa9859800 Exception <a 'java/lang/NoSuchMethodError'{0x0000000088176458}: 'java.lang.Object java.lang.invoke.Invokers$Holder.linkToTargetMethod(java.lang.Object, long, java.lang.Object)'> (0x0000000088176458) thrown at [./src/hotspot/share/interpreter/linkResolver.cpp, line 773]
Event: 36.649 Thread 0x0000020aa985a800 Exception <a 'sun/nio/fs/WindowsException'{0x0000000087df4178}> (0x0000000087df4178) thrown at [./src/hotspot/share/prims/jni.cpp, line 615]

Events (20 events):
Event: 36.644 loading class com/android/tools/r8/BaseCommand$Builder
Event: 36.644 loading class com/android/tools/r8/BaseCommand$Builder done
Event: 36.645 loading class com/android/tools/r8/utils/x
Event: 36.645 loading class com/android/tools/r8/utils/x done
Event: 36.646 loading class com/android/tools/r8/internal/uv
Event: 36.646 loading class com/android/tools/r8/internal/uv done
Event: 36.646 loading class com/android/tools/r8/internal/za
Event: 36.646 loading class com/android/tools/r8/internal/za done
Event: 36.647 loading class com/android/tools/r8/internal/o3
Event: 36.647 loading class com/android/tools/r8/internal/o3 done
Event: 36.647 loading class com/android/tools/r8/internal/o3
Event: 36.647 loading class com/android/tools/r8/internal/o3 done
Event: 36.648 loading class com/android/tools/r8/BaseCommand$Builder
Event: 36.648 loading class com/android/tools/r8/BaseCommand$Builder done
Event: 36.648 loading class com/android/tools/r8/utils/w$a
Event: 36.648 loading class com/android/tools/r8/utils/w$a done
Event: 36.648 loading class com/android/tools/r8/utils/w
Event: 36.648 loading class com/android/tools/r8/utils/w done
Event: 36.650 loading class com/android/tools/r8/graph/T
Event: 36.650 loading class com/android/tools/r8/graph/T done


Dynamic libraries:
0x00007ff7687e0000 - 0x00007ff7687ea000 	C:\Program Files\Android\Android Studio1\jre\bin\java.exe
0x00007ffa1bfa0000 - 0x00007ffa1c190000 	C:\WINDOWS\SYSTEM32\ntdll.dll
0x00007ffa1b3e0000 - 0x00007ffa1b492000 	C:\WINDOWS\System32\KERNEL32.DLL
0x00007ffa19020000 - 0x00007ffa192c4000 	C:\WINDOWS\System32\KERNELBASE.dll
0x00007ffa19f20000 - 0x00007ffa1a01a000 	C:\WINDOWS\System32\ucrtbase.dll
0x00007ffa0a740000 - 0x00007ffa0a759000 	C:\Program Files\Android\Android Studio1\jre\bin\jli.dll
0x00007ffa0a680000 - 0x00007ffa0a697000 	C:\Program Files\Android\Android Studio1\jre\bin\VCRUNTIME140.dll
0x00007ffa1bb50000 - 0x00007ffa1bce4000 	C:\WINDOWS\System32\USER32.dll
0x00007ffa1a020000 - 0x00007ffa1a041000 	C:\WINDOWS\System32\win32u.dll
0x00007ffa05400000 - 0x00007ffa05684000 	C:\WINDOWS\WinSxS\amd64_microsoft.windows.common-controls_6595b64144ccf1df_6.0.18362.959_none_e6c7bbbf130c62bb\COMCTL32.dll
0x00007ffa1b840000 - 0x00007ffa1b866000 	C:\WINDOWS\System32\GDI32.dll
0x00007ffa1a100000 - 0x00007ffa1a19e000 	C:\WINDOWS\System32\msvcrt.dll
0x00007ffa19d80000 - 0x00007ffa19f16000 	C:\WINDOWS\System32\gdi32full.dll
0x00007ffa1a280000 - 0x00007ffa1a5b5000 	C:\WINDOWS\System32\combase.dll
0x00007ffa19420000 - 0x00007ffa194be000 	C:\WINDOWS\System32\msvcp_win.dll
0x00007ffa1b870000 - 0x00007ffa1b990000 	C:\WINDOWS\System32\RPCRT4.dll
0x00007ffa19d00000 - 0x00007ffa19d80000 	C:\WINDOWS\System32\bcryptPrimitives.dll
0x00007ffa1a050000 - 0x00007ffa1a07e000 	C:\WINDOWS\System32\IMM32.DLL
0x00007ff9f8300000 - 0x00007ff9f839d000 	C:\Program Files\Android\Android Studio1\jre\bin\msvcp140.dll
0x00007ff9b1540000 - 0x00007ff9b200f000 	C:\Program Files\Android\Android Studio1\jre\bin\server\jvm.dll
0x00007ffa1b4a0000 - 0x00007ffa1b543000 	C:\WINDOWS\System32\ADVAPI32.dll
0x00007ffa1b7a0000 - 0x00007ffa1b837000 	C:\WINDOWS\System32\sechost.dll
0x00007ffa1a1a0000 - 0x00007ffa1a1a8000 	C:\WINDOWS\System32\PSAPI.DLL
0x00007ffa15040000 - 0x00007ffa15049000 	C:\WINDOWS\SYSTEM32\WSOCK32.dll
0x00007ffa1b9a0000 - 0x00007ffa1ba0f000 	C:\WINDOWS\System32\WS2_32.dll
0x00007ffa154b0000 - 0x00007ffa154d4000 	C:\WINDOWS\SYSTEM32\WINMM.dll
0x00007ffa0ff60000 - 0x00007ffa0ff6a000 	C:\WINDOWS\SYSTEM32\VERSION.dll
0x00007ffa15480000 - 0x00007ffa154ad000 	C:\WINDOWS\SYSTEM32\WINMMBASE.dll
0x00007ffa18fd0000 - 0x00007ffa1901a000 	C:\WINDOWS\System32\cfgmgr32.dll
0x00007ffa18eb0000 - 0x00007ffa18ec1000 	C:\WINDOWS\System32\kernel.appcore.dll
0x00007ffa0a630000 - 0x00007ffa0a641000 	C:\Program Files\Android\Android Studio1\jre\bin\verify.dll
0x00007ffa015e0000 - 0x00007ffa017d4000 	C:\WINDOWS\SYSTEM32\DBGHELP.DLL
0x00007ffa015b0000 - 0x00007ffa015da000 	C:\WINDOWS\SYSTEM32\dbgcore.DLL
0x00007ffa0a5c0000 - 0x00007ffa0a5e9000 	C:\Program Files\Android\Android Studio1\jre\bin\java.dll
0x00007ffa121d0000 - 0x00007ffa121db000 	C:\Program Files\Android\Android Studio1\jre\bin\jimage.dll
0x00007ffa0a410000 - 0x00007ffa0a428000 	C:\Program Files\Android\Android Studio1\jre\bin\zip.dll
0x00007ffa1a880000 - 0x00007ffa1af66000 	C:\WINDOWS\System32\SHELL32.dll
0x00007ffa1a7d0000 - 0x00007ffa1a879000 	C:\WINDOWS\System32\shcore.dll
0x00007ffa19570000 - 0x00007ffa19cf2000 	C:\WINDOWS\System32\windows.storage.dll
0x00007ffa18ed0000 - 0x00007ffa18ef3000 	C:\WINDOWS\System32\profapi.dll
0x00007ffa18e60000 - 0x00007ffa18eaa000 	C:\WINDOWS\System32\powrprof.dll
0x00007ffa18e50000 - 0x00007ffa18e60000 	C:\WINDOWS\System32\UMPDC.dll
0x00007ffa1bdc0000 - 0x00007ffa1be12000 	C:\WINDOWS\System32\shlwapi.dll
0x00007ffa18fb0000 - 0x00007ffa18fc7000 	C:\WINDOWS\System32\cryptsp.dll
0x00007ffa0a310000 - 0x00007ffa0a32a000 	C:\Program Files\Android\Android Studio1\jre\bin\net.dll
0x00007ffa0b2e0000 - 0x00007ffa0b3d0000 	C:\WINDOWS\SYSTEM32\WINHTTP.dll
0x00007ffa18660000 - 0x00007ffa186c7000 	C:\WINDOWS\system32\mswsock.dll
0x00007ffa06a40000 - 0x00007ffa06a54000 	C:\Program Files\Android\Android Studio1\jre\bin\nio.dll
0x00007ff9f8110000 - 0x00007ff9f8137000 	C:\Users\Somesh\.gradle\native\8bec1ad78214c89d9ad589b4d07fe93259594b29d510b10fafb7a158f7737e5d\windows-amd64\native-platform.dll
0x00007ff9b60a0000 - 0x00007ff9b61dd000 	C:\Users\Somesh\.gradle\native\53dbd7edfb1c66fb8903c78663c9afc45aea4f116125fa6feffd364cf09443e8\windows-amd64\native-platform-file-events.dll
0x00007ffa11d70000 - 0x00007ffa11d7a000 	C:\Program Files\Android\Android Studio1\jre\bin\management.dll
0x00007ffa0b080000 - 0x00007ffa0b08c000 	C:\Program Files\Android\Android Studio1\jre\bin\management_ext.dll
0x00007ffa181d0000 - 0x00007ffa18203000 	C:\WINDOWS\system32\rsaenh.dll
0x00007ffa18f20000 - 0x00007ffa18f46000 	C:\WINDOWS\System32\bcrypt.dll
0x00007ffa18d70000 - 0x00007ffa18d95000 	C:\WINDOWS\SYSTEM32\USERENV.dll
0x00007ffa18830000 - 0x00007ffa1883c000 	C:\WINDOWS\SYSTEM32\CRYPTBASE.dll
0x00007ffa18370000 - 0x00007ffa183aa000 	C:\WINDOWS\SYSTEM32\IPHLPAPI.DLL
0x00007ffa1b990000 - 0x00007ffa1b998000 	C:\WINDOWS\System32\NSI.dll
0x00007ffa0f290000 - 0x00007ffa0f2a6000 	C:\WINDOWS\SYSTEM32\dhcpcsvc6.DLL
0x00007ffa0fe90000 - 0x00007ffa0feac000 	C:\WINDOWS\SYSTEM32\dhcpcsvc.DLL
0x00007ffa183b0000 - 0x00007ffa1847b000 	C:\WINDOWS\SYSTEM32\DNSAPI.dll

dbghelp: loaded successfully - version: 4.0.5 - missing functions: none
symbol engine: initialized successfully - sym options: 0x614 - pdb path: .;C:\Program Files\Android\Android Studio1\jre\bin;C:\WINDOWS\SYSTEM32;C:\WINDOWS\WinSxS\amd64_microsoft.windows.common-controls_6595b64144ccf1df_6.0.18362.959_none_e6c7bbbf130c62bb;C:\Program Files\Android\Android Studio1\jre\bin\server;C:\Users\Somesh\.gradle\native\8bec1ad78214c89d9ad589b4d07fe93259594b29d510b10fafb7a158f7737e5d\windows-amd64;C:\Users\Somesh\.gradle\native\53dbd7edfb1c66fb8903c78663c9afc45aea4f116125fa6feffd364cf09443e8\windows-amd64

VM Arguments:
jvm_args: --add-opens=java.base/java.util=ALL-UNNAMED --add-opens=java.base/java.lang=ALL-UNNAMED --add-opens=java.base/java.lang.invoke=ALL-UNNAMED --add-opens=java.base/java.util=ALL-UNNAMED --add-opens=java.prefs/java.util.prefs=ALL-UNNAMED --add-opens=java.prefs/java.util.prefs=ALL-UNNAMED --add-opens=java.base/java.nio.charset=ALL-UNNAMED --add-opens=java.base/java.net=ALL-UNNAMED --add-opens=java.base/java.util.concurrent.atomic=ALL-UNNAMED -Xmx2048m -Dfile.encoding=UTF-8 -Duser.country=IN -Duser.language=en -Duser.variant 
java_command: org.gradle.launcher.daemon.bootstrap.GradleDaemon 7.0.2
java_class_path (initial): C:\Users\Somesh\.gradle\wrapper\dists\gradle-7.0.2-bin\857tjihv64xamwrf0h14cai3r\gradle-7.0.2\lib\gradle-launcher-7.0.2.jar
Launcher Type: SUN_STANDARD

[Global flags]
     intx CICompilerCount                          = 3                                         {product} {ergonomic}
     uint ConcGCThreads                            = 1                                         {product} {ergonomic}
     uint G1ConcRefinementThreads                  = 4                                         {product} {ergonomic}
   size_t G1HeapRegionSize                         = 1048576                                   {product} {ergonomic}
    uintx GCDrainStackTargetSize                   = 64                                        {product} {ergonomic}
   size_t InitialHeapSize                          = 130023424                                 {product} {ergonomic}
   size_t MarkStackSize                            = 4194304                                   {product} {ergonomic}
   size_t MaxHeapSize                              = 2147483648                                {product} {command line}
   size_t MaxNewSize                               = 1287651328                                {product} {ergonomic}
   size_t MinHeapDeltaBytes                        = 1048576                                   {product} {ergonomic}
    uintx NonNMethodCodeHeapSize                   = 5830732                                {pd product} {ergonomic}
    uintx NonProfiledCodeHeapSize                  = 122913754                              {pd product} {ergonomic}
    uintx ProfiledCodeHeapSize                     = 122913754                              {pd product} {ergonomic}
    uintx ReservedCodeCacheSize                    = 251658240                              {pd product} {ergonomic}
     bool SegmentedCodeCache                       = true                                      {product} {ergonomic}
     bool UseCompressedClassPointers               = true                                 {lp64_product} {ergonomic}
     bool UseCompressedOops                        = true                                 {lp64_product} {ergonomic}
     bool UseG1GC                                  = true                                      {product} {ergonomic}
     bool UseLargePagesIndividualAllocation        = false                                  {pd product} {ergonomic}

Logging:
Log output configuration:
 #0: stdout all=warning uptime,level,tags
 #1: stderr all=off uptime,level,tags

Environment Variables:
JAVA_HOME=C:\Program Files\Java\jdk-16.0.2
PATH=C:\Program Files\Common Files\Oracle\Java\javapath;C:\Program Files (x86)\Common Files\Intel\Shared Libraries\redist\intel64\compiler;C:\WINDOWS\system32;C:\WINDOWS;C:\WINDOWS\System32\Wbem;C:\WINDOWS\System32\WindowsPowerShell\v1.0\;C:\WINDOWS\System32\OpenSSH\;C:\Program Files (x86)\Brackets\command;C:\Program Files\Java\jdk-16.0.2\bin;C:\Users\Somesh\AppData\Local\Programs\Python\Python37\Scripts\;C:\Users\Somesh\AppData\Local\Programs\Python\Python37\;C:\Python27;C:\Python27\DLLs;C:\Python27\Scripts;C:\Users\Somesh\AppData\Local\Microsoft\WindowsApps;C:\Users\Somesh\AppData\Local\Programs\Git\cmd;C:\Users\Somesh\AppData\Local\Programs\Microsoft VS Code\bin
USERNAME=Somesh
OS=Windows_NT
PROCESSOR_IDENTIFIER=Intel64 Family 6 Model 142 Stepping 9, GenuineIntel



---------------  S Y S T E M  ---------------

OS: Windows 10 , 64 bit Build 18362 (10.0.18362.959)
OS uptime: 9 days 17:40 hours

CPU:total 4 (initial active 4) (2 cores per cpu, 2 threads per core) family 6 model 142 stepping 9 microcode 0xb4, cmov, cx8, fxsr, mmx, sse, sse2, sse3, ssse3, sse4.1, sse4.2, popcnt, avx, avx2, aes, clmul, erms, 3dnowpref, lzcnt, ht, tsc, tscinvbit, bmi1, bmi2, adx, fma

Memory: 4k page, system-wide physical 7899M (1119M free)
TotalPageFile size 9785M (AvailPageFile size 4M)
current process WorkingSet (physical memory assigned to process): 407M, peak: 440M
current process commit charge ("private bytes"): 447M, peak: 470M

vm_info: OpenJDK 64-Bit Server VM (11.0.10+0-b96-7249189) for windows-amd64 JRE (11.0.10+0-b96-7249189), built on Mar 31 2021 21:44:00 by "builder" with MS VC++ 14.0 (VS2015)

END.
