#
# There is insufficient memory for the Java Runtime Environment to continue.
# Native memory allocation (malloc) failed to allocate 760896 bytes for Chunk::new
# Possible reasons:
#   The system is out of physical RAM or swap space
#   The process is running with CompressedOops enabled, and the Java Heap may be blocking the growth of the native heap
# Possible solutions:
#   Reduce memory load on the system
#   Increase physical memory or swap space
#   Check if swap backing store is full
#   Decrease Java heap size (-Xmx/-Xms)
#   Decrease number of Java threads
#   Decrease Java thread stack sizes (-Xss)
#   Set larger code cache with -XX:ReservedCodeCacheSize=
#   JVM is running with Unscaled Compressed Oops mode in which the Java heap is
#     placed in the first 4GB address space. The Java Heap base address is the
#     maximum limit for the native heap growth. Please use -XX:HeapBaseMinAddress
#     to set the Java Heap base and to place the Java Heap above 4GB virtual address.
# This output file may be truncated or incomplete.
#
#  Out of Memory Error (./src/hotspot/share/memory/arena.cpp:197), pid=3372, tid=3056
#
# JRE version: OpenJDK Runtime Environment (11.0.10) (build 11.0.10+0-b96-7249189)
# Java VM: OpenJDK 64-Bit Server VM (11.0.10+0-b96-7249189, mixed mode, tiered, compressed oops, g1 gc, windows-amd64)
# No core dump will be written. Minidumps are not enabled by default on client versions of Windows
#

---------------  S U M M A R Y ------------

Command Line: --add-opens=java.base/java.util=ALL-UNNAMED --add-opens=java.base/java.lang=ALL-UNNAMED --add-opens=java.base/java.lang.invoke=ALL-UNNAMED --add-opens=java.base/java.util=ALL-UNNAMED --add-opens=java.prefs/java.util.prefs=ALL-UNNAMED --add-opens=java.prefs/java.util.prefs=ALL-UNNAMED --add-opens=java.base/java.nio.charset=ALL-UNNAMED --add-opens=java.base/java.net=ALL-UNNAMED --add-opens=java.base/java.util.concurrent.atomic=ALL-UNNAMED -Xmx2048m -Dfile.encoding=UTF-8 -Duser.country=IN -Duser.language=en -Duser.variant org.gradle.launcher.daemon.bootstrap.GradleDaemon 7.0.2

Host: Intel(R) Core(TM) i5-7200U CPU @ 2.50GHz, 4 cores, 7G,  Windows 10 , 64 bit Build 18362 (10.0.18362.959)
Time: Fri Oct  1 13:55:49 2021 India Standard Time elapsed time: 33.359508 seconds (0d 0h 0m 33s)

---------------  T H R E A D  ---------------

Current thread (0x0000019c724f4000):  JavaThread "C2 CompilerThread0" daemon [_thread_in_native, id=3056, stack(0x0000004838800000,0x0000004838900000)]


Current CompileTask:
C2:  33359 10333   !   4       org.gradle.internal.classloader.CachingClassLoader::loadClass (85 bytes)

Stack: [0x0000004838800000,0x0000004838900000]
Native frames: (J=compiled Java code, j=interpreted, Vv=VM code, C=native code)
V  [jvm.dll+0x5ecfaa]
V  [jvm.dll+0x722bd5]
V  [jvm.dll+0x72412d]
V  [jvm.dll+0x7247e3]
V  [jvm.dll+0x242928]
V  [jvm.dll+0xbc4fc]
V  [jvm.dll+0xbca0c]
V  [jvm.dll+0x2b4fd4]
V  [jvm.dll+0x506028]
V  [jvm.dll+0x1fc985]
V  [jvm.dll+0x1fa77f]
V  [jvm.dll+0x18354c]
V  [jvm.dll+0x208ee7]
V  [jvm.dll+0x207731]
V  [jvm.dll+0x6eb1cf]
V  [jvm.dll+0x6e3d45]
V  [jvm.dll+0x5ebe96]
C  [ucrtbase.dll+0x20e82]
C  [KERNEL32.DLL+0x17bd4]
C  [ntdll.dll+0x6ce51]


---------------  P R O C E S S  ---------------

Threads class SMR info:
_java_thread_list=0x0000019c757ee050, length=54, elements={
0x0000019c588fd000, 0x0000019c724d0800, 0x0000019c724dc800, 0x0000019c72e53000,
0x0000019c724ee800, 0x0000019c724ef000, 0x0000019c724f4000, 0x0000019c724f5800,
0x0000019c7250d800, 0x0000019c72f94000, 0x0000019c73e48000, 0x0000019c75364000,
0x0000019c73b84000, 0x0000019c74c76800, 0x0000019c73e1f000, 0x0000019c75db0800,
0x0000019c74255800, 0x0000019c73101000, 0x0000019c730ff800, 0x0000019c73101800,
0x0000019c73102800, 0x0000019c730fd000, 0x0000019c73100000, 0x0000019c73103800,
0x0000019c730fd800, 0x0000019c730fe800, 0x0000019c75243000, 0x0000019c75240800,
0x0000019c75241800, 0x0000019c75242800, 0x0000019c7523e800, 0x0000019c7523f000,
0x0000019c75245800, 0x0000019c75248000, 0x0000019c7524c000, 0x0000019c7524a800,
0x0000019c75247000, 0x0000019c7524b800, 0x0000019c75246800, 0x0000019c7524d000,
0x0000019c75249000, 0x0000019c75249800, 0x0000019c74450000, 0x0000019c7444f800,
0x0000019c74453800, 0x0000019c7444e800, 0x0000019c7444d800, 0x0000019c74455000,
0x0000019c7445a000, 0x0000019c74458800, 0x0000019c74457800, 0x0000019c74459000,
0x0000019c74456000, 0x0000019c74456800
}

Java Threads: ( => current thread )
  0x0000019c588fd000 JavaThread "main" [_thread_blocked, id=13100, stack(0x0000004837b00000,0x0000004837c00000)]
  0x0000019c724d0800 JavaThread "Reference Handler" daemon [_thread_blocked, id=9200, stack(0x0000004838300000,0x0000004838400000)]
  0x0000019c724dc800 JavaThread "Finalizer" daemon [_thread_blocked, id=10180, stack(0x0000004838400000,0x0000004838500000)]
  0x0000019c72e53000 JavaThread "Signal Dispatcher" daemon [_thread_blocked, id=2020, stack(0x0000004838500000,0x0000004838600000)]
  0x0000019c724ee800 JavaThread "Attach Listener" daemon [_thread_blocked, id=5144, stack(0x0000004838600000,0x0000004838700000)]
  0x0000019c724ef000 JavaThread "Service Thread" daemon [_thread_blocked, id=13744, stack(0x0000004838700000,0x0000004838800000)]
=>0x0000019c724f4000 JavaThread "C2 CompilerThread0" daemon [_thread_in_native, id=3056, stack(0x0000004838800000,0x0000004838900000)]
  0x0000019c724f5800 JavaThread "C1 CompilerThread0" daemon [_thread_blocked, id=14652, stack(0x0000004838900000,0x0000004838a00000)]
  0x0000019c7250d800 JavaThread "Sweeper thread" daemon [_thread_blocked, id=2644, stack(0x0000004838a00000,0x0000004838b00000)]
  0x0000019c72f94000 JavaThread "Common-Cleaner" daemon [_thread_blocked, id=9248, stack(0x0000004838b00000,0x0000004838c00000)]
  0x0000019c73e48000 JavaThread "Daemon health stats" [_thread_blocked, id=7236, stack(0x0000004838f00000,0x0000004839000000)]
  0x0000019c75364000 JavaThread "Incoming local TCP Connector on port 58092" [_thread_in_native, id=8272, stack(0x0000004838d00000,0x0000004838e00000)]
  0x0000019c73b84000 JavaThread "Daemon periodic checks" [_thread_blocked, id=13632, stack(0x0000004839000000,0x0000004839100000)]
  0x0000019c74c76800 JavaThread "Daemon" [_thread_blocked, id=12180, stack(0x0000004839100000,0x0000004839200000)]
  0x0000019c73e1f000 JavaThread "Handler for socket connection from /127.0.0.1:58092 to /127.0.0.1:58093" [_thread_in_native, id=7888, stack(0x0000004839200000,0x0000004839300000)]
  0x0000019c75db0800 JavaThread "Cancel handler" [_thread_blocked, id=10064, stack(0x0000004839300000,0x0000004839400000)]
  0x0000019c74255800 JavaThread "Daemon worker" [_thread_blocked, id=8092, stack(0x0000004839400000,0x0000004839500000)]
  0x0000019c73101000 JavaThread "Asynchronous log dispatcher for DefaultDaemonConnection: socket connection from /127.0.0.1:58092 to /127.0.0.1:58093" [_thread_blocked, id=11328, stack(0x0000004839500000,0x0000004839600000)]
  0x0000019c730ff800 JavaThread "Stdin handler" [_thread_blocked, id=11972, stack(0x0000004839600000,0x0000004839700000)]
  0x0000019c73101800 JavaThread "Daemon client event forwarder" [_thread_blocked, id=7360, stack(0x0000004839700000,0x0000004839800000)]
  0x0000019c73102800 JavaThread "Cache worker for file hash cache (C:\Users\Somesh\.gradle\caches\7.0.2\fileHashes)" [_thread_blocked, id=14572, stack(0x0000004839a00000,0x0000004839b00000)]
  0x0000019c730fd000 JavaThread "File lock request listener" [_thread_in_native, id=1828, stack(0x0000004839b00000,0x0000004839c00000)]
  0x0000019c73100000 JavaThread "Cache worker for journal cache (C:\Users\Somesh\.gradle\caches\journal-1)" [_thread_blocked, id=14472, stack(0x0000004839c00000,0x0000004839d00000)]
  0x0000019c73103800 JavaThread "Cache worker for file hash cache (D:\QuizApp\.gradle\7.0.2\fileHashes)" [_thread_blocked, id=15256, stack(0x0000004839e00000,0x0000004839f00000)]
  0x0000019c730fd800 JavaThread "File watcher server" daemon [_thread_in_native, id=7608, stack(0x0000004839f00000,0x000000483a000000)]
  0x0000019c730fe800 JavaThread "File watcher consumer" daemon [_thread_blocked, id=580, stack(0x000000483a000000,0x000000483a100000)]
  0x0000019c75243000 JavaThread "Cache worker for checksums cache (D:\QuizApp\.gradle\checksums)" [_thread_blocked, id=5324, stack(0x000000483a100000,0x000000483a200000)]
  0x0000019c75240800 JavaThread "Cache worker for cache directory md-supplier (C:\Users\Somesh\.gradle\caches\7.0.2\md-supplier)" [_thread_blocked, id=6164, stack(0x000000483a200000,0x000000483a300000)]
  0x0000019c75241800 JavaThread "Cache worker for cache directory md-rule (C:\Users\Somesh\.gradle\caches\7.0.2\md-rule)" [_thread_blocked, id=15336, stack(0x000000483a300000,0x000000483a400000)]
  0x0000019c75242800 JavaThread "Cache worker for execution history cache (C:\Users\Somesh\.gradle\caches\7.0.2\executionHistory)" [_thread_blocked, id=14996, stack(0x000000483a400000,0x000000483a500000)]
  0x0000019c7523e800 JavaThread "jar transforms" [_thread_blocked, id=9800, stack(0x000000483a500000,0x000000483a600000)]
  0x0000019c7523f000 JavaThread "jar transforms Thread 2" [_thread_blocked, id=15028, stack(0x000000483a600000,0x000000483a700000)]
  0x0000019c75245800 JavaThread "Cache worker for file content cache (C:\Users\Somesh\.gradle\caches\7.0.2\fileContent)" [_thread_blocked, id=11340, stack(0x000000483a700000,0x000000483a800000)]
  0x0000019c75248000 JavaThread "Cache worker for dependencies-accessors (D:\QuizApp\.gradle\7.0.2\dependencies-accessors)" [_thread_blocked, id=12892, stack(0x000000483a800000,0x000000483a900000)]
  0x0000019c7524c000 JavaThread "jar transforms Thread 3" [_thread_blocked, id=6624, stack(0x000000483a900000,0x000000483aa00000)]
  0x0000019c7524a800 JavaThread "Cache worker for Build Output Cleanup Cache (D:\QuizApp\.gradle\buildOutputCleanup)" [_thread_blocked, id=4600, stack(0x000000483aa00000,0x000000483ab00000)]
  0x0000019c75247000 JavaThread "Build operations" [_thread_blocked, id=2028, stack(0x000000483ab00000,0x000000483ac00000)]
  0x0000019c7524b800 JavaThread "Build operations Thread 2" [_thread_blocked, id=14424, stack(0x000000483ac00000,0x000000483ad00000)]
  0x0000019c75246800 JavaThread "Build operations Thread 3" [_thread_blocked, id=5860, stack(0x000000483ad00000,0x000000483ae00000)]
  0x0000019c7524d000 JavaThread "Build operations Thread 4" [_thread_blocked, id=832, stack(0x000000483ae00000,0x000000483af00000)]
  0x0000019c75249000 JavaThread "jar transforms Thread 4" [_thread_blocked, id=12376, stack(0x000000483af00000,0x000000483b000000)]
  0x0000019c75249800 JavaThread "Memory manager" [_thread_blocked, id=1708, stack(0x000000483b000000,0x000000483b100000)]
  0x0000019c74450000 JavaThread "build event listener" [_thread_blocked, id=2864, stack(0x000000483b100000,0x000000483b200000)]
  0x0000019c7444f800 JavaThread "Execution worker for ':'" [_thread_blocked, id=5920, stack(0x000000483b200000,0x000000483b300000)]
  0x0000019c74453800 JavaThread "Execution worker for ':' Thread 2" [_thread_blocked, id=1000, stack(0x000000483b300000,0x000000483b400000)]
  0x0000019c7444e800 JavaThread "Execution worker for ':' Thread 3" [_thread_blocked, id=11764, stack(0x000000483b400000,0x000000483b500000)]
  0x0000019c7444d800 JavaThread "Cache worker for execution history cache (D:\QuizApp\.gradle\7.0.2\executionHistory)" [_thread_blocked, id=4568, stack(0x000000483b500000,0x000000483b600000)]
  0x0000019c74455000 JavaThread "WorkerExecutor Queue" [_thread_blocked, id=128, stack(0x000000483b600000,0x000000483b700000)]
  0x0000019c7445a000 JavaThread "WorkerExecutor Queue Thread 2" [_thread_blocked, id=10352, stack(0x000000483b700000,0x000000483b800000)]
  0x0000019c74458800 JavaThread "WorkerExecutor Queue Thread 3" [_thread_in_native, id=13408, stack(0x000000483b800000,0x000000483b900000)]
  0x0000019c74457800 JavaThread "WorkerExecutor Queue Thread 4" [_thread_blocked, id=8408, stack(0x000000483b900000,0x000000483ba00000)]
  0x0000019c74459000 JavaThread "pool-3-thread-1" [_thread_blocked, id=6104, stack(0x000000483ba00000,0x000000483bb00000)]
  0x0000019c74456000 JavaThread "stderr" [_thread_in_native, id=6472, stack(0x000000483bb00000,0x000000483bc00000)]
  0x0000019c74456800 JavaThread "stdout" [_thread_in_native, id=10824, stack(0x000000483bc00000,0x000000483bd00000)]

Other Threads:
  0x0000019c724c9000 VMThread "VM Thread" [stack: 0x0000004838200000,0x0000004838300000] [id=6880]
  0x0000019c72fab000 WatcherThread [stack: 0x0000004838c00000,0x0000004838d00000] [id=15016]
  0x0000019c58915800 GCTaskThread "GC Thread#0" [stack: 0x0000004837d00000,0x0000004837e00000] [id=13652]
  0x0000019c7361d800 GCTaskThread "GC Thread#1" [stack: 0x0000004838e00000,0x0000004838f00000] [id=13232]
  0x0000019c753a6000 GCTaskThread "GC Thread#2" [stack: 0x0000004839800000,0x0000004839900000] [id=2992]
  0x0000019c72e83800 GCTaskThread "GC Thread#3" [stack: 0x0000004839900000,0x0000004839a00000] [id=8216]
  0x0000019c58946800 ConcurrentGCThread "G1 Main Marker" [stack: 0x0000004837e00000,0x0000004837f00000] [id=14260]
  0x0000019c58948000 ConcurrentGCThread "G1 Conc#0" [stack: 0x0000004837f00000,0x0000004838000000] [id=8236]
  0x0000019c72320800 ConcurrentGCThread "G1 Refine#0" [stack: 0x0000004838000000,0x0000004838100000] [id=14072]
  0x0000019c72321800 ConcurrentGCThread "G1 Young RemSet Sampling" [stack: 0x0000004838100000,0x0000004838200000] [id=11348]

Threads with active compile tasks:
C2 CompilerThread0  33395 10333   !   4       org.gradle.internal.classloader.CachingClassLoader::loadClass (85 bytes)

VM state:not at safepoint (normal execution)

VM Mutex/Monitor currently owned by a thread: None

Heap address: 0x0000000080000000, size: 2048 MB, Compressed Oops mode: 32-bit
Narrow klass base: 0x0000000000000000, Narrow klass shift: 3
Compressed class space size: 1073741824 Address: 0x0000000100000000

Heap:
 garbage-first heap   total 183296K, used 110561K [0x0000000080000000, 0x0000000100000000)
  region size 1024K, 15 young (15360K), 8 survivors (8192K)
 Metaspace       used 90722K, capacity 92902K, committed 93132K, reserved 1130496K
  class space    used 11707K, capacity 12479K, committed 12544K, reserved 1048576K
Heap Regions: E=young(eden), S=young(survivor), O=old, HS=humongous(starts), HC=humongous(continues), CS=collection set, F=free, A=archive, TAMS=top-at-mark-start (previous, next)
|   0|0x0000000080000000, 0x0000000080100000, 0x0000000080100000|100%| O|  |TAMS 0x0000000080100000, 0x0000000080000000| Untracked 
|   1|0x0000000080100000, 0x0000000080200000, 0x0000000080200000|100%| O|  |TAMS 0x0000000080200000, 0x0000000080100000| Untracked 
|   2|0x0000000080200000, 0x0000000080300000, 0x0000000080300000|100%| O|  |TAMS 0x0000000080300000, 0x0000000080200000| Untracked 
|   3|0x0000000080300000, 0x0000000080400000, 0x0000000080400000|100%|HS|  |TAMS 0x0000000080400000, 0x0000000080300000| Complete 
|   4|0x0000000080400000, 0x0000000080500000, 0x0000000080500000|100%|HC|  |TAMS 0x0000000080500000, 0x0000000080400000| Complete 
|   5|0x0000000080500000, 0x0000000080600000, 0x0000000080600000|100%|HC|  |TAMS 0x0000000080600000, 0x0000000080500000| Complete 
|   6|0x0000000080600000, 0x0000000080700000, 0x0000000080700000|100%| O|  |TAMS 0x0000000080700000, 0x0000000080600000| Untracked 
|   7|0x0000000080700000, 0x0000000080800000, 0x0000000080800000|100%| O|  |TAMS 0x0000000080800000, 0x0000000080700000| Untracked 
|   8|0x0000000080800000, 0x0000000080900000, 0x0000000080900000|100%| O|  |TAMS 0x0000000080900000, 0x0000000080800000| Untracked 
|   9|0x0000000080900000, 0x0000000080a00000, 0x0000000080a00000|100%| O|  |TAMS 0x0000000080a00000, 0x0000000080900000| Untracked 
|  10|0x0000000080a00000, 0x0000000080b00000, 0x0000000080b00000|100%| O|  |TAMS 0x0000000080b00000, 0x0000000080a00000| Untracked 
|  11|0x0000000080b00000, 0x0000000080c00000, 0x0000000080c00000|100%| O|  |TAMS 0x0000000080c00000, 0x0000000080b00000| Untracked 
|  12|0x0000000080c00000, 0x0000000080d00000, 0x0000000080d00000|100%| O|  |TAMS 0x0000000080d00000, 0x0000000080c00000| Untracked 
|  13|0x0000000080d00000, 0x0000000080e00000, 0x0000000080e00000|100%| O|  |TAMS 0x0000000080e00000, 0x0000000080d00000| Untracked 
|  14|0x0000000080e00000, 0x0000000080f00000, 0x0000000080f00000|100%| O|  |TAMS 0x0000000080f00000, 0x0000000080e00000| Untracked 
|  15|0x0000000080f00000, 0x0000000081000000, 0x0000000081000000|100%| O|  |TAMS 0x0000000081000000, 0x0000000080f00000| Untracked 
|  16|0x0000000081000000, 0x0000000081100000, 0x0000000081100000|100%| O|  |TAMS 0x0000000081100000, 0x0000000081000000| Untracked 
|  17|0x0000000081100000, 0x0000000081200000, 0x0000000081200000|100%| O|  |TAMS 0x0000000081200000, 0x0000000081100000| Untracked 
|  18|0x0000000081200000, 0x0000000081300000, 0x0000000081300000|100%| O|  |TAMS 0x0000000081300000, 0x0000000081200000| Untracked 
|  19|0x0000000081300000, 0x0000000081400000, 0x0000000081400000|100%|HS|  |TAMS 0x0000000081400000, 0x0000000081300000| Complete 
|  20|0x0000000081400000, 0x0000000081500000, 0x0000000081500000|100%| O|  |TAMS 0x0000000081500000, 0x0000000081400000| Untracked 
|  21|0x0000000081500000, 0x0000000081600000, 0x0000000081600000|100%| O|  |TAMS 0x0000000081600000, 0x0000000081500000| Untracked 
|  22|0x0000000081600000, 0x0000000081700000, 0x0000000081700000|100%| O|  |TAMS 0x0000000081700000, 0x0000000081600000| Untracked 
|  23|0x0000000081700000, 0x0000000081800000, 0x0000000081800000|100%|HS|  |TAMS 0x0000000081800000, 0x0000000081700000| Complete 
|  24|0x0000000081800000, 0x0000000081900000, 0x0000000081900000|100%|HS|  |TAMS 0x0000000081900000, 0x0000000081800000| Complete 
|  25|0x0000000081900000, 0x0000000081a00000, 0x0000000081a00000|100%|HS|  |TAMS 0x0000000081a00000, 0x0000000081900000| Complete 
|  26|0x0000000081a00000, 0x0000000081b00000, 0x0000000081b00000|100%|HC|  |TAMS 0x0000000081b00000, 0x0000000081a00000| Complete 
|  27|0x0000000081b00000, 0x0000000081c00000, 0x0000000081c00000|100%|HC|  |TAMS 0x0000000081c00000, 0x0000000081b00000| Complete 
|  28|0x0000000081c00000, 0x0000000081d00000, 0x0000000081d00000|100%|HS|  |TAMS 0x0000000081d00000, 0x0000000081c00000| Complete 
|  29|0x0000000081d00000, 0x0000000081e00000, 0x0000000081e00000|100%|HC|  |TAMS 0x0000000081e00000, 0x0000000081d00000| Complete 
|  30|0x0000000081e00000, 0x0000000081f00000, 0x0000000081f00000|100%| O|  |TAMS 0x0000000081f00000, 0x0000000081e00000| Untracked 
|  31|0x0000000081f00000, 0x0000000082000000, 0x0000000082000000|100%| O|  |TAMS 0x0000000082000000, 0x0000000081f00000| Untracked 
|  32|0x0000000082000000, 0x0000000082100000, 0x0000000082100000|100%| O|  |TAMS 0x0000000082100000, 0x0000000082000000| Untracked 
|  33|0x0000000082100000, 0x0000000082200000, 0x0000000082200000|100%| O|  |TAMS 0x0000000082200000, 0x0000000082100000| Untracked 
|  34|0x0000000082200000, 0x0000000082300000, 0x0000000082300000|100%| O|  |TAMS 0x0000000082300000, 0x0000000082200000| Untracked 
|  35|0x0000000082300000, 0x0000000082400000, 0x0000000082400000|100%| O|  |TAMS 0x0000000082400000, 0x0000000082300000| Untracked 
|  36|0x0000000082400000, 0x0000000082500000, 0x0000000082500000|100%| O|  |TAMS 0x0000000082500000, 0x0000000082400000| Untracked 
|  37|0x0000000082500000, 0x0000000082600000, 0x0000000082600000|100%| O|  |TAMS 0x0000000082600000, 0x0000000082500000| Untracked 
|  38|0x0000000082600000, 0x0000000082700000, 0x0000000082700000|100%| O|  |TAMS 0x0000000082700000, 0x0000000082600000| Untracked 
|  39|0x0000000082700000, 0x0000000082800000, 0x0000000082800000|100%| O|  |TAMS 0x0000000082800000, 0x0000000082700000| Untracked 
|  40|0x0000000082800000, 0x0000000082900000, 0x0000000082900000|100%| O|  |TAMS 0x0000000082900000, 0x0000000082800000| Untracked 
|  41|0x0000000082900000, 0x0000000082a00000, 0x0000000082a00000|100%| O|  |TAMS 0x0000000082a00000, 0x0000000082900000| Untracked 
|  42|0x0000000082a00000, 0x0000000082b00000, 0x0000000082b00000|100%| O|  |TAMS 0x0000000082b00000, 0x0000000082a00000| Untracked 
|  43|0x0000000082b00000, 0x0000000082c00000, 0x0000000082c00000|100%| O|  |TAMS 0x0000000082c00000, 0x0000000082b00000| Untracked 
|  44|0x0000000082c00000, 0x0000000082d00000, 0x0000000082d00000|100%| O|  |TAMS 0x0000000082d00000, 0x0000000082c00000| Untracked 
|  45|0x0000000082d00000, 0x0000000082e00000, 0x0000000082e00000|100%| O|  |TAMS 0x0000000082e00000, 0x0000000082d00000| Untracked 
|  46|0x0000000082e00000, 0x0000000082f00000, 0x0000000082f00000|100%| O|  |TAMS 0x0000000082f00000, 0x0000000082e00000| Untracked 
|  47|0x0000000082f00000, 0x0000000083000000, 0x0000000083000000|100%| O|  |TAMS 0x0000000083000000, 0x0000000082f00000| Untracked 
|  48|0x0000000083000000, 0x0000000083100000, 0x0000000083100000|100%| O|  |TAMS 0x0000000083100000, 0x0000000083000000| Untracked 
|  49|0x0000000083100000, 0x0000000083200000, 0x0000000083200000|100%| O|  |TAMS 0x0000000083200000, 0x0000000083100000| Untracked 
|  50|0x0000000083200000, 0x0000000083300000, 0x0000000083300000|100%| O|  |TAMS 0x0000000083300000, 0x0000000083200000| Untracked 
|  51|0x0000000083300000, 0x0000000083400000, 0x0000000083400000|100%| O|  |TAMS 0x0000000083400000, 0x0000000083300000| Untracked 
|  52|0x0000000083400000, 0x0000000083500000, 0x0000000083500000|100%| O|  |TAMS 0x0000000083500000, 0x0000000083400000| Untracked 
|  53|0x0000000083500000, 0x0000000083600000, 0x0000000083600000|100%| O|  |TAMS 0x0000000083600000, 0x0000000083500000| Untracked 
|  54|0x0000000083600000, 0x0000000083700000, 0x0000000083700000|100%| O|  |TAMS 0x0000000083700000, 0x0000000083600000| Untracked 
|  55|0x0000000083700000, 0x0000000083800000, 0x0000000083800000|100%| O|  |TAMS 0x0000000083800000, 0x0000000083700000| Untracked 
|  56|0x0000000083800000, 0x0000000083900000, 0x0000000083900000|100%| O|  |TAMS 0x0000000083900000, 0x0000000083800000| Untracked 
|  57|0x0000000083900000, 0x0000000083a00000, 0x0000000083a00000|100%| O|  |TAMS 0x0000000083a00000, 0x0000000083900000| Untracked 
|  58|0x0000000083a00000, 0x0000000083b00000, 0x0000000083b00000|100%| O|  |TAMS 0x0000000083b00000, 0x0000000083a00000| Untracked 
|  59|0x0000000083b00000, 0x0000000083c00000, 0x0000000083c00000|100%| O|  |TAMS 0x0000000083c00000, 0x0000000083b00000| Untracked 
|  60|0x0000000083c00000, 0x0000000083d00000, 0x0000000083d00000|100%| O|  |TAMS 0x0000000083d00000, 0x0000000083c00000| Untracked 
|  61|0x0000000083d00000, 0x0000000083e00000, 0x0000000083e00000|100%| O|  |TAMS 0x0000000083e00000, 0x0000000083d00000| Untracked 
|  62|0x0000000083e00000, 0x0000000083f00000, 0x0000000083f00000|100%| O|  |TAMS 0x0000000083f00000, 0x0000000083e00000| Untracked 
|  63|0x0000000083f00000, 0x0000000084000000, 0x0000000084000000|100%| O|  |TAMS 0x0000000084000000, 0x0000000083f00000| Untracked 
|  64|0x0000000084000000, 0x0000000084100000, 0x0000000084100000|100%| O|  |TAMS 0x0000000084100000, 0x0000000084000000| Untracked 
|  65|0x0000000084100000, 0x0000000084200000, 0x0000000084200000|100%| O|  |TAMS 0x0000000084200000, 0x0000000084100000| Untracked 
|  66|0x0000000084200000, 0x0000000084300000, 0x0000000084300000|100%| O|  |TAMS 0x0000000084300000, 0x0000000084200000| Untracked 
|  67|0x0000000084300000, 0x0000000084400000, 0x0000000084400000|100%| O|  |TAMS 0x0000000084400000, 0x0000000084300000| Untracked 
|  68|0x0000000084400000, 0x0000000084500000, 0x0000000084500000|100%| O|  |TAMS 0x0000000084500000, 0x0000000084400000| Untracked 
|  69|0x0000000084500000, 0x0000000084600000, 0x0000000084600000|100%| O|  |TAMS 0x0000000084600000, 0x0000000084500000| Untracked 
|  70|0x0000000084600000, 0x0000000084700000, 0x0000000084700000|100%| O|  |TAMS 0x0000000084700000, 0x0000000084600000| Untracked 
|  71|0x0000000084700000, 0x0000000084800000, 0x0000000084800000|100%| O|  |TAMS 0x0000000084800000, 0x0000000084700000| Untracked 
|  72|0x0000000084800000, 0x0000000084900000, 0x0000000084900000|100%|HS|  |TAMS 0x0000000084900000, 0x0000000084800000| Complete 
|  73|0x0000000084900000, 0x0000000084a00000, 0x0000000084a00000|100%|HC|  |TAMS 0x0000000084a00000, 0x0000000084900000| Complete 
|  74|0x0000000084a00000, 0x0000000084b00000, 0x0000000084b00000|100%|HS|  |TAMS 0x0000000084b00000, 0x0000000084a00000| Complete 
|  75|0x0000000084b00000, 0x0000000084c00000, 0x0000000084c00000|100%|HS|  |TAMS 0x0000000084c00000, 0x0000000084b00000| Complete 
|  76|0x0000000084c00000, 0x0000000084d00000, 0x0000000084d00000|100%|HS|  |TAMS 0x0000000084d00000, 0x0000000084c00000| Complete 
|  77|0x0000000084d00000, 0x0000000084e00000, 0x0000000084e00000|100%|HC|  |TAMS 0x0000000084e00000, 0x0000000084d00000| Complete 
|  78|0x0000000084e00000, 0x0000000084f00000, 0x0000000084f00000|100%|HC|  |TAMS 0x0000000084f00000, 0x0000000084e00000| Complete 
|  79|0x0000000084f00000, 0x0000000085000000, 0x0000000085000000|100%|HS|  |TAMS 0x0000000085000000, 0x0000000084f00000| Complete 
|  80|0x0000000085000000, 0x0000000085100000, 0x0000000085100000|100%|HC|  |TAMS 0x0000000085100000, 0x0000000085000000| Complete 
|  81|0x0000000085100000, 0x0000000085200000, 0x0000000085200000|100%| O|  |TAMS 0x0000000085200000, 0x0000000085100000| Untracked 
|  82|0x0000000085200000, 0x00000000852fe400, 0x0000000085300000| 99%| O|  |TAMS 0x00000000852fe400, 0x0000000085200000| Untracked 
|  83|0x0000000085300000, 0x0000000085400000, 0x0000000085400000|100%|HS|  |TAMS 0x0000000085300000, 0x0000000085300000| Complete 
|  84|0x0000000085400000, 0x0000000085500000, 0x0000000085500000|100%|HC|  |TAMS 0x0000000085400000, 0x0000000085400000| Complete 
|  85|0x0000000085500000, 0x0000000085600000, 0x0000000085600000|100%|HS|  |TAMS 0x0000000085500000, 0x0000000085500000| Complete 
|  86|0x0000000085600000, 0x0000000085700000, 0x0000000085700000|100%|HS|  |TAMS 0x0000000085600000, 0x0000000085600000| Complete 
|  87|0x0000000085700000, 0x0000000085800000, 0x0000000085800000|100%|HS|  |TAMS 0x0000000085700000, 0x0000000085700000| Complete 
|  88|0x0000000085800000, 0x0000000085900000, 0x0000000085900000|100%|HS|  |TAMS 0x0000000085800000, 0x0000000085800000| Complete 
|  89|0x0000000085900000, 0x0000000085a00000, 0x0000000085a00000|100%|HS|  |TAMS 0x0000000085900000, 0x0000000085900000| Complete 
|  90|0x0000000085a00000, 0x0000000085b00000, 0x0000000085b00000|100%|HC|  |TAMS 0x0000000085a00000, 0x0000000085a00000| Complete 
|  91|0x0000000085b00000, 0x0000000085c00000, 0x0000000085c00000|100%|HC|  |TAMS 0x0000000085b00000, 0x0000000085b00000| Complete 
|  92|0x0000000085c00000, 0x0000000085d00000, 0x0000000085d00000|100%|HS|  |TAMS 0x0000000085c00000, 0x0000000085c00000| Complete 
|  93|0x0000000085d00000, 0x0000000085e00000, 0x0000000085e00000|100%|HC|  |TAMS 0x0000000085d00000, 0x0000000085d00000| Complete 
|  94|0x0000000085e00000, 0x0000000085f00000, 0x0000000085f00000|100%|HC|  |TAMS 0x0000000085e00000, 0x0000000085e00000| Complete 
|  95|0x0000000085f00000, 0x0000000085f00000, 0x0000000086000000|  0%| F|  |TAMS 0x0000000085f00000, 0x0000000085f00000| Untracked 
|  96|0x0000000086000000, 0x0000000086000000, 0x0000000086100000|  0%| F|  |TAMS 0x0000000086000000, 0x0000000086000000| Untracked 
|  97|0x0000000086100000, 0x0000000086100000, 0x0000000086200000|  0%| F|  |TAMS 0x0000000086100000, 0x0000000086100000| Untracked 
|  98|0x0000000086200000, 0x0000000086200000, 0x0000000086300000|  0%| F|  |TAMS 0x0000000086200000, 0x0000000086200000| Untracked 
|  99|0x0000000086300000, 0x0000000086300000, 0x0000000086400000|  0%| F|  |TAMS 0x0000000086300000, 0x0000000086300000| Untracked 
| 100|0x0000000086400000, 0x0000000086400000, 0x0000000086500000|  0%| F|  |TAMS 0x0000000086400000, 0x0000000086400000| Untracked 
| 101|0x0000000086500000, 0x0000000086500000, 0x0000000086600000|  0%| F|  |TAMS 0x0000000086500000, 0x0000000086500000| Untracked 
| 102|0x0000000086600000, 0x0000000086600000, 0x0000000086700000|  0%| F|  |TAMS 0x0000000086600000, 0x0000000086600000| Untracked 
| 103|0x0000000086700000, 0x0000000086700000, 0x0000000086800000|  0%| F|  |TAMS 0x0000000086700000, 0x0000000086700000| Untracked 
| 104|0x0000000086800000, 0x0000000086800000, 0x0000000086900000|  0%| F|  |TAMS 0x0000000086800000, 0x0000000086800000| Untracked 
| 105|0x0000000086900000, 0x0000000086900000, 0x0000000086a00000|  0%| F|  |TAMS 0x0000000086900000, 0x0000000086900000| Untracked 
| 106|0x0000000086a00000, 0x0000000086a00000, 0x0000000086b00000|  0%| F|  |TAMS 0x0000000086a00000, 0x0000000086a00000| Untracked 
| 107|0x0000000086b00000, 0x0000000086b00000, 0x0000000086c00000|  0%| F|  |TAMS 0x0000000086b00000, 0x0000000086b00000| Untracked 
| 108|0x0000000086c00000, 0x0000000086c00000, 0x0000000086d00000|  0%| F|  |TAMS 0x0000000086c00000, 0x0000000086c00000| Untracked 
| 109|0x0000000086d00000, 0x0000000086d00000, 0x0000000086e00000|  0%| F|  |TAMS 0x0000000086d00000, 0x0000000086d00000| Untracked 
| 110|0x0000000086e00000, 0x0000000086e00000, 0x0000000086f00000|  0%| F|  |TAMS 0x0000000086e00000, 0x0000000086e00000| Untracked 
| 111|0x0000000086f00000, 0x0000000086f00000, 0x0000000087000000|  0%| F|  |TAMS 0x0000000086f00000, 0x0000000086f00000| Untracked 
| 112|0x0000000087000000, 0x0000000087000000, 0x0000000087100000|  0%| F|  |TAMS 0x0000000087000000, 0x0000000087000000| Untracked 
| 113|0x0000000087100000, 0x0000000087100000, 0x0000000087200000|  0%| F|  |TAMS 0x0000000087100000, 0x0000000087100000| Untracked 
| 114|0x0000000087200000, 0x0000000087200000, 0x0000000087300000|  0%| F|  |TAMS 0x0000000087200000, 0x0000000087200000| Untracked 
| 115|0x0000000087300000, 0x0000000087300000, 0x0000000087400000|  0%| F|  |TAMS 0x0000000087300000, 0x0000000087300000| Untracked 
| 116|0x0000000087400000, 0x0000000087400000, 0x0000000087500000|  0%| F|  |TAMS 0x0000000087400000, 0x0000000087400000| Untracked 
| 117|0x0000000087500000, 0x0000000087500000, 0x0000000087600000|  0%| F|  |TAMS 0x0000000087500000, 0x0000000087500000| Untracked 
| 118|0x0000000087600000, 0x0000000087600000, 0x0000000087700000|  0%| F|  |TAMS 0x0000000087600000, 0x0000000087600000| Untracked 
| 119|0x0000000087700000, 0x0000000087700000, 0x0000000087800000|  0%| F|  |TAMS 0x0000000087700000, 0x0000000087700000| Untracked 
| 120|0x0000000087800000, 0x0000000087800000, 0x0000000087900000|  0%| F|  |TAMS 0x0000000087800000, 0x0000000087800000| Untracked 
| 121|0x0000000087900000, 0x0000000087900000, 0x0000000087a00000|  0%| F|  |TAMS 0x0000000087900000, 0x0000000087900000| Untracked 
| 122|0x0000000087a00000, 0x0000000087a00000, 0x0000000087b00000|  0%| F|  |TAMS 0x0000000087a00000, 0x0000000087a00000| Untracked 
| 123|0x0000000087b00000, 0x0000000087b00000, 0x0000000087c00000|  0%| F|  |TAMS 0x0000000087b00000, 0x0000000087b00000| Untracked 
| 124|0x0000000087c00000, 0x0000000087c00000, 0x0000000087d00000|  0%| F|  |TAMS 0x0000000087c00000, 0x0000000087c00000| Untracked 
| 125|0x0000000087d00000, 0x0000000087d00000, 0x0000000087e00000|  0%| F|  |TAMS 0x0000000087d00000, 0x0000000087d00000| Untracked 
| 126|0x0000000087e00000, 0x0000000087e00000, 0x0000000087f00000|  0%| F|  |TAMS 0x0000000087e00000, 0x0000000087e00000| Untracked 
| 127|0x0000000087f00000, 0x0000000087f00000, 0x0000000088000000|  0%| F|  |TAMS 0x0000000087f00000, 0x0000000087f00000| Untracked 
| 128|0x0000000088000000, 0x0000000088000000, 0x0000000088100000|  0%| F|  |TAMS 0x0000000088000000, 0x0000000088000000| Untracked 
| 129|0x0000000088100000, 0x0000000088100000, 0x0000000088200000|  0%| F|  |TAMS 0x0000000088100000, 0x0000000088100000| Untracked 
| 130|0x0000000088200000, 0x0000000088200000, 0x0000000088300000|  0%| F|  |TAMS 0x0000000088200000, 0x0000000088200000| Untracked 
| 131|0x0000000088300000, 0x0000000088300000, 0x0000000088400000|  0%| F|  |TAMS 0x0000000088300000, 0x0000000088300000| Untracked 
| 132|0x0000000088400000, 0x0000000088400000, 0x0000000088500000|  0%| F|  |TAMS 0x0000000088400000, 0x0000000088400000| Untracked 
| 133|0x0000000088500000, 0x0000000088500000, 0x0000000088600000|  0%| F|  |TAMS 0x0000000088500000, 0x0000000088500000| Untracked 
| 134|0x0000000088600000, 0x0000000088600000, 0x0000000088700000|  0%| F|  |TAMS 0x0000000088600000, 0x0000000088600000| Untracked 
| 135|0x0000000088700000, 0x0000000088700000, 0x0000000088800000|  0%| F|  |TAMS 0x0000000088700000, 0x0000000088700000| Untracked 
| 136|0x0000000088800000, 0x0000000088800000, 0x0000000088900000|  0%| F|  |TAMS 0x0000000088800000, 0x0000000088800000| Untracked 
| 137|0x0000000088900000, 0x0000000088900000, 0x0000000088a00000|  0%| F|  |TAMS 0x0000000088900000, 0x0000000088900000| Untracked 
| 138|0x0000000088a00000, 0x0000000088a00000, 0x0000000088b00000|  0%| F|  |TAMS 0x0000000088a00000, 0x0000000088a00000| Untracked 
| 139|0x0000000088b00000, 0x0000000088b00000, 0x0000000088c00000|  0%| F|  |TAMS 0x0000000088b00000, 0x0000000088b00000| Untracked 
| 140|0x0000000088c00000, 0x0000000088c00000, 0x0000000088d00000|  0%| F|  |TAMS 0x0000000088c00000, 0x0000000088c00000| Untracked 
| 141|0x0000000088d00000, 0x0000000088d00000, 0x0000000088e00000|  0%| F|  |TAMS 0x0000000088d00000, 0x0000000088d00000| Untracked 
| 142|0x0000000088e00000, 0x0000000088e00000, 0x0000000088f00000|  0%| F|  |TAMS 0x0000000088e00000, 0x0000000088e00000| Untracked 
| 143|0x0000000088f00000, 0x0000000088f00000, 0x0000000089000000|  0%| F|  |TAMS 0x0000000088f00000, 0x0000000088f00000| Untracked 
| 144|0x0000000089000000, 0x0000000089000000, 0x0000000089100000|  0%| F|  |TAMS 0x0000000089000000, 0x0000000089000000| Untracked 
| 145|0x0000000089100000, 0x00000000891fa060, 0x0000000089200000| 97%| S|CS|TAMS 0x0000000089100000, 0x0000000089100000| Complete 
| 146|0x0000000089200000, 0x0000000089300000, 0x0000000089300000|100%| S|CS|TAMS 0x0000000089200000, 0x0000000089200000| Complete 
| 147|0x0000000089300000, 0x0000000089400000, 0x0000000089400000|100%| S|CS|TAMS 0x0000000089300000, 0x0000000089300000| Complete 
| 148|0x0000000089400000, 0x0000000089500000, 0x0000000089500000|100%| S|CS|TAMS 0x0000000089400000, 0x0000000089400000| Complete 
| 149|0x0000000089500000, 0x0000000089600000, 0x0000000089600000|100%| S|CS|TAMS 0x0000000089500000, 0x0000000089500000| Complete 
| 150|0x0000000089600000, 0x0000000089700000, 0x0000000089700000|100%| S|CS|TAMS 0x0000000089600000, 0x0000000089600000| Complete 
| 151|0x0000000089700000, 0x0000000089800000, 0x0000000089800000|100%| S|CS|TAMS 0x0000000089700000, 0x0000000089700000| Complete 
| 152|0x0000000089800000, 0x0000000089900000, 0x0000000089900000|100%| S|CS|TAMS 0x0000000089800000, 0x0000000089800000| Complete 
| 153|0x0000000089900000, 0x0000000089900000, 0x0000000089a00000|  0%| F|  |TAMS 0x0000000089900000, 0x0000000089900000| Untracked 
| 154|0x0000000089a00000, 0x0000000089a00000, 0x0000000089b00000|  0%| F|  |TAMS 0x0000000089a00000, 0x0000000089a00000| Untracked 
| 155|0x0000000089b00000, 0x0000000089b00000, 0x0000000089c00000|  0%| F|  |TAMS 0x0000000089b00000, 0x0000000089b00000| Untracked 
| 156|0x0000000089c00000, 0x0000000089c00000, 0x0000000089d00000|  0%| F|  |TAMS 0x0000000089c00000, 0x0000000089c00000| Untracked 
| 157|0x0000000089d00000, 0x0000000089d00000, 0x0000000089e00000|  0%| F|  |TAMS 0x0000000089d00000, 0x0000000089d00000| Untracked 
| 158|0x0000000089e00000, 0x0000000089e00000, 0x0000000089f00000|  0%| F|  |TAMS 0x0000000089e00000, 0x0000000089e00000| Untracked 
| 159|0x0000000089f00000, 0x0000000089f00000, 0x000000008a000000|  0%| F|  |TAMS 0x0000000089f00000, 0x0000000089f00000| Untracked 
| 160|0x000000008a000000, 0x000000008a000000, 0x000000008a100000|  0%| F|  |TAMS 0x000000008a000000, 0x000000008a000000| Untracked 
| 161|0x000000008a100000, 0x000000008a100000, 0x000000008a200000|  0%| F|  |TAMS 0x000000008a100000, 0x000000008a100000| Untracked 
| 162|0x000000008a200000, 0x000000008a200000, 0x000000008a300000|  0%| F|  |TAMS 0x000000008a200000, 0x000000008a200000| Untracked 
| 163|0x000000008a300000, 0x000000008a300000, 0x000000008a400000|  0%| F|  |TAMS 0x000000008a300000, 0x000000008a300000| Untracked 
| 164|0x000000008a400000, 0x000000008a400000, 0x000000008a500000|  0%| F|  |TAMS 0x000000008a400000, 0x000000008a400000| Untracked 
| 165|0x000000008a500000, 0x000000008a500000, 0x000000008a600000|  0%| F|  |TAMS 0x000000008a500000, 0x000000008a500000| Untracked 
| 166|0x000000008a600000, 0x000000008a600000, 0x000000008a700000|  0%| F|  |TAMS 0x000000008a600000, 0x000000008a600000| Untracked 
| 167|0x000000008a700000, 0x000000008a700000, 0x000000008a800000|  0%| F|  |TAMS 0x000000008a700000, 0x000000008a700000| Untracked 
| 168|0x000000008a800000, 0x000000008a800000, 0x000000008a900000|  0%| F|  |TAMS 0x000000008a800000, 0x000000008a800000| Untracked 
| 169|0x000000008a900000, 0x000000008a900000, 0x000000008aa00000|  0%| F|  |TAMS 0x000000008a900000, 0x000000008a900000| Untracked 
| 170|0x000000008aa00000, 0x000000008aa00000, 0x000000008ab00000|  0%| F|  |TAMS 0x000000008aa00000, 0x000000008aa00000| Untracked 
| 171|0x000000008ab00000, 0x000000008ab00000, 0x000000008ac00000|  0%| F|  |TAMS 0x000000008ab00000, 0x000000008ab00000| Untracked 
| 172|0x000000008ac00000, 0x000000008ac32fd8, 0x000000008ad00000| 19%| E|  |TAMS 0x000000008ac00000, 0x000000008ac00000| Complete 
| 173|0x000000008ad00000, 0x000000008ae00000, 0x000000008ae00000|100%| E|CS|TAMS 0x000000008ad00000, 0x000000008ad00000| Complete 
| 174|0x000000008ae00000, 0x000000008af00000, 0x000000008af00000|100%| E|  |TAMS 0x000000008ae00000, 0x000000008ae00000| Complete 
| 175|0x000000008af00000, 0x000000008b000000, 0x000000008b000000|100%| E|CS|TAMS 0x000000008af00000, 0x000000008af00000| Complete 
| 176|0x000000008b000000, 0x000000008b100000, 0x000000008b100000|100%| E|CS|TAMS 0x000000008b000000, 0x000000008b000000| Complete 
| 177|0x000000008b100000, 0x000000008b200000, 0x000000008b200000|100%| E|CS|TAMS 0x000000008b100000, 0x000000008b100000| Complete 
| 178|0x000000008b200000, 0x000000008b300000, 0x000000008b300000|100%| E|CS|TAMS 0x000000008b200000, 0x000000008b200000| Complete 

Card table byte_map: [0x0000019c6b7e0000,0x0000019c6bbe0000] _byte_map_base: 0x0000019c6b3e0000

Marking Bits (Prev, Next): (CMBitMap*) 0x0000019c5893dcb0, (CMBitMap*) 0x0000019c5893dc78
 Prev Bits: [0x0000019c6dfe0000, 0x0000019c6ffe0000)
 Next Bits: [0x0000019c6bfe0000, 0x0000019c6dfe0000)

Polling page: 0x0000019c56840000

Metaspace:

Usage:
  Non-class:     78.54 MB capacity,    77.16 MB ( 98%) used,     1.13 MB (  1%) free+waste,   246.31 KB ( <1%) overhead. 
      Class:     12.19 MB capacity,    11.43 MB ( 94%) used,   661.58 KB (  5%) free+waste,   109.81 KB ( <1%) overhead. 
       Both:     90.72 MB capacity,    88.60 MB ( 98%) used,     1.78 MB (  2%) free+waste,   356.13 KB ( <1%) overhead. 

Virtual space:
  Non-class space:       80.00 MB reserved,      78.70 MB ( 98%) committed 
      Class space:        1.00 GB reserved,      12.25 MB (  1%) committed 
             Both:        1.08 GB reserved,      90.95 MB (  8%) committed 

Chunk freelists:
   Non-Class:  101.00 KB
       Class:  65.00 KB
        Both:  166.00 KB

MaxMetaspaceSize: 17179869184.00 GB
CompressedClassSpaceSize: 1.00 GB

CodeHeap 'non-profiled nmethods': size=120064Kb used=6149Kb max_used=6149Kb free=113914Kb
 bounds [0x0000019c63ea0000, 0x0000019c644b0000, 0x0000019c6b3e0000]
CodeHeap 'profiled nmethods': size=120000Kb used=22334Kb max_used=22334Kb free=97665Kb
 bounds [0x0000019c5c970000, 0x0000019c5df40000, 0x0000019c63ea0000]
CodeHeap 'non-nmethods': size=5696Kb used=2304Kb max_used=2356Kb free=3391Kb
 bounds [0x0000019c5c3e0000, 0x0000019c5c650000, 0x0000019c5c970000]
 total_blobs=11185 nmethods=10279 adapters=815
 compilation: enabled
              stopped_count=0, restarted_count=0
 full_count=0

Compilation events (20 events):
Event: 32.975 Thread 0x0000019c724f5800 nmethod 10324 0x0000019c5df38290 code [0x0000019c5df38880, 0x0000019c5df3bc48]
Event: 32.975 Thread 0x0000019c724f5800 10319       3       jdk.internal.misc.Unsafe::getShortUnaligned (12 bytes)
Event: 32.976 Thread 0x0000019c724f5800 nmethod 10319 0x0000019c5df3cd90 code [0x0000019c5df3cf40, 0x0000019c5df3d178]
Event: 32.976 Thread 0x0000019c724f5800 10320       3       jdk.internal.misc.Unsafe::convEndian (16 bytes)
Event: 32.976 Thread 0x0000019c724f5800 nmethod 10320 0x0000019c5df3d290 code [0x0000019c5df3d440, 0x0000019c5df3d5f8]
Event: 32.976 Thread 0x0000019c724f5800 10318       2       com.android.tools.r8.internal.m8::g (8 bytes)
Event: 32.976 Thread 0x0000019c724f5800 nmethod 10318 0x0000019c5df3d690 code [0x0000019c5df3d840, 0x0000019c5df3d968]
Event: 32.976 Thread 0x0000019c724f5800 10327       3       com.android.tools.r8.dex.c::f (34 bytes)
Event: 32.976 Thread 0x0000019c724f5800 nmethod 10327 0x0000019c5df3da10 code [0x0000019c5df3dbe0, 0x0000019c5df3de28]
Event: 32.976 Thread 0x0000019c724f5800 10328       3       com.android.tools.r8.internal.m8::h (8 bytes)
Event: 32.976 Thread 0x0000019c724f5800 nmethod 10328 0x0000019c5df3df10 code [0x0000019c5df3e0c0, 0x0000019c5df3e288]
Event: 32.977 Thread 0x0000019c724f5800 10325   !   3       java.io.BufferedWriter::write (55 bytes)
Event: 32.977 Thread 0x0000019c724f5800 nmethod 10325 0x0000019c5df3e390 code [0x0000019c5df3e580, 0x0000019c5df3ea78]
Event: 32.977 Thread 0x0000019c724f5800 10330       3       com.android.tools.r8.internal.m8::e (8 bytes)
Event: 32.977 Thread 0x0000019c724f5800 nmethod 10330 0x0000019c5df3ed10 code [0x0000019c5df3eec0, 0x0000019c5df3efd8]
Event: 32.977 Thread 0x0000019c724f5800 10331       3       com.android.tools.r8.internal.ua::<init> (42 bytes)
Event: 32.977 Thread 0x0000019c724f5800 nmethod 10331 0x0000019c5df3f090 code [0x0000019c5df3f240, 0x0000019c5df3f3b8]
Event: 32.999 Thread 0x0000019c724f5800 10332       3       com.android.tools.r8.internal.m8::f (8 bytes)
Event: 32.999 Thread 0x0000019c724f5800 nmethod 10332 0x0000019c5df3f490 code [0x0000019c5df3f640, 0x0000019c5df3f808]
Event: 33.271 Thread 0x0000019c724f4000 10333   !   4       org.gradle.internal.classloader.CachingClassLoader::loadClass (85 bytes)

GC Heap History (20 events):
Event: 20.661 GC heap before
{Heap before GC invocations=13 (full 0):
 garbage-first heap   total 152576K, used 95068K [0x0000000080000000, 0x0000000100000000)
  region size 1024K, 59 young (60416K), 11 survivors (11264K)
 Metaspace       used 58572K, capacity 60058K, committed 60160K, reserved 1101824K
  class space    used 7408K, capacity 7936K, committed 7936K, reserved 1048576K
}
Event: 20.687 GC heap after
{Heap after GC invocations=14 (full 0):
 garbage-first heap   total 152576K, used 51056K [0x0000000080000000, 0x0000000100000000)
  region size 1024K, 4 young (4096K), 4 survivors (4096K)
 Metaspace       used 58572K, capacity 60058K, committed 60160K, reserved 1101824K
  class space    used 7408K, capacity 7936K, committed 7936K, reserved 1048576K
}
Event: 22.341 GC heap before
{Heap before GC invocations=15 (full 0):
 garbage-first heap   total 152576K, used 107376K [0x0000000080000000, 0x0000000100000000)
  region size 1024K, 59 young (60416K), 4 survivors (4096K)
 Metaspace       used 63884K, capacity 65402K, committed 65740K, reserved 1105920K
  class space    used 8078K, capacity 8617K, committed 8704K, reserved 1048576K
}
Event: 22.360 GC heap after
{Heap after GC invocations=16 (full 0):
 garbage-first heap   total 152576K, used 54083K [0x0000000080000000, 0x0000000100000000)
  region size 1024K, 7 young (7168K), 7 survivors (7168K)
 Metaspace       used 63884K, capacity 65402K, committed 65740K, reserved 1105920K
  class space    used 8078K, capacity 8617K, committed 8704K, reserved 1048576K
}
Event: 23.633 GC heap before
{Heap before GC invocations=17 (full 0):
 garbage-first heap   total 152576K, used 110403K [0x0000000080000000, 0x0000000100000000)
  region size 1024K, 62 young (63488K), 7 survivors (7168K)
 Metaspace       used 67105K, capacity 68676K, committed 68684K, reserved 1110016K
  class space    used 8491K, capacity 9084K, committed 9088K, reserved 1048576K
}
Event: 23.651 GC heap after
{Heap after GC invocations=18 (full 0):
 garbage-first heap   total 152576K, used 59154K [0x0000000080000000, 0x0000000100000000)
  region size 1024K, 5 young (5120K), 5 survivors (5120K)
 Metaspace       used 67105K, capacity 68676K, committed 68684K, reserved 1110016K
  class space    used 8491K, capacity 9084K, committed 9088K, reserved 1048576K
}
Event: 25.423 GC heap before
{Heap before GC invocations=18 (full 0):
 garbage-first heap   total 152576K, used 114450K [0x0000000080000000, 0x0000000100000000)
  region size 1024K, 59 young (60416K), 5 survivors (5120K)
 Metaspace       used 72932K, capacity 74554K, committed 74828K, reserved 1114112K
  class space    used 9414K, capacity 10031K, committed 10112K, reserved 1048576K
}
Event: 25.438 GC heap after
{Heap after GC invocations=19 (full 0):
 garbage-first heap   total 152576K, used 62690K [0x0000000080000000, 0x0000000100000000)
  region size 1024K, 4 young (4096K), 4 survivors (4096K)
 Metaspace       used 72932K, capacity 74554K, committed 74828K, reserved 1114112K
  class space    used 9414K, capacity 10031K, committed 10112K, reserved 1048576K
}
Event: 26.975 GC heap before
{Heap before GC invocations=19 (full 0):
 garbage-first heap   total 152576K, used 116962K [0x0000000080000000, 0x0000000100000000)
  region size 1024K, 57 young (58368K), 4 survivors (4096K)
 Metaspace       used 78917K, capacity 80703K, committed 80844K, reserved 1120256K
  class space    used 10234K, capacity 10889K, committed 11008K, reserved 1048576K
}
Event: 26.986 GC heap after
{Heap after GC invocations=20 (full 0):
 garbage-first heap   total 152576K, used 65782K [0x0000000080000000, 0x0000000100000000)
  region size 1024K, 7 young (7168K), 7 survivors (7168K)
 Metaspace       used 78917K, capacity 80703K, committed 80844K, reserved 1120256K
  class space    used 10234K, capacity 10889K, committed 11008K, reserved 1048576K
}
Event: 28.537 GC heap before
{Heap before GC invocations=20 (full 0):
 garbage-first heap   total 152576K, used 120054K [0x0000000080000000, 0x0000000100000000)
  region size 1024K, 60 young (61440K), 7 survivors (7168K)
 Metaspace       used 81937K, capacity 84016K, committed 84172K, reserved 1122304K
  class space    used 10681K, capacity 11450K, committed 11520K, reserved 1048576K
}
Event: 28.555 GC heap after
{Heap after GC invocations=21 (full 0):
 garbage-first heap   total 152576K, used 69822K [0x0000000080000000, 0x0000000100000000)
  region size 1024K, 8 young (8192K), 8 survivors (8192K)
 Metaspace       used 81937K, capacity 84016K, committed 84172K, reserved 1122304K
  class space    used 10681K, capacity 11450K, committed 11520K, reserved 1048576K
}
Event: 29.823 GC heap before
{Heap before GC invocations=21 (full 0):
 garbage-first heap   total 152576K, used 121022K [0x0000000080000000, 0x0000000100000000)
  region size 1024K, 59 young (60416K), 8 survivors (8192K)
 Metaspace       used 82753K, capacity 84768K, committed 84940K, reserved 1122304K
  class space    used 10734K, capacity 11507K, committed 11520K, reserved 1048576K
}
Event: 29.843 GC heap after
{Heap after GC invocations=22 (full 0):
 garbage-first heap   total 152576K, used 73350K [0x0000000080000000, 0x0000000100000000)
  region size 1024K, 8 young (8192K), 8 survivors (8192K)
 Metaspace       used 82753K, capacity 84768K, committed 84940K, reserved 1122304K
  class space    used 10734K, capacity 11507K, committed 11520K, reserved 1048576K
}
Event: 30.647 GC heap before
{Heap before GC invocations=22 (full 0):
 garbage-first heap   total 152576K, used 123526K [0x0000000080000000, 0x0000000100000000)
  region size 1024K, 58 young (59392K), 8 survivors (8192K)
 Metaspace       used 84673K, capacity 86718K, committed 86988K, reserved 1124352K
  class space    used 10933K, capacity 11705K, committed 11776K, reserved 1048576K
}
Event: 30.667 GC heap after
{Heap after GC invocations=23 (full 0):
 garbage-first heap   total 183296K, used 75955K [0x0000000080000000, 0x0000000100000000)
  region size 1024K, 7 young (7168K), 7 survivors (7168K)
 Metaspace       used 84673K, capacity 86718K, committed 86988K, reserved 1124352K
  class space    used 10933K, capacity 11705K, committed 11776K, reserved 1048576K
}
Event: 31.556 GC heap before
{Heap before GC invocations=23 (full 0):
 garbage-first heap   total 183296K, used 142515K [0x0000000080000000, 0x0000000100000000)
  region size 1024K, 73 young (74752K), 7 survivors (7168K)
 Metaspace       used 87173K, capacity 89324K, committed 89676K, reserved 1126400K
  class space    used 11247K, capacity 12034K, committed 12160K, reserved 1048576K
}
Event: 31.569 GC heap after
{Heap after GC invocations=24 (full 0):
 garbage-first heap   total 183296K, used 78043K [0x0000000080000000, 0x0000000100000000)
  region size 1024K, 5 young (5120K), 5 survivors (5120K)
 Metaspace       used 87173K, capacity 89324K, committed 89676K, reserved 1126400K
  class space    used 11247K, capacity 12034K, committed 12160K, reserved 1048576K
}
Event: 32.932 GC heap before
{Heap before GC invocations=24 (full 0):
 garbage-first heap   total 183296K, used 111835K [0x0000000080000000, 0x0000000100000000)
  region size 1024K, 31 young (31744K), 5 survivors (5120K)
 Metaspace       used 90688K, capacity 92908K, committed 93132K, reserved 1130496K
  class space    used 11710K, capacity 12526K, committed 12544K, reserved 1048576K
}
Event: 32.950 GC heap after
{Heap after GC invocations=25 (full 0):
 garbage-first heap   total 183296K, used 93153K [0x0000000080000000, 0x0000000100000000)
  region size 1024K, 8 young (8192K), 8 survivors (8192K)
 Metaspace       used 90688K, capacity 92908K, committed 93132K, reserved 1130496K
  class space    used 11710K, capacity 12526K, committed 12544K, reserved 1048576K
}

Deoptimization events (20 events):
Event: 31.921 Thread 0x0000019c74458800 DEOPT PACKING pc=0x0000019c63ed1140 sp=0x000000483b8fa690
Event: 31.921 Thread 0x0000019c74458800 DEOPT UNPACKING pc=0x0000019c5c4078af sp=0x000000483b8fa630 mode 2
Event: 31.999 Thread 0x0000019c74458800 Uncommon trap: trap_request=0xffffff4d fr.pc=0x0000019c643db1d0 relative=0x00000000000014f0
Event: 31.999 Thread 0x0000019c74458800 Uncommon trap: reason=unstable_if action=reinterpret pc=0x0000019c643db1d0 method=java.util.concurrent.ConcurrentHashMap.putVal(Ljava/lang/Object;Ljava/lang/Object;Z)Ljava/lang/Object; @ 162 c2
Event: 31.999 Thread 0x0000019c74458800 DEOPT PACKING pc=0x0000019c643db1d0 sp=0x000000483b8f5b60
Event: 31.999 Thread 0x0000019c74458800 DEOPT UNPACKING pc=0x0000019c5c4078af sp=0x000000483b8f5af8 mode 2
Event: 31.999 Thread 0x0000019c74458800 Uncommon trap: trap_request=0xffffff4d fr.pc=0x0000019c643677f0 relative=0x0000000000000210
Event: 31.999 Thread 0x0000019c74458800 Uncommon trap: reason=unstable_if action=reinterpret pc=0x0000019c643677f0 method=com.google.common.collect.MapMakerInternalMap$Segment.getEntry(Ljava/lang/Object;I)Lcom/google/common/collect/MapMakerInternalMap$InternalEntry; @ 63 c2
Event: 31.999 Thread 0x0000019c74458800 DEOPT PACKING pc=0x0000019c643677f0 sp=0x000000483b8f5a20
Event: 31.999 Thread 0x0000019c74458800 DEOPT UNPACKING pc=0x0000019c5c4078af sp=0x000000483b8f59d8 mode 2
Event: 32.067 Thread 0x0000019c74458800 DEOPT PACKING pc=0x0000019c5dc4de76 sp=0x000000483b8fd360
Event: 32.067 Thread 0x0000019c74458800 DEOPT UNPACKING pc=0x0000019c5c4076ce sp=0x000000483b8fc880 mode 0
Event: 32.905 Thread 0x0000019c74458800 Uncommon trap: trap_request=0xffffff4d fr.pc=0x0000019c6421cc5c relative=0x00000000000000bc
Event: 32.905 Thread 0x0000019c74458800 Uncommon trap: reason=unstable_if action=reinterpret pc=0x0000019c6421cc5c method=jdk.internal.misc.Unsafe.convEndian(ZS)S @ 4 c2
Event: 32.905 Thread 0x0000019c74458800 DEOPT PACKING pc=0x0000019c6421cc5c sp=0x000000483b8fdb80
Event: 32.905 Thread 0x0000019c74458800 DEOPT UNPACKING pc=0x0000019c5c4078af sp=0x000000483b8fda40 mode 2
Event: 32.957 Thread 0x0000019c74455000 Uncommon trap: trap_request=0xffffff4d fr.pc=0x0000019c63f6041c relative=0x000000000000043c
Event: 32.957 Thread 0x0000019c74455000 Uncommon trap: reason=unstable_if action=reinterpret pc=0x0000019c63f6041c method=sun.nio.cs.UTF_8$Encoder.encodeArrayLoop(Ljava/nio/CharBuffer;Ljava/nio/ByteBuffer;)Ljava/nio/charset/CoderResult; @ 113 c2
Event: 32.957 Thread 0x0000019c74455000 DEOPT PACKING pc=0x0000019c63f6041c sp=0x000000483b6fd2d0
Event: 32.957 Thread 0x0000019c74455000 DEOPT UNPACKING pc=0x0000019c5c4078af sp=0x000000483b6fd238 mode 2

Classes redefined (0 events):
No events

Internal exceptions (20 events):
Event: 30.229 Thread 0x0000019c74255800 Exception <a 'sun/nio/fs/WindowsException'{0x0000000087d77d58}> (0x0000000087d77d58) thrown at [./src/hotspot/share/prims/jni.cpp, line 615]
Event: 30.229 Thread 0x0000019c74255800 Exception <a 'sun/nio/fs/WindowsException'{0x0000000087d78018}> (0x0000000087d78018) thrown at [./src/hotspot/share/prims/jni.cpp, line 615]
Event: 30.230 Thread 0x0000019c74255800 Exception <a 'sun/nio/fs/WindowsException'{0x0000000087d79680}> (0x0000000087d79680) thrown at [./src/hotspot/share/prims/jni.cpp, line 615]
Event: 30.230 Thread 0x0000019c74255800 Exception <a 'sun/nio/fs/WindowsException'{0x0000000087d798e0}> (0x0000000087d798e0) thrown at [./src/hotspot/share/prims/jni.cpp, line 615]
Event: 30.230 Thread 0x0000019c74255800 Exception <a 'sun/nio/fs/WindowsException'{0x0000000087d7af18}> (0x0000000087d7af18) thrown at [./src/hotspot/share/prims/jni.cpp, line 615]
Event: 30.253 Thread 0x0000019c74255800 Exception <a 'java/lang/NoSuchMethodError'{0x0000000087b1b4d0}: <clinit>> (0x0000000087b1b4d0) thrown at [./src/hotspot/share/prims/jni.cpp, line 1362]
Event: 30.259 Thread 0x0000019c74255800 Exception <a 'java/lang/NoSuchMethodError'{0x0000000087b66198}: <clinit>> (0x0000000087b66198) thrown at [./src/hotspot/share/prims/jni.cpp, line 1362]
Event: 30.266 Thread 0x0000019c74255800 Exception <a 'java/lang/NoSuchMethodError'{0x0000000087b9eae8}: <clinit>> (0x0000000087b9eae8) thrown at [./src/hotspot/share/prims/jni.cpp, line 1362]
Event: 30.267 Thread 0x0000019c74255800 Exception <a 'java/lang/NoSuchMethodError'{0x0000000087bb7dd8}: <clinit>> (0x0000000087bb7dd8) thrown at [./src/hotspot/share/prims/jni.cpp, line 1362]
Event: 30.692 Thread 0x0000019c7524d000 Implicit null exception at 0x0000019c6441e8d2 to 0x0000019c6441ecd8
Event: 30.985 Thread 0x0000019c7524d000 Implicit null exception at 0x0000019c6443c7c5 to 0x0000019c6443d084
Event: 31.929 Thread 0x0000019c74455000 Exception <a 'java/lang/NoSuchMethodError'{0x000000008a56df80}: 'void java.lang.invoke.DirectMethodHandle$Holder.invokeStatic(java.lang.Object, long)'> (0x000000008a56df80) thrown at [./src/hotspot/share/interpreter/linkResolver.cpp, line 773]
Event: 31.930 Thread 0x0000019c74455000 Exception <a 'java/lang/NoSuchMethodError'{0x000000008a573198}: 'java.lang.Object java.lang.invoke.DirectMethodHandle$Holder.invokeStatic(java.lang.Object, long)'> (0x000000008a573198) thrown at [./src/hotspot/share/interpreter/linkResolver.cpp, line 773]
Event: 31.932 Thread 0x0000019c74455000 Exception <a 'java/lang/NoSuchMethodError'{0x000000008a581500}: 'java.lang.Object java.lang.invoke.DirectMethodHandle$Holder.invokeStaticInit(java.lang.Object, java.lang.Object, long, java.lang.Object)'> (0x000000008a581500) thrown at [./src/hotspot/share/interpreter/linkResolver.cpp, line 773]
Event: 31.932 Thread 0x0000019c74455000 Exception <a 'java/lang/NoSuchMethodError'{0x000000008a587698}: 'java.lang.Object java.lang.invoke.DirectMethodHandle$Holder.invokeStatic(java.lang.Object, java.lang.Object, long)'> (0x000000008a587698) thrown at [./src/hotspot/share/interpreter/linkResolver.cpp, line 773]
Event: 31.933 Thread 0x0000019c74455000 Exception <a 'java/lang/NoSuchMethodError'{0x000000008a58dc10}: 'java.lang.Object java.lang.invoke.Invokers$Holder.linkToTargetMethod(java.lang.Object, long, java.lang.Object)'> (0x000000008a58dc10) thrown at [./src/hotspot/share/interpreter/linkResolver.cpp, line 773]
Event: 31.993 Thread 0x0000019c74458800 Exception <a 'sun/nio/fs/WindowsException'{0x000000008a245778}> (0x000000008a245778) thrown at [./src/hotspot/share/prims/jni.cpp, line 615]
Event: 32.822 Thread 0x0000019c74458800 Exception <a 'java/lang/NoSuchMethodError'{0x0000000089a1b3d0}: 'java.lang.Object java.lang.invoke.DirectMethodHandle$Holder.invokeStatic(java.lang.Object, java.lang.Object, java.lang.Object, java.lang.Object, java.lang.Object, java.lang.Object, java.lang.Object, java.lang.Object, java.lang.Object, java.lang.Object, java.lang.Object, java.lang.Object, java.lang.Object, java.lang.Object, java.lang.Object, java.lang.Object, java.lang.Object, java.lang.Object, int, java.lang.Object)'> (0x0000000089a1b3d0) thr
Event: 32.822 Thread 0x0000019c74458800 Exception <a 'java/lang/NoSuchMethodError'{0x0000000089a20c60}: 'java.lang.Object java.lang.invoke.DirectMethodHandle$Holder.invokeStaticInit(java.lang.Object, java.lang.Object, java.lang.Object, java.lang.Object, java.lang.Object, java.lang.Object, java.lang.Object, java.lang.Object, java.lang.Object, java.lang.Object, java.lang.Object, java.lang.Object, java.lang.Object, java.lang.Object, java.lang.Object, java.lang.Object, java.lang.Object, java.lang.Object, int, java.lang.Object)'> (0x0000000089a20c60)
Event: 32.955 Thread 0x0000019c74455000 Exception <a 'java/lang/NoSuchMethodError'{0x000000008b215388}: 'int java.lang.invoke.DirectMethodHandle$Holder.invokeSpecialIFC(java.lang.Object, java.lang.Object, java.lang.Object)'> (0x000000008b215388) thrown at [./src/hotspot/share/interpreter/linkResolver.cpp, line 773]

Events (20 events):
Event: 33.154 loading class com/android/tools/r8/internal/Sj done
Event: 33.154 loading class com/android/tools/r8/internal/Tj
Event: 33.154 loading class com/android/tools/r8/internal/Tj done
Event: 33.155 loading class com/android/tools/r8/internal/Zj
Event: 33.155 loading class com/android/tools/r8/internal/Zj done
Event: 33.158 loading class com/android/tools/r8/internal/VD
Event: 33.158 loading class com/android/tools/r8/internal/VD done
Event: 33.176 loading class com/android/tools/r8/internal/Uj
Event: 33.176 loading class com/android/tools/r8/internal/Uj done
Event: 33.217 Executing VM operation: CGC_Operation
Event: 33.236 Executing VM operation: CGC_Operation done
Event: 33.236 loading class com/android/tools/r8/internal/bk
Event: 33.236 loading class com/android/tools/r8/internal/bk done
Event: 33.271 Thread 0x0000019c74451000 Thread exited: 0x0000019c74451000
Event: 33.271 loading class com/android/tools/r8/internal/SF
Event: 33.271 loading class com/android/tools/r8/internal/SF done
Event: 33.271 loading class com/android/tools/r8/internal/QF
Event: 33.271 loading class com/android/tools/r8/internal/QF done
Event: 33.295 loading class com/android/tools/r8/internal/RF
Event: 33.295 loading class com/android/tools/r8/internal/RF done


Dynamic libraries:
0x00007ff7687e0000 - 0x00007ff7687ea000 	C:\Program Files\Android\Android Studio1\jre\bin\java.exe
0x00007ffa1bfa0000 - 0x00007ffa1c190000 	C:\WINDOWS\SYSTEM32\ntdll.dll
0x00007ffa1b3e0000 - 0x00007ffa1b492000 	C:\WINDOWS\System32\KERNEL32.DLL
0x00007ffa19020000 - 0x00007ffa192c4000 	C:\WINDOWS\System32\KERNELBASE.dll
0x00007ffa19f20000 - 0x00007ffa1a01a000 	C:\WINDOWS\System32\ucrtbase.dll
0x00007ff9fa490000 - 0x00007ff9fa4a9000 	C:\Program Files\Android\Android Studio1\jre\bin\jli.dll
0x00007ffa1bb50000 - 0x00007ffa1bce4000 	C:\WINDOWS\System32\USER32.dll
0x00007ffa1a020000 - 0x00007ffa1a041000 	C:\WINDOWS\System32\win32u.dll
0x00007ffa1b840000 - 0x00007ffa1b866000 	C:\WINDOWS\System32\GDI32.dll
0x00007ffa19d80000 - 0x00007ffa19f16000 	C:\WINDOWS\System32\gdi32full.dll
0x00007ffa19420000 - 0x00007ffa194be000 	C:\WINDOWS\System32\msvcp_win.dll
0x00007ff9f9290000 - 0x00007ff9f92a7000 	C:\Program Files\Android\Android Studio1\jre\bin\VCRUNTIME140.dll
0x00007ffa05400000 - 0x00007ffa05684000 	C:\WINDOWS\WinSxS\amd64_microsoft.windows.common-controls_6595b64144ccf1df_6.0.18362.959_none_e6c7bbbf130c62bb\COMCTL32.dll
0x00007ffa1a100000 - 0x00007ffa1a19e000 	C:\WINDOWS\System32\msvcrt.dll
0x00007ffa1a280000 - 0x00007ffa1a5b5000 	C:\WINDOWS\System32\combase.dll
0x00007ffa1b870000 - 0x00007ffa1b990000 	C:\WINDOWS\System32\RPCRT4.dll
0x00007ffa19d00000 - 0x00007ffa19d80000 	C:\WINDOWS\System32\bcryptPrimitives.dll
0x00007ffa1a050000 - 0x00007ffa1a07e000 	C:\WINDOWS\System32\IMM32.DLL
0x00007ff9e9aa0000 - 0x00007ff9e9b3d000 	C:\Program Files\Android\Android Studio1\jre\bin\msvcp140.dll
0x00007ff9dbb60000 - 0x00007ff9dc62f000 	C:\Program Files\Android\Android Studio1\jre\bin\server\jvm.dll
0x00007ffa1b4a0000 - 0x00007ffa1b543000 	C:\WINDOWS\System32\ADVAPI32.dll
0x00007ffa1b7a0000 - 0x00007ffa1b837000 	C:\WINDOWS\System32\sechost.dll
0x00007ffa1a1a0000 - 0x00007ffa1a1a8000 	C:\WINDOWS\System32\PSAPI.DLL
0x00007ffa155b0000 - 0x00007ffa155b9000 	C:\WINDOWS\SYSTEM32\WSOCK32.dll
0x00007ffa1b9a0000 - 0x00007ffa1ba0f000 	C:\WINDOWS\System32\WS2_32.dll
0x00007ffa154b0000 - 0x00007ffa154d4000 	C:\WINDOWS\SYSTEM32\WINMM.dll
0x00007ffa0ff60000 - 0x00007ffa0ff6a000 	C:\WINDOWS\SYSTEM32\VERSION.dll
0x00007ffa15480000 - 0x00007ffa154ad000 	C:\WINDOWS\SYSTEM32\WINMMBASE.dll
0x00007ffa18fd0000 - 0x00007ffa1901a000 	C:\WINDOWS\System32\cfgmgr32.dll
0x00007ffa18eb0000 - 0x00007ffa18ec1000 	C:\WINDOWS\System32\kernel.appcore.dll
0x00007ffa14480000 - 0x00007ffa14491000 	C:\Program Files\Android\Android Studio1\jre\bin\verify.dll
0x00007ffa015e0000 - 0x00007ffa017d4000 	C:\WINDOWS\SYSTEM32\DBGHELP.DLL
0x00007ffa015b0000 - 0x00007ffa015da000 	C:\WINDOWS\SYSTEM32\dbgcore.DLL
0x00007ffa12100000 - 0x00007ffa12129000 	C:\Program Files\Android\Android Studio1\jre\bin\java.dll
0x00007ffa155a0000 - 0x00007ffa155ab000 	C:\Program Files\Android\Android Studio1\jre\bin\jimage.dll
0x00007ffa12150000 - 0x00007ffa12168000 	C:\Program Files\Android\Android Studio1\jre\bin\zip.dll
0x00007ffa1a880000 - 0x00007ffa1af66000 	C:\WINDOWS\System32\SHELL32.dll
0x00007ffa1a7d0000 - 0x00007ffa1a879000 	C:\WINDOWS\System32\shcore.dll
0x00007ffa19570000 - 0x00007ffa19cf2000 	C:\WINDOWS\System32\windows.storage.dll
0x00007ffa18ed0000 - 0x00007ffa18ef3000 	C:\WINDOWS\System32\profapi.dll
0x00007ffa18e60000 - 0x00007ffa18eaa000 	C:\WINDOWS\System32\powrprof.dll
0x00007ffa18e50000 - 0x00007ffa18e60000 	C:\WINDOWS\System32\UMPDC.dll
0x00007ffa1bdc0000 - 0x00007ffa1be12000 	C:\WINDOWS\System32\shlwapi.dll
0x00007ffa18fb0000 - 0x00007ffa18fc7000 	C:\WINDOWS\System32\cryptsp.dll
0x00007ffa120e0000 - 0x00007ffa120fa000 	C:\Program Files\Android\Android Studio1\jre\bin\net.dll
0x00007ffa0b2e0000 - 0x00007ffa0b3d0000 	C:\WINDOWS\SYSTEM32\WINHTTP.dll
0x00007ffa18660000 - 0x00007ffa186c7000 	C:\WINDOWS\system32\mswsock.dll
0x00007ffa0afb0000 - 0x00007ffa0afc4000 	C:\Program Files\Android\Android Studio1\jre\bin\nio.dll
0x00007ffa0a300000 - 0x00007ffa0a327000 	C:\Users\Somesh\.gradle\native\8bec1ad78214c89d9ad589b4d07fe93259594b29d510b10fafb7a158f7737e5d\windows-amd64\native-platform.dll
0x00007ff9e92d0000 - 0x00007ff9e940d000 	C:\Users\Somesh\.gradle\native\53dbd7edfb1c66fb8903c78663c9afc45aea4f116125fa6feffd364cf09443e8\windows-amd64\native-platform-file-events.dll
0x00007ffa15560000 - 0x00007ffa1556a000 	C:\Program Files\Android\Android Studio1\jre\bin\management.dll
0x00007ffa15060000 - 0x00007ffa1506c000 	C:\Program Files\Android\Android Studio1\jre\bin\management_ext.dll
0x00007ffa181d0000 - 0x00007ffa18203000 	C:\WINDOWS\system32\rsaenh.dll
0x00007ffa18f20000 - 0x00007ffa18f46000 	C:\WINDOWS\System32\bcrypt.dll
0x00007ffa18d70000 - 0x00007ffa18d95000 	C:\WINDOWS\SYSTEM32\USERENV.dll
0x00007ffa18830000 - 0x00007ffa1883c000 	C:\WINDOWS\SYSTEM32\CRYPTBASE.dll
0x00007ffa18370000 - 0x00007ffa183aa000 	C:\WINDOWS\SYSTEM32\IPHLPAPI.DLL
0x00007ffa1b990000 - 0x00007ffa1b998000 	C:\WINDOWS\System32\NSI.dll
0x00007ffa0f290000 - 0x00007ffa0f2a6000 	C:\WINDOWS\SYSTEM32\dhcpcsvc6.DLL
0x00007ffa0fe90000 - 0x00007ffa0feac000 	C:\WINDOWS\SYSTEM32\dhcpcsvc.DLL
0x00007ffa183b0000 - 0x00007ffa1847b000 	C:\WINDOWS\SYSTEM32\DNSAPI.dll

dbghelp: loaded successfully - version: 4.0.5 - missing functions: none
symbol engine: initialized successfully - sym options: 0x614 - pdb path: .;C:\Program Files\Android\Android Studio1\jre\bin;C:\WINDOWS\SYSTEM32;C:\WINDOWS\WinSxS\amd64_microsoft.windows.common-controls_6595b64144ccf1df_6.0.18362.959_none_e6c7bbbf130c62bb;C:\Program Files\Android\Android Studio1\jre\bin\server;C:\Users\Somesh\.gradle\native\8bec1ad78214c89d9ad589b4d07fe93259594b29d510b10fafb7a158f7737e5d\windows-amd64;C:\Users\Somesh\.gradle\native\53dbd7edfb1c66fb8903c78663c9afc45aea4f116125fa6feffd364cf09443e8\windows-amd64

VM Arguments:
jvm_args: --add-opens=java.base/java.util=ALL-UNNAMED --add-opens=java.base/java.lang=ALL-UNNAMED --add-opens=java.base/java.lang.invoke=ALL-UNNAMED --add-opens=java.base/java.util=ALL-UNNAMED --add-opens=java.prefs/java.util.prefs=ALL-UNNAMED --add-opens=java.prefs/java.util.prefs=ALL-UNNAMED --add-opens=java.base/java.nio.charset=ALL-UNNAMED --add-opens=java.base/java.net=ALL-UNNAMED --add-opens=java.base/java.util.concurrent.atomic=ALL-UNNAMED -Xmx2048m -Dfile.encoding=UTF-8 -Duser.country=IN -Duser.language=en -Duser.variant 
java_command: org.gradle.launcher.daemon.bootstrap.GradleDaemon 7.0.2
java_class_path (initial): C:\Users\Somesh\.gradle\wrapper\dists\gradle-7.0.2-bin\857tjihv64xamwrf0h14cai3r\gradle-7.0.2\lib\gradle-launcher-7.0.2.jar
Launcher Type: SUN_STANDARD

[Global flags]
     intx CICompilerCount                          = 3                                         {product} {ergonomic}
     uint ConcGCThreads                            = 1                                         {product} {ergonomic}
     uint G1ConcRefinementThreads                  = 4                                         {product} {ergonomic}
   size_t G1HeapRegionSize                         = 1048576                                   {product} {ergonomic}
    uintx GCDrainStackTargetSize                   = 64                                        {product} {ergonomic}
   size_t InitialHeapSize                          = 130023424                                 {product} {ergonomic}
   size_t MarkStackSize                            = 4194304                                   {product} {ergonomic}
   size_t MaxHeapSize                              = 2147483648                                {product} {command line}
   size_t MaxNewSize                               = 1287651328                                {product} {ergonomic}
   size_t MinHeapDeltaBytes                        = 1048576                                   {product} {ergonomic}
    uintx NonNMethodCodeHeapSize                   = 5830732                                {pd product} {ergonomic}
    uintx NonProfiledCodeHeapSize                  = 122913754                              {pd product} {ergonomic}
    uintx ProfiledCodeHeapSize                     = 122913754                              {pd product} {ergonomic}
    uintx ReservedCodeCacheSize                    = 251658240                              {pd product} {ergonomic}
     bool SegmentedCodeCache                       = true                                      {product} {ergonomic}
     bool UseCompressedClassPointers               = true                                 {lp64_product} {ergonomic}
     bool UseCompressedOops                        = true                                 {lp64_product} {ergonomic}
     bool UseG1GC                                  = true                                      {product} {ergonomic}
     bool UseLargePagesIndividualAllocation        = false                                  {pd product} {ergonomic}

Logging:
Log output configuration:
 #0: stdout all=warning uptime,level,tags
 #1: stderr all=off uptime,level,tags

Environment Variables:
JAVA_HOME=C:\Program Files\Java\jdk-16.0.2
PATH=C:\Program Files\Common Files\Oracle\Java\javapath;C:\Program Files (x86)\Common Files\Intel\Shared Libraries\redist\intel64\compiler;C:\WINDOWS\system32;C:\WINDOWS;C:\WINDOWS\System32\Wbem;C:\WINDOWS\System32\WindowsPowerShell\v1.0\;C:\WINDOWS\System32\OpenSSH\;C:\Program Files (x86)\Brackets\command;C:\Program Files\Java\jdk-16.0.2\bin;C:\Users\Somesh\AppData\Local\Programs\Python\Python37\Scripts\;C:\Users\Somesh\AppData\Local\Programs\Python\Python37\;C:\Python27;C:\Python27\DLLs;C:\Python27\Scripts;C:\Users\Somesh\AppData\Local\Microsoft\WindowsApps;C:\Users\Somesh\AppData\Local\Programs\Git\cmd;C:\Users\Somesh\AppData\Local\Programs\Microsoft VS Code\bin
USERNAME=Somesh
OS=Windows_NT
PROCESSOR_IDENTIFIER=Intel64 Family 6 Model 142 Stepping 9, GenuineIntel



---------------  S Y S T E M  ---------------

OS: Windows 10 , 64 bit Build 18362 (10.0.18362.959)
OS uptime: 9 days 17:52 hours

CPU:total 4 (initial active 4) (2 cores per cpu, 2 threads per core) family 6 model 142 stepping 9 microcode 0xb4, cmov, cx8, fxsr, mmx, sse, sse2, sse3, ssse3, sse4.1, sse4.2, popcnt, avx, avx2, aes, clmul, erms, 3dnowpref, lzcnt, ht, tsc, tscinvbit, bmi1, bmi2, adx, fma

Memory: 4k page, system-wide physical 7899M (997M free)
TotalPageFile size 9785M (AvailPageFile size 1M)
current process WorkingSet (physical memory assigned to process): 434M, peak: 444M
current process commit charge ("private bytes"): 465M, peak: 477M

vm_info: OpenJDK 64-Bit Server VM (11.0.10+0-b96-7249189) for windows-amd64 JRE (11.0.10+0-b96-7249189), built on Mar 31 2021 21:44:00 by "builder" with MS VC++ 14.0 (VS2015)

END.
